Virtuoso Framework License (111) was checked out successfully. Total checkout time was 0.12s.

Running simulation in directory: "/home/ufsm00051/wagner.chitto/wagner.chitto/run_lvs_buffer/".

Loading gpdk045/libInit.il ...
	Loading gpdk045/loadCxt.ile ... done!
	Loading context 'gpdk045' from library 'gpdk045' ... done!
	Loading context 'pdkUtils' from library 'gpdk045' ... done!
	Loading gpdk045/gpdk045_customFilter.il ... done!
	Loading gpdk045/libInitCustomExit.il ... 
	Loading Environment Settings ...
	Loading gpdk045/gpdk045_PDKRegistrations.il ... done!

  *************************************************************           
  *              Cadence Design Systems, Inc.                 *           
  *                                                           *           
  *                    Generic 45nm PDK                       *           
  *                        (gpdk045)                          *           
  *                                                           *           
  *************************************************************           
	

	VERSION: 6.0 (09-September-2019)

done!
Loaded gpdk045/libInit.il successfully!
Loading hnlInit.cxt 
Running Artist Hierarchical Netlisting ...
End netlisting Sep  8 17:57:32 2025

Running simin

Running runSim()...


Running runsim with simulator: "auCdl"
Begin simulation:    Sep  8 17:57:33 2025

auCdl netlisting completed
End simulation:      Sep  8 17:57:33 2025
INFO (AUCDL-21): (Analog) CDL netlisting completed successfully.