Virtuoso Framework License (111) was checked out successfully. Total checkout time was 0.05s.
********************************************************************************
Product   : Virtuoso(R) XStream Out
Program   : @(#)$CDS: strmout version IC23.1-64b 07/08/2025 22:22 (cpgbld17) $
          : sub-version  IC23.1-64b.ISR15.37 
Started at: 01-Dec-2025  23:41:34
User Name : wagner.chitto
Host Name : ecomp
Directory : /home/ufsm00051/wagner.chitto/wagner.chitto
CADENCE Design Systems, Inc.
********************************************************************************
Info: Cellview Rev Num:99,  Tech Rev Num:59

WARNING (XSTRM-20): Output Stream file '/home/ufsm00051/wagner.chitto/wagner.chitto/run_lvs_4bitfulladder/4_bit_full_adder_x1.gds' already exists. It will be overwritten.
Loading gpdk045/libInit.il ...
	Loading gpdk045/loadCxt.ile ... done!
	Loading context 'gpdk045' from library 'gpdk045' ... done!
	Loading context 'pdkUtils' from library 'gpdk045' ... done!
	Loading gpdk045/gpdk045_customFilter.il ... done!
	Loading gpdk045/libInitCustomExit.il ... 
	Loading Environment Settings ...
	Loading gpdk045/gpdk045_PDKRegistrations.il ... done!

  *************************************************************           
  *              Cadence Design Systems, Inc.                 *           
  *                                                           *           
  *                    Generic 45nm PDK                       *           
  *                        (gpdk045)                          *           
  *                                                           *           
  *************************************************************           
	

	VERSION: 6.0 (09-September-2019)

done!
Loaded gpdk045/libInit.il successfully!
INFO (XSTRM-217): Reading the layer map file, /home/tools/design_kits/cadence/GPDK045/gpdk045_v_6_0/gpdk045/gpdk045.layermap
WARNING (XSTRM-333): The '-enableColoring' option will be ignored during XStream Out. This is because there is no color entry in the layer map and the object map file.
INFO (XSTRM-427): Based on current hardware configuration, running XStream Out translation in multi-threaded mode with 2 threads.
INFO (XSTRM-162): You have not used the '-viaMap' option. If the OpenAccess design has native oaVia instances, use the '-viaMap' option for preserving oaVia instances in a XStream Out - XStream In round trip. Using the '-viaMap' option improves performance and VM usage of applications using the Streamed-In design.

Summary of Options :
library                                 watto
strmFile                                /home/ufsm00051/wagner.chitto/wagner.chitto/run_lvs_4bitfulladder/4_bit_full_adder_x1.gds
topCell                                 4_bit_full_adder_x1
view                                    layout
runDir                                  /home/ufsm00051/wagner.chitto/wagner.chitto/run_lvs_4bitfulladder
logFile                                 /home/ufsm00051/wagner.chitto/wagner.chitto/run_lvs_4bitfulladder/PIPO1.LOG
techLib                                 gpdk045
hierDepth                               32
maxVertices                             2048
layerMap                                /home/tools/design_kits/cadence/GPDK045/gpdk045_v_6_0/gpdk045/gpdk045.layermap
userSkillFile                           /home/ufsm00051/wagner.chitto/wagner.chitto/run_lvs_4bitfulladder/strmout.il
labelDepth                              32
case                                    Preserve
convertDot                              node

INFO (XSTRM-180): You have not used the '-objectMap' option. The design has instance(s) of at least one of following OpenAccess objects: oaBlockage, oaBoundary, oaRow, and oaMarker. Any information about these objects will not be translated into the generated stream file. Use the '-objectMap' option to translate/preserve these objects using XStream.
INFO (XSTRM-223): 1. Translating stdVia gpdk045/M2_M1/layout as STRUCTURE M2_M1_CDNS_764643294310.
INFO (XSTRM-223): 2. Translating stdVia gpdk045/M2_M1/layout as STRUCTURE M2_M1_CDNS_764643294311.
INFO (XSTRM-223): 3. Translating stdVia gpdk045/M3_M2/layout as STRUCTURE M3_M2_CDNS_764643294312.
INFO (XSTRM-223): 4. Translating stdVia gpdk045/M4_M3/layout as STRUCTURE M4_M3_CDNS_764643294313.
INFO (XSTRM-223): 5. Translating stdVia gpdk045/M5_M4/layout as STRUCTURE M5_M4_CDNS_764643294314.
INFO (XSTRM-223): 6. Translating stdVia gpdk045/M3_M2/layout as STRUCTURE M3_M2_CDNS_764643294315.
INFO (XSTRM-223): 7. Translating stdVia gpdk045/M4_M3/layout as STRUCTURE M4_M3_CDNS_764643294316.
INFO (XSTRM-223): 8. Translating stdVia gpdk045/M1_PO/layout as STRUCTURE M1_PO_CDNS_764643294317.
INFO (XSTRM-223): 9. Translating stdVia gpdk045/M2_M1/layout as STRUCTURE M2_M1_CDNS_764643294318.
INFO (XSTRM-223): 10. Translating stdVia gpdk045/M1_PSUB/layout as STRUCTURE M1_PSUB_CDNS_764643294319.
INFO (XSTRM-223): 11. Translating stdVia gpdk045/M1_NWELL/layout as STRUCTURE M1_NWELL_CDNS_7646432943110.
INFO (XSTRM-223): 12. Translating cellview gpdk045/nmos1v/layout as STRUCTURE nmos1v_CDNS_764643294310.
INFO (XSTRM-223): 13. Translating cellview gpdk045/pmos1v/layout as STRUCTURE pmos1v_CDNS_764643294311.
INFO (XSTRM-223): 14. Translating cellview watto/nand_x1/layout as STRUCTURE nand_x1.
INFO (XSTRM-223): 15. Translating cellview watto/1_bit_full_adder_x1/layout as STRUCTURE 1_bit_full_adder_x1.
INFO (XSTRM-223): 16. Translating cellview watto/4_bit_full_adder_x1/layout as STRUCTURE 4_bit_full_adder_x1.

Summary of Objects Translated:
	Scalar Instances:                       17
	Array Instances:                        0
	Polygons:                               0
	Paths:                                  0
	Rectangles:                             139
	Lines:                                  0
	Arcs:                                   0
	Donuts:                                 0
	Dots:                                   0
	Ellipses:                               0
	Boundaries:                             0
	Area Blockages:                         0
	Layer Blockages:                        0
	Area Halos:                             0
	Markers:                                0
	Rows:                                   0
	Stitch:                                 0
	Standard Vias                           40
	Custom Vias:                            0
	CdsGen Vias:                            0
	Pathsegs:                               91
	Text:                                   28
	TextDisplay:                            0
	Cells:                                  16

Elapsed Time: 0.2s   User Time: 0.1s   CPU Time: 0.0s   Peak VM: 16448KB
INFO (XSTRM-234): Translation completed. '0' error(s) and '2' warning(s) found.
