Command line:
   fumiga_isim_beh.exe
     -simmode  gui
     -simrunnum  1
     -socket  39915

Mon Nov  4 11:35:34 2024


 Elaboration Time: 0.03 sec

 Current Memory Usage: 183.37 Meg

 Total Signals          : 4
 Total Nets             : 19
 Total Signal Drivers   : 2
 Total Blocks           : 2
 Total Primitive Blocks : 2
 Total Processes        : 1
 Total Traceable Variables  : 13
 Total Scalar Nets and Variables : 384
Total Line Count : 34

 Total Simulation Time: 0.06 sec

 Current Memory Usage: 258.871 Meg

Mon Nov  4 11:35:58 2024

