[Simulation Monitor: 15]
[2025-11-24 17:44:06.649 -0300] [PROCESS] [cadence.virtuoso.ade.simulationMonitor] - Started the simulation monitor process {"hostname": "ecomp", "processid": 213318, "logfile": "/home/ufsm00051/wagner.chitto/wagner.chitto/logs_wagner.chitto/logs0/Job15.log", "simulation monitor command line": "/home/tools/cadence/installs/IC231/tools.lnx86/dfII/bin/64bit/spectreMonitor --davinciService DaVinciService_118335_1764013224 --axlsession fnxSession5 -lscs 00010590E36CFC06BC4D64FFD61DD265D93F798EEA7CFC06CC4D0A8CEC7E9F67D0227DAAD244CD35C87766E3A12FFC06BC4D0FC74C893F90D56900001AC5 -beanhost ecomp -beanport 11352 -beanLogFile /home/ufsm00051/wagner.chitto/wagner.chitto/logs_wagner.chitto/logs0/amps_Job15.log -beanbinlog  --domain 0 --interactive yes --netlistOpt no --useMultiPointEvaluation yes --exprEvalShowJobStderr yes --evalSimParallel no --maxSims 0 --historyName ExplorerRun.0 --historyUUID  --exprEvaluator vds --mcMapping mc1.mapping --checkLogStatusInterval 0 --checkSimulatorLogTimeout 1200 --exprEvalMaxTries 3 --maxNFSSyncWait 60 -adeBrokerAddress ecomp:34059 --statdbType h5v2 --fromADE true --virtuosoBinary virtuoso --guiDisplay localhost:13.0 --globalStatus 60 --evaluateMultiMC yes --evalOnSimFail SkipFailedAnalyses --numRetriesOnError 1 --fenixMode explorer --lingertimeout 300 -ahdlLockTimeout 60 --sdbLib watto --sdbCell test_inv_x2 --sdbView maestro --heartBeatFileDir /dev/shm --id 15 --uuid e9cfa511-d335-4863-830c-1d3f38a7d49c --log /home/ufsm00051/wagner.chitto/wagner.chitto/logs_wagner.chitto/logs0/Job15.log "}
[2025-11-24 17:44:06.650 -0300] [PROCESS] [cadence.virtuoso.ade.simulationMonitor] - Started the simulation monitor process {"hostname": "ecomp", "processid": 213318, "logfile": "/home/ufsm00051/wagner.chitto/wagner.chitto/logs_wagner.chitto/logs0/Job15.log", "current directory": "/home/ufsm00051/wagner.chitto/wagner.chitto"}
[2025-11-24 17:44:06.650 -0300] [PROCESS] [cadence.virtuoso.ade.simulationMonitor] - Simulation Monitor has successfully started up. Trying to set up communication channels to other components ... {"hostname": "ecomp", "processid": 213318, "logfile": "/home/ufsm00051/wagner.chitto/wagner.chitto/logs_wagner.chitto/logs0/Job15.log"}
[2025-11-24 17:44:06.653 -0300] [PROCESS] [cadence.virtuoso.ade.simulationMonitor] - Communication channels have been successfully set up. Start processing events ... {"hostname": "ecomp", "processid": 213318, "logfile": "/home/ufsm00051/wagner.chitto/wagner.chitto/logs_wagner.chitto/logs0/Job15.log"}
[2025-11-24 17:44:06.654 -0300] [PROCESS] [cadence.virtuoso.ade.simulationMonitor] - Considering to start history {"hostname": "ecomp", "processid": 213318, "history": "ExplorerRun.0", "logfile": "/home/ufsm00051/wagner.chitto/wagner.chitto/logs_wagner.chitto/logs0/Job15.log"}
[2025-11-24 17:44:06.656 -0300] [PROCESS] [cadence.virtuoso.ade.simulationMonitor] - HostInfo:
Host name (type):	ecomp (x86_64)
Operating system:	Linux 4.18.0-553.74.1.el8_10.x86_64 #1 SMP Sun Sep 14 12:57:27 UTC 2025 {"hostname": "ecomp", "processid": 213318, "history": "ExplorerRun.0", "logfile": "/home/ufsm00051/wagner.chitto/wagner.chitto/logs_wagner.chitto/logs0/Job15.log", "nodename": "ecomp", "domainname": "(none)", "machine": "x86_64", "sysname": "Linux", "release": "4.18.0-553.74.1.el8_10.x86_64", "version": "#1 SMP Sun Sep 14 12:57:27 UTC 2025"}
[2025-11-24 17:44:06.657 -0300] [PROCESS] [cadence.virtuoso.ade.simulationMonitor] - UsageInfo:
pid=213318
totalPhysicalMemory=31.020386GB,Used=17.885544GB,totalVirtualMemory=34.481319GB,Used=17.885544GB
Cpu: Cores=4, Load average:1.280000,1.490000,1.860000 {"hostname": "ecomp", "processid": 213318, "history": "ExplorerRun.0", "logfile": "/home/ufsm00051/wagner.chitto/wagner.chitto/logs_wagner.chitto/logs0/Job15.log", "pid": "213318", "totalPhysicalMemory": "31.020386", "physicalMemoryUsed": "17.885544", "totalVirtualMemory": "34.481319", "virtualMemoryUsed": "17.885544", "cpuCores": "4", "processes": "2158", "loadAverage1": "1.280000", "loadAverage5": "1.490000", "loadAverage15": "1.860000", "loadAverage1Percent": "0.320000"}
[2025-11-24 17:44:06.657 -0300] [EVENT] [cadence.virtuoso.ade.simulationMonitor] - NewPoint {"history": "ExplorerRun.0", "point": 1, "testname": "watto_test_inv_x2_1", "cornername": "Nominal", "event": "NewPoint", "EventSource": "Simulation Monitor", "HistoryName": "ExplorerRun.0", "logFile": "/home/ufsm00051/wagner.chitto/wagner.chitto/logs_wagner.chitto/logs0/Job15.log", "logFileSize": "2809", "category": "simulation"}
[2025-11-24 17:44:06.758 -0300] [EVENT] [cadence.virtuoso.ade.simulationMonitor] - NewPoint {"history": "ExplorerRun.0", "point": 1, "testname": "watto_test_inv_x2_1", "cornername": "Nominal", "event": "NewPoint", "EventSource": "spectre", "HistoryName": "ExplorerRun.0", "logFile": "/home/ufsm00051/wagner.chitto/simulation/watto/test_inv_x2/maestro/results/maestro/ExplorerRun.0/1/watto_test_inv_x2_1/psf/spectre.out", "logFileSize": "-1", "category": "simulation"}
[2025-11-24 17:44:06.859 -0300] [PROCESS] [cadence.virtuoso.ade.simulationMonitor] - Simulator launched {"hostname": "ecomp", "processid": 213318, "history": "ExplorerRun.0", "testname": "watto_test_inv_x2_1", "cornername": "Nominal", "point": 1, "logfile": "/home/ufsm00051/wagner.chitto/wagner.chitto/logs_wagner.chitto/logs0/Job15.log", "simid": "1", "event": "launch", "category": "simulation"}
[2025-11-24 17:44:06.861 -0300] [PROCESS] [cadence.virtuoso.ade.simulationMonitor] - Expression evaluator launched {"hostname": "ecomp", "processid": 213318, "history": "ExplorerRun.0", "testname": "watto_test_inv_x2_1", "cornername": "Nominal", "point": 1, "logfile": "/home/ufsm00051/wagner.chitto/wagner.chitto/logs_wagner.chitto/logs0/Job15.log"}
[2025-11-24 17:44:06.955 -0300] [PROCESS] [cadence.virtuoso.ade.simulationMonitor] - Started Simulation {"hostname": "ecomp", "processid": 213318, "history": "ExplorerRun.0", "testname": "watto_test_inv_x2_1", "cornername": "Nominal", "point": 1, "logfile": "/home/ufsm00051/wagner.chitto/wagner.chitto/logs_wagner.chitto/logs0/Job15.log", "event": "start", "category": "simulation"}
[2025-11-24 17:44:07.956 -0300] [INFO] [cadence.virtuoso.ade.simulationMonitor] - Peak resident memory used = 188 Mbytes. {"history": "ExplorerRun.0", "point": 1, "testname": "watto_test_inv_x2_1", "cornername": "Nominal"}
[2025-11-24 17:44:08.456 -0300] [INFO] [cadence.virtuoso.ade.simulationMonitor] - Peak resident memory used = 203 Mbytes. {"history": "ExplorerRun.0", "point": 1, "testname": "watto_test_inv_x2_1", "cornername": "Nominal"}
[2025-11-24 17:44:08.456 -0300] [INFO] [cadence.virtuoso.ade.simulationMonitor] - Peak resident memory used = 205 Mbytes. {"history": "ExplorerRun.0", "point": 1, "testname": "watto_test_inv_x2_1", "cornername": "Nominal"}
[2025-11-24 17:44:08.456 -0300] [INFO] [cadence.virtuoso.ade.simulationMonitor] - Notice from spectre during initial setup.
    Multithreading is disabled due to the size of the design being too small. {"history": "ExplorerRun.0", "point": 1, "testname": "watto_test_inv_x2_1", "cornername": "Nominal"}
[2025-11-24 17:44:08.456 -0300] [INFO] [cadence.virtuoso.ade.simulationMonitor] -               nodes 8 {"history": "ExplorerRun.0", "point": 1, "testname": "watto_test_inv_x2_1", "cornername": "Nominal"}
[2025-11-24 17:44:08.456 -0300] [INFO] [cadence.virtuoso.ade.simulationMonitor] - Notice from spectre during initial setup.
    Protected devices exist and are not included in the circuit inventory.
    APS enabled. {"history": "ExplorerRun.0", "point": 1, "testname": "watto_test_inv_x2_1", "cornername": "Nominal"}
[2025-11-24 17:44:08.456 -0300] [INFO] [cadence.virtuoso.ade.simulationMonitor] - Peak resident memory used = 205 Mbytes. {"history": "ExplorerRun.0", "point": 1, "testname": "watto_test_inv_x2_1", "cornername": "Nominal"}
[2025-11-24 17:44:08.456 -0300] [INFO] [cadence.virtuoso.ade.simulationMonitor] -    -   (APS) Multi-threading. The recommended number of threads is 1, consider adding +mt=1 on command line. {"history": "ExplorerRun.0", "point": 1, "testname": "watto_test_inv_x2_1", "cornername": "Nominal"}
[2025-11-24 17:44:08.456 -0300] [INFO] [cadence.virtuoso.ade.simulationMonitor] - Notice from spectre during transient analysis `tran'.
    Multithreading is disabled due to the size of the design being too small. {"history": "ExplorerRun.0", "point": 1, "testname": "watto_test_inv_x2_1", "cornername": "Nominal"}
[2025-11-24 17:44:08.456 -0300] [INFO] [cadence.virtuoso.ade.simulationMonitor] - Notice from spectre at time = 60.86 ns during transient analysis `tran'.
    Found trapezoidal ringing on node V1:p. {"history": "ExplorerRun.0", "point": 1, "testname": "watto_test_inv_x2_1", "cornername": "Nominal"}
[2025-11-24 17:44:08.456 -0300] [INFO] [cadence.virtuoso.ade.simulationMonitor] - Notice from spectre at time = 66.86 ns during transient analysis `tran'.
    Found trapezoidal ringing on node V1:p. {"history": "ExplorerRun.0", "point": 1, "testname": "watto_test_inv_x2_1", "cornername": "Nominal"}
[2025-11-24 17:44:08.456 -0300] [INFO] [cadence.virtuoso.ade.simulationMonitor] - Notice from spectre at time = 72.86 ns during transient analysis `tran'.
    Found trapezoidal ringing on node V1:p. {"history": "ExplorerRun.0", "point": 1, "testname": "watto_test_inv_x2_1", "cornername": "Nominal"}
[2025-11-24 17:44:08.456 -0300] [INFO] [cadence.virtuoso.ade.simulationMonitor] - Notice from spectre at time = 78.86 ns during transient analysis `tran'.
    Found trapezoidal ringing on node V1:p. {"history": "ExplorerRun.0", "point": 1, "testname": "watto_test_inv_x2_1", "cornername": "Nominal"}
[2025-11-24 17:44:08.456 -0300] [INFO] [cadence.virtuoso.ade.simulationMonitor] - Notice from spectre at time = 84.86 ns during transient analysis `tran'.
    Found trapezoidal ringing on node V1:p.
        Further occurrences of this notice will be suppressed. {"history": "ExplorerRun.0", "point": 1, "testname": "watto_test_inv_x2_1", "cornername": "Nominal"}
[2025-11-24 17:44:08.456 -0300] [INFO] [cadence.virtuoso.ade.simulationMonitor] - Notice from spectre during transient analysis `tran'.
    Trapezoidal ringing is detected during tran analysis.
        Please use method=trap for better results and performance. {"history": "ExplorerRun.0", "point": 1, "testname": "watto_test_inv_x2_1", "cornername": "Nominal"}
[2025-11-24 17:44:08.457 -0300] [INFO] [cadence.virtuoso.ade.simulationMonitor] - Intrinsic tran analysis time:    CPU = 11.489 ms, elapsed = 163.188 ms. {"history": "ExplorerRun.0", "point": 1, "testname": "watto_test_inv_x2_1", "cornername": "Nominal"}
[2025-11-24 17:44:08.457 -0300] [INFO] [cadence.virtuoso.ade.simulationMonitor] - Total time required for tran analysis `tran': CPU = 13.006 ms, elapsed = 164.706 ms, util. = 7.9%. {"history": "ExplorerRun.0", "point": 1, "testname": "watto_test_inv_x2_1", "cornername": "Nominal"}
[2025-11-24 17:44:08.457 -0300] [INFO] [cadence.virtuoso.ade.simulationMonitor] - Peak resident memory used = 214 Mbytes. {"history": "ExplorerRun.0", "point": 1, "testname": "watto_test_inv_x2_1", "cornername": "Nominal"}
[2025-11-24 17:44:08.457 -0300] [INFO] [cadence.virtuoso.ade.simulationMonitor] - Notice from spectre.
    27 notices suppressed. {"history": "ExplorerRun.0", "point": 1, "testname": "watto_test_inv_x2_1", "cornername": "Nominal"}
[2025-11-24 17:44:08.457 -0300] [INFO] [cadence.virtuoso.ade.simulationMonitor] - Notice from spectre at vcm = 1 during DC analysis `dc'.
    The value of parameter 'vcm' has been reset to the original value 0. {"history": "ExplorerRun.0", "point": 1, "testname": "watto_test_inv_x2_1", "cornername": "Nominal"}
[2025-11-24 17:44:08.457 -0300] [INFO] [cadence.virtuoso.ade.simulationMonitor] - Total time required for dc analysis `dc': CPU = 7.152 ms, elapsed = 38.141 ms, util. = 18.8%. {"history": "ExplorerRun.0", "point": 1, "testname": "watto_test_inv_x2_1", "cornername": "Nominal"}
[2025-11-24 17:44:08.457 -0300] [INFO] [cadence.virtuoso.ade.simulationMonitor] - Peak resident memory used = 214 Mbytes. {"history": "ExplorerRun.0", "point": 1, "testname": "watto_test_inv_x2_1", "cornername": "Nominal"}
[2025-11-24 17:44:08.957 -0300] [INFO] [cadence.virtuoso.ade.simulationMonitor] - Time used: CPU = 567 ms, elapsed = 1.56 s, util. = 36.4%. {"history": "ExplorerRun.0", "point": 1, "testname": "watto_test_inv_x2_1", "cornername": "Nominal"}
[2025-11-24 17:44:08.957 -0300] [INFO] [cadence.virtuoso.ade.simulationMonitor] - Time spent in licensing: elapsed = 628 ms, percentage of total = 40.2%. {"history": "ExplorerRun.0", "point": 1, "testname": "watto_test_inv_x2_1", "cornername": "Nominal"}
[2025-11-24 17:44:08.957 -0300] [INFO] [cadence.virtuoso.ade.simulationMonitor] - Peak memory used = 216 Mbytes. {"history": "ExplorerRun.0", "point": 1, "testname": "watto_test_inv_x2_1", "cornername": "Nominal"}
[2025-11-24 17:44:08.957 -0300] [PROCESS] [cadence.virtuoso.ade.simulationMonitor] - Simulation started at: 5:44:07 PM, Mon Nov 24, 2025, ended at: 5:44:08 PM, Mon Nov 24, 2025, with elapsed time (wall clock): 1.56 s. {"history": "ExplorerRun.0", "point": 1, "testname": "watto_test_inv_x2_1", "cornername": "Nominal"}
[2025-11-24 17:44:08.957 -0300] [PROCESS] [cadence.virtuoso.ade.simulationMonitor] - spectre completes with 0 errors, 0 warnings, and 13 notices. {"history": "ExplorerRun.0", "point": 1, "testname": "watto_test_inv_x2_1", "cornername": "Nominal"}
[2025-11-24 17:44:08.957 -0300] [PROCESS] [cadence.virtuoso.ade.simulationMonitor] - Finished simulating for one point {"hostname": "ecomp", "processid": 213318, "history": "ExplorerRun.0", "testname": "watto_test_inv_x2_1", "cornername": "Nominal", "point": 1, "logfile": "/home/ufsm00051/wagner.chitto/wagner.chitto/logs_wagner.chitto/logs0/Job15.log", "simid": "1", "event": "finish", "category": "simulation"}
[2025-11-24 17:44:08.957 -0300] [PROCESS] [cadence.virtuoso.ade.simulationMonitor] - Simulator exited {"hostname": "ecomp", "processid": 213318, "history": "ExplorerRun.0", "testname": "watto_test_inv_x2_1", "cornername": "Nominal", "point": 1, "logfile": "/home/ufsm00051/wagner.chitto/wagner.chitto/logs_wagner.chitto/logs0/Job15.log", "exitStatus": "0"}
[2025-11-24 17:44:08.958 -0300] [PROCESS] [cadence.virtuoso.ade.simulationMonitor] - Finished Simulation {"hostname": "ecomp", "processid": 213318, "history": "ExplorerRun.0", "testname": "watto_test_inv_x2_1", "cornername": "Nominal", "point": 1, "logfile": "/home/ufsm00051/wagner.chitto/wagner.chitto/logs_wagner.chitto/logs0/Job15.log", "simid": "1", "event": "finish", "category": "obsolete"}
[2025-11-24 17:44:10.458 -0300] [PROCESS] [cadence.virtuoso.ade.simulationMonitor] - Point Finished {"hostname": "ecomp", "processid": 213318, "history": "ExplorerRun.0", "testname": "watto_test_inv_x2_1", "cornername": "Nominal", "point": 1, "logfile": "/home/ufsm00051/wagner.chitto/wagner.chitto/logs_wagner.chitto/logs0/Job15.log", "event": "finish", "category": "sim-eval"}
[2025-11-24 17:48:32.323 -0300] [PROCESS] [cadence.virtuoso.ade.simulationMonitor] - get signal Terminated<15> from user:wagner.chitto, which pid:213314:/home/tools/cadence/installs/IC231/tools/bin/64bit/cdsServIpc {"hostname": "ecomp", "processid": 213318, "history": "ExplorerRun.0", "testname": "watto_test_inv_x2_1", "cornername": "Nominal", "point": 1, "logfile": "/home/ufsm00051/wagner.chitto/wagner.chitto/logs_wagner.chitto/logs0/Job15.log", "signal": "15", "signalName": "Terminated", "which": "/home/tools/cadence/installs/IC231/tools/bin/64bit/cdsServIpc", "pid": "213314", "user": "wagner.chitto", "uid": "1028"}
[2025-11-24 17:48:32.323 -0300] [INFO] [cadence.virtuoso.ade.simulationMonitor] - SimulationMonitor has terminated the  process '213379', reason: 'simulationMonitor is handling signal 15' {"history": "ExplorerRun.0", "point": 1, "testname": "watto_test_inv_x2_1", "cornername": "Nominal"}
