[Simulation Monitor: 18]
[2025-11-25 18:06:56.658 -0300] [PROCESS] [cadence.virtuoso.ade.simulationMonitor] - Started the simulation monitor process {"hostname": "ecomp", "processid": 612619, "logfile": "/home/ufsm00051/wagner.chitto/wagner.chitto/logs_wagner.chitto/logs0/Job18.log", "simulation monitor command line": "/home/tools/cadence/installs/IC231/tools.lnx86/dfII/bin/64bit/spectreMonitor --davinciService DaVinciService_577661_1764101552 --axlsession fnxSession5 -lscs 00010590E36CFC06BC4D64FFD61DD265D93F798EEA7CFC06CC4D0A8CEC7E9F67D0227DAAD247CD36C87766E3A12FFC06BC4D0FC5956FE676D56B00001AD8 -beanhost ecomp -beanport 11718 -beanLogFile /home/ufsm00051/wagner.chitto/wagner.chitto/logs_wagner.chitto/logs0/amps_Job18.log -beanbinlog  --domain 0 --interactive yes --netlistOpt no --useMultiPointEvaluation yes --exprEvalShowJobStderr yes --evalSimParallel no --maxSims 0 --historyName ExplorerRun.0 --historyUUID  --exprEvaluator vds --mcMapping mc1.mapping --checkLogStatusInterval 0 --checkSimulatorLogTimeout 1200 --exprEvalMaxTries 3 --maxNFSSyncWait 60 -adeBrokerAddress ecomp:42365 --statdbType h5v2 --fromADE true --virtuosoBinary virtuoso --guiDisplay localhost:10.0 --globalStatus 60 --evaluateMultiMC yes --evalOnSimFail SkipFailedAnalyses --numRetriesOnError 1 --fenixMode explorer --lingertimeout 300 -ahdlLockTimeout 60 --sdbLib watto --sdbCell test_switch_x1 --sdbView maestro --heartBeatFileDir /dev/shm --id 18 --uuid c3f78961-b6fd-42e3-8069-eaa4530fac69 --log /home/ufsm00051/wagner.chitto/wagner.chitto/logs_wagner.chitto/logs0/Job18.log "}
[2025-11-25 18:06:56.659 -0300] [PROCESS] [cadence.virtuoso.ade.simulationMonitor] - Started the simulation monitor process {"hostname": "ecomp", "processid": 612619, "logfile": "/home/ufsm00051/wagner.chitto/wagner.chitto/logs_wagner.chitto/logs0/Job18.log", "current directory": "/home/ufsm00051/wagner.chitto/wagner.chitto"}
[2025-11-25 18:06:56.659 -0300] [PROCESS] [cadence.virtuoso.ade.simulationMonitor] - Simulation Monitor has successfully started up. Trying to set up communication channels to other components ... {"hostname": "ecomp", "processid": 612619, "logfile": "/home/ufsm00051/wagner.chitto/wagner.chitto/logs_wagner.chitto/logs0/Job18.log"}
[2025-11-25 18:06:56.659 -0300] [PROCESS] [cadence.virtuoso.ade.simulationMonitor] - Communication channels have been successfully set up. Start processing events ... {"hostname": "ecomp", "processid": 612619, "logfile": "/home/ufsm00051/wagner.chitto/wagner.chitto/logs_wagner.chitto/logs0/Job18.log"}
[2025-11-25 18:06:56.659 -0300] [PROCESS] [cadence.virtuoso.ade.simulationMonitor] - Considering to start history {"hostname": "ecomp", "processid": 612619, "history": "ExplorerRun.0", "logfile": "/home/ufsm00051/wagner.chitto/wagner.chitto/logs_wagner.chitto/logs0/Job18.log"}
[2025-11-25 18:06:56.661 -0300] [PROCESS] [cadence.virtuoso.ade.simulationMonitor] - HostInfo:
Host name (type):	ecomp (x86_64)
Operating system:	Linux 4.18.0-553.74.1.el8_10.x86_64 #1 SMP Sun Sep 14 12:57:27 UTC 2025 {"hostname": "ecomp", "processid": 612619, "history": "ExplorerRun.0", "logfile": "/home/ufsm00051/wagner.chitto/wagner.chitto/logs_wagner.chitto/logs0/Job18.log", "nodename": "ecomp", "domainname": "(none)", "machine": "x86_64", "sysname": "Linux", "release": "4.18.0-553.74.1.el8_10.x86_64", "version": "#1 SMP Sun Sep 14 12:57:27 UTC 2025"}
[2025-11-25 18:06:56.661 -0300] [PROCESS] [cadence.virtuoso.ade.simulationMonitor] - UsageInfo:
pid=612619
totalPhysicalMemory=31.020386GB,Used=14.070576GB,totalVirtualMemory=34.481319GB,Used=14.070576GB
Cpu: Cores=4, Load average:0.390000,0.520000,0.590000 {"hostname": "ecomp", "processid": 612619, "history": "ExplorerRun.0", "logfile": "/home/ufsm00051/wagner.chitto/wagner.chitto/logs_wagner.chitto/logs0/Job18.log", "pid": "612619", "totalPhysicalMemory": "31.020386", "physicalMemoryUsed": "14.070576", "totalVirtualMemory": "34.481319", "virtualMemoryUsed": "14.070576", "cpuCores": "4", "processes": "1516", "loadAverage1": "0.390000", "loadAverage5": "0.520000", "loadAverage15": "0.590000", "loadAverage1Percent": "0.097500"}
[2025-11-25 18:06:56.662 -0300] [EVENT] [cadence.virtuoso.ade.simulationMonitor] - NewPoint {"history": "ExplorerRun.0", "point": 1, "testname": "watto_test_switch_x1_1", "cornername": "Nominal", "event": "NewPoint", "EventSource": "Simulation Monitor", "HistoryName": "ExplorerRun.0", "logFile": "/home/ufsm00051/wagner.chitto/wagner.chitto/logs_wagner.chitto/logs0/Job18.log", "logFileSize": "4111", "category": "simulation"}
[2025-11-25 18:06:56.762 -0300] [EVENT] [cadence.virtuoso.ade.simulationMonitor] - NewPoint {"history": "ExplorerRun.0", "point": 1, "testname": "watto_test_switch_x1_1", "cornername": "Nominal", "event": "NewPoint", "EventSource": "spectre", "HistoryName": "ExplorerRun.0", "logFile": "/home/ufsm00051/wagner.chitto/simulation/watto/test_switch_x1/maestro/results/maestro/ExplorerRun.0/1/watto_test_switch_x1_1/psf/spectre.out", "logFileSize": "-1", "category": "simulation"}
[2025-11-25 18:06:56.842 -0300] [PROCESS] [cadence.virtuoso.ade.simulationMonitor] - Simulator launched {"hostname": "ecomp", "processid": 612619, "history": "ExplorerRun.0", "testname": "watto_test_switch_x1_1", "cornername": "Nominal", "point": 1, "logfile": "/home/ufsm00051/wagner.chitto/wagner.chitto/logs_wagner.chitto/logs0/Job18.log", "simid": "1", "event": "launch", "category": "simulation"}
[2025-11-25 18:06:56.844 -0300] [PROCESS] [cadence.virtuoso.ade.simulationMonitor] - Expression evaluator launched {"hostname": "ecomp", "processid": 612619, "history": "ExplorerRun.0", "testname": "watto_test_switch_x1_1", "cornername": "Nominal", "point": 1, "logfile": "/home/ufsm00051/wagner.chitto/wagner.chitto/logs_wagner.chitto/logs0/Job18.log"}
[2025-11-25 18:06:56.909 -0300] [PROCESS] [cadence.virtuoso.ade.simulationMonitor] - Started Simulation {"hostname": "ecomp", "processid": 612619, "history": "ExplorerRun.0", "testname": "watto_test_switch_x1_1", "cornername": "Nominal", "point": 1, "logfile": "/home/ufsm00051/wagner.chitto/wagner.chitto/logs_wagner.chitto/logs0/Job18.log", "event": "start", "category": "simulation"}
[2025-11-25 18:06:57.910 -0300] [INFO] [cadence.virtuoso.ade.simulationMonitor] - Peak resident memory used = 188 Mbytes. {"history": "ExplorerRun.0", "point": 1, "testname": "watto_test_switch_x1_1", "cornername": "Nominal"}
[2025-11-25 18:06:57.910 -0300] [INFO] [cadence.virtuoso.ade.simulationMonitor] - Peak resident memory used = 201 Mbytes. {"history": "ExplorerRun.0", "point": 1, "testname": "watto_test_switch_x1_1", "cornername": "Nominal"}
[2025-11-25 18:06:57.910 -0300] [INFO] [cadence.virtuoso.ade.simulationMonitor] - Peak resident memory used = 203 Mbytes. {"history": "ExplorerRun.0", "point": 1, "testname": "watto_test_switch_x1_1", "cornername": "Nominal"}
[2025-11-25 18:06:57.910 -0300] [INFO] [cadence.virtuoso.ade.simulationMonitor] - Notice from spectre during initial setup.
    Multithreading is disabled due to the size of the design being too small. {"history": "ExplorerRun.0", "point": 1, "testname": "watto_test_switch_x1_1", "cornername": "Nominal"}
[2025-11-25 18:06:57.910 -0300] [INFO] [cadence.virtuoso.ade.simulationMonitor] -               nodes 41 {"history": "ExplorerRun.0", "point": 1, "testname": "watto_test_switch_x1_1", "cornername": "Nominal"}
[2025-11-25 18:06:57.910 -0300] [INFO] [cadence.virtuoso.ade.simulationMonitor] - Notice from spectre during initial setup.
    Protected devices exist and are not included in the circuit inventory.
    APS enabled. {"history": "ExplorerRun.0", "point": 1, "testname": "watto_test_switch_x1_1", "cornername": "Nominal"}
[2025-11-25 18:06:58.410 -0300] [INFO] [cadence.virtuoso.ade.simulationMonitor] - Peak resident memory used = 205 Mbytes. {"history": "ExplorerRun.0", "point": 1, "testname": "watto_test_switch_x1_1", "cornername": "Nominal"}
[2025-11-25 18:06:58.410 -0300] [INFO] [cadence.virtuoso.ade.simulationMonitor] -    -   (APS) Multi-threading. The recommended number of threads is 1, consider adding +mt=1 on command line. {"history": "ExplorerRun.0", "point": 1, "testname": "watto_test_switch_x1_1", "cornername": "Nominal"}
[2025-11-25 18:06:58.410 -0300] [INFO] [cadence.virtuoso.ade.simulationMonitor] - Notice from spectre during transient analysis `tran'.
    Multithreading is disabled due to the size of the design being too small. {"history": "ExplorerRun.0", "point": 1, "testname": "watto_test_switch_x1_1", "cornername": "Nominal"}
[2025-11-25 18:06:58.410 -0300] [INFO] [cadence.virtuoso.ade.simulationMonitor] - Notice from spectre at time = 15 ns during transient analysis `tran'.
    Found trapezoidal ringing on node V0:p. {"history": "ExplorerRun.0", "point": 1, "testname": "watto_test_switch_x1_1", "cornername": "Nominal"}
[2025-11-25 18:06:58.410 -0300] [INFO] [cadence.virtuoso.ade.simulationMonitor] - Notice from spectre at time = 20.0364 ns during transient analysis `tran'.
    Found trapezoidal ringing on node I5.PM1.n1. {"history": "ExplorerRun.0", "point": 1, "testname": "watto_test_switch_x1_1", "cornername": "Nominal"}
[2025-11-25 18:06:58.411 -0300] [INFO] [cadence.virtuoso.ade.simulationMonitor] - Notice from spectre at time = 23.645 ns during transient analysis `tran'.
    Found trapezoidal ringing on node I5.PM1.n1. {"history": "ExplorerRun.0", "point": 1, "testname": "watto_test_switch_x1_1", "cornername": "Nominal"}
[2025-11-25 18:06:58.411 -0300] [INFO] [cadence.virtuoso.ade.simulationMonitor] - Notice from spectre at time = 29.645 ns during transient analysis `tran'.
    Found trapezoidal ringing on node V0:p. {"history": "ExplorerRun.0", "point": 1, "testname": "watto_test_switch_x1_1", "cornername": "Nominal"}
[2025-11-25 18:06:58.411 -0300] [INFO] [cadence.virtuoso.ade.simulationMonitor] - Notice from spectre at time = 35.645 ns during transient analysis `tran'.
    Found trapezoidal ringing on node V0:p.
        Further occurrences of this notice will be suppressed. {"history": "ExplorerRun.0", "point": 1, "testname": "watto_test_switch_x1_1", "cornername": "Nominal"}
[2025-11-25 18:06:58.411 -0300] [INFO] [cadence.virtuoso.ade.simulationMonitor] - Notice from spectre during transient analysis `tran'.
    Trapezoidal ringing is detected during tran analysis.
        Please use method=trap for better results and performance. {"history": "ExplorerRun.0", "point": 1, "testname": "watto_test_switch_x1_1", "cornername": "Nominal"}
[2025-11-25 18:06:58.411 -0300] [INFO] [cadence.virtuoso.ade.simulationMonitor] - Intrinsic tran analysis time:    CPU = 43.604 ms, elapsed = 156.073 ms. {"history": "ExplorerRun.0", "point": 1, "testname": "watto_test_switch_x1_1", "cornername": "Nominal"}
[2025-11-25 18:06:58.411 -0300] [INFO] [cadence.virtuoso.ade.simulationMonitor] - Total time required for tran analysis `tran': CPU = 52.032 ms, elapsed = 164.52 ms, util. = 31.6%. {"history": "ExplorerRun.0", "point": 1, "testname": "watto_test_switch_x1_1", "cornername": "Nominal"}
[2025-11-25 18:06:58.411 -0300] [INFO] [cadence.virtuoso.ade.simulationMonitor] - Peak resident memory used = 212 Mbytes. {"history": "ExplorerRun.0", "point": 1, "testname": "watto_test_switch_x1_1", "cornername": "Nominal"}
[2025-11-25 18:06:58.411 -0300] [INFO] [cadence.virtuoso.ade.simulationMonitor] - Notice from spectre.
    32 notices suppressed. {"history": "ExplorerRun.0", "point": 1, "testname": "watto_test_switch_x1_1", "cornername": "Nominal"}
[2025-11-25 18:06:58.411 -0300] [INFO] [cadence.virtuoso.ade.simulationMonitor] - Notice from spectre at vcm = 1 during DC analysis `dc'.
    The value of parameter 'vcm' has been reset to the original value 0. {"history": "ExplorerRun.0", "point": 1, "testname": "watto_test_switch_x1_1", "cornername": "Nominal"}
[2025-11-25 18:06:58.411 -0300] [INFO] [cadence.virtuoso.ade.simulationMonitor] - Total time required for dc analysis `dc': CPU = 28.342 ms, elapsed = 52.6359 ms, util. = 53.8%. {"history": "ExplorerRun.0", "point": 1, "testname": "watto_test_switch_x1_1", "cornername": "Nominal"}
[2025-11-25 18:06:58.411 -0300] [INFO] [cadence.virtuoso.ade.simulationMonitor] - Peak resident memory used = 212 Mbytes. {"history": "ExplorerRun.0", "point": 1, "testname": "watto_test_switch_x1_1", "cornername": "Nominal"}
[2025-11-25 18:06:58.912 -0300] [INFO] [cadence.virtuoso.ade.simulationMonitor] - Time used: CPU = 614 ms, elapsed = 1.5 s, util. = 40.9%. {"history": "ExplorerRun.0", "point": 1, "testname": "watto_test_switch_x1_1", "cornername": "Nominal"}
[2025-11-25 18:06:58.912 -0300] [INFO] [cadence.virtuoso.ade.simulationMonitor] - Time spent in licensing: elapsed = 659 ms, percentage of total = 44%. {"history": "ExplorerRun.0", "point": 1, "testname": "watto_test_switch_x1_1", "cornername": "Nominal"}
[2025-11-25 18:06:58.912 -0300] [INFO] [cadence.virtuoso.ade.simulationMonitor] - Peak memory used = 214 Mbytes. {"history": "ExplorerRun.0", "point": 1, "testname": "watto_test_switch_x1_1", "cornername": "Nominal"}
[2025-11-25 18:06:58.912 -0300] [PROCESS] [cadence.virtuoso.ade.simulationMonitor] - Simulation started at: 6:06:57 PM, Tue Nov 25, 2025, ended at: 6:06:58 PM, Tue Nov 25, 2025, with elapsed time (wall clock): 1.5 s. {"history": "ExplorerRun.0", "point": 1, "testname": "watto_test_switch_x1_1", "cornername": "Nominal"}
[2025-11-25 18:06:58.912 -0300] [PROCESS] [cadence.virtuoso.ade.simulationMonitor] - spectre completes with 0 errors, 0 warnings, and 13 notices. {"history": "ExplorerRun.0", "point": 1, "testname": "watto_test_switch_x1_1", "cornername": "Nominal"}
[2025-11-25 18:06:58.912 -0300] [PROCESS] [cadence.virtuoso.ade.simulationMonitor] - Finished simulating for one point {"hostname": "ecomp", "processid": 612619, "history": "ExplorerRun.0", "testname": "watto_test_switch_x1_1", "cornername": "Nominal", "point": 1, "logfile": "/home/ufsm00051/wagner.chitto/wagner.chitto/logs_wagner.chitto/logs0/Job18.log", "simid": "1", "event": "finish", "category": "simulation"}
[2025-11-25 18:06:58.912 -0300] [PROCESS] [cadence.virtuoso.ade.simulationMonitor] - Simulator exited {"hostname": "ecomp", "processid": 612619, "history": "ExplorerRun.0", "testname": "watto_test_switch_x1_1", "cornername": "Nominal", "point": 1, "logfile": "/home/ufsm00051/wagner.chitto/wagner.chitto/logs_wagner.chitto/logs0/Job18.log", "exitStatus": "0"}
[2025-11-25 18:06:58.912 -0300] [PROCESS] [cadence.virtuoso.ade.simulationMonitor] - Finished Simulation {"hostname": "ecomp", "processid": 612619, "history": "ExplorerRun.0", "testname": "watto_test_switch_x1_1", "cornername": "Nominal", "point": 1, "logfile": "/home/ufsm00051/wagner.chitto/wagner.chitto/logs_wagner.chitto/logs0/Job18.log", "simid": "1", "event": "finish", "category": "obsolete"}
[2025-11-25 18:07:03.413 -0300] [PROCESS] [cadence.virtuoso.ade.simulationMonitor] - Point Finished {"hostname": "ecomp", "processid": 612619, "history": "ExplorerRun.0", "testname": "watto_test_switch_x1_1", "cornername": "Nominal", "point": 1, "logfile": "/home/ufsm00051/wagner.chitto/wagner.chitto/logs_wagner.chitto/logs0/Job18.log", "event": "finish", "category": "sim-eval"}
[2025-11-25 18:08:43.994 -0300] [INFO] [cadence.virtuoso.ade.simulationMonitor] - SimulationMonitor has terminated the vds process '612673', reason: 'Force to stop the expression evalutor process because of new run' {"history": "ExplorerRun.0", "point": 1, "testname": "watto_test_switch_x1_1", "cornername": "Nominal"}
[2025-11-25 18:08:43.994 -0300] [PROCESS] [cadence.virtuoso.ade.simulationMonitor] - HostInfo:
Host name (type):	ecomp (x86_64)
Operating system:	Linux 4.18.0-553.74.1.el8_10.x86_64 #1 SMP Sun Sep 14 12:57:27 UTC 2025 {"hostname": "ecomp", "processid": 612619, "history": "ExplorerRun.0", "testname": "watto_test_switch_x1_1", "cornername": "Nominal", "point": 1, "logfile": "/home/ufsm00051/wagner.chitto/wagner.chitto/logs_wagner.chitto/logs0/Job18.log", "nodename": "ecomp", "domainname": "(none)", "machine": "x86_64", "sysname": "Linux", "release": "4.18.0-553.74.1.el8_10.x86_64", "version": "#1 SMP Sun Sep 14 12:57:27 UTC 2025"}
[2025-11-25 18:08:43.994 -0300] [PROCESS] [cadence.virtuoso.ade.simulationMonitor] - UsageInfo:
pid=612619
totalPhysicalMemory=31.020386GB,Used=14.129574GB,totalVirtualMemory=34.481319GB,Used=14.129574GB
Cpu: Cores=4, Load average:0.510000,0.550000,0.590000 {"hostname": "ecomp", "processid": 612619, "history": "ExplorerRun.0", "testname": "watto_test_switch_x1_1", "cornername": "Nominal", "point": 1, "logfile": "/home/ufsm00051/wagner.chitto/wagner.chitto/logs_wagner.chitto/logs0/Job18.log", "pid": "612619", "totalPhysicalMemory": "31.020386", "physicalMemoryUsed": "14.129574", "totalVirtualMemory": "34.481319", "virtualMemoryUsed": "14.129574", "cpuCores": "4", "processes": "1535", "loadAverage1": "0.510000", "loadAverage5": "0.550000", "loadAverage15": "0.590000", "loadAverage1Percent": "0.127500"}
[2025-11-25 18:08:43.994 -0300] [EVENT] [cadence.virtuoso.ade.simulationMonitor] - NewPoint {"history": "ExplorerRun.0", "point": 1, "testname": "watto_test_switch_x1_1", "cornername": "Nominal", "event": "NewPoint", "EventSource": "Simulation Monitor", "HistoryName": "ExplorerRun.0", "logFile": "/home/ufsm00051/wagner.chitto/wagner.chitto/logs_wagner.chitto/logs0/Job18.log", "logFileSize": "16908", "category": "simulation"}
[2025-11-25 18:08:44.095 -0300] [EVENT] [cadence.virtuoso.ade.simulationMonitor] - NewPoint {"history": "ExplorerRun.0", "point": 1, "testname": "watto_test_switch_x1_1", "cornername": "Nominal", "event": "NewPoint", "EventSource": "spectre", "HistoryName": "ExplorerRun.0", "logFile": "/home/ufsm00051/wagner.chitto/simulation/watto/test_switch_x1/maestro/results/maestro/ExplorerRun.0/1/watto_test_switch_x1_1/psf/spectre.out", "logFileSize": "-1", "category": "simulation"}
[2025-11-25 18:08:44.194 -0300] [PROCESS] [cadence.virtuoso.ade.simulationMonitor] - Simulator launched {"hostname": "ecomp", "processid": 612619, "history": "ExplorerRun.0", "testname": "watto_test_switch_x1_1", "cornername": "Nominal", "point": 1, "logfile": "/home/ufsm00051/wagner.chitto/wagner.chitto/logs_wagner.chitto/logs0/Job18.log", "simid": "2", "event": "launch", "category": "simulation"}
[2025-11-25 18:08:44.196 -0300] [PROCESS] [cadence.virtuoso.ade.simulationMonitor] - Expression evaluator launched {"hostname": "ecomp", "processid": 612619, "history": "ExplorerRun.0", "testname": "watto_test_switch_x1_1", "cornername": "Nominal", "point": 1, "logfile": "/home/ufsm00051/wagner.chitto/wagner.chitto/logs_wagner.chitto/logs0/Job18.log"}
[2025-11-25 18:08:44.266 -0300] [PROCESS] [cadence.virtuoso.ade.simulationMonitor] - Started Simulation {"hostname": "ecomp", "processid": 612619, "history": "ExplorerRun.0", "testname": "watto_test_switch_x1_1", "cornername": "Nominal", "point": 1, "logfile": "/home/ufsm00051/wagner.chitto/wagner.chitto/logs_wagner.chitto/logs0/Job18.log", "event": "start", "category": "simulation"}
[2025-11-25 18:08:45.267 -0300] [INFO] [cadence.virtuoso.ade.simulationMonitor] - Peak resident memory used = 186 Mbytes. {"history": "ExplorerRun.0", "point": 1, "testname": "watto_test_switch_x1_1", "cornername": "Nominal"}
[2025-11-25 18:08:45.267 -0300] [INFO] [cadence.virtuoso.ade.simulationMonitor] - Peak resident memory used = 199 Mbytes. {"history": "ExplorerRun.0", "point": 1, "testname": "watto_test_switch_x1_1", "cornername": "Nominal"}
[2025-11-25 18:08:45.267 -0300] [INFO] [cadence.virtuoso.ade.simulationMonitor] - Peak resident memory used = 200 Mbytes. {"history": "ExplorerRun.0", "point": 1, "testname": "watto_test_switch_x1_1", "cornername": "Nominal"}
[2025-11-25 18:08:45.267 -0300] [INFO] [cadence.virtuoso.ade.simulationMonitor] - Notice from spectre during initial setup.
    Multithreading is disabled due to the size of the design being too small. {"history": "ExplorerRun.0", "point": 1, "testname": "watto_test_switch_x1_1", "cornername": "Nominal"}
[2025-11-25 18:08:45.267 -0300] [INFO] [cadence.virtuoso.ade.simulationMonitor] -               nodes 41 {"history": "ExplorerRun.0", "point": 1, "testname": "watto_test_switch_x1_1", "cornername": "Nominal"}
[2025-11-25 18:08:45.267 -0300] [INFO] [cadence.virtuoso.ade.simulationMonitor] - Notice from spectre during initial setup.
    Protected devices exist and are not included in the circuit inventory.
    APS enabled. {"history": "ExplorerRun.0", "point": 1, "testname": "watto_test_switch_x1_1", "cornername": "Nominal"}
[2025-11-25 18:08:45.267 -0300] [INFO] [cadence.virtuoso.ade.simulationMonitor] - Peak resident memory used = 203 Mbytes. {"history": "ExplorerRun.0", "point": 1, "testname": "watto_test_switch_x1_1", "cornername": "Nominal"}
[2025-11-25 18:08:45.267 -0300] [INFO] [cadence.virtuoso.ade.simulationMonitor] -    -   (APS) Multi-threading. The recommended number of threads is 1, consider adding +mt=1 on command line. {"history": "ExplorerRun.0", "point": 1, "testname": "watto_test_switch_x1_1", "cornername": "Nominal"}
[2025-11-25 18:08:45.267 -0300] [INFO] [cadence.virtuoso.ade.simulationMonitor] - Notice from spectre during transient analysis `tran'.
    Multithreading is disabled due to the size of the design being too small. {"history": "ExplorerRun.0", "point": 1, "testname": "watto_test_switch_x1_1", "cornername": "Nominal"}
[2025-11-25 18:08:45.267 -0300] [INFO] [cadence.virtuoso.ade.simulationMonitor] - Notice from spectre at time = 15 ns during transient analysis `tran'.
    Found trapezoidal ringing on node V0:p. {"history": "ExplorerRun.0", "point": 1, "testname": "watto_test_switch_x1_1", "cornername": "Nominal"}
[2025-11-25 18:08:45.267 -0300] [INFO] [cadence.virtuoso.ade.simulationMonitor] - Notice from spectre at time = 20.0364 ns during transient analysis `tran'.
    Found trapezoidal ringing on node I5.PM1.n1. {"history": "ExplorerRun.0", "point": 1, "testname": "watto_test_switch_x1_1", "cornername": "Nominal"}
[2025-11-25 18:08:45.267 -0300] [INFO] [cadence.virtuoso.ade.simulationMonitor] - Notice from spectre at time = 23.645 ns during transient analysis `tran'.
    Found trapezoidal ringing on node I5.PM1.n1. {"history": "ExplorerRun.0", "point": 1, "testname": "watto_test_switch_x1_1", "cornername": "Nominal"}
[2025-11-25 18:08:45.267 -0300] [INFO] [cadence.virtuoso.ade.simulationMonitor] - Notice from spectre at time = 29.645 ns during transient analysis `tran'.
    Found trapezoidal ringing on node V0:p. {"history": "ExplorerRun.0", "point": 1, "testname": "watto_test_switch_x1_1", "cornername": "Nominal"}
[2025-11-25 18:08:45.268 -0300] [INFO] [cadence.virtuoso.ade.simulationMonitor] - Notice from spectre at time = 35.645 ns during transient analysis `tran'.
    Found trapezoidal ringing on node V0:p.
        Further occurrences of this notice will be suppressed. {"history": "ExplorerRun.0", "point": 1, "testname": "watto_test_switch_x1_1", "cornername": "Nominal"}
[2025-11-25 18:08:45.268 -0300] [INFO] [cadence.virtuoso.ade.simulationMonitor] - Notice from spectre during transient analysis `tran'.
    Trapezoidal ringing is detected during tran analysis.
        Please use method=trap for better results and performance. {"history": "ExplorerRun.0", "point": 1, "testname": "watto_test_switch_x1_1", "cornername": "Nominal"}
[2025-11-25 18:08:45.268 -0300] [INFO] [cadence.virtuoso.ade.simulationMonitor] - Intrinsic tran analysis time:    CPU = 43.48 ms, elapsed = 109.879 ms. {"history": "ExplorerRun.0", "point": 1, "testname": "watto_test_switch_x1_1", "cornername": "Nominal"}
[2025-11-25 18:08:45.268 -0300] [INFO] [cadence.virtuoso.ade.simulationMonitor] - Total time required for tran analysis `tran': CPU = 52.001 ms, elapsed = 118.426 ms, util. = 43.9%. {"history": "ExplorerRun.0", "point": 1, "testname": "watto_test_switch_x1_1", "cornername": "Nominal"}
[2025-11-25 18:08:45.268 -0300] [INFO] [cadence.virtuoso.ade.simulationMonitor] - Peak resident memory used = 210 Mbytes. {"history": "ExplorerRun.0", "point": 1, "testname": "watto_test_switch_x1_1", "cornername": "Nominal"}
[2025-11-25 18:08:45.268 -0300] [INFO] [cadence.virtuoso.ade.simulationMonitor] - Notice from spectre.
    32 notices suppressed. {"history": "ExplorerRun.0", "point": 1, "testname": "watto_test_switch_x1_1", "cornername": "Nominal"}
[2025-11-25 18:08:45.268 -0300] [INFO] [cadence.virtuoso.ade.simulationMonitor] - Notice from spectre at vcm = 520e-03 during DC analysis `dc'.
    GminDC = 1 pS is large enough to noticeably affect the DC solution.
        dV(I5.3\:Vout) = 2.95727 uV
        Use the `gmin_check' option to eliminate or expand this report. {"history": "ExplorerRun.0", "point": 1, "testname": "watto_test_switch_x1_1", "cornername": "Nominal"}
[2025-11-25 18:08:45.268 -0300] [INFO] [cadence.virtuoso.ade.simulationMonitor] - Notice from spectre at vcm = 540e-03 during DC analysis `dc'.
    GminDC = 1 pS is large enough to noticeably affect the DC solution.
        dV(I5.3\:Vout) = 2.99915 uV
        Use the `gmin_check' option to eliminate or expand this report. {"history": "ExplorerRun.0", "point": 1, "testname": "watto_test_switch_x1_1", "cornername": "Nominal"}
[2025-11-25 18:08:45.268 -0300] [INFO] [cadence.virtuoso.ade.simulationMonitor] - Notice from spectre at vcm = 560e-03 during DC analysis `dc'.
    GminDC = 1 pS is large enough to noticeably affect the DC solution.
        dV(I5.3\:Vout) = 2.99957 uV
        Use the `gmin_check' option to eliminate or expand this report. {"history": "ExplorerRun.0", "point": 1, "testname": "watto_test_switch_x1_1", "cornername": "Nominal"}
[2025-11-25 18:08:45.268 -0300] [INFO] [cadence.virtuoso.ade.simulationMonitor] - Notice from spectre at vcm = 580e-03 during DC analysis `dc'.
    GminDC = 1 pS is large enough to noticeably affect the DC solution.
        dV(I5.3\:Vout) = 2.99968 uV
        Use the `gmin_check' option to eliminate or expand this report. {"history": "ExplorerRun.0", "point": 1, "testname": "watto_test_switch_x1_1", "cornername": "Nominal"}
[2025-11-25 18:08:45.268 -0300] [INFO] [cadence.virtuoso.ade.simulationMonitor] - Notice from spectre at vcm = 600e-03 during DC analysis `dc'.
    GminDC = 1 pS is large enough to noticeably affect the DC solution.
        Further occurrences of this notice will be suppressed.
        dV(I5.3\:Vout) = 2.99973 uV
        Further occurrences of this notice will be suppressed.
        Use the `gmin_check' option to eliminate or expand this report.
        Further occurrences of this notice will be suppressed. {"history": "ExplorerRun.0", "point": 1, "testname": "watto_test_switch_x1_1", "cornername": "Nominal"}
[2025-11-25 18:08:45.268 -0300] [INFO] [cadence.virtuoso.ade.simulationMonitor] - Notice from spectre at vcm = 1 during DC analysis `dc'.
    The value of parameter 'vcm' has been reset to the original value 0. {"history": "ExplorerRun.0", "point": 1, "testname": "watto_test_switch_x1_1", "cornername": "Nominal"}
[2025-11-25 18:08:45.268 -0300] [INFO] [cadence.virtuoso.ade.simulationMonitor] - Total time required for dc analysis `dc': CPU = 28.466 ms, elapsed = 63.7641 ms, util. = 44.6%. {"history": "ExplorerRun.0", "point": 1, "testname": "watto_test_switch_x1_1", "cornername": "Nominal"}
[2025-11-25 18:08:45.268 -0300] [INFO] [cadence.virtuoso.ade.simulationMonitor] - Peak resident memory used = 210 Mbytes. {"history": "ExplorerRun.0", "point": 1, "testname": "watto_test_switch_x1_1", "cornername": "Nominal"}
[2025-11-25 18:08:45.268 -0300] [INFO] [cadence.virtuoso.ade.simulationMonitor] - Notice from spectre.
    20 notices suppressed. {"history": "ExplorerRun.0", "point": 1, "testname": "watto_test_switch_x1_1", "cornername": "Nominal"}
[2025-11-25 18:08:45.769 -0300] [INFO] [cadence.virtuoso.ade.simulationMonitor] - Time used: CPU = 598 ms, elapsed = 1.23 s, util. = 48.7%. {"history": "ExplorerRun.0", "point": 1, "testname": "watto_test_switch_x1_1", "cornername": "Nominal"}
[2025-11-25 18:08:45.769 -0300] [INFO] [cadence.virtuoso.ade.simulationMonitor] - Time spent in licensing: elapsed = 59.8 ms. {"history": "ExplorerRun.0", "point": 1, "testname": "watto_test_switch_x1_1", "cornername": "Nominal"}
[2025-11-25 18:08:45.769 -0300] [INFO] [cadence.virtuoso.ade.simulationMonitor] - Peak memory used = 212 Mbytes. {"history": "ExplorerRun.0", "point": 1, "testname": "watto_test_switch_x1_1", "cornername": "Nominal"}
[2025-11-25 18:08:45.769 -0300] [PROCESS] [cadence.virtuoso.ade.simulationMonitor] - Simulation started at: 6:08:44 PM, Tue Nov 25, 2025, ended at: 6:08:45 PM, Tue Nov 25, 2025, with elapsed time (wall clock): 1.23 s. {"history": "ExplorerRun.0", "point": 1, "testname": "watto_test_switch_x1_1", "cornername": "Nominal"}
[2025-11-25 18:08:45.769 -0300] [PROCESS] [cadence.virtuoso.ade.simulationMonitor] - spectre completes with 0 errors, 0 warnings, and 19 notices. {"history": "ExplorerRun.0", "point": 1, "testname": "watto_test_switch_x1_1", "cornername": "Nominal"}
[2025-11-25 18:08:45.769 -0300] [PROCESS] [cadence.virtuoso.ade.simulationMonitor] - Finished simulating for one point {"hostname": "ecomp", "processid": 612619, "history": "ExplorerRun.0", "testname": "watto_test_switch_x1_1", "cornername": "Nominal", "point": 1, "logfile": "/home/ufsm00051/wagner.chitto/wagner.chitto/logs_wagner.chitto/logs0/Job18.log", "simid": "2", "event": "finish", "category": "simulation"}
[2025-11-25 18:08:45.769 -0300] [PROCESS] [cadence.virtuoso.ade.simulationMonitor] - Simulator exited {"hostname": "ecomp", "processid": 612619, "history": "ExplorerRun.0", "testname": "watto_test_switch_x1_1", "cornername": "Nominal", "point": 1, "logfile": "/home/ufsm00051/wagner.chitto/wagner.chitto/logs_wagner.chitto/logs0/Job18.log", "exitStatus": "0"}
[2025-11-25 18:08:45.769 -0300] [PROCESS] [cadence.virtuoso.ade.simulationMonitor] - Finished Simulation {"hostname": "ecomp", "processid": 612619, "history": "ExplorerRun.0", "testname": "watto_test_switch_x1_1", "cornername": "Nominal", "point": 1, "logfile": "/home/ufsm00051/wagner.chitto/wagner.chitto/logs_wagner.chitto/logs0/Job18.log", "simid": "2", "event": "finish", "category": "obsolete"}
[2025-11-25 18:08:51.771 -0300] [PROCESS] [cadence.virtuoso.ade.simulationMonitor] - Point Finished {"hostname": "ecomp", "processid": 612619, "history": "ExplorerRun.0", "testname": "watto_test_switch_x1_1", "cornername": "Nominal", "point": 1, "logfile": "/home/ufsm00051/wagner.chitto/wagner.chitto/logs_wagner.chitto/logs0/Job18.log", "event": "finish", "category": "sim-eval"}
[2025-11-25 18:12:19.522 -0300] [PROCESS] [cadence.virtuoso.ade.simulationMonitor] - get signal Terminated<15> from user:wagner.chitto, which pid:612615:/home/tools/cadence/installs/IC231/tools/bin/64bit/cdsServIpc {"hostname": "ecomp", "processid": 612619, "history": "ExplorerRun.0", "testname": "watto_test_switch_x1_1", "cornername": "Nominal", "point": 1, "logfile": "/home/ufsm00051/wagner.chitto/wagner.chitto/logs_wagner.chitto/logs0/Job18.log", "signal": "15", "signalName": "Terminated", "which": "/home/tools/cadence/installs/IC231/tools/bin/64bit/cdsServIpc", "pid": "612615", "user": "wagner.chitto", "uid": "1028"}
[2025-11-25 18:12:19.522 -0300] [INFO] [cadence.virtuoso.ade.simulationMonitor] - SimulationMonitor has terminated the  process '613875', reason: 'simulationMonitor is handling signal 15' {"history": "ExplorerRun.0", "point": 1, "testname": "watto_test_switch_x1_1", "cornername": "Nominal"}
