[Simulation Monitor: 12]
[2025-12-01 18:45:44.578 -0300] [PROCESS] [cadence.virtuoso.ade.simulationMonitor] - Started the simulation monitor process {"hostname": "ecomp", "processid": 1293772, "logfile": "/home/ufsm00051/wagner.chitto/wagner.chitto/logs_wagner.chitto/logs0/Job12.log", "simulation monitor command line": "/home/tools/cadence/installs/IC231/tools.lnx86/dfII/bin/64bit/spectreMonitor --davinciService DaVinciService_1201550_1764621406 --axlsession fnxSession1 -lscs 00010590E36CFC06BC4D64FFD61DD265D93F798EEA7CFC06CC4D0A8CEC7E9F67D0227DAAD240CD31C87766E3A12FFC06BC4D0FCD8397F08ED56300001AC8 -beanhost ecomp -beanport 11928 -beanLogFile /home/ufsm00051/wagner.chitto/wagner.chitto/logs_wagner.chitto/logs0/amps_Job12.log -beanbinlog  --domain 0 --interactive yes --netlistOpt no --useMultiPointEvaluation yes --exprEvalShowJobStderr yes --evalSimParallel no --maxSims 0 --historyName ExplorerRun.0 --historyUUID  --exprEvaluator vds --mcMapping mc1.mapping --checkLogStatusInterval 0 --checkSimulatorLogTimeout 1200 --exprEvalMaxTries 3 --maxNFSSyncWait 60 -adeBrokerAddress ecomp:44213 --statdbType h5v2 --fromADE true --virtuosoBinary virtuoso --guiDisplay localhost:17.0 --globalStatus 60 --evaluateMultiMC yes --evalOnSimFail SkipFailedAnalyses --numRetriesOnError 1 --fenixMode explorer --lingertimeout 300 -ahdlLockTimeout 60 --sdbLib watto --sdbCell 4_bit_register_x1_test --sdbView maestro --heartBeatFileDir /dev/shm --id 12 --uuid 712564db-a761-49ad-b04b-1b830715c617 --log /home/ufsm00051/wagner.chitto/wagner.chitto/logs_wagner.chitto/logs0/Job12.log "}
[2025-12-01 18:45:44.578 -0300] [PROCESS] [cadence.virtuoso.ade.simulationMonitor] - Started the simulation monitor process {"hostname": "ecomp", "processid": 1293772, "logfile": "/home/ufsm00051/wagner.chitto/wagner.chitto/logs_wagner.chitto/logs0/Job12.log", "current directory": "/home/ufsm00051/wagner.chitto/wagner.chitto"}
[2025-12-01 18:45:44.578 -0300] [PROCESS] [cadence.virtuoso.ade.simulationMonitor] - Simulation Monitor has successfully started up. Trying to set up communication channels to other components ... {"hostname": "ecomp", "processid": 1293772, "logfile": "/home/ufsm00051/wagner.chitto/wagner.chitto/logs_wagner.chitto/logs0/Job12.log"}
[2025-12-01 18:45:44.579 -0300] [PROCESS] [cadence.virtuoso.ade.simulationMonitor] - Communication channels have been successfully set up. Start processing events ... {"hostname": "ecomp", "processid": 1293772, "logfile": "/home/ufsm00051/wagner.chitto/wagner.chitto/logs_wagner.chitto/logs0/Job12.log"}
[2025-12-01 18:45:44.579 -0300] [PROCESS] [cadence.virtuoso.ade.simulationMonitor] - Considering to start history {"hostname": "ecomp", "processid": 1293772, "history": "ExplorerRun.0", "logfile": "/home/ufsm00051/wagner.chitto/wagner.chitto/logs_wagner.chitto/logs0/Job12.log"}
[2025-12-01 18:45:44.581 -0300] [PROCESS] [cadence.virtuoso.ade.simulationMonitor] - HostInfo:
Host name (type):	ecomp (x86_64)
Operating system:	Linux 4.18.0-553.74.1.el8_10.x86_64 #1 SMP Sun Sep 14 12:57:27 UTC 2025 {"hostname": "ecomp", "processid": 1293772, "history": "ExplorerRun.0", "logfile": "/home/ufsm00051/wagner.chitto/wagner.chitto/logs_wagner.chitto/logs0/Job12.log", "nodename": "ecomp", "domainname": "(none)", "machine": "x86_64", "sysname": "Linux", "release": "4.18.0-553.74.1.el8_10.x86_64", "version": "#1 SMP Sun Sep 14 12:57:27 UTC 2025"}
[2025-12-01 18:45:44.581 -0300] [PROCESS] [cadence.virtuoso.ade.simulationMonitor] - UsageInfo:
pid=1293772
totalPhysicalMemory=31.020390GB,Used=17.804008GB,totalVirtualMemory=34.481323GB,Used=17.804008GB
Cpu: Cores=4, Load average:0.360000,0.540000,0.970000 {"hostname": "ecomp", "processid": 1293772, "history": "ExplorerRun.0", "logfile": "/home/ufsm00051/wagner.chitto/wagner.chitto/logs_wagner.chitto/logs0/Job12.log", "pid": "1293772", "totalPhysicalMemory": "31.020390", "physicalMemoryUsed": "17.804008", "totalVirtualMemory": "34.481323", "virtualMemoryUsed": "17.804008", "cpuCores": "4", "processes": "2013", "loadAverage1": "0.360000", "loadAverage5": "0.540000", "loadAverage15": "0.970000", "loadAverage1Percent": "0.090000"}
[2025-12-01 18:45:44.581 -0300] [EVENT] [cadence.virtuoso.ade.simulationMonitor] - NewPoint {"history": "ExplorerRun.0", "point": 1, "testname": "watto_4_bit_register_x1_test_1", "cornername": "Nominal", "event": "NewPoint", "EventSource": "Simulation Monitor", "HistoryName": "ExplorerRun.0", "logFile": "/home/ufsm00051/wagner.chitto/wagner.chitto/logs_wagner.chitto/logs0/Job12.log", "logFileSize": "4129", "category": "simulation"}
[2025-12-01 18:45:44.682 -0300] [EVENT] [cadence.virtuoso.ade.simulationMonitor] - NewPoint {"history": "ExplorerRun.0", "point": 1, "testname": "watto_4_bit_register_x1_test_1", "cornername": "Nominal", "event": "NewPoint", "EventSource": "spectre", "HistoryName": "ExplorerRun.0", "logFile": "/home/ufsm00051/wagner.chitto/simulation/watto/4_bit_register_x1_test/maestro/results/maestro/ExplorerRun.0/1/watto_4_bit_register_x1_test_1/psf/spectre.out", "logFileSize": "-1", "category": "simulation"}
[2025-12-01 18:45:44.767 -0300] [PROCESS] [cadence.virtuoso.ade.simulationMonitor] - Simulator launched {"hostname": "ecomp", "processid": 1293772, "history": "ExplorerRun.0", "testname": "watto_4_bit_register_x1_test_1", "cornername": "Nominal", "point": 1, "logfile": "/home/ufsm00051/wagner.chitto/wagner.chitto/logs_wagner.chitto/logs0/Job12.log", "simid": "1", "event": "launch", "category": "simulation"}
[2025-12-01 18:45:44.769 -0300] [PROCESS] [cadence.virtuoso.ade.simulationMonitor] - Expression evaluator launched {"hostname": "ecomp", "processid": 1293772, "history": "ExplorerRun.0", "testname": "watto_4_bit_register_x1_test_1", "cornername": "Nominal", "point": 1, "logfile": "/home/ufsm00051/wagner.chitto/wagner.chitto/logs_wagner.chitto/logs0/Job12.log"}
[2025-12-01 18:45:44.855 -0300] [PROCESS] [cadence.virtuoso.ade.simulationMonitor] - Started Simulation {"hostname": "ecomp", "processid": 1293772, "history": "ExplorerRun.0", "testname": "watto_4_bit_register_x1_test_1", "cornername": "Nominal", "point": 1, "logfile": "/home/ufsm00051/wagner.chitto/wagner.chitto/logs_wagner.chitto/logs0/Job12.log", "event": "start", "category": "simulation"}
[2025-12-01 18:45:45.855 -0300] [INFO] [cadence.virtuoso.ade.simulationMonitor] - Peak resident memory used = 187 Mbytes. {"history": "ExplorerRun.0", "point": 1, "testname": "watto_4_bit_register_x1_test_1", "cornername": "Nominal"}
[2025-12-01 18:45:45.856 -0300] [INFO] [cadence.virtuoso.ade.simulationMonitor] - Peak resident memory used = 200 Mbytes. {"history": "ExplorerRun.0", "point": 1, "testname": "watto_4_bit_register_x1_test_1", "cornername": "Nominal"}
[2025-12-01 18:45:45.856 -0300] [INFO] [cadence.virtuoso.ade.simulationMonitor] - Peak resident memory used = 202 Mbytes. {"history": "ExplorerRun.0", "point": 1, "testname": "watto_4_bit_register_x1_test_1", "cornername": "Nominal"}
[2025-12-01 18:45:45.856 -0300] [INFO] [cadence.virtuoso.ade.simulationMonitor] - Notice from spectre during initial setup.
    Multithreading is disabled due to the size of the design being too small. {"history": "ExplorerRun.0", "point": 1, "testname": "watto_4_bit_register_x1_test_1", "cornername": "Nominal"}
[2025-12-01 18:45:45.856 -0300] [INFO] [cadence.virtuoso.ade.simulationMonitor] -               nodes 139 {"history": "ExplorerRun.0", "point": 1, "testname": "watto_4_bit_register_x1_test_1", "cornername": "Nominal"}
[2025-12-01 18:45:45.856 -0300] [INFO] [cadence.virtuoso.ade.simulationMonitor] - Notice from spectre during initial setup.
    Protected devices exist and are not included in the circuit inventory.
    APS enabled. {"history": "ExplorerRun.0", "point": 1, "testname": "watto_4_bit_register_x1_test_1", "cornername": "Nominal"}
[2025-12-01 18:45:45.856 -0300] [INFO] [cadence.virtuoso.ade.simulationMonitor] - Peak resident memory used = 204 Mbytes. {"history": "ExplorerRun.0", "point": 1, "testname": "watto_4_bit_register_x1_test_1", "cornername": "Nominal"}
[2025-12-01 18:45:45.856 -0300] [INFO] [cadence.virtuoso.ade.simulationMonitor] -    -   (APS) Multi-threading. The recommended number of threads is 1, consider adding +mt=1 on command line. {"history": "ExplorerRun.0", "point": 1, "testname": "watto_4_bit_register_x1_test_1", "cornername": "Nominal"}
[2025-12-01 18:45:45.856 -0300] [INFO] [cadence.virtuoso.ade.simulationMonitor] - Notice from spectre during IC analysis, during transient analysis `tran'.
    GminDC = 1 pS is large enough to noticeably affect the DC solution.
        dV(I11.I10.net9) = -12.0852 mV
        Use the `gmin_check' option to eliminate or expand this report.
    Bad pivoting is found during DC analysis. Option dc_pivot_check=yes is recommended for possible improvement of convergence. {"history": "ExplorerRun.0", "point": 1, "testname": "watto_4_bit_register_x1_test_1", "cornername": "Nominal"}
[2025-12-01 18:45:45.856 -0300] [INFO] [cadence.virtuoso.ade.simulationMonitor] - Notice from spectre during transient analysis `tran'.
    Multithreading is disabled due to the size of the design being too small. {"history": "ExplorerRun.0", "point": 1, "testname": "watto_4_bit_register_x1_test_1", "cornername": "Nominal"}
[2025-12-01 18:45:46.356 -0300] [INFO] [cadence.virtuoso.ade.simulationMonitor] - Notice from spectre at time = 75.1004 ns during transient analysis `tran'.
    Found trapezoidal ringing on node I11.I9.PM1.n1. {"history": "ExplorerRun.0", "point": 1, "testname": "watto_4_bit_register_x1_test_1", "cornername": "Nominal"}
[2025-12-01 18:45:46.356 -0300] [INFO] [cadence.virtuoso.ade.simulationMonitor] - Notice from spectre at time = 85.1004 ns during transient analysis `tran'.
    Found trapezoidal ringing on node I11.I9.PM1.n1. {"history": "ExplorerRun.0", "point": 1, "testname": "watto_4_bit_register_x1_test_1", "cornername": "Nominal"}
[2025-12-01 18:45:46.356 -0300] [INFO] [cadence.virtuoso.ade.simulationMonitor] - Notice from spectre at time = 95.1004 ns during transient analysis `tran'.
    Found trapezoidal ringing on node I11.I11.PM1.n1. {"history": "ExplorerRun.0", "point": 1, "testname": "watto_4_bit_register_x1_test_1", "cornername": "Nominal"}
[2025-12-01 18:45:46.356 -0300] [INFO] [cadence.virtuoso.ade.simulationMonitor] - Notice from spectre at time = 125.1 ns during transient analysis `tran'.
    Found trapezoidal ringing on node I11.I10.PM1.n1. {"history": "ExplorerRun.0", "point": 1, "testname": "watto_4_bit_register_x1_test_1", "cornername": "Nominal"}
[2025-12-01 18:45:46.356 -0300] [INFO] [cadence.virtuoso.ade.simulationMonitor] - Notice from spectre at time = 135.1 ns during transient analysis `tran'.
    Found trapezoidal ringing on node I11.I8.PM1.n1.
        Further occurrences of this notice will be suppressed. {"history": "ExplorerRun.0", "point": 1, "testname": "watto_4_bit_register_x1_test_1", "cornername": "Nominal"}
[2025-12-01 18:45:59.860 -0300] [INFO] [cadence.virtuoso.ade.simulationMonitor] - Notice from spectre during transient analysis `tran'.
    Trapezoidal ringing is detected during tran analysis.
        Please use method=trap for better results and performance. {"history": "ExplorerRun.0", "point": 1, "testname": "watto_4_bit_register_x1_test_1", "cornername": "Nominal"}
[2025-12-01 18:45:59.860 -0300] [INFO] [cadence.virtuoso.ade.simulationMonitor] - Intrinsic tran analysis time:    CPU = 13.2616 s, elapsed = 13.7112 s. {"history": "ExplorerRun.0", "point": 1, "testname": "watto_4_bit_register_x1_test_1", "cornername": "Nominal"}
[2025-12-01 18:45:59.860 -0300] [INFO] [cadence.virtuoso.ade.simulationMonitor] - Total time required for tran analysis `tran': CPU = 13.3037 s, elapsed = 13.7536 s, util. = 96.7%. {"history": "ExplorerRun.0", "point": 1, "testname": "watto_4_bit_register_x1_test_1", "cornername": "Nominal"}
[2025-12-01 18:45:59.860 -0300] [INFO] [cadence.virtuoso.ade.simulationMonitor] - Peak resident memory used = 344 Mbytes. {"history": "ExplorerRun.0", "point": 1, "testname": "watto_4_bit_register_x1_test_1", "cornername": "Nominal"}
[2025-12-01 18:45:59.860 -0300] [INFO] [cadence.virtuoso.ade.simulationMonitor] - Notice from spectre.
    251 notices suppressed. {"history": "ExplorerRun.0", "point": 1, "testname": "watto_4_bit_register_x1_test_1", "cornername": "Nominal"}
[2025-12-01 18:46:00.361 -0300] [INFO] [cadence.virtuoso.ade.simulationMonitor] - Time used: CPU = 13.9 s, elapsed = 15 s, util. = 92.9%. {"history": "ExplorerRun.0", "point": 1, "testname": "watto_4_bit_register_x1_test_1", "cornername": "Nominal"}
[2025-12-01 18:46:00.361 -0300] [INFO] [cadence.virtuoso.ade.simulationMonitor] - Time spent in licensing: elapsed = 29.5 ms. {"history": "ExplorerRun.0", "point": 1, "testname": "watto_4_bit_register_x1_test_1", "cornername": "Nominal"}
[2025-12-01 18:46:00.361 -0300] [INFO] [cadence.virtuoso.ade.simulationMonitor] - Peak memory used = 345 Mbytes. {"history": "ExplorerRun.0", "point": 1, "testname": "watto_4_bit_register_x1_test_1", "cornername": "Nominal"}
[2025-12-01 18:46:00.361 -0300] [PROCESS] [cadence.virtuoso.ade.simulationMonitor] - Simulation started at: 6:45:44 PM, Mon Dec 1, 2025, ended at: 6:45:59 PM, Mon Dec 1, 2025, with elapsed time (wall clock): 15 s. {"history": "ExplorerRun.0", "point": 1, "testname": "watto_4_bit_register_x1_test_1", "cornername": "Nominal"}
[2025-12-01 18:46:00.361 -0300] [PROCESS] [cadence.virtuoso.ade.simulationMonitor] - spectre completes with 0 errors, 0 warnings, and 14 notices. {"history": "ExplorerRun.0", "point": 1, "testname": "watto_4_bit_register_x1_test_1", "cornername": "Nominal"}
[2025-12-01 18:46:00.361 -0300] [PROCESS] [cadence.virtuoso.ade.simulationMonitor] - Finished simulating for one point {"hostname": "ecomp", "processid": 1293772, "history": "ExplorerRun.0", "testname": "watto_4_bit_register_x1_test_1", "cornername": "Nominal", "point": 1, "logfile": "/home/ufsm00051/wagner.chitto/wagner.chitto/logs_wagner.chitto/logs0/Job12.log", "simid": "1", "event": "finish", "category": "simulation"}
[2025-12-01 18:46:00.361 -0300] [PROCESS] [cadence.virtuoso.ade.simulationMonitor] - Simulator exited {"hostname": "ecomp", "processid": 1293772, "history": "ExplorerRun.0", "testname": "watto_4_bit_register_x1_test_1", "cornername": "Nominal", "point": 1, "logfile": "/home/ufsm00051/wagner.chitto/wagner.chitto/logs_wagner.chitto/logs0/Job12.log", "exitStatus": "0"}
[2025-12-01 18:46:00.361 -0300] [PROCESS] [cadence.virtuoso.ade.simulationMonitor] - Finished Simulation {"hostname": "ecomp", "processid": 1293772, "history": "ExplorerRun.0", "testname": "watto_4_bit_register_x1_test_1", "cornername": "Nominal", "point": 1, "logfile": "/home/ufsm00051/wagner.chitto/wagner.chitto/logs_wagner.chitto/logs0/Job12.log", "simid": "1", "event": "finish", "category": "obsolete"}
[2025-12-01 18:46:01.362 -0300] [PROCESS] [cadence.virtuoso.ade.simulationMonitor] - Point Finished {"hostname": "ecomp", "processid": 1293772, "history": "ExplorerRun.0", "testname": "watto_4_bit_register_x1_test_1", "cornername": "Nominal", "point": 1, "logfile": "/home/ufsm00051/wagner.chitto/wagner.chitto/logs_wagner.chitto/logs0/Job12.log", "event": "finish", "category": "sim-eval"}
[2025-12-01 18:51:01.751 -0300] [PROCESS] [cadence.virtuoso.ade.simulationMonitor] - Current memory used: 88.7578 MBytes, peak memory used: 90.7109 MBytes {"hostname": "ecomp", "processid": 1293772, "history": "ExplorerRun.0", "testname": "watto_4_bit_register_x1_test_1", "cornername": "Nominal", "point": 1, "logfile": "/home/ufsm00051/wagner.chitto/wagner.chitto/logs_wagner.chitto/logs0/Job12.log"}
[2025-12-01 18:51:01.751 -0300] [PROCESS] [cadence.virtuoso.ade.simulationMonitor] - Simulation Monitor process exits. {"hostname": "ecomp", "processid": 1293772, "history": "ExplorerRun.0", "testname": "watto_4_bit_register_x1_test_1", "cornername": "Nominal", "point": 1, "logfile": "/home/ufsm00051/wagner.chitto/wagner.chitto/logs_wagner.chitto/logs0/Job12.log"}
