[Simulation Monitor: 2]
[2025-12-01 17:37:17.645 -0300] [PROCESS] [cadence.virtuoso.ade.simulationMonitor] - Started the simulation monitor process {"hostname": "ecomp", "processid": 1217914, "logfile": "/home/ufsm00051/wagner.chitto/wagner.chitto/logs_wagner.chitto/logs0/Job2.log", "simulation monitor command line": "/home/tools/cadence/installs/IC231/tools.lnx86/dfII/bin/64bit/spectreMonitor --davinciService DaVinciService_1201550_1764621406 --axlsession fnxSession0 -lscs 00010590E36CFC06BC4D64FFD61DD265D93F798EEA7CFC06CC4D0A8CEC7E9F67D0227DAAD240CD31C87766E3A12FFC06BC4D0FCE7362007BD56000001AA3 -beanhost ecomp -beanport 11928 -beanLogFile /home/ufsm00051/wagner.chitto/wagner.chitto/logs_wagner.chitto/logs0/amps_Job2.log -beanbinlog  --domain 0 --interactive yes --netlistOpt no --useMultiPointEvaluation yes --exprEvalShowJobStderr yes --evalSimParallel no --maxSims 0 --historyName ExplorerRun.0 --historyUUID  --exprEvaluator vds --mcMapping mc1.mapping --checkLogStatusInterval 0 --checkSimulatorLogTimeout 1200 --exprEvalMaxTries 3 --maxNFSSyncWait 60 -adeBrokerAddress ecomp:44213 --statdbType h5v2 --fromADE true --virtuosoBinary virtuoso --guiDisplay localhost:17.0 --globalStatus 60 --evaluateMultiMC yes --evalOnSimFail SkipFailedAnalyses --numRetriesOnError 1 --fenixMode explorer --lingertimeout 300 -ahdlLockTimeout 60 --sdbLib watto --sdbCell 4_bit_register_x1_test --sdbView maestro --heartBeatFileDir /dev/shm --id 2 --uuid 3a86dcc1-3bb2-466c-bd91-ccdbf3acaf47 --log /home/ufsm00051/wagner.chitto/wagner.chitto/logs_wagner.chitto/logs0/Job2.log "}
[2025-12-01 17:37:17.645 -0300] [PROCESS] [cadence.virtuoso.ade.simulationMonitor] - Started the simulation monitor process {"hostname": "ecomp", "processid": 1217914, "logfile": "/home/ufsm00051/wagner.chitto/wagner.chitto/logs_wagner.chitto/logs0/Job2.log", "current directory": "/home/ufsm00051/wagner.chitto/wagner.chitto"}
[2025-12-01 17:37:17.645 -0300] [PROCESS] [cadence.virtuoso.ade.simulationMonitor] - Simulation Monitor has successfully started up. Trying to set up communication channels to other components ... {"hostname": "ecomp", "processid": 1217914, "logfile": "/home/ufsm00051/wagner.chitto/wagner.chitto/logs_wagner.chitto/logs0/Job2.log"}
[2025-12-01 17:37:17.646 -0300] [PROCESS] [cadence.virtuoso.ade.simulationMonitor] - Communication channels have been successfully set up. Start processing events ... {"hostname": "ecomp", "processid": 1217914, "logfile": "/home/ufsm00051/wagner.chitto/wagner.chitto/logs_wagner.chitto/logs0/Job2.log"}
[2025-12-01 17:37:17.646 -0300] [PROCESS] [cadence.virtuoso.ade.simulationMonitor] - Considering to start history {"hostname": "ecomp", "processid": 1217914, "history": "ExplorerRun.0", "logfile": "/home/ufsm00051/wagner.chitto/wagner.chitto/logs_wagner.chitto/logs0/Job2.log"}
[2025-12-01 17:37:17.649 -0300] [PROCESS] [cadence.virtuoso.ade.simulationMonitor] - HostInfo:
Host name (type):	ecomp (x86_64)
Operating system:	Linux 4.18.0-553.74.1.el8_10.x86_64 #1 SMP Sun Sep 14 12:57:27 UTC 2025 {"hostname": "ecomp", "processid": 1217914, "history": "ExplorerRun.0", "logfile": "/home/ufsm00051/wagner.chitto/wagner.chitto/logs_wagner.chitto/logs0/Job2.log", "nodename": "ecomp", "domainname": "(none)", "machine": "x86_64", "sysname": "Linux", "release": "4.18.0-553.74.1.el8_10.x86_64", "version": "#1 SMP Sun Sep 14 12:57:27 UTC 2025"}
[2025-12-01 17:37:17.649 -0300] [PROCESS] [cadence.virtuoso.ade.simulationMonitor] - UsageInfo:
pid=1217914
totalPhysicalMemory=31.020390GB,Used=22.227669GB,totalVirtualMemory=34.481323GB,Used=22.227669GB
Cpu: Cores=4, Load average:3.360000,2.330000,2.520000 {"hostname": "ecomp", "processid": 1217914, "history": "ExplorerRun.0", "logfile": "/home/ufsm00051/wagner.chitto/wagner.chitto/logs_wagner.chitto/logs0/Job2.log", "pid": "1217914", "totalPhysicalMemory": "31.020390", "physicalMemoryUsed": "22.227669", "totalVirtualMemory": "34.481323", "virtualMemoryUsed": "22.227669", "cpuCores": "4", "processes": "2802", "loadAverage1": "3.360000", "loadAverage5": "2.330000", "loadAverage15": "2.520000", "loadAverage1Percent": "0.840000"}
[2025-12-01 17:37:17.649 -0300] [EVENT] [cadence.virtuoso.ade.simulationMonitor] - NewPoint {"history": "ExplorerRun.0", "point": 1, "testname": "watto_4_bit_register_x1_test_1", "cornername": "Nominal", "event": "NewPoint", "EventSource": "Simulation Monitor", "HistoryName": "ExplorerRun.0", "logFile": "/home/ufsm00051/wagner.chitto/wagner.chitto/logs_wagner.chitto/logs0/Job2.log", "logFileSize": "4118", "category": "simulation"}
[2025-12-01 17:37:17.753 -0300] [EVENT] [cadence.virtuoso.ade.simulationMonitor] - NewPoint {"history": "ExplorerRun.0", "point": 1, "testname": "watto_4_bit_register_x1_test_1", "cornername": "Nominal", "event": "NewPoint", "EventSource": "spectre", "HistoryName": "ExplorerRun.0", "logFile": "/home/ufsm00051/wagner.chitto/simulation/watto/4_bit_register_x1_test/maestro/results/maestro/ExplorerRun.0/1/watto_4_bit_register_x1_test_1/psf/spectre.out", "logFileSize": "-1", "category": "simulation"}
[2025-12-01 17:37:17.861 -0300] [PROCESS] [cadence.virtuoso.ade.simulationMonitor] - Simulator launched {"hostname": "ecomp", "processid": 1217914, "history": "ExplorerRun.0", "testname": "watto_4_bit_register_x1_test_1", "cornername": "Nominal", "point": 1, "logfile": "/home/ufsm00051/wagner.chitto/wagner.chitto/logs_wagner.chitto/logs0/Job2.log", "simid": "1", "event": "launch", "category": "simulation"}
[2025-12-01 17:37:17.863 -0300] [PROCESS] [cadence.virtuoso.ade.simulationMonitor] - Expression evaluator launched {"hostname": "ecomp", "processid": 1217914, "history": "ExplorerRun.0", "testname": "watto_4_bit_register_x1_test_1", "cornername": "Nominal", "point": 1, "logfile": "/home/ufsm00051/wagner.chitto/wagner.chitto/logs_wagner.chitto/logs0/Job2.log"}
[2025-12-01 17:37:17.996 -0300] [PROCESS] [cadence.virtuoso.ade.simulationMonitor] - Started Simulation {"hostname": "ecomp", "processid": 1217914, "history": "ExplorerRun.0", "testname": "watto_4_bit_register_x1_test_1", "cornername": "Nominal", "point": 1, "logfile": "/home/ufsm00051/wagner.chitto/wagner.chitto/logs_wagner.chitto/logs0/Job2.log", "event": "start", "category": "simulation"}
[2025-12-01 17:37:18.996 -0300] [INFO] [cadence.virtuoso.ade.simulationMonitor] - Peak resident memory used = 187 Mbytes. {"history": "ExplorerRun.0", "point": 1, "testname": "watto_4_bit_register_x1_test_1", "cornername": "Nominal"}
[2025-12-01 17:37:19.499 -0300] [INFO] [cadence.virtuoso.ade.simulationMonitor] - Peak resident memory used = 201 Mbytes. {"history": "ExplorerRun.0", "point": 1, "testname": "watto_4_bit_register_x1_test_1", "cornername": "Nominal"}
[2025-12-01 17:37:19.499 -0300] [INFO] [cadence.virtuoso.ade.simulationMonitor] - Peak resident memory used = 203 Mbytes. {"history": "ExplorerRun.0", "point": 1, "testname": "watto_4_bit_register_x1_test_1", "cornername": "Nominal"}
[2025-12-01 17:37:19.499 -0300] [INFO] [cadence.virtuoso.ade.simulationMonitor] - Notice from spectre during initial setup.
    Multithreading is disabled due to the size of the design being too small. {"history": "ExplorerRun.0", "point": 1, "testname": "watto_4_bit_register_x1_test_1", "cornername": "Nominal"}
[2025-12-01 17:37:19.499 -0300] [INFO] [cadence.virtuoso.ade.simulationMonitor] -               nodes 139 {"history": "ExplorerRun.0", "point": 1, "testname": "watto_4_bit_register_x1_test_1", "cornername": "Nominal"}
[2025-12-01 17:37:19.500 -0300] [INFO] [cadence.virtuoso.ade.simulationMonitor] - Notice from spectre during initial setup.
    Protected devices exist and are not included in the circuit inventory.
    APS enabled. {"history": "ExplorerRun.0", "point": 1, "testname": "watto_4_bit_register_x1_test_1", "cornername": "Nominal"}
[2025-12-01 17:37:19.500 -0300] [INFO] [cadence.virtuoso.ade.simulationMonitor] - Peak resident memory used = 205 Mbytes. {"history": "ExplorerRun.0", "point": 1, "testname": "watto_4_bit_register_x1_test_1", "cornername": "Nominal"}
[2025-12-01 17:37:19.500 -0300] [INFO] [cadence.virtuoso.ade.simulationMonitor] -    -   (APS) Multi-threading. The recommended number of threads is 1, consider adding +mt=1 on command line. {"history": "ExplorerRun.0", "point": 1, "testname": "watto_4_bit_register_x1_test_1", "cornername": "Nominal"}
[2025-12-01 17:37:19.500 -0300] [INFO] [cadence.virtuoso.ade.simulationMonitor] - Notice from spectre during IC analysis, during transient analysis `tran'.
    GminDC = 1 pS is large enough to noticeably affect the DC solution.
        dV(I11.I32.net14) = -24.094 mV
        Use the `gmin_check' option to eliminate or expand this report.
    Bad pivoting is found during DC analysis. Option dc_pivot_check=yes is recommended for possible improvement of convergence. {"history": "ExplorerRun.0", "point": 1, "testname": "watto_4_bit_register_x1_test_1", "cornername": "Nominal"}
[2025-12-01 17:37:19.500 -0300] [INFO] [cadence.virtuoso.ade.simulationMonitor] - Notice from spectre during transient analysis `tran'.
    Multithreading is disabled due to the size of the design being too small. {"history": "ExplorerRun.0", "point": 1, "testname": "watto_4_bit_register_x1_test_1", "cornername": "Nominal"}
[2025-12-01 17:37:19.500 -0300] [INFO] [cadence.virtuoso.ade.simulationMonitor] - Notice from spectre at time = 23.5916 ns during transient analysis `tran'.
    Found trapezoidal ringing on node I11.I10.PM4.n1. {"history": "ExplorerRun.0", "point": 1, "testname": "watto_4_bit_register_x1_test_1", "cornername": "Nominal"}
[2025-12-01 17:37:19.500 -0300] [INFO] [cadence.virtuoso.ade.simulationMonitor] - Notice from spectre at time = 25.05 ns during transient analysis `tran'.
    Found trapezoidal ringing on node I11.I10.PM4.n1. {"history": "ExplorerRun.0", "point": 1, "testname": "watto_4_bit_register_x1_test_1", "cornername": "Nominal"}
[2025-12-01 17:37:19.500 -0300] [INFO] [cadence.virtuoso.ade.simulationMonitor] - Notice from spectre at time = 26.1533 ns during transient analysis `tran'.
    Found trapezoidal ringing on node I11.I8.net2. {"history": "ExplorerRun.0", "point": 1, "testname": "watto_4_bit_register_x1_test_1", "cornername": "Nominal"}
[2025-12-01 17:37:19.500 -0300] [INFO] [cadence.virtuoso.ade.simulationMonitor] - Notice from spectre at time = 27.1951 ns during transient analysis `tran'.
    Found trapezoidal ringing on node I11.I8.net2. {"history": "ExplorerRun.0", "point": 1, "testname": "watto_4_bit_register_x1_test_1", "cornername": "Nominal"}
[2025-12-01 17:37:19.500 -0300] [INFO] [cadence.virtuoso.ade.simulationMonitor] - Notice from spectre at time = 35.05 ns during transient analysis `tran'.
    Found trapezoidal ringing on node I11.I8.PM4.n1.
        Further occurrences of this notice will be suppressed. {"history": "ExplorerRun.0", "point": 1, "testname": "watto_4_bit_register_x1_test_1", "cornername": "Nominal"}
[2025-12-01 17:37:32.578 -0300] [INFO] [cadence.virtuoso.ade.simulationMonitor] - Notice from spectre during transient analysis `tran'.
    Trapezoidal ringing is detected during tran analysis.
        Please use method=trap for better results and performance. {"history": "ExplorerRun.0", "point": 1, "testname": "watto_4_bit_register_x1_test_1", "cornername": "Nominal"}
[2025-12-01 17:37:32.579 -0300] [INFO] [cadence.virtuoso.ade.simulationMonitor] - Intrinsic tran analysis time:    CPU = 11.7888 s, elapsed = 13.0907 s. {"history": "ExplorerRun.0", "point": 1, "testname": "watto_4_bit_register_x1_test_1", "cornername": "Nominal"}
[2025-12-01 17:37:32.579 -0300] [INFO] [cadence.virtuoso.ade.simulationMonitor] - Total time required for tran analysis `tran': CPU = 11.8288 s, elapsed = 13.1312 s, util. = 90.1%. {"history": "ExplorerRun.0", "point": 1, "testname": "watto_4_bit_register_x1_test_1", "cornername": "Nominal"}
[2025-12-01 17:37:32.579 -0300] [INFO] [cadence.virtuoso.ade.simulationMonitor] - Peak resident memory used = 296 Mbytes. {"history": "ExplorerRun.0", "point": 1, "testname": "watto_4_bit_register_x1_test_1", "cornername": "Nominal"}
[2025-12-01 17:37:32.579 -0300] [INFO] [cadence.virtuoso.ade.simulationMonitor] - Notice from spectre.
    620 notices suppressed. {"history": "ExplorerRun.0", "point": 1, "testname": "watto_4_bit_register_x1_test_1", "cornername": "Nominal"}
[2025-12-01 17:37:33.079 -0300] [INFO] [cadence.virtuoso.ade.simulationMonitor] - Time used: CPU = 12.4 s, elapsed = 14.7 s, util. = 84.5%. {"history": "ExplorerRun.0", "point": 1, "testname": "watto_4_bit_register_x1_test_1", "cornername": "Nominal"}
[2025-12-01 17:37:33.079 -0300] [INFO] [cadence.virtuoso.ade.simulationMonitor] - Time spent in licensing: elapsed = 627 ms. {"history": "ExplorerRun.0", "point": 1, "testname": "watto_4_bit_register_x1_test_1", "cornername": "Nominal"}
[2025-12-01 17:37:33.079 -0300] [INFO] [cadence.virtuoso.ade.simulationMonitor] - Peak memory used = 296 Mbytes. {"history": "ExplorerRun.0", "point": 1, "testname": "watto_4_bit_register_x1_test_1", "cornername": "Nominal"}
[2025-12-01 17:37:33.079 -0300] [PROCESS] [cadence.virtuoso.ade.simulationMonitor] - Simulation started at: 5:37:18 PM, Mon Dec 1, 2025, ended at: 5:37:32 PM, Mon Dec 1, 2025, with elapsed time (wall clock): 14.7 s. {"history": "ExplorerRun.0", "point": 1, "testname": "watto_4_bit_register_x1_test_1", "cornername": "Nominal"}
[2025-12-01 17:37:33.079 -0300] [PROCESS] [cadence.virtuoso.ade.simulationMonitor] - spectre completes with 0 errors, 0 warnings, and 14 notices. {"history": "ExplorerRun.0", "point": 1, "testname": "watto_4_bit_register_x1_test_1", "cornername": "Nominal"}
[2025-12-01 17:37:33.080 -0300] [PROCESS] [cadence.virtuoso.ade.simulationMonitor] - Finished simulating for one point {"hostname": "ecomp", "processid": 1217914, "history": "ExplorerRun.0", "testname": "watto_4_bit_register_x1_test_1", "cornername": "Nominal", "point": 1, "logfile": "/home/ufsm00051/wagner.chitto/wagner.chitto/logs_wagner.chitto/logs0/Job2.log", "simid": "1", "event": "finish", "category": "simulation"}
[2025-12-01 17:37:33.080 -0300] [PROCESS] [cadence.virtuoso.ade.simulationMonitor] - Simulator exited {"hostname": "ecomp", "processid": 1217914, "history": "ExplorerRun.0", "testname": "watto_4_bit_register_x1_test_1", "cornername": "Nominal", "point": 1, "logfile": "/home/ufsm00051/wagner.chitto/wagner.chitto/logs_wagner.chitto/logs0/Job2.log", "exitStatus": "0"}
[2025-12-01 17:37:33.080 -0300] [PROCESS] [cadence.virtuoso.ade.simulationMonitor] - Finished Simulation {"hostname": "ecomp", "processid": 1217914, "history": "ExplorerRun.0", "testname": "watto_4_bit_register_x1_test_1", "cornername": "Nominal", "point": 1, "logfile": "/home/ufsm00051/wagner.chitto/wagner.chitto/logs_wagner.chitto/logs0/Job2.log", "simid": "1", "event": "finish", "category": "obsolete"}
[2025-12-01 17:37:34.104 -0300] [PROCESS] [cadence.virtuoso.ade.simulationMonitor] - Point Finished {"hostname": "ecomp", "processid": 1217914, "history": "ExplorerRun.0", "testname": "watto_4_bit_register_x1_test_1", "cornername": "Nominal", "point": 1, "logfile": "/home/ufsm00051/wagner.chitto/wagner.chitto/logs_wagner.chitto/logs0/Job2.log", "event": "finish", "category": "sim-eval"}
[2025-12-01 17:39:26.162 -0300] [INFO] [cadence.virtuoso.ade.simulationMonitor] - SimulationMonitor has terminated the vds process '1217978', reason: 'Force to stop the expression evalutor process because of new run' {"history": "ExplorerRun.0", "point": 1, "testname": "watto_4_bit_register_x1_test_1", "cornername": "Nominal"}
[2025-12-01 17:39:26.162 -0300] [PROCESS] [cadence.virtuoso.ade.simulationMonitor] - HostInfo:
Host name (type):	ecomp (x86_64)
Operating system:	Linux 4.18.0-553.74.1.el8_10.x86_64 #1 SMP Sun Sep 14 12:57:27 UTC 2025 {"hostname": "ecomp", "processid": 1217914, "history": "ExplorerRun.0", "testname": "watto_4_bit_register_x1_test_1", "cornername": "Nominal", "point": 1, "logfile": "/home/ufsm00051/wagner.chitto/wagner.chitto/logs_wagner.chitto/logs0/Job2.log", "nodename": "ecomp", "domainname": "(none)", "machine": "x86_64", "sysname": "Linux", "release": "4.18.0-553.74.1.el8_10.x86_64", "version": "#1 SMP Sun Sep 14 12:57:27 UTC 2025"}
[2025-12-01 17:39:26.163 -0300] [PROCESS] [cadence.virtuoso.ade.simulationMonitor] - UsageInfo:
pid=1217914
totalPhysicalMemory=31.020390GB,Used=22.371342GB,totalVirtualMemory=34.481323GB,Used=22.371342GB
Cpu: Cores=4, Load average:3.300000,2.570000,2.580000 {"hostname": "ecomp", "processid": 1217914, "history": "ExplorerRun.0", "testname": "watto_4_bit_register_x1_test_1", "cornername": "Nominal", "point": 1, "logfile": "/home/ufsm00051/wagner.chitto/wagner.chitto/logs_wagner.chitto/logs0/Job2.log", "pid": "1217914", "totalPhysicalMemory": "31.020390", "physicalMemoryUsed": "22.371342", "totalVirtualMemory": "34.481323", "virtualMemoryUsed": "22.371342", "cpuCores": "4", "processes": "2781", "loadAverage1": "3.300000", "loadAverage5": "2.570000", "loadAverage15": "2.580000", "loadAverage1Percent": "0.825000"}
[2025-12-01 17:39:26.163 -0300] [EVENT] [cadence.virtuoso.ade.simulationMonitor] - NewPoint {"history": "ExplorerRun.0", "point": 1, "testname": "watto_4_bit_register_x1_test_1", "cornername": "Nominal", "event": "NewPoint", "EventSource": "Simulation Monitor", "HistoryName": "ExplorerRun.0", "logFile": "/home/ufsm00051/wagner.chitto/wagner.chitto/logs_wagner.chitto/logs0/Job2.log", "logFileSize": "15192", "category": "simulation"}
[2025-12-01 17:39:26.264 -0300] [EVENT] [cadence.virtuoso.ade.simulationMonitor] - NewPoint {"history": "ExplorerRun.0", "point": 1, "testname": "watto_4_bit_register_x1_test_1", "cornername": "Nominal", "event": "NewPoint", "EventSource": "spectre", "HistoryName": "ExplorerRun.0", "logFile": "/home/ufsm00051/wagner.chitto/simulation/watto/4_bit_register_x1_test/maestro/results/maestro/ExplorerRun.0/1/watto_4_bit_register_x1_test_1/psf/spectre.out", "logFileSize": "-1", "category": "simulation"}
[2025-12-01 17:39:26.381 -0300] [PROCESS] [cadence.virtuoso.ade.simulationMonitor] - Simulator launched {"hostname": "ecomp", "processid": 1217914, "history": "ExplorerRun.0", "testname": "watto_4_bit_register_x1_test_1", "cornername": "Nominal", "point": 1, "logfile": "/home/ufsm00051/wagner.chitto/wagner.chitto/logs_wagner.chitto/logs0/Job2.log", "simid": "2", "event": "launch", "category": "simulation"}
[2025-12-01 17:39:26.382 -0300] [PROCESS] [cadence.virtuoso.ade.simulationMonitor] - Expression evaluator launched {"hostname": "ecomp", "processid": 1217914, "history": "ExplorerRun.0", "testname": "watto_4_bit_register_x1_test_1", "cornername": "Nominal", "point": 1, "logfile": "/home/ufsm00051/wagner.chitto/wagner.chitto/logs_wagner.chitto/logs0/Job2.log"}
[2025-12-01 17:39:26.530 -0300] [PROCESS] [cadence.virtuoso.ade.simulationMonitor] - Started Simulation {"hostname": "ecomp", "processid": 1217914, "history": "ExplorerRun.0", "testname": "watto_4_bit_register_x1_test_1", "cornername": "Nominal", "point": 1, "logfile": "/home/ufsm00051/wagner.chitto/wagner.chitto/logs_wagner.chitto/logs0/Job2.log", "event": "start", "category": "simulation"}
[2025-12-01 17:39:27.530 -0300] [INFO] [cadence.virtuoso.ade.simulationMonitor] - Peak resident memory used = 187 Mbytes. {"history": "ExplorerRun.0", "point": 1, "testname": "watto_4_bit_register_x1_test_1", "cornername": "Nominal"}
[2025-12-01 17:39:27.530 -0300] [INFO] [cadence.virtuoso.ade.simulationMonitor] - Peak resident memory used = 201 Mbytes. {"history": "ExplorerRun.0", "point": 1, "testname": "watto_4_bit_register_x1_test_1", "cornername": "Nominal"}
[2025-12-01 17:39:27.530 -0300] [INFO] [cadence.virtuoso.ade.simulationMonitor] - Peak resident memory used = 203 Mbytes. {"history": "ExplorerRun.0", "point": 1, "testname": "watto_4_bit_register_x1_test_1", "cornername": "Nominal"}
[2025-12-01 17:39:27.530 -0300] [INFO] [cadence.virtuoso.ade.simulationMonitor] - Notice from spectre during initial setup.
    Multithreading is disabled due to the size of the design being too small. {"history": "ExplorerRun.0", "point": 1, "testname": "watto_4_bit_register_x1_test_1", "cornername": "Nominal"}
[2025-12-01 17:39:27.531 -0300] [INFO] [cadence.virtuoso.ade.simulationMonitor] -               nodes 139 {"history": "ExplorerRun.0", "point": 1, "testname": "watto_4_bit_register_x1_test_1", "cornername": "Nominal"}
[2025-12-01 17:39:27.531 -0300] [INFO] [cadence.virtuoso.ade.simulationMonitor] - Notice from spectre during initial setup.
    Protected devices exist and are not included in the circuit inventory.
    APS enabled. {"history": "ExplorerRun.0", "point": 1, "testname": "watto_4_bit_register_x1_test_1", "cornername": "Nominal"}
[2025-12-01 17:39:27.531 -0300] [INFO] [cadence.virtuoso.ade.simulationMonitor] - Peak resident memory used = 206 Mbytes. {"history": "ExplorerRun.0", "point": 1, "testname": "watto_4_bit_register_x1_test_1", "cornername": "Nominal"}
[2025-12-01 17:39:27.531 -0300] [INFO] [cadence.virtuoso.ade.simulationMonitor] -    -   (APS) Multi-threading. The recommended number of threads is 1, consider adding +mt=1 on command line. {"history": "ExplorerRun.0", "point": 1, "testname": "watto_4_bit_register_x1_test_1", "cornername": "Nominal"}
[2025-12-01 17:39:27.531 -0300] [INFO] [cadence.virtuoso.ade.simulationMonitor] - Notice from spectre during IC analysis, during transient analysis `tran'.
    GminDC = 1 pS is large enough to noticeably affect the DC solution.
        dV(I11.I32.net14) = -24.094 mV
        Use the `gmin_check' option to eliminate or expand this report.
    Bad pivoting is found during DC analysis. Option dc_pivot_check=yes is recommended for possible improvement of convergence. {"history": "ExplorerRun.0", "point": 1, "testname": "watto_4_bit_register_x1_test_1", "cornername": "Nominal"}
[2025-12-01 17:39:27.531 -0300] [INFO] [cadence.virtuoso.ade.simulationMonitor] - Notice from spectre during transient analysis `tran'.
    Multithreading is disabled due to the size of the design being too small. {"history": "ExplorerRun.0", "point": 1, "testname": "watto_4_bit_register_x1_test_1", "cornername": "Nominal"}
[2025-12-01 17:39:28.034 -0300] [INFO] [cadence.virtuoso.ade.simulationMonitor] - Notice from spectre at time = 23.5916 ns during transient analysis `tran'.
    Found trapezoidal ringing on node I11.I10.PM4.n1. {"history": "ExplorerRun.0", "point": 1, "testname": "watto_4_bit_register_x1_test_1", "cornername": "Nominal"}
[2025-12-01 17:39:28.034 -0300] [INFO] [cadence.virtuoso.ade.simulationMonitor] - Notice from spectre at time = 25.05 ns during transient analysis `tran'.
    Found trapezoidal ringing on node I11.I10.PM4.n1. {"history": "ExplorerRun.0", "point": 1, "testname": "watto_4_bit_register_x1_test_1", "cornername": "Nominal"}
[2025-12-01 17:39:28.034 -0300] [INFO] [cadence.virtuoso.ade.simulationMonitor] - Notice from spectre at time = 26.1533 ns during transient analysis `tran'.
    Found trapezoidal ringing on node I11.I8.net2. {"history": "ExplorerRun.0", "point": 1, "testname": "watto_4_bit_register_x1_test_1", "cornername": "Nominal"}
[2025-12-01 17:39:28.034 -0300] [INFO] [cadence.virtuoso.ade.simulationMonitor] - Notice from spectre at time = 27.1951 ns during transient analysis `tran'.
    Found trapezoidal ringing on node I11.I8.net2. {"history": "ExplorerRun.0", "point": 1, "testname": "watto_4_bit_register_x1_test_1", "cornername": "Nominal"}
[2025-12-01 17:39:28.034 -0300] [INFO] [cadence.virtuoso.ade.simulationMonitor] - Notice from spectre at time = 35.05 ns during transient analysis `tran'.
    Found trapezoidal ringing on node I11.I8.PM4.n1.
        Further occurrences of this notice will be suppressed. {"history": "ExplorerRun.0", "point": 1, "testname": "watto_4_bit_register_x1_test_1", "cornername": "Nominal"}
[2025-12-01 17:39:39.611 -0300] [INFO] [cadence.virtuoso.ade.simulationMonitor] - Notice from spectre during transient analysis `tran'.
    Trapezoidal ringing is detected during tran analysis.
        Please use method=trap for better results and performance. {"history": "ExplorerRun.0", "point": 1, "testname": "watto_4_bit_register_x1_test_1", "cornername": "Nominal"}
[2025-12-01 17:39:39.611 -0300] [INFO] [cadence.virtuoso.ade.simulationMonitor] - Intrinsic tran analysis time:    CPU = 11.482 s, elapsed = 12.1829 s. {"history": "ExplorerRun.0", "point": 1, "testname": "watto_4_bit_register_x1_test_1", "cornername": "Nominal"}
[2025-12-01 17:39:40.111 -0300] [INFO] [cadence.virtuoso.ade.simulationMonitor] - Total time required for tran analysis `tran': CPU = 11.522 s, elapsed = 12.2261 s, util. = 94.2%. {"history": "ExplorerRun.0", "point": 1, "testname": "watto_4_bit_register_x1_test_1", "cornername": "Nominal"}
[2025-12-01 17:39:40.111 -0300] [INFO] [cadence.virtuoso.ade.simulationMonitor] - Peak resident memory used = 297 Mbytes. {"history": "ExplorerRun.0", "point": 1, "testname": "watto_4_bit_register_x1_test_1", "cornername": "Nominal"}
[2025-12-01 17:39:40.111 -0300] [INFO] [cadence.virtuoso.ade.simulationMonitor] - Notice from spectre.
    620 notices suppressed. {"history": "ExplorerRun.0", "point": 1, "testname": "watto_4_bit_register_x1_test_1", "cornername": "Nominal"}
[2025-12-01 17:39:40.612 -0300] [INFO] [cadence.virtuoso.ade.simulationMonitor] - Time used: CPU = 12.1 s, elapsed = 13.7 s, util. = 88.8%. {"history": "ExplorerRun.0", "point": 1, "testname": "watto_4_bit_register_x1_test_1", "cornername": "Nominal"}
[2025-12-01 17:39:40.612 -0300] [INFO] [cadence.virtuoso.ade.simulationMonitor] - Time spent in licensing: elapsed = 57.9 ms. {"history": "ExplorerRun.0", "point": 1, "testname": "watto_4_bit_register_x1_test_1", "cornername": "Nominal"}
[2025-12-01 17:39:40.612 -0300] [INFO] [cadence.virtuoso.ade.simulationMonitor] - Peak memory used = 298 Mbytes. {"history": "ExplorerRun.0", "point": 1, "testname": "watto_4_bit_register_x1_test_1", "cornername": "Nominal"}
[2025-12-01 17:39:40.612 -0300] [PROCESS] [cadence.virtuoso.ade.simulationMonitor] - Simulation started at: 5:39:26 PM, Mon Dec 1, 2025, ended at: 5:39:40 PM, Mon Dec 1, 2025, with elapsed time (wall clock): 13.7 s. {"history": "ExplorerRun.0", "point": 1, "testname": "watto_4_bit_register_x1_test_1", "cornername": "Nominal"}
[2025-12-01 17:39:40.612 -0300] [PROCESS] [cadence.virtuoso.ade.simulationMonitor] - spectre completes with 0 errors, 0 warnings, and 14 notices. {"history": "ExplorerRun.0", "point": 1, "testname": "watto_4_bit_register_x1_test_1", "cornername": "Nominal"}
[2025-12-01 17:39:40.612 -0300] [PROCESS] [cadence.virtuoso.ade.simulationMonitor] - Finished simulating for one point {"hostname": "ecomp", "processid": 1217914, "history": "ExplorerRun.0", "testname": "watto_4_bit_register_x1_test_1", "cornername": "Nominal", "point": 1, "logfile": "/home/ufsm00051/wagner.chitto/wagner.chitto/logs_wagner.chitto/logs0/Job2.log", "simid": "2", "event": "finish", "category": "simulation"}
[2025-12-01 17:39:40.612 -0300] [PROCESS] [cadence.virtuoso.ade.simulationMonitor] - Simulator exited {"hostname": "ecomp", "processid": 1217914, "history": "ExplorerRun.0", "testname": "watto_4_bit_register_x1_test_1", "cornername": "Nominal", "point": 1, "logfile": "/home/ufsm00051/wagner.chitto/wagner.chitto/logs_wagner.chitto/logs0/Job2.log", "exitStatus": "0"}
[2025-12-01 17:39:40.612 -0300] [PROCESS] [cadence.virtuoso.ade.simulationMonitor] - Finished Simulation {"hostname": "ecomp", "processid": 1217914, "history": "ExplorerRun.0", "testname": "watto_4_bit_register_x1_test_1", "cornername": "Nominal", "point": 1, "logfile": "/home/ufsm00051/wagner.chitto/wagner.chitto/logs_wagner.chitto/logs0/Job2.log", "simid": "2", "event": "finish", "category": "obsolete"}
[2025-12-01 17:39:41.614 -0300] [PROCESS] [cadence.virtuoso.ade.simulationMonitor] - Point Finished {"hostname": "ecomp", "processid": 1217914, "history": "ExplorerRun.0", "testname": "watto_4_bit_register_x1_test_1", "cornername": "Nominal", "point": 1, "logfile": "/home/ufsm00051/wagner.chitto/wagner.chitto/logs_wagner.chitto/logs0/Job2.log", "event": "finish", "category": "sim-eval"}
[2025-12-01 17:40:33.781 -0300] [INFO] [cadence.virtuoso.ade.simulationMonitor] - SimulationMonitor has terminated the vds process '1220454', reason: 'Force to stop the expression evalutor process because of new run' {"history": "ExplorerRun.0", "point": 1, "testname": "watto_4_bit_register_x1_test_1", "cornername": "Nominal"}
[2025-12-01 17:40:33.781 -0300] [PROCESS] [cadence.virtuoso.ade.simulationMonitor] - HostInfo:
Host name (type):	ecomp (x86_64)
Operating system:	Linux 4.18.0-553.74.1.el8_10.x86_64 #1 SMP Sun Sep 14 12:57:27 UTC 2025 {"hostname": "ecomp", "processid": 1217914, "history": "ExplorerRun.0", "testname": "watto_4_bit_register_x1_test_1", "cornername": "Nominal", "point": 1, "logfile": "/home/ufsm00051/wagner.chitto/wagner.chitto/logs_wagner.chitto/logs0/Job2.log", "nodename": "ecomp", "domainname": "(none)", "machine": "x86_64", "sysname": "Linux", "release": "4.18.0-553.74.1.el8_10.x86_64", "version": "#1 SMP Sun Sep 14 12:57:27 UTC 2025"}
[2025-12-01 17:40:33.781 -0300] [PROCESS] [cadence.virtuoso.ade.simulationMonitor] - UsageInfo:
pid=1217914
totalPhysicalMemory=31.020390GB,Used=22.267109GB,totalVirtualMemory=34.481323GB,Used=22.267109GB
Cpu: Cores=4, Load average:3.200000,2.740000,2.640000 {"hostname": "ecomp", "processid": 1217914, "history": "ExplorerRun.0", "testname": "watto_4_bit_register_x1_test_1", "cornername": "Nominal", "point": 1, "logfile": "/home/ufsm00051/wagner.chitto/wagner.chitto/logs_wagner.chitto/logs0/Job2.log", "pid": "1217914", "totalPhysicalMemory": "31.020390", "physicalMemoryUsed": "22.267109", "totalVirtualMemory": "34.481323", "virtualMemoryUsed": "22.267109", "cpuCores": "4", "processes": "2795", "loadAverage1": "3.200000", "loadAverage5": "2.740000", "loadAverage15": "2.640000", "loadAverage1Percent": "0.800000"}
[2025-12-01 17:40:33.781 -0300] [EVENT] [cadence.virtuoso.ade.simulationMonitor] - NewPoint {"history": "ExplorerRun.0", "point": 1, "testname": "watto_4_bit_register_x1_test_1", "cornername": "Nominal", "event": "NewPoint", "EventSource": "Simulation Monitor", "HistoryName": "ExplorerRun.0", "logFile": "/home/ufsm00051/wagner.chitto/wagner.chitto/logs_wagner.chitto/logs0/Job2.log", "logFileSize": "29858", "category": "simulation"}
[2025-12-01 17:40:33.882 -0300] [EVENT] [cadence.virtuoso.ade.simulationMonitor] - NewPoint {"history": "ExplorerRun.0", "point": 1, "testname": "watto_4_bit_register_x1_test_1", "cornername": "Nominal", "event": "NewPoint", "EventSource": "spectre", "HistoryName": "ExplorerRun.0", "logFile": "/home/ufsm00051/wagner.chitto/simulation/watto/4_bit_register_x1_test/maestro/results/maestro/ExplorerRun.0/1/watto_4_bit_register_x1_test_1/psf/spectre.out", "logFileSize": "-1", "category": "simulation"}
[2025-12-01 17:40:33.991 -0300] [PROCESS] [cadence.virtuoso.ade.simulationMonitor] - Simulator launched {"hostname": "ecomp", "processid": 1217914, "history": "ExplorerRun.0", "testname": "watto_4_bit_register_x1_test_1", "cornername": "Nominal", "point": 1, "logfile": "/home/ufsm00051/wagner.chitto/wagner.chitto/logs_wagner.chitto/logs0/Job2.log", "simid": "3", "event": "launch", "category": "simulation"}
[2025-12-01 17:40:33.993 -0300] [PROCESS] [cadence.virtuoso.ade.simulationMonitor] - Expression evaluator launched {"hostname": "ecomp", "processid": 1217914, "history": "ExplorerRun.0", "testname": "watto_4_bit_register_x1_test_1", "cornername": "Nominal", "point": 1, "logfile": "/home/ufsm00051/wagner.chitto/wagner.chitto/logs_wagner.chitto/logs0/Job2.log"}
[2025-12-01 17:40:34.132 -0300] [PROCESS] [cadence.virtuoso.ade.simulationMonitor] - Started Simulation {"hostname": "ecomp", "processid": 1217914, "history": "ExplorerRun.0", "testname": "watto_4_bit_register_x1_test_1", "cornername": "Nominal", "point": 1, "logfile": "/home/ufsm00051/wagner.chitto/wagner.chitto/logs_wagner.chitto/logs0/Job2.log", "event": "start", "category": "simulation"}
[2025-12-01 17:40:35.132 -0300] [INFO] [cadence.virtuoso.ade.simulationMonitor] - Peak resident memory used = 190 Mbytes. {"history": "ExplorerRun.0", "point": 1, "testname": "watto_4_bit_register_x1_test_1", "cornername": "Nominal"}
[2025-12-01 17:40:35.132 -0300] [INFO] [cadence.virtuoso.ade.simulationMonitor] - Peak resident memory used = 204 Mbytes. {"history": "ExplorerRun.0", "point": 1, "testname": "watto_4_bit_register_x1_test_1", "cornername": "Nominal"}
[2025-12-01 17:40:35.132 -0300] [INFO] [cadence.virtuoso.ade.simulationMonitor] - Peak resident memory used = 206 Mbytes. {"history": "ExplorerRun.0", "point": 1, "testname": "watto_4_bit_register_x1_test_1", "cornername": "Nominal"}
[2025-12-01 17:40:35.132 -0300] [INFO] [cadence.virtuoso.ade.simulationMonitor] - Notice from spectre during initial setup.
    Multithreading is disabled due to the size of the design being too small. {"history": "ExplorerRun.0", "point": 1, "testname": "watto_4_bit_register_x1_test_1", "cornername": "Nominal"}
[2025-12-01 17:40:35.132 -0300] [INFO] [cadence.virtuoso.ade.simulationMonitor] -               nodes 139 {"history": "ExplorerRun.0", "point": 1, "testname": "watto_4_bit_register_x1_test_1", "cornername": "Nominal"}
[2025-12-01 17:40:35.133 -0300] [INFO] [cadence.virtuoso.ade.simulationMonitor] - Notice from spectre during initial setup.
    Protected devices exist and are not included in the circuit inventory.
    APS enabled. {"history": "ExplorerRun.0", "point": 1, "testname": "watto_4_bit_register_x1_test_1", "cornername": "Nominal"}
[2025-12-01 17:40:35.133 -0300] [INFO] [cadence.virtuoso.ade.simulationMonitor] - Peak resident memory used = 208 Mbytes. {"history": "ExplorerRun.0", "point": 1, "testname": "watto_4_bit_register_x1_test_1", "cornername": "Nominal"}
[2025-12-01 17:40:35.133 -0300] [INFO] [cadence.virtuoso.ade.simulationMonitor] -    -   (APS) Multi-threading. The recommended number of threads is 1, consider adding +mt=1 on command line. {"history": "ExplorerRun.0", "point": 1, "testname": "watto_4_bit_register_x1_test_1", "cornername": "Nominal"}
[2025-12-01 17:40:35.634 -0300] [INFO] [cadence.virtuoso.ade.simulationMonitor] - Notice from spectre during IC analysis, during transient analysis `tran'.
    GminDC = 1 pS is large enough to noticeably affect the DC solution.
        dV(I11.I32.net14) = -24.094 mV
        Use the `gmin_check' option to eliminate or expand this report.
    Bad pivoting is found during DC analysis. Option dc_pivot_check=yes is recommended for possible improvement of convergence. {"history": "ExplorerRun.0", "point": 1, "testname": "watto_4_bit_register_x1_test_1", "cornername": "Nominal"}
[2025-12-01 17:40:35.634 -0300] [INFO] [cadence.virtuoso.ade.simulationMonitor] - Notice from spectre during transient analysis `tran'.
    Multithreading is disabled due to the size of the design being too small. {"history": "ExplorerRun.0", "point": 1, "testname": "watto_4_bit_register_x1_test_1", "cornername": "Nominal"}
[2025-12-01 17:40:35.634 -0300] [INFO] [cadence.virtuoso.ade.simulationMonitor] - Notice from spectre at time = 23.5916 ns during transient analysis `tran'.
    Found trapezoidal ringing on node I11.I10.PM4.n1. {"history": "ExplorerRun.0", "point": 1, "testname": "watto_4_bit_register_x1_test_1", "cornername": "Nominal"}
[2025-12-01 17:40:35.634 -0300] [INFO] [cadence.virtuoso.ade.simulationMonitor] - Notice from spectre at time = 25.05 ns during transient analysis `tran'.
    Found trapezoidal ringing on node I11.I10.PM4.n1. {"history": "ExplorerRun.0", "point": 1, "testname": "watto_4_bit_register_x1_test_1", "cornername": "Nominal"}
[2025-12-01 17:40:35.634 -0300] [INFO] [cadence.virtuoso.ade.simulationMonitor] - Notice from spectre at time = 26.1533 ns during transient analysis `tran'.
    Found trapezoidal ringing on node I11.I8.net2. {"history": "ExplorerRun.0", "point": 1, "testname": "watto_4_bit_register_x1_test_1", "cornername": "Nominal"}
[2025-12-01 17:40:35.634 -0300] [INFO] [cadence.virtuoso.ade.simulationMonitor] - Notice from spectre at time = 27.1951 ns during transient analysis `tran'.
    Found trapezoidal ringing on node I11.I8.net2. {"history": "ExplorerRun.0", "point": 1, "testname": "watto_4_bit_register_x1_test_1", "cornername": "Nominal"}
[2025-12-01 17:40:35.634 -0300] [INFO] [cadence.virtuoso.ade.simulationMonitor] - Notice from spectre at time = 35.05 ns during transient analysis `tran'.
    Found trapezoidal ringing on node I11.I8.PM4.n1.
        Further occurrences of this notice will be suppressed. {"history": "ExplorerRun.0", "point": 1, "testname": "watto_4_bit_register_x1_test_1", "cornername": "Nominal"}
[2025-12-01 17:40:48.680 -0300] [INFO] [cadence.virtuoso.ade.simulationMonitor] - Notice from spectre during transient analysis `tran'.
    Trapezoidal ringing is detected during tran analysis.
        Please use method=trap for better results and performance. {"history": "ExplorerRun.0", "point": 1, "testname": "watto_4_bit_register_x1_test_1", "cornername": "Nominal"}
[2025-12-01 17:40:48.681 -0300] [INFO] [cadence.virtuoso.ade.simulationMonitor] - Intrinsic tran analysis time:    CPU = 12.1033 s, elapsed = 13.0782 s. {"history": "ExplorerRun.0", "point": 1, "testname": "watto_4_bit_register_x1_test_1", "cornername": "Nominal"}
[2025-12-01 17:40:48.681 -0300] [INFO] [cadence.virtuoso.ade.simulationMonitor] - Total time required for tran analysis `tran': CPU = 12.1466 s, elapsed = 13.1239 s, util. = 92.6%. {"history": "ExplorerRun.0", "point": 1, "testname": "watto_4_bit_register_x1_test_1", "cornername": "Nominal"}
[2025-12-01 17:40:48.681 -0300] [INFO] [cadence.virtuoso.ade.simulationMonitor] - Peak resident memory used = 299 Mbytes. {"history": "ExplorerRun.0", "point": 1, "testname": "watto_4_bit_register_x1_test_1", "cornername": "Nominal"}
[2025-12-01 17:40:48.681 -0300] [INFO] [cadence.virtuoso.ade.simulationMonitor] - Notice from spectre.
    723 notices suppressed. {"history": "ExplorerRun.0", "point": 1, "testname": "watto_4_bit_register_x1_test_1", "cornername": "Nominal"}
[2025-12-01 17:40:48.681 -0300] [INFO] [cadence.virtuoso.ade.simulationMonitor] - Time used: CPU = 12.8 s, elapsed = 14.4 s, util. = 88.9%. {"history": "ExplorerRun.0", "point": 1, "testname": "watto_4_bit_register_x1_test_1", "cornername": "Nominal"}
[2025-12-01 17:40:48.681 -0300] [INFO] [cadence.virtuoso.ade.simulationMonitor] - Time spent in licensing: elapsed = 259 ms. {"history": "ExplorerRun.0", "point": 1, "testname": "watto_4_bit_register_x1_test_1", "cornername": "Nominal"}
[2025-12-01 17:40:48.681 -0300] [INFO] [cadence.virtuoso.ade.simulationMonitor] - Peak memory used = 300 Mbytes. {"history": "ExplorerRun.0", "point": 1, "testname": "watto_4_bit_register_x1_test_1", "cornername": "Nominal"}
[2025-12-01 17:40:48.681 -0300] [PROCESS] [cadence.virtuoso.ade.simulationMonitor] - Simulation started at: 5:40:34 PM, Mon Dec 1, 2025, ended at: 5:40:48 PM, Mon Dec 1, 2025, with elapsed time (wall clock): 14.4 s. {"history": "ExplorerRun.0", "point": 1, "testname": "watto_4_bit_register_x1_test_1", "cornername": "Nominal"}
[2025-12-01 17:40:48.681 -0300] [PROCESS] [cadence.virtuoso.ade.simulationMonitor] - spectre completes with 0 errors, 0 warnings, and 14 notices. {"history": "ExplorerRun.0", "point": 1, "testname": "watto_4_bit_register_x1_test_1", "cornername": "Nominal"}
[2025-12-01 17:40:49.181 -0300] [PROCESS] [cadence.virtuoso.ade.simulationMonitor] - Finished simulating for one point {"hostname": "ecomp", "processid": 1217914, "history": "ExplorerRun.0", "testname": "watto_4_bit_register_x1_test_1", "cornername": "Nominal", "point": 1, "logfile": "/home/ufsm00051/wagner.chitto/wagner.chitto/logs_wagner.chitto/logs0/Job2.log", "simid": "3", "event": "finish", "category": "simulation"}
[2025-12-01 17:40:49.181 -0300] [PROCESS] [cadence.virtuoso.ade.simulationMonitor] - Simulator exited {"hostname": "ecomp", "processid": 1217914, "history": "ExplorerRun.0", "testname": "watto_4_bit_register_x1_test_1", "cornername": "Nominal", "point": 1, "logfile": "/home/ufsm00051/wagner.chitto/wagner.chitto/logs_wagner.chitto/logs0/Job2.log", "exitStatus": "0"}
[2025-12-01 17:40:49.181 -0300] [PROCESS] [cadence.virtuoso.ade.simulationMonitor] - Finished Simulation {"hostname": "ecomp", "processid": 1217914, "history": "ExplorerRun.0", "testname": "watto_4_bit_register_x1_test_1", "cornername": "Nominal", "point": 1, "logfile": "/home/ufsm00051/wagner.chitto/wagner.chitto/logs_wagner.chitto/logs0/Job2.log", "simid": "3", "event": "finish", "category": "obsolete"}
[2025-12-01 17:40:50.186 -0300] [PROCESS] [cadence.virtuoso.ade.simulationMonitor] - Point Finished {"hostname": "ecomp", "processid": 1217914, "history": "ExplorerRun.0", "testname": "watto_4_bit_register_x1_test_1", "cornername": "Nominal", "point": 1, "logfile": "/home/ufsm00051/wagner.chitto/wagner.chitto/logs_wagner.chitto/logs0/Job2.log", "event": "finish", "category": "sim-eval"}
[2025-12-01 17:42:04.133 -0300] [INFO] [cadence.virtuoso.ade.simulationMonitor] - SimulationMonitor has terminated the vds process '1221707', reason: 'Force to stop the expression evalutor process because of new run' {"history": "ExplorerRun.0", "point": 1, "testname": "watto_4_bit_register_x1_test_1", "cornername": "Nominal"}
[2025-12-01 17:42:04.133 -0300] [PROCESS] [cadence.virtuoso.ade.simulationMonitor] - HostInfo:
Host name (type):	ecomp (x86_64)
Operating system:	Linux 4.18.0-553.74.1.el8_10.x86_64 #1 SMP Sun Sep 14 12:57:27 UTC 2025 {"hostname": "ecomp", "processid": 1217914, "history": "ExplorerRun.0", "testname": "watto_4_bit_register_x1_test_1", "cornername": "Nominal", "point": 1, "logfile": "/home/ufsm00051/wagner.chitto/wagner.chitto/logs_wagner.chitto/logs0/Job2.log", "nodename": "ecomp", "domainname": "(none)", "machine": "x86_64", "sysname": "Linux", "release": "4.18.0-553.74.1.el8_10.x86_64", "version": "#1 SMP Sun Sep 14 12:57:27 UTC 2025"}
[2025-12-01 17:42:04.133 -0300] [PROCESS] [cadence.virtuoso.ade.simulationMonitor] - UsageInfo:
pid=1217914
totalPhysicalMemory=31.020390GB,Used=21.838280GB,totalVirtualMemory=34.481323GB,Used=21.838280GB
Cpu: Cores=4, Load average:2.390000,2.710000,2.650000 {"hostname": "ecomp", "processid": 1217914, "history": "ExplorerRun.0", "testname": "watto_4_bit_register_x1_test_1", "cornername": "Nominal", "point": 1, "logfile": "/home/ufsm00051/wagner.chitto/wagner.chitto/logs_wagner.chitto/logs0/Job2.log", "pid": "1217914", "totalPhysicalMemory": "31.020390", "physicalMemoryUsed": "21.838280", "totalVirtualMemory": "34.481323", "virtualMemoryUsed": "21.838280", "cpuCores": "4", "processes": "2780", "loadAverage1": "2.390000", "loadAverage5": "2.710000", "loadAverage15": "2.650000", "loadAverage1Percent": "0.597500"}
[2025-12-01 17:42:04.134 -0300] [EVENT] [cadence.virtuoso.ade.simulationMonitor] - NewPoint {"history": "ExplorerRun.0", "point": 1, "testname": "watto_4_bit_register_x1_test_1", "cornername": "Nominal", "event": "NewPoint", "EventSource": "Simulation Monitor", "HistoryName": "ExplorerRun.0", "logFile": "/home/ufsm00051/wagner.chitto/wagner.chitto/logs_wagner.chitto/logs0/Job2.log", "logFileSize": "42729", "category": "simulation"}
[2025-12-01 17:42:04.234 -0300] [EVENT] [cadence.virtuoso.ade.simulationMonitor] - NewPoint {"history": "ExplorerRun.0", "point": 1, "testname": "watto_4_bit_register_x1_test_1", "cornername": "Nominal", "event": "NewPoint", "EventSource": "spectre", "HistoryName": "ExplorerRun.0", "logFile": "/home/ufsm00051/wagner.chitto/simulation/watto/4_bit_register_x1_test/maestro/results/maestro/ExplorerRun.0/1/watto_4_bit_register_x1_test_1/psf/spectre.out", "logFileSize": "-1", "category": "simulation"}
[2025-12-01 17:42:04.333 -0300] [PROCESS] [cadence.virtuoso.ade.simulationMonitor] - Simulator launched {"hostname": "ecomp", "processid": 1217914, "history": "ExplorerRun.0", "testname": "watto_4_bit_register_x1_test_1", "cornername": "Nominal", "point": 1, "logfile": "/home/ufsm00051/wagner.chitto/wagner.chitto/logs_wagner.chitto/logs0/Job2.log", "simid": "4", "event": "launch", "category": "simulation"}
[2025-12-01 17:42:04.335 -0300] [PROCESS] [cadence.virtuoso.ade.simulationMonitor] - Expression evaluator launched {"hostname": "ecomp", "processid": 1217914, "history": "ExplorerRun.0", "testname": "watto_4_bit_register_x1_test_1", "cornername": "Nominal", "point": 1, "logfile": "/home/ufsm00051/wagner.chitto/wagner.chitto/logs_wagner.chitto/logs0/Job2.log"}
[2025-12-01 17:42:04.460 -0300] [PROCESS] [cadence.virtuoso.ade.simulationMonitor] - Started Simulation {"hostname": "ecomp", "processid": 1217914, "history": "ExplorerRun.0", "testname": "watto_4_bit_register_x1_test_1", "cornername": "Nominal", "point": 1, "logfile": "/home/ufsm00051/wagner.chitto/wagner.chitto/logs_wagner.chitto/logs0/Job2.log", "event": "start", "category": "simulation"}
[2025-12-01 17:42:05.460 -0300] [INFO] [cadence.virtuoso.ade.simulationMonitor] - Peak resident memory used = 187 Mbytes. {"history": "ExplorerRun.0", "point": 1, "testname": "watto_4_bit_register_x1_test_1", "cornername": "Nominal"}
[2025-12-01 17:42:05.460 -0300] [INFO] [cadence.virtuoso.ade.simulationMonitor] - Peak resident memory used = 201 Mbytes. {"history": "ExplorerRun.0", "point": 1, "testname": "watto_4_bit_register_x1_test_1", "cornername": "Nominal"}
[2025-12-01 17:42:05.460 -0300] [INFO] [cadence.virtuoso.ade.simulationMonitor] - Peak resident memory used = 203 Mbytes. {"history": "ExplorerRun.0", "point": 1, "testname": "watto_4_bit_register_x1_test_1", "cornername": "Nominal"}
[2025-12-01 17:42:05.460 -0300] [INFO] [cadence.virtuoso.ade.simulationMonitor] - Notice from spectre during initial setup.
    Multithreading is disabled due to the size of the design being too small. {"history": "ExplorerRun.0", "point": 1, "testname": "watto_4_bit_register_x1_test_1", "cornername": "Nominal"}
[2025-12-01 17:42:05.461 -0300] [INFO] [cadence.virtuoso.ade.simulationMonitor] -               nodes 139 {"history": "ExplorerRun.0", "point": 1, "testname": "watto_4_bit_register_x1_test_1", "cornername": "Nominal"}
[2025-12-01 17:42:05.461 -0300] [INFO] [cadence.virtuoso.ade.simulationMonitor] - Notice from spectre during initial setup.
    Protected devices exist and are not included in the circuit inventory.
    APS enabled. {"history": "ExplorerRun.0", "point": 1, "testname": "watto_4_bit_register_x1_test_1", "cornername": "Nominal"}
[2025-12-01 17:42:05.461 -0300] [INFO] [cadence.virtuoso.ade.simulationMonitor] - Peak resident memory used = 205 Mbytes. {"history": "ExplorerRun.0", "point": 1, "testname": "watto_4_bit_register_x1_test_1", "cornername": "Nominal"}
[2025-12-01 17:42:05.461 -0300] [INFO] [cadence.virtuoso.ade.simulationMonitor] -    -   (APS) Multi-threading. The recommended number of threads is 1, consider adding +mt=1 on command line. {"history": "ExplorerRun.0", "point": 1, "testname": "watto_4_bit_register_x1_test_1", "cornername": "Nominal"}
[2025-12-01 17:42:05.461 -0300] [INFO] [cadence.virtuoso.ade.simulationMonitor] - Notice from spectre during IC analysis, during transient analysis `tran'.
    GminDC = 1 pS is large enough to noticeably affect the DC solution.
        dV(I11.I32.net14) = -24.094 mV
        Use the `gmin_check' option to eliminate or expand this report.
    Bad pivoting is found during DC analysis. Option dc_pivot_check=yes is recommended for possible improvement of convergence. {"history": "ExplorerRun.0", "point": 1, "testname": "watto_4_bit_register_x1_test_1", "cornername": "Nominal"}
[2025-12-01 17:42:05.461 -0300] [INFO] [cadence.virtuoso.ade.simulationMonitor] - Notice from spectre during transient analysis `tran'.
    Multithreading is disabled due to the size of the design being too small. {"history": "ExplorerRun.0", "point": 1, "testname": "watto_4_bit_register_x1_test_1", "cornername": "Nominal"}
[2025-12-01 17:42:05.971 -0300] [INFO] [cadence.virtuoso.ade.simulationMonitor] - Notice from spectre at time = 75.1004 ns during transient analysis `tran'.
    Found trapezoidal ringing on node I11.I11.PM1.n1. {"history": "ExplorerRun.0", "point": 1, "testname": "watto_4_bit_register_x1_test_1", "cornername": "Nominal"}
[2025-12-01 17:42:05.971 -0300] [INFO] [cadence.virtuoso.ade.simulationMonitor] - Notice from spectre at time = 85.1004 ns during transient analysis `tran'.
    Found trapezoidal ringing on node I11.I10.PM1.n1. {"history": "ExplorerRun.0", "point": 1, "testname": "watto_4_bit_register_x1_test_1", "cornername": "Nominal"}
[2025-12-01 17:42:05.971 -0300] [INFO] [cadence.virtuoso.ade.simulationMonitor] - Notice from spectre at time = 95.1004 ns during transient analysis `tran'.
    Found trapezoidal ringing on node I11.I9.PM1.n1. {"history": "ExplorerRun.0", "point": 1, "testname": "watto_4_bit_register_x1_test_1", "cornername": "Nominal"}
[2025-12-01 17:42:05.971 -0300] [INFO] [cadence.virtuoso.ade.simulationMonitor] - Notice from spectre at time = 125.1 ns during transient analysis `tran'.
    Found trapezoidal ringing on node I11.I11.PM1.n1. {"history": "ExplorerRun.0", "point": 1, "testname": "watto_4_bit_register_x1_test_1", "cornername": "Nominal"}
[2025-12-01 17:42:05.971 -0300] [INFO] [cadence.virtuoso.ade.simulationMonitor] - Notice from spectre at time = 135.1 ns during transient analysis `tran'.
    Found trapezoidal ringing on node I11.I8.PM1.n1.
        Further occurrences of this notice will be suppressed. {"history": "ExplorerRun.0", "point": 1, "testname": "watto_4_bit_register_x1_test_1", "cornername": "Nominal"}
[2025-12-01 17:42:19.517 -0300] [INFO] [cadence.virtuoso.ade.simulationMonitor] - Notice from spectre during transient analysis `tran'.
    Trapezoidal ringing is detected during tran analysis.
        Please use method=trap for better results and performance. {"history": "ExplorerRun.0", "point": 1, "testname": "watto_4_bit_register_x1_test_1", "cornername": "Nominal"}
[2025-12-01 17:42:19.517 -0300] [INFO] [cadence.virtuoso.ade.simulationMonitor] - Intrinsic tran analysis time:    CPU = 12.5426 s, elapsed = 13.7069 s. {"history": "ExplorerRun.0", "point": 1, "testname": "watto_4_bit_register_x1_test_1", "cornername": "Nominal"}
[2025-12-01 17:42:19.517 -0300] [INFO] [cadence.virtuoso.ade.simulationMonitor] - Total time required for tran analysis `tran': CPU = 12.5855 s, elapsed = 13.7539 s, util. = 91.5%. {"history": "ExplorerRun.0", "point": 1, "testname": "watto_4_bit_register_x1_test_1", "cornername": "Nominal"}
[2025-12-01 17:42:19.517 -0300] [INFO] [cadence.virtuoso.ade.simulationMonitor] - Peak resident memory used = 295 Mbytes. {"history": "ExplorerRun.0", "point": 1, "testname": "watto_4_bit_register_x1_test_1", "cornername": "Nominal"}
[2025-12-01 17:42:19.517 -0300] [INFO] [cadence.virtuoso.ade.simulationMonitor] - Notice from spectre.
    713 notices suppressed. {"history": "ExplorerRun.0", "point": 1, "testname": "watto_4_bit_register_x1_test_1", "cornername": "Nominal"}
[2025-12-01 17:42:20.018 -0300] [INFO] [cadence.virtuoso.ade.simulationMonitor] - Time used: CPU = 13.2 s, elapsed = 15 s, util. = 88.1%. {"history": "ExplorerRun.0", "point": 1, "testname": "watto_4_bit_register_x1_test_1", "cornername": "Nominal"}
[2025-12-01 17:42:20.018 -0300] [INFO] [cadence.virtuoso.ade.simulationMonitor] - Time spent in licensing: elapsed = 27.5 ms. {"history": "ExplorerRun.0", "point": 1, "testname": "watto_4_bit_register_x1_test_1", "cornername": "Nominal"}
[2025-12-01 17:42:20.018 -0300] [INFO] [cadence.virtuoso.ade.simulationMonitor] - Peak memory used = 296 Mbytes. {"history": "ExplorerRun.0", "point": 1, "testname": "watto_4_bit_register_x1_test_1", "cornername": "Nominal"}
[2025-12-01 17:42:20.018 -0300] [PROCESS] [cadence.virtuoso.ade.simulationMonitor] - Simulation started at: 5:42:04 PM, Mon Dec 1, 2025, ended at: 5:42:19 PM, Mon Dec 1, 2025, with elapsed time (wall clock): 15 s. {"history": "ExplorerRun.0", "point": 1, "testname": "watto_4_bit_register_x1_test_1", "cornername": "Nominal"}
[2025-12-01 17:42:20.018 -0300] [PROCESS] [cadence.virtuoso.ade.simulationMonitor] - spectre completes with 0 errors, 0 warnings, and 14 notices. {"history": "ExplorerRun.0", "point": 1, "testname": "watto_4_bit_register_x1_test_1", "cornername": "Nominal"}
[2025-12-01 17:42:20.018 -0300] [PROCESS] [cadence.virtuoso.ade.simulationMonitor] - Finished simulating for one point {"hostname": "ecomp", "processid": 1217914, "history": "ExplorerRun.0", "testname": "watto_4_bit_register_x1_test_1", "cornername": "Nominal", "point": 1, "logfile": "/home/ufsm00051/wagner.chitto/wagner.chitto/logs_wagner.chitto/logs0/Job2.log", "simid": "4", "event": "finish", "category": "simulation"}
[2025-12-01 17:42:20.018 -0300] [PROCESS] [cadence.virtuoso.ade.simulationMonitor] - Simulator exited {"hostname": "ecomp", "processid": 1217914, "history": "ExplorerRun.0", "testname": "watto_4_bit_register_x1_test_1", "cornername": "Nominal", "point": 1, "logfile": "/home/ufsm00051/wagner.chitto/wagner.chitto/logs_wagner.chitto/logs0/Job2.log", "exitStatus": "0"}
[2025-12-01 17:42:20.018 -0300] [PROCESS] [cadence.virtuoso.ade.simulationMonitor] - Finished Simulation {"hostname": "ecomp", "processid": 1217914, "history": "ExplorerRun.0", "testname": "watto_4_bit_register_x1_test_1", "cornername": "Nominal", "point": 1, "logfile": "/home/ufsm00051/wagner.chitto/wagner.chitto/logs_wagner.chitto/logs0/Job2.log", "simid": "4", "event": "finish", "category": "obsolete"}
[2025-12-01 17:42:21.019 -0300] [PROCESS] [cadence.virtuoso.ade.simulationMonitor] - Point Finished {"hostname": "ecomp", "processid": 1217914, "history": "ExplorerRun.0", "testname": "watto_4_bit_register_x1_test_1", "cornername": "Nominal", "point": 1, "logfile": "/home/ufsm00051/wagner.chitto/wagner.chitto/logs_wagner.chitto/logs0/Job2.log", "event": "finish", "category": "sim-eval"}
[2025-12-01 17:45:06.919 -0300] [INFO] [cadence.virtuoso.ade.simulationMonitor] - SimulationMonitor has terminated the vds process '1223565', reason: 'Force to stop the expression evalutor process because of new run' {"history": "ExplorerRun.0", "point": 1, "testname": "watto_4_bit_register_x1_test_1", "cornername": "Nominal"}
[2025-12-01 17:45:06.919 -0300] [PROCESS] [cadence.virtuoso.ade.simulationMonitor] - HostInfo:
Host name (type):	ecomp (x86_64)
Operating system:	Linux 4.18.0-553.74.1.el8_10.x86_64 #1 SMP Sun Sep 14 12:57:27 UTC 2025 {"hostname": "ecomp", "processid": 1217914, "history": "ExplorerRun.0", "testname": "watto_4_bit_register_x1_test_1", "cornername": "Nominal", "point": 1, "logfile": "/home/ufsm00051/wagner.chitto/wagner.chitto/logs_wagner.chitto/logs0/Job2.log", "nodename": "ecomp", "domainname": "(none)", "machine": "x86_64", "sysname": "Linux", "release": "4.18.0-553.74.1.el8_10.x86_64", "version": "#1 SMP Sun Sep 14 12:57:27 UTC 2025"}
[2025-12-01 17:45:06.919 -0300] [PROCESS] [cadence.virtuoso.ade.simulationMonitor] - UsageInfo:
pid=1217914
totalPhysicalMemory=31.020390GB,Used=21.808395GB,totalVirtualMemory=34.481323GB,Used=21.808395GB
Cpu: Cores=4, Load average:2.010000,2.280000,2.480000 {"hostname": "ecomp", "processid": 1217914, "history": "ExplorerRun.0", "testname": "watto_4_bit_register_x1_test_1", "cornername": "Nominal", "point": 1, "logfile": "/home/ufsm00051/wagner.chitto/wagner.chitto/logs_wagner.chitto/logs0/Job2.log", "pid": "1217914", "totalPhysicalMemory": "31.020390", "physicalMemoryUsed": "21.808395", "totalVirtualMemory": "34.481323", "virtualMemoryUsed": "21.808395", "cpuCores": "4", "processes": "2676", "loadAverage1": "2.010000", "loadAverage5": "2.280000", "loadAverage15": "2.480000", "loadAverage1Percent": "0.502500"}
[2025-12-01 17:45:06.920 -0300] [EVENT] [cadence.virtuoso.ade.simulationMonitor] - NewPoint {"history": "ExplorerRun.0", "point": 1, "testname": "watto_4_bit_register_x1_test_1", "cornername": "Nominal", "event": "NewPoint", "EventSource": "Simulation Monitor", "HistoryName": "ExplorerRun.0", "logFile": "/home/ufsm00051/wagner.chitto/wagner.chitto/logs_wagner.chitto/logs0/Job2.log", "logFileSize": "55602", "category": "simulation"}
[2025-12-01 17:45:07.024 -0300] [EVENT] [cadence.virtuoso.ade.simulationMonitor] - NewPoint {"history": "ExplorerRun.0", "point": 1, "testname": "watto_4_bit_register_x1_test_1", "cornername": "Nominal", "event": "NewPoint", "EventSource": "spectre", "HistoryName": "ExplorerRun.0", "logFile": "/home/ufsm00051/wagner.chitto/simulation/watto/4_bit_register_x1_test/maestro/results/maestro/ExplorerRun.0/1/watto_4_bit_register_x1_test_1/psf/spectre.out", "logFileSize": "-1", "category": "simulation"}
[2025-12-01 17:45:07.131 -0300] [PROCESS] [cadence.virtuoso.ade.simulationMonitor] - Simulator launched {"hostname": "ecomp", "processid": 1217914, "history": "ExplorerRun.0", "testname": "watto_4_bit_register_x1_test_1", "cornername": "Nominal", "point": 1, "logfile": "/home/ufsm00051/wagner.chitto/wagner.chitto/logs_wagner.chitto/logs0/Job2.log", "simid": "5", "event": "launch", "category": "simulation"}
[2025-12-01 17:45:07.133 -0300] [PROCESS] [cadence.virtuoso.ade.simulationMonitor] - Expression evaluator launched {"hostname": "ecomp", "processid": 1217914, "history": "ExplorerRun.0", "testname": "watto_4_bit_register_x1_test_1", "cornername": "Nominal", "point": 1, "logfile": "/home/ufsm00051/wagner.chitto/wagner.chitto/logs_wagner.chitto/logs0/Job2.log"}
[2025-12-01 17:45:07.247 -0300] [PROCESS] [cadence.virtuoso.ade.simulationMonitor] - Started Simulation {"hostname": "ecomp", "processid": 1217914, "history": "ExplorerRun.0", "testname": "watto_4_bit_register_x1_test_1", "cornername": "Nominal", "point": 1, "logfile": "/home/ufsm00051/wagner.chitto/wagner.chitto/logs_wagner.chitto/logs0/Job2.log", "event": "start", "category": "simulation"}
[2025-12-01 17:45:08.247 -0300] [INFO] [cadence.virtuoso.ade.simulationMonitor] - Peak resident memory used = 186 Mbytes. {"history": "ExplorerRun.0", "point": 1, "testname": "watto_4_bit_register_x1_test_1", "cornername": "Nominal"}
[2025-12-01 17:45:08.247 -0300] [INFO] [cadence.virtuoso.ade.simulationMonitor] - Peak resident memory used = 200 Mbytes. {"history": "ExplorerRun.0", "point": 1, "testname": "watto_4_bit_register_x1_test_1", "cornername": "Nominal"}
[2025-12-01 17:45:08.247 -0300] [INFO] [cadence.virtuoso.ade.simulationMonitor] - Peak resident memory used = 202 Mbytes. {"history": "ExplorerRun.0", "point": 1, "testname": "watto_4_bit_register_x1_test_1", "cornername": "Nominal"}
[2025-12-01 17:45:08.247 -0300] [INFO] [cadence.virtuoso.ade.simulationMonitor] - Notice from spectre during initial setup.
    Multithreading is disabled due to the size of the design being too small. {"history": "ExplorerRun.0", "point": 1, "testname": "watto_4_bit_register_x1_test_1", "cornername": "Nominal"}
[2025-12-01 17:45:08.247 -0300] [INFO] [cadence.virtuoso.ade.simulationMonitor] -               nodes 139 {"history": "ExplorerRun.0", "point": 1, "testname": "watto_4_bit_register_x1_test_1", "cornername": "Nominal"}
[2025-12-01 17:45:08.248 -0300] [INFO] [cadence.virtuoso.ade.simulationMonitor] - Notice from spectre during initial setup.
    Protected devices exist and are not included in the circuit inventory.
    APS enabled. {"history": "ExplorerRun.0", "point": 1, "testname": "watto_4_bit_register_x1_test_1", "cornername": "Nominal"}
[2025-12-01 17:45:08.248 -0300] [INFO] [cadence.virtuoso.ade.simulationMonitor] - Peak resident memory used = 204 Mbytes. {"history": "ExplorerRun.0", "point": 1, "testname": "watto_4_bit_register_x1_test_1", "cornername": "Nominal"}
[2025-12-01 17:45:08.248 -0300] [INFO] [cadence.virtuoso.ade.simulationMonitor] -    -   (APS) Multi-threading. The recommended number of threads is 1, consider adding +mt=1 on command line. {"history": "ExplorerRun.0", "point": 1, "testname": "watto_4_bit_register_x1_test_1", "cornername": "Nominal"}
[2025-12-01 17:45:08.248 -0300] [INFO] [cadence.virtuoso.ade.simulationMonitor] - Notice from spectre during IC analysis, during transient analysis `tran'.
    GminDC = 1 pS is large enough to noticeably affect the DC solution.
        dV(I11.I10.net9) = -12.0852 mV
        Use the `gmin_check' option to eliminate or expand this report.
    Bad pivoting is found during DC analysis. Option dc_pivot_check=yes is recommended for possible improvement of convergence. {"history": "ExplorerRun.0", "point": 1, "testname": "watto_4_bit_register_x1_test_1", "cornername": "Nominal"}
[2025-12-01 17:45:08.248 -0300] [INFO] [cadence.virtuoso.ade.simulationMonitor] - Notice from spectre during transient analysis `tran'.
    Multithreading is disabled due to the size of the design being too small. {"history": "ExplorerRun.0", "point": 1, "testname": "watto_4_bit_register_x1_test_1", "cornername": "Nominal"}
[2025-12-01 17:45:08.748 -0300] [INFO] [cadence.virtuoso.ade.simulationMonitor] - Notice from spectre at time = 75.1004 ns during transient analysis `tran'.
    Found trapezoidal ringing on node I11.I9.PM1.n1. {"history": "ExplorerRun.0", "point": 1, "testname": "watto_4_bit_register_x1_test_1", "cornername": "Nominal"}
[2025-12-01 17:45:08.748 -0300] [INFO] [cadence.virtuoso.ade.simulationMonitor] - Notice from spectre at time = 85.1004 ns during transient analysis `tran'.
    Found trapezoidal ringing on node I11.I9.PM1.n1. {"history": "ExplorerRun.0", "point": 1, "testname": "watto_4_bit_register_x1_test_1", "cornername": "Nominal"}
[2025-12-01 17:45:08.748 -0300] [INFO] [cadence.virtuoso.ade.simulationMonitor] - Notice from spectre at time = 95.1004 ns during transient analysis `tran'.
    Found trapezoidal ringing on node I11.I11.PM1.n1. {"history": "ExplorerRun.0", "point": 1, "testname": "watto_4_bit_register_x1_test_1", "cornername": "Nominal"}
[2025-12-01 17:45:08.748 -0300] [INFO] [cadence.virtuoso.ade.simulationMonitor] - Notice from spectre at time = 125.1 ns during transient analysis `tran'.
    Found trapezoidal ringing on node I11.I10.PM1.n1. {"history": "ExplorerRun.0", "point": 1, "testname": "watto_4_bit_register_x1_test_1", "cornername": "Nominal"}
[2025-12-01 17:45:08.748 -0300] [INFO] [cadence.virtuoso.ade.simulationMonitor] - Notice from spectre at time = 135.1 ns during transient analysis `tran'.
    Found trapezoidal ringing on node I11.I8.PM1.n1.
        Further occurrences of this notice will be suppressed. {"history": "ExplorerRun.0", "point": 1, "testname": "watto_4_bit_register_x1_test_1", "cornername": "Nominal"}
[2025-12-01 17:45:23.273 -0300] [INFO] [cadence.virtuoso.ade.simulationMonitor] - Notice from spectre during transient analysis `tran'.
    Trapezoidal ringing is detected during tran analysis.
        Please use method=trap for better results and performance. {"history": "ExplorerRun.0", "point": 1, "testname": "watto_4_bit_register_x1_test_1", "cornername": "Nominal"}
[2025-12-01 17:45:23.273 -0300] [INFO] [cadence.virtuoso.ade.simulationMonitor] - Intrinsic tran analysis time:    CPU = 14.2124 s, elapsed = 15.0121 s. {"history": "ExplorerRun.0", "point": 1, "testname": "watto_4_bit_register_x1_test_1", "cornername": "Nominal"}
[2025-12-01 17:45:23.273 -0300] [INFO] [cadence.virtuoso.ade.simulationMonitor] - Total time required for tran analysis `tran': CPU = 14.2553 s, elapsed = 15.0551 s, util. = 94.7%. {"history": "ExplorerRun.0", "point": 1, "testname": "watto_4_bit_register_x1_test_1", "cornername": "Nominal"}
[2025-12-01 17:45:23.273 -0300] [INFO] [cadence.virtuoso.ade.simulationMonitor] - Peak resident memory used = 341 Mbytes. {"history": "ExplorerRun.0", "point": 1, "testname": "watto_4_bit_register_x1_test_1", "cornername": "Nominal"}
[2025-12-01 17:45:23.273 -0300] [INFO] [cadence.virtuoso.ade.simulationMonitor] - Notice from spectre.
    251 notices suppressed. {"history": "ExplorerRun.0", "point": 1, "testname": "watto_4_bit_register_x1_test_1", "cornername": "Nominal"}
[2025-12-01 17:45:23.773 -0300] [INFO] [cadence.virtuoso.ade.simulationMonitor] - Time used: CPU = 14.9 s, elapsed = 16.3 s, util. = 91.4%. {"history": "ExplorerRun.0", "point": 1, "testname": "watto_4_bit_register_x1_test_1", "cornername": "Nominal"}
[2025-12-01 17:45:23.773 -0300] [INFO] [cadence.virtuoso.ade.simulationMonitor] - Time spent in licensing: elapsed = 68.2 ms. {"history": "ExplorerRun.0", "point": 1, "testname": "watto_4_bit_register_x1_test_1", "cornername": "Nominal"}
[2025-12-01 17:45:23.773 -0300] [INFO] [cadence.virtuoso.ade.simulationMonitor] - Peak memory used = 341 Mbytes. {"history": "ExplorerRun.0", "point": 1, "testname": "watto_4_bit_register_x1_test_1", "cornername": "Nominal"}
[2025-12-01 17:45:23.773 -0300] [PROCESS] [cadence.virtuoso.ade.simulationMonitor] - Simulation started at: 5:45:07 PM, Mon Dec 1, 2025, ended at: 5:45:23 PM, Mon Dec 1, 2025, with elapsed time (wall clock): 16.3 s. {"history": "ExplorerRun.0", "point": 1, "testname": "watto_4_bit_register_x1_test_1", "cornername": "Nominal"}
[2025-12-01 17:45:23.773 -0300] [PROCESS] [cadence.virtuoso.ade.simulationMonitor] - spectre completes with 0 errors, 0 warnings, and 14 notices. {"history": "ExplorerRun.0", "point": 1, "testname": "watto_4_bit_register_x1_test_1", "cornername": "Nominal"}
[2025-12-01 17:45:24.275 -0300] [PROCESS] [cadence.virtuoso.ade.simulationMonitor] - Finished simulating for one point {"hostname": "ecomp", "processid": 1217914, "history": "ExplorerRun.0", "testname": "watto_4_bit_register_x1_test_1", "cornername": "Nominal", "point": 1, "logfile": "/home/ufsm00051/wagner.chitto/wagner.chitto/logs_wagner.chitto/logs0/Job2.log", "simid": "5", "event": "finish", "category": "simulation"}
[2025-12-01 17:45:24.275 -0300] [PROCESS] [cadence.virtuoso.ade.simulationMonitor] - Simulator exited {"hostname": "ecomp", "processid": 1217914, "history": "ExplorerRun.0", "testname": "watto_4_bit_register_x1_test_1", "cornername": "Nominal", "point": 1, "logfile": "/home/ufsm00051/wagner.chitto/wagner.chitto/logs_wagner.chitto/logs0/Job2.log", "exitStatus": "0"}
[2025-12-01 17:45:24.275 -0300] [PROCESS] [cadence.virtuoso.ade.simulationMonitor] - Finished Simulation {"hostname": "ecomp", "processid": 1217914, "history": "ExplorerRun.0", "testname": "watto_4_bit_register_x1_test_1", "cornername": "Nominal", "point": 1, "logfile": "/home/ufsm00051/wagner.chitto/wagner.chitto/logs_wagner.chitto/logs0/Job2.log", "simid": "5", "event": "finish", "category": "obsolete"}
[2025-12-01 17:45:25.278 -0300] [PROCESS] [cadence.virtuoso.ade.simulationMonitor] - Point Finished {"hostname": "ecomp", "processid": 1217914, "history": "ExplorerRun.0", "testname": "watto_4_bit_register_x1_test_1", "cornername": "Nominal", "point": 1, "logfile": "/home/ufsm00051/wagner.chitto/wagner.chitto/logs_wagner.chitto/logs0/Job2.log", "event": "finish", "category": "sim-eval"}
[2025-12-01 17:48:19.928 -0300] [PROCESS] [cadence.virtuoso.ade.simulationMonitor] - get signal Terminated<15> from user:wagner.chitto, which pid:1217910:/home/tools/cadence/installs/IC231/tools/bin/64bit/cdsServIpc {"hostname": "ecomp", "processid": 1217914, "history": "ExplorerRun.0", "testname": "watto_4_bit_register_x1_test_1", "cornername": "Nominal", "point": 1, "logfile": "/home/ufsm00051/wagner.chitto/wagner.chitto/logs_wagner.chitto/logs0/Job2.log", "signal": "15", "signalName": "Terminated", "which": "/home/tools/cadence/installs/IC231/tools/bin/64bit/cdsServIpc", "pid": "1217910", "user": "wagner.chitto", "uid": "1028"}
[2025-12-01 17:48:19.929 -0300] [INFO] [cadence.virtuoso.ade.simulationMonitor] - SimulationMonitor has terminated the  process '1226888', reason: 'simulationMonitor is handling signal 15' {"history": "ExplorerRun.0", "point": 1, "testname": "watto_4_bit_register_x1_test_1", "cornername": "Nominal"}
