[ADE GUI: 1201550]
[2025-12-01 17:36:46.854 -0300] [PROCESS] [cadence.virtuoso.ade.gui] - /home/ufsm00051/wagner.chitto/wagner.chitto/.tmp_wagner.chitto/.cmddir0/swiftLoggingService0 is starting {"logfile": "/home/ufsm00051/wagner.chitto/wagner.chitto/logs_wagner.chitto/logs0/LoggingService0.log"}
[2025-12-01 17:36:46.963 -0300] [PROCESS] [cadence.virtuoso.ade.gui] - /home/ufsm00051/wagner.chitto/wagner.chitto/.tmp_wagner.chitto/.cmddir0/swiftNetlistService1 is starting {"logfile": "/home/ufsm00051/wagner.chitto/wagner.chitto/logs_wagner.chitto/logs0/Service1.log"}
[2025-12-01 17:36:49.074 -0300] [PROCESS] [cadence.virtuoso.ade.gui] - COLLECTION_JOB_ID = '0'
 {"logfile": "/home/ufsm00051/wagner.chitto/wagner.chitto/logs_wagner.chitto/logs0/LoggingService0.log"}
[2025-12-01 17:36:49.074 -0300] [PROCESS] [cadence.virtuoso.ade.gui] - Logging Service '1216984' is starting up on host 'ecomp' {"logfile": "/home/ufsm00051/wagner.chitto/wagner.chitto/logs_wagner.chitto/logs0/LoggingService0.log"}
[2025-12-01 17:36:49.074 -0300] [PROCESS] [cadence.virtuoso.ade.gui] - COLLECTION_JOB_ID = '1'
 {"logfile": "/home/ufsm00051/wagner.chitto/wagner.chitto/logs_wagner.chitto/logs0/Service1.log"}
[2025-12-01 17:36:49.074 -0300] [PROCESS] [cadence.virtuoso.ade.gui] - Netlist Service '1217027' is starting up on host 'ecomp' {"logfile": "/home/ufsm00051/wagner.chitto/wagner.chitto/logs_wagner.chitto/logs0/Service1.log"}
[2025-12-01 17:37:11.636 -0300] [EVENT] [cadence.virtuoso.ade.gui] - AddLogFile {"history": "ExplorerRun.0", "event": "AddLogFile", "EventSource": "ADE GUI", "HistoryName": "ExplorerRun.0", "Points": "", "EventLogFile": "/home/ufsm00051/wagner.chitto/wagner.chitto/logs_wagner.chitto/logs0/virtuoso_ade_debug.log", "EventTool": "ADE GUI", "EventTest": ""}
[2025-12-01 17:37:11.638 -0300] [EVENT] [cadence.virtuoso.ade.gui] - NewHistoryCreated {"event": "NewHistoryCreated", "EventSource": "ADE GUI", "history": "ExplorerRun.0", "HistoryName": "ExplorerRun.0", "WorkDir": "/home/ufsm00051/wagner.chitto/wagner.chitto", "HistorySimDir": "/home/ufsm00051/wagner.chitto/simulation/watto/4_bit_register_x1_test/maestro/results/maestro/ExplorerRun.0", "HistoryResultsDir": "/home/ufsm00051/wagner.chitto/wagner.chitto/watto/4_bit_register_x1_test/maestro/results/maestro"}
[2025-12-01 17:37:11.638 -0300] [PROCESS] [cadence.virtuoso.ade.gui] - History Setup {"hostname": "ecomp", "processid": 1201550, "history": "ExplorerRun.0", "logfile": "/home/ufsm00051/wagner.chitto/wagner.chitto/logs_wagner.chitto/logs0/virtuoso_ade_debug.log", "jobmode": "LSCS", "runmode": "Single Run, Sweeps and Corners", "lib": "watto", "cell": "4_bit_register_x1_test", "view": "maestro", "icversion": "sub-version  IC23.1-64b.ISR15.37 ", "runstart": "Mon Dec  1 17:37:11 2025\n", "timezonelocal": "+000", "spectreversion": "unknown", "jobpolicyname": "Maestro Default", "maxjobs": "1", "ncjobpolicyname": "", "ncmaxjobs": "unknown", "numtests": "1", "runfinished": "unknown", "runelapsed": "-1", "numcorners": "1"}
[2025-12-01 17:37:13.010 -0300] [EVENT] [cadence.virtuoso.ade.pointevaluator] - NewPoint {"history": "ExplorerRun.0", "point": 1, "testname": "watto_4_bit_register_x1_test_1", "event": "NewPoint", "EventSource": "ADE GUI", "HistoryName": "ExplorerRun.0", "logFile": "/home/ufsm00051/wagner.chitto/wagner.chitto/logs_wagner.chitto/logs0/virtuoso_ade_debug.log", "logFileSize": "3012", "category": "point-netlist"}
[2025-12-01 17:37:13.011 -0300] [INFO] [cadence.virtuoso.ade.pointevaluator] - Started netlisting {"history": "ExplorerRun.0", "point": 1, "testname": "watto_4_bit_register_x1_test_1", "event": "start", "category": "point-netlist"}
[2025-12-01 17:37:14.800 -0300] [INFO] [cadence.virtuoso.ade.pointevaluator] - Finished netlisting {"history": "ExplorerRun.0", "point": 1, "testname": "watto_4_bit_register_x1_test_1", "event": "finish", "category": "point-netlist"}
[2025-12-01 17:37:14.801 -0300] [INFO] [cadence.virtuoso.ade.pointevaluator] - Submitted {"history": "ExplorerRun.0", "point": 1, "testname": "watto_4_bit_register_x1_test_1"}
[2025-12-01 17:37:17.477 -0300] [PROCESS] [cadence.virtuoso.ade.gui] - /home/ufsm00051/wagner.chitto/wagner.chitto/.tmp_wagner.chitto/.cmddir0/swiftJob2 is starting {"logfile": "/home/ufsm00051/wagner.chitto/wagner.chitto/logs_wagner.chitto/logs0/Job2.log"}
[2025-12-01 17:37:17.488 -0300] [PROCESS] [cadence.virtuoso.ade.gui] - COLLECTION_JOB_ID = '2'
 {"logfile": "/home/ufsm00051/wagner.chitto/wagner.chitto/logs_wagner.chitto/logs0/Job2.log"}
[2025-12-01 17:37:17.494 -0300] [PROCESS] [cadence.virtuoso.ade.gui] - Simulation Monitor process '1217914' is starting up on host 'ecomp' {"logfile": "/home/ufsm00051/wagner.chitto/wagner.chitto/logs_wagner.chitto/logs0/Job2.log"}
[2025-12-01 17:37:17.529 -0300] [PROCESS] [cadence.virtuoso.ade.gui] - 2025/12/01 17:37:17 INFO (/home/tools/cadence/installs/IC231/tools.lnx86/bin/cdnsEnvCheck): Rocky Linux release 8.10 (Green Obsidian) detected (set environment variable CDS_SKIP_OS_CHECK_ON_STARTUP=1 to suppress).
 {"logfile": "/home/ufsm00051/wagner.chitto/wagner.chitto/logs_wagner.chitto/logs0/Job2.log"}
[2025-12-01 17:37:17.780 -0300] [PROCESS] [cadence.virtuoso.ade.gui] - 2025/12/01 17:37:17 INFO (/home/tools/cadence/installs/SPECTRE231/tools.lnx86/bin/cdnsEnvCheck): Rocky Linux release 8.10 (Green Obsidian) detected (set environment variable CDS_SKIP_OS_CHECK_ON_STARTUP=1 to suppress).
 {"logfile": "/home/ufsm00051/wagner.chitto/wagner.chitto/logs_wagner.chitto/logs0/Job2.log"}
[2025-12-01 17:37:34.006 -0300] [INFO] [cadence.virtuoso.ade.gui] - Point completed {"history": "ExplorerRun.0", "point": 1, "testname": "watto_4_bit_register_x1_test_1"}
[2025-12-01 17:37:34.189 -0300] [INFO] [cadence.virtuoso.ade.gui] - Report Run Finished {"history": "ExplorerRun.0", "point": 1, "testname": "watto_4_bit_register_x1_test_1", "runId": "0"}
[2025-12-01 17:37:34.189 -0300] [EVENT] [cadence.virtuoso.ade.gui] - HistoryFinished {"point": 1, "testname": "watto_4_bit_register_x1_test_1", "event": "HistoryFinished", "EventSource": "ADE GUI", "HistoryName": "ExplorerRun.0"}
[2025-12-01 17:37:43.320 -0300] [INFO] [cadence.virtuoso.ade.gui] - Point strategy Finished {"history": "ExplorerRun.0", "point": 1, "testname": "watto_4_bit_register_x1_test_1", "runId": "0"}
[2025-12-01 17:37:43.324 -0300] [INFO] [cadence.virtuoso.ade.gui] - Emit Test Finish Message {"history": "ExplorerRun.0", "point": 1, "testname": "watto_4_bit_register_x1_test_1", "runId": "0", "testName": "watto_4_bit_register_x1_test_1", "idx": "watto_4_bit_register_x1_test_1"}
[2025-12-01 17:37:43.324 -0300] [INFO] [cadence.virtuoso.ade.gui] - Emit partition complete {"history": "ExplorerRun.0", "point": 1, "testname": "watto_4_bit_register_x1_test_1", "function": "emitTestPointPartitionFinishMessage", "runId": "0", "testName": "watto_4_bit_register_x1_test_1", "partition": "1"}
[2025-12-01 17:39:22.084 -0300] [EVENT] [cadence.virtuoso.ade.gui] - AddLogFile {"history": "ExplorerRun.0", "point": 1, "testname": "watto_4_bit_register_x1_test_1", "event": "AddLogFile", "EventSource": "ADE GUI", "HistoryName": "ExplorerRun.0", "Points": "", "EventLogFile": "/home/ufsm00051/wagner.chitto/wagner.chitto/logs_wagner.chitto/logs0/virtuoso_ade_debug.log", "EventTool": "ADE GUI", "EventTest": ""}
[2025-12-01 17:39:22.086 -0300] [EVENT] [cadence.virtuoso.ade.gui] - NewHistoryCreated {"point": 1, "testname": "watto_4_bit_register_x1_test_1", "event": "NewHistoryCreated", "EventSource": "ADE GUI", "history": "ExplorerRun.0", "HistoryName": "ExplorerRun.0", "WorkDir": "/home/ufsm00051/wagner.chitto/wagner.chitto", "HistorySimDir": "/home/ufsm00051/wagner.chitto/simulation/watto/4_bit_register_x1_test/maestro/results/maestro/ExplorerRun.0", "HistoryResultsDir": "/home/ufsm00051/wagner.chitto/wagner.chitto/watto/4_bit_register_x1_test/maestro/results/maestro"}
[2025-12-01 17:39:22.086 -0300] [PROCESS] [cadence.virtuoso.ade.gui] - History Setup {"hostname": "ecomp", "processid": 1201550, "history": "ExplorerRun.0", "testname": "watto_4_bit_register_x1_test_1", "point": 1, "logfile": "/home/ufsm00051/wagner.chitto/wagner.chitto/logs_wagner.chitto/logs0/virtuoso_ade_debug.log", "jobmode": "LSCS", "runmode": "Single Run, Sweeps and Corners", "lib": "watto", "cell": "4_bit_register_x1_test", "view": "maestro", "icversion": "sub-version  IC23.1-64b.ISR15.37 ", "runstart": "Mon Dec  1 17:39:22 2025\n", "timezonelocal": "+000", "spectreversion": "unknown", "jobpolicyname": "Maestro Default", "maxjobs": "1", "ncjobpolicyname": "", "ncmaxjobs": "unknown", "numtests": "1", "runfinished": "unknown", "runelapsed": "-1", "numcorners": "1"}
[2025-12-01 17:39:23.468 -0300] [EVENT] [cadence.virtuoso.ade.pointevaluator] - NewPoint {"history": "ExplorerRun.0", "point": 1, "testname": "watto_4_bit_register_x1_test_1", "event": "NewPoint", "EventSource": "ADE GUI", "HistoryName": "ExplorerRun.0", "logFile": "/home/ufsm00051/wagner.chitto/wagner.chitto/logs_wagner.chitto/logs0/virtuoso_ade_debug.log", "logFileSize": "8645", "category": "point-netlist"}
[2025-12-01 17:39:23.468 -0300] [INFO] [cadence.virtuoso.ade.pointevaluator] - Started netlisting {"history": "ExplorerRun.0", "point": 1, "testname": "watto_4_bit_register_x1_test_1", "event": "start", "category": "point-netlist"}
[2025-12-01 17:39:25.163 -0300] [INFO] [cadence.virtuoso.ade.pointevaluator] - Finished netlisting {"history": "ExplorerRun.0", "point": 1, "testname": "watto_4_bit_register_x1_test_1", "event": "finish", "category": "point-netlist"}
[2025-12-01 17:39:25.163 -0300] [INFO] [cadence.virtuoso.ade.pointevaluator] - Submitted {"history": "ExplorerRun.0", "point": 1, "testname": "watto_4_bit_register_x1_test_1"}
[2025-12-01 17:39:26.352 -0300] [PROCESS] [cadence.virtuoso.ade.gui] - 2025/12/01 17:39:26 INFO (/home/tools/cadence/installs/SPECTRE231/tools.lnx86/bin/cdnsEnvCheck): Rocky Linux release 8.10 (Green Obsidian) detected (set environment variable CDS_SKIP_OS_CHECK_ON_STARTUP=1 to suppress).
 {"logfile": "/home/ufsm00051/wagner.chitto/wagner.chitto/logs_wagner.chitto/logs0/Job2.log"}
[2025-12-01 17:39:41.994 -0300] [INFO] [cadence.virtuoso.ade.gui] - Point completed {"history": "ExplorerRun.0", "point": 1, "testname": "watto_4_bit_register_x1_test_1"}
[2025-12-01 17:39:42.151 -0300] [INFO] [cadence.virtuoso.ade.gui] - Report Run Finished {"history": "ExplorerRun.0", "point": 1, "testname": "watto_4_bit_register_x1_test_1", "runId": "1"}
[2025-12-01 17:39:42.151 -0300] [EVENT] [cadence.virtuoso.ade.gui] - HistoryFinished {"point": 1, "testname": "watto_4_bit_register_x1_test_1", "event": "HistoryFinished", "EventSource": "ADE GUI", "HistoryName": "ExplorerRun.0"}
[2025-12-01 17:39:48.804 -0300] [INFO] [cadence.virtuoso.ade.gui] - Point strategy Finished {"history": "ExplorerRun.0", "point": 1, "testname": "watto_4_bit_register_x1_test_1", "runId": "1"}
[2025-12-01 17:39:48.807 -0300] [INFO] [cadence.virtuoso.ade.gui] - Emit Test Finish Message {"history": "ExplorerRun.0", "point": 1, "testname": "watto_4_bit_register_x1_test_1", "runId": "1", "testName": "watto_4_bit_register_x1_test_1", "idx": "watto_4_bit_register_x1_test_1"}
[2025-12-01 17:39:48.807 -0300] [INFO] [cadence.virtuoso.ade.gui] - Emit partition complete {"history": "ExplorerRun.0", "point": 1, "testname": "watto_4_bit_register_x1_test_1", "function": "emitTestPointPartitionFinishMessage", "runId": "1", "testName": "watto_4_bit_register_x1_test_1", "partition": "2"}
[2025-12-01 17:40:29.893 -0300] [EVENT] [cadence.virtuoso.ade.gui] - AddLogFile {"history": "ExplorerRun.0", "point": 1, "testname": "watto_4_bit_register_x1_test_1", "event": "AddLogFile", "EventSource": "ADE GUI", "HistoryName": "ExplorerRun.0", "Points": "", "EventLogFile": "/home/ufsm00051/wagner.chitto/wagner.chitto/logs_wagner.chitto/logs0/virtuoso_ade_debug.log", "EventTool": "ADE GUI", "EventTest": ""}
[2025-12-01 17:40:29.894 -0300] [EVENT] [cadence.virtuoso.ade.gui] - NewHistoryCreated {"point": 1, "testname": "watto_4_bit_register_x1_test_1", "event": "NewHistoryCreated", "EventSource": "ADE GUI", "history": "ExplorerRun.0", "HistoryName": "ExplorerRun.0", "WorkDir": "/home/ufsm00051/wagner.chitto/wagner.chitto", "HistorySimDir": "/home/ufsm00051/wagner.chitto/simulation/watto/4_bit_register_x1_test/maestro/results/maestro/ExplorerRun.0", "HistoryResultsDir": "/home/ufsm00051/wagner.chitto/wagner.chitto/watto/4_bit_register_x1_test/maestro/results/maestro"}
[2025-12-01 17:40:29.894 -0300] [PROCESS] [cadence.virtuoso.ade.gui] - History Setup {"hostname": "ecomp", "processid": 1201550, "history": "ExplorerRun.0", "testname": "watto_4_bit_register_x1_test_1", "point": 1, "logfile": "/home/ufsm00051/wagner.chitto/wagner.chitto/logs_wagner.chitto/logs0/virtuoso_ade_debug.log", "jobmode": "LSCS", "runmode": "Single Run, Sweeps and Corners", "lib": "watto", "cell": "4_bit_register_x1_test", "view": "maestro", "icversion": "sub-version  IC23.1-64b.ISR15.37 ", "runstart": "Mon Dec  1 17:40:29 2025\n", "timezonelocal": "+000", "spectreversion": "unknown", "jobpolicyname": "Maestro Default", "maxjobs": "1", "ncjobpolicyname": "", "ncmaxjobs": "unknown", "numtests": "1", "runfinished": "unknown", "runelapsed": "-1", "numcorners": "1"}
[2025-12-01 17:40:31.080 -0300] [EVENT] [cadence.virtuoso.ade.pointevaluator] - NewPoint {"history": "ExplorerRun.0", "point": 1, "testname": "watto_4_bit_register_x1_test_1", "event": "NewPoint", "EventSource": "ADE GUI", "HistoryName": "ExplorerRun.0", "logFile": "/home/ufsm00051/wagner.chitto/wagner.chitto/logs_wagner.chitto/logs0/virtuoso_ade_debug.log", "logFileSize": "13220", "category": "point-netlist"}
[2025-12-01 17:40:31.080 -0300] [INFO] [cadence.virtuoso.ade.pointevaluator] - Started netlisting {"history": "ExplorerRun.0", "point": 1, "testname": "watto_4_bit_register_x1_test_1", "event": "start", "category": "point-netlist"}
[2025-12-01 17:40:32.779 -0300] [INFO] [cadence.virtuoso.ade.pointevaluator] - Finished netlisting {"history": "ExplorerRun.0", "point": 1, "testname": "watto_4_bit_register_x1_test_1", "event": "finish", "category": "point-netlist"}
[2025-12-01 17:40:32.779 -0300] [INFO] [cadence.virtuoso.ade.pointevaluator] - Submitted {"history": "ExplorerRun.0", "point": 1, "testname": "watto_4_bit_register_x1_test_1"}
[2025-12-01 17:40:36.969 -0300] [PROCESS] [cadence.virtuoso.ade.gui] - 2025/12/01 17:40:33 INFO (/home/tools/cadence/installs/SPECTRE231/tools.lnx86/bin/cdnsEnvCheck): Rocky Linux release 8.10 (Green Obsidian) detected (set environment variable CDS_SKIP_OS_CHECK_ON_STARTUP=1 to suppress).
 {"logfile": "/home/ufsm00051/wagner.chitto/wagner.chitto/logs_wagner.chitto/logs0/Job2.log"}
[2025-12-01 17:40:49.997 -0300] [INFO] [cadence.virtuoso.ade.gui] - Point completed {"history": "ExplorerRun.0", "point": 1, "testname": "watto_4_bit_register_x1_test_1"}
[2025-12-01 17:40:50.175 -0300] [INFO] [cadence.virtuoso.ade.gui] - Report Run Finished {"history": "ExplorerRun.0", "point": 1, "testname": "watto_4_bit_register_x1_test_1", "runId": "2"}
[2025-12-01 17:40:50.175 -0300] [EVENT] [cadence.virtuoso.ade.gui] - HistoryFinished {"point": 1, "testname": "watto_4_bit_register_x1_test_1", "event": "HistoryFinished", "EventSource": "ADE GUI", "HistoryName": "ExplorerRun.0"}
[2025-12-01 17:40:59.759 -0300] [INFO] [cadence.virtuoso.ade.gui] - Point strategy Finished {"history": "ExplorerRun.0", "point": 1, "testname": "watto_4_bit_register_x1_test_1", "runId": "2"}
[2025-12-01 17:40:59.775 -0300] [INFO] [cadence.virtuoso.ade.gui] - Emit Test Finish Message {"history": "ExplorerRun.0", "point": 1, "testname": "watto_4_bit_register_x1_test_1", "runId": "2", "testName": "watto_4_bit_register_x1_test_1", "idx": "watto_4_bit_register_x1_test_1"}
[2025-12-01 17:40:59.775 -0300] [INFO] [cadence.virtuoso.ade.gui] - Emit partition complete {"history": "ExplorerRun.0", "point": 1, "testname": "watto_4_bit_register_x1_test_1", "function": "emitTestPointPartitionFinishMessage", "runId": "2", "testName": "watto_4_bit_register_x1_test_1", "partition": "3"}
[2025-12-01 17:41:57.119 -0300] [PROCESS] [cadence.virtuoso.ade.gui] - Netlist Service '1217027' stopped with exit code '0' {"logfile": "/home/ufsm00051/wagner.chitto/wagner.chitto/logs_wagner.chitto/logs0/Service1.log"}
[2025-12-01 17:42:00.212 -0300] [EVENT] [cadence.virtuoso.ade.gui] - AddLogFile {"history": "ExplorerRun.0", "point": 1, "testname": "watto_4_bit_register_x1_test_1", "event": "AddLogFile", "EventSource": "ADE GUI", "HistoryName": "ExplorerRun.0", "Points": "", "EventLogFile": "/home/ufsm00051/wagner.chitto/wagner.chitto/logs_wagner.chitto/logs0/virtuoso_ade_debug.log", "EventTool": "ADE GUI", "EventTest": ""}
[2025-12-01 17:42:00.213 -0300] [EVENT] [cadence.virtuoso.ade.gui] - NewHistoryCreated {"point": 1, "testname": "watto_4_bit_register_x1_test_1", "event": "NewHistoryCreated", "EventSource": "ADE GUI", "history": "ExplorerRun.0", "HistoryName": "ExplorerRun.0", "WorkDir": "/home/ufsm00051/wagner.chitto/wagner.chitto", "HistorySimDir": "/home/ufsm00051/wagner.chitto/simulation/watto/4_bit_register_x1_test/maestro/results/maestro/ExplorerRun.0", "HistoryResultsDir": "/home/ufsm00051/wagner.chitto/wagner.chitto/watto/4_bit_register_x1_test/maestro/results/maestro"}
[2025-12-01 17:42:00.213 -0300] [PROCESS] [cadence.virtuoso.ade.gui] - History Setup {"hostname": "ecomp", "processid": 1201550, "history": "ExplorerRun.0", "testname": "watto_4_bit_register_x1_test_1", "point": 1, "logfile": "/home/ufsm00051/wagner.chitto/wagner.chitto/logs_wagner.chitto/logs0/virtuoso_ade_debug.log", "jobmode": "LSCS", "runmode": "Single Run, Sweeps and Corners", "lib": "watto", "cell": "4_bit_register_x1_test", "view": "maestro", "icversion": "sub-version  IC23.1-64b.ISR15.37 ", "runstart": "Mon Dec  1 17:42:00 2025\n", "timezonelocal": "+000", "spectreversion": "unknown", "jobpolicyname": "Maestro Default", "maxjobs": "1", "ncjobpolicyname": "", "ncmaxjobs": "unknown", "numtests": "1", "runfinished": "unknown", "runelapsed": "-1", "numcorners": "1"}
[2025-12-01 17:42:01.412 -0300] [EVENT] [cadence.virtuoso.ade.pointevaluator] - NewPoint {"history": "ExplorerRun.0", "point": 1, "testname": "watto_4_bit_register_x1_test_1", "event": "NewPoint", "EventSource": "ADE GUI", "HistoryName": "ExplorerRun.0", "logFile": "/home/ufsm00051/wagner.chitto/wagner.chitto/logs_wagner.chitto/logs0/virtuoso_ade_debug.log", "logFileSize": "18017", "category": "point-netlist"}
[2025-12-01 17:42:01.412 -0300] [INFO] [cadence.virtuoso.ade.pointevaluator] - Started netlisting {"history": "ExplorerRun.0", "point": 1, "testname": "watto_4_bit_register_x1_test_1", "event": "start", "category": "point-netlist"}
[2025-12-01 17:42:03.133 -0300] [INFO] [cadence.virtuoso.ade.pointevaluator] - Finished netlisting {"history": "ExplorerRun.0", "point": 1, "testname": "watto_4_bit_register_x1_test_1", "event": "finish", "category": "point-netlist"}
[2025-12-01 17:42:03.133 -0300] [INFO] [cadence.virtuoso.ade.pointevaluator] - Submitted {"history": "ExplorerRun.0", "point": 1, "testname": "watto_4_bit_register_x1_test_1"}
[2025-12-01 17:42:04.261 -0300] [PROCESS] [cadence.virtuoso.ade.gui] - 2025/12/01 17:42:04 INFO (/home/tools/cadence/installs/SPECTRE231/tools.lnx86/bin/cdnsEnvCheck): Rocky Linux release 8.10 (Green Obsidian) detected (set environment variable CDS_SKIP_OS_CHECK_ON_STARTUP=1 to suppress).
 {"logfile": "/home/ufsm00051/wagner.chitto/wagner.chitto/logs_wagner.chitto/logs0/Job2.log"}
[2025-12-01 17:42:20.996 -0300] [INFO] [cadence.virtuoso.ade.gui] - Point completed {"history": "ExplorerRun.0", "point": 1, "testname": "watto_4_bit_register_x1_test_1"}
[2025-12-01 17:42:21.140 -0300] [INFO] [cadence.virtuoso.ade.gui] - Report Run Finished {"history": "ExplorerRun.0", "point": 1, "testname": "watto_4_bit_register_x1_test_1", "runId": "3"}
[2025-12-01 17:42:21.140 -0300] [EVENT] [cadence.virtuoso.ade.gui] - HistoryFinished {"point": 1, "testname": "watto_4_bit_register_x1_test_1", "event": "HistoryFinished", "EventSource": "ADE GUI", "HistoryName": "ExplorerRun.0"}
[2025-12-01 17:42:26.990 -0300] [INFO] [cadence.virtuoso.ade.gui] - Point strategy Finished {"history": "ExplorerRun.0", "point": 1, "testname": "watto_4_bit_register_x1_test_1", "runId": "3"}
[2025-12-01 17:42:26.994 -0300] [INFO] [cadence.virtuoso.ade.gui] - Emit Test Finish Message {"history": "ExplorerRun.0", "point": 1, "testname": "watto_4_bit_register_x1_test_1", "runId": "3", "testName": "watto_4_bit_register_x1_test_1", "idx": "watto_4_bit_register_x1_test_1"}
[2025-12-01 17:42:26.995 -0300] [INFO] [cadence.virtuoso.ade.gui] - Emit partition complete {"history": "ExplorerRun.0", "point": 1, "testname": "watto_4_bit_register_x1_test_1", "function": "emitTestPointPartitionFinishMessage", "runId": "3", "testName": "watto_4_bit_register_x1_test_1", "partition": "4"}
[2025-12-01 17:45:02.202 -0300] [EVENT] [cadence.virtuoso.ade.gui] - AddLogFile {"history": "ExplorerRun.0", "point": 1, "testname": "watto_4_bit_register_x1_test_1", "event": "AddLogFile", "EventSource": "ADE GUI", "HistoryName": "ExplorerRun.0", "Points": "", "EventLogFile": "/home/ufsm00051/wagner.chitto/wagner.chitto/logs_wagner.chitto/logs0/virtuoso_ade_debug.log", "EventTool": "ADE GUI", "EventTest": ""}
[2025-12-01 17:45:02.203 -0300] [EVENT] [cadence.virtuoso.ade.gui] - NewHistoryCreated {"point": 1, "testname": "watto_4_bit_register_x1_test_1", "event": "NewHistoryCreated", "EventSource": "ADE GUI", "history": "ExplorerRun.0", "HistoryName": "ExplorerRun.0", "WorkDir": "/home/ufsm00051/wagner.chitto/wagner.chitto", "HistorySimDir": "/home/ufsm00051/wagner.chitto/simulation/watto/4_bit_register_x1_test/maestro/results/maestro/ExplorerRun.0", "HistoryResultsDir": "/home/ufsm00051/wagner.chitto/wagner.chitto/watto/4_bit_register_x1_test/maestro/results/maestro"}
[2025-12-01 17:45:02.203 -0300] [PROCESS] [cadence.virtuoso.ade.gui] - History Setup {"hostname": "ecomp", "processid": 1201550, "history": "ExplorerRun.0", "testname": "watto_4_bit_register_x1_test_1", "point": 1, "logfile": "/home/ufsm00051/wagner.chitto/wagner.chitto/logs_wagner.chitto/logs0/virtuoso_ade_debug.log", "jobmode": "LSCS", "runmode": "Single Run, Sweeps and Corners", "lib": "watto", "cell": "4_bit_register_x1_test", "view": "maestro", "icversion": "sub-version  IC23.1-64b.ISR15.37 ", "runstart": "Mon Dec  1 17:45:02 2025\n", "timezonelocal": "+000", "spectreversion": "unknown", "jobpolicyname": "Maestro Default", "maxjobs": "1", "ncjobpolicyname": "", "ncmaxjobs": "unknown", "numtests": "1", "runfinished": "unknown", "runelapsed": "-1", "numcorners": "1"}
[2025-12-01 17:45:03.305 -0300] [EVENT] [cadence.virtuoso.ade.pointevaluator] - NewPoint {"history": "ExplorerRun.0", "point": 1, "testname": "watto_4_bit_register_x1_test_1", "event": "NewPoint", "EventSource": "ADE GUI", "HistoryName": "ExplorerRun.0", "logFile": "/home/ufsm00051/wagner.chitto/wagner.chitto/logs_wagner.chitto/logs0/virtuoso_ade_debug.log", "logFileSize": "22593", "category": "point-netlist"}
[2025-12-01 17:45:03.305 -0300] [INFO] [cadence.virtuoso.ade.pointevaluator] - Started netlisting {"history": "ExplorerRun.0", "point": 1, "testname": "watto_4_bit_register_x1_test_1", "event": "start", "category": "point-netlist"}
[2025-12-01 17:45:05.918 -0300] [INFO] [cadence.virtuoso.ade.pointevaluator] - Finished netlisting {"history": "ExplorerRun.0", "point": 1, "testname": "watto_4_bit_register_x1_test_1", "event": "finish", "category": "point-netlist"}
[2025-12-01 17:45:05.919 -0300] [INFO] [cadence.virtuoso.ade.pointevaluator] - Submitted {"history": "ExplorerRun.0", "point": 1, "testname": "watto_4_bit_register_x1_test_1"}
[2025-12-01 17:45:07.107 -0300] [PROCESS] [cadence.virtuoso.ade.gui] - 2025/12/01 17:45:07 INFO (/home/tools/cadence/installs/SPECTRE231/tools.lnx86/bin/cdnsEnvCheck): Rocky Linux release 8.10 (Green Obsidian) detected (set environment variable CDS_SKIP_OS_CHECK_ON_STARTUP=1 to suppress).
 {"logfile": "/home/ufsm00051/wagner.chitto/wagner.chitto/logs_wagner.chitto/logs0/Job2.log"}
[2025-12-01 17:45:25.995 -0300] [INFO] [cadence.virtuoso.ade.gui] - Point completed {"history": "ExplorerRun.0", "point": 1, "testname": "watto_4_bit_register_x1_test_1"}
[2025-12-01 17:45:26.226 -0300] [INFO] [cadence.virtuoso.ade.gui] - Report Run Finished {"history": "ExplorerRun.0", "point": 1, "testname": "watto_4_bit_register_x1_test_1", "runId": "4"}
[2025-12-01 17:45:26.227 -0300] [EVENT] [cadence.virtuoso.ade.gui] - HistoryFinished {"point": 1, "testname": "watto_4_bit_register_x1_test_1", "event": "HistoryFinished", "EventSource": "ADE GUI", "HistoryName": "ExplorerRun.0"}
[2025-12-01 17:45:34.663 -0300] [INFO] [cadence.virtuoso.ade.gui] - Point strategy Finished {"history": "ExplorerRun.0", "point": 1, "testname": "watto_4_bit_register_x1_test_1", "runId": "4"}
[2025-12-01 17:45:34.667 -0300] [INFO] [cadence.virtuoso.ade.gui] - Emit Test Finish Message {"history": "ExplorerRun.0", "point": 1, "testname": "watto_4_bit_register_x1_test_1", "runId": "4", "testName": "watto_4_bit_register_x1_test_1", "idx": "watto_4_bit_register_x1_test_1"}
[2025-12-01 17:45:34.667 -0300] [INFO] [cadence.virtuoso.ade.gui] - Emit partition complete {"history": "ExplorerRun.0", "point": 1, "testname": "watto_4_bit_register_x1_test_1", "function": "emitTestPointPartitionFinishMessage", "runId": "4", "testName": "watto_4_bit_register_x1_test_1", "partition": "5"}
[2025-12-01 17:48:28.468 -0300] [PROCESS] [cadence.virtuoso.ade.gui] - Logging Service '1216984' stopped with exit code '0' {"logfile": "/home/ufsm00051/wagner.chitto/wagner.chitto/logs_wagner.chitto/logs0/LoggingService0.log"}
[2025-12-01 17:49:11.016 -0300] [PROCESS] [cadence.virtuoso.ade.gui] - /home/ufsm00051/wagner.chitto/wagner.chitto/.tmp_wagner.chitto/.cmddir0/swiftLoggingService3 is starting {"logfile": "/home/ufsm00051/wagner.chitto/wagner.chitto/logs_wagner.chitto/logs0/LoggingService3.log"}
[2025-12-01 17:49:11.124 -0300] [PROCESS] [cadence.virtuoso.ade.gui] - /home/ufsm00051/wagner.chitto/wagner.chitto/.tmp_wagner.chitto/.cmddir0/swiftNetlistService4 is starting {"logfile": "/home/ufsm00051/wagner.chitto/wagner.chitto/logs_wagner.chitto/logs0/Service4.log"}
[2025-12-01 17:49:11.125 -0300] [PROCESS] [cadence.virtuoso.ade.gui] - COLLECTION_JOB_ID = '3'
 {"logfile": "/home/ufsm00051/wagner.chitto/wagner.chitto/logs_wagner.chitto/logs0/LoggingService3.log"}
[2025-12-01 17:49:11.125 -0300] [PROCESS] [cadence.virtuoso.ade.gui] - Logging Service '1232230' is starting up on host 'ecomp' {"logfile": "/home/ufsm00051/wagner.chitto/wagner.chitto/logs_wagner.chitto/logs0/LoggingService3.log"}
[2025-12-01 17:49:17.134 -0300] [PROCESS] [cadence.virtuoso.ade.gui] - COLLECTION_JOB_ID = '4'
 {"logfile": "/home/ufsm00051/wagner.chitto/wagner.chitto/logs_wagner.chitto/logs0/Service4.log"}
[2025-12-01 17:49:17.134 -0300] [PROCESS] [cadence.virtuoso.ade.gui] - Netlist Service '1232264' is starting up on host 'ecomp' {"logfile": "/home/ufsm00051/wagner.chitto/wagner.chitto/logs_wagner.chitto/logs0/Service4.log"}
[2025-12-01 17:49:35.163 -0300] [EVENT] [cadence.virtuoso.ade.gui] - AddLogFile {"history": "ExplorerRun.0", "event": "AddLogFile", "EventSource": "unknown", "HistoryName": "ExplorerRun.0", "Points": "", "EventLogFile": "", "EventTool": "unknown", "EventTest": ""}
[2025-12-01 17:49:35.165 -0300] [EVENT] [cadence.virtuoso.ade.gui] - NewHistoryCreated {"event": "NewHistoryCreated", "EventSource": "unknown", "history": "ExplorerRun.0", "HistoryName": "ExplorerRun.0", "WorkDir": "/home/ufsm00051/wagner.chitto/wagner.chitto", "HistorySimDir": "/home/ufsm00051/wagner.chitto/simulation/watto/4_bit_register_x1_test/maestro/results/maestro/ExplorerRun.0", "HistoryResultsDir": "/home/ufsm00051/wagner.chitto/wagner.chitto/watto/4_bit_register_x1_test/maestro/results/maestro"}
[2025-12-01 17:49:35.165 -0300] [PROCESS] [cadence.virtuoso.ade.gui] - History Setup {"hostname": "ecomp", "processid": 1201550, "history": "ExplorerRun.0", "jobmode": "LSCS", "runmode": "Single Run, Sweeps and Corners", "lib": "watto", "cell": "4_bit_register_x1_test", "view": "maestro", "icversion": "sub-version  IC23.1-64b.ISR15.37 ", "runstart": "Mon Dec  1 17:49:35 2025\n", "timezonelocal": "+000", "spectreversion": "unknown", "jobpolicyname": "Maestro Default", "maxjobs": "1", "ncjobpolicyname": "", "ncmaxjobs": "unknown", "numtests": "1", "runfinished": "unknown", "runelapsed": "-1", "numcorners": "1"}
[2025-12-01 17:49:36.958 -0300] [EVENT] [cadence.virtuoso.ade.pointevaluator] - NewPoint {"history": "ExplorerRun.0", "point": 1, "testname": "watto_4_bit_register_x1_test_1", "event": "NewPoint", "EventSource": "unknown", "HistoryName": "ExplorerRun.0", "logFile": "", "logFileSize": "-1", "category": "point-netlist"}
[2025-12-01 17:49:36.959 -0300] [INFO] [cadence.virtuoso.ade.pointevaluator] - Started netlisting {"history": "ExplorerRun.0", "point": 1, "testname": "watto_4_bit_register_x1_test_1", "event": "start", "category": "point-netlist"}
[2025-12-01 17:49:40.966 -0300] [INFO] [cadence.virtuoso.ade.pointevaluator] - Finished netlisting {"history": "ExplorerRun.0", "point": 1, "testname": "watto_4_bit_register_x1_test_1", "event": "finish", "category": "point-netlist"}
[2025-12-01 17:49:40.966 -0300] [INFO] [cadence.virtuoso.ade.pointevaluator] - Submitted {"history": "ExplorerRun.0", "point": 1, "testname": "watto_4_bit_register_x1_test_1"}
[2025-12-01 17:49:41.948 -0300] [PROCESS] [cadence.virtuoso.ade.gui] - /home/ufsm00051/wagner.chitto/wagner.chitto/.tmp_wagner.chitto/.cmddir0/swiftJob5 is starting {"logfile": "/home/ufsm00051/wagner.chitto/wagner.chitto/logs_wagner.chitto/logs0/Job5.log"}
[2025-12-01 17:49:42.350 -0300] [PROCESS] [cadence.virtuoso.ade.gui] - COLLECTION_JOB_ID = '5'
 {"logfile": "/home/ufsm00051/wagner.chitto/wagner.chitto/logs_wagner.chitto/logs0/Job5.log"}
[2025-12-01 17:49:42.356 -0300] [PROCESS] [cadence.virtuoso.ade.gui] - Simulation Monitor process '1233799' is starting up on host 'ecomp' {"logfile": "/home/ufsm00051/wagner.chitto/wagner.chitto/logs_wagner.chitto/logs0/Job5.log"}
[2025-12-01 17:49:42.356 -0300] [PROCESS] [cadence.virtuoso.ade.gui] - 2025/12/01 17:49:42 INFO (/home/tools/cadence/installs/IC231/tools.lnx86/bin/cdnsEnvCheck): Rocky Linux release 8.10 (Green Obsidian) detected (set environment variable CDS_SKIP_OS_CHECK_ON_STARTUP=1 to suppress).
 {"logfile": "/home/ufsm00051/wagner.chitto/wagner.chitto/logs_wagner.chitto/logs0/Job5.log"}
[2025-12-01 17:49:42.801 -0300] [PROCESS] [cadence.virtuoso.ade.gui] - 2025/12/01 17:49:42 INFO (/home/tools/cadence/installs/SPECTRE231/tools.lnx86/bin/cdnsEnvCheck): Rocky Linux release 8.10 (Green Obsidian) detected (set environment variable CDS_SKIP_OS_CHECK_ON_STARTUP=1 to suppress).
 {"logfile": "/home/ufsm00051/wagner.chitto/wagner.chitto/logs_wagner.chitto/logs0/Job5.log"}
[2025-12-01 17:50:05.011 -0300] [INFO] [cadence.virtuoso.ade.gui] - Point completed {"history": "ExplorerRun.0", "point": 1, "testname": "watto_4_bit_register_x1_test_1"}
[2025-12-01 17:50:05.981 -0300] [INFO] [cadence.virtuoso.ade.gui] - Report Run Finished {"history": "ExplorerRun.0", "point": 1, "testname": "watto_4_bit_register_x1_test_1", "runId": "0"}
[2025-12-01 17:50:05.981 -0300] [EVENT] [cadence.virtuoso.ade.gui] - HistoryFinished {"point": 1, "testname": "watto_4_bit_register_x1_test_1", "event": "HistoryFinished", "EventSource": "unknown", "HistoryName": "ExplorerRun.0"}
[2025-12-01 17:50:12.430 -0300] [INFO] [cadence.virtuoso.ade.gui] - Point strategy Finished {"history": "ExplorerRun.0", "point": 1, "testname": "watto_4_bit_register_x1_test_1", "runId": "0"}
[2025-12-01 17:50:12.454 -0300] [INFO] [cadence.virtuoso.ade.gui] - Emit Test Finish Message {"history": "ExplorerRun.0", "point": 1, "testname": "watto_4_bit_register_x1_test_1", "runId": "0", "testName": "watto_4_bit_register_x1_test_1", "idx": "watto_4_bit_register_x1_test_1"}
[2025-12-01 17:50:12.454 -0300] [INFO] [cadence.virtuoso.ade.gui] - Emit partition complete {"history": "ExplorerRun.0", "point": 1, "testname": "watto_4_bit_register_x1_test_1", "function": "emitTestPointPartitionFinishMessage", "runId": "0", "testName": "watto_4_bit_register_x1_test_1", "partition": "1"}
[2025-12-01 17:54:26.682 -0300] [PROCESS] [cadence.virtuoso.ade.gui] - Netlist Service '1232264' stopped with exit code '0' {"logfile": "/home/ufsm00051/wagner.chitto/wagner.chitto/logs_wagner.chitto/logs0/Service4.log"}
[2025-12-01 18:02:10.765 -0300] [PROCESS] [cadence.virtuoso.ade.gui] - /home/ufsm00051/wagner.chitto/wagner.chitto/.tmp_wagner.chitto/.cmddir0/swiftLoggingService6 is starting {"logfile": "/home/ufsm00051/wagner.chitto/wagner.chitto/logs_wagner.chitto/logs0/LoggingService6.log"}
[2025-12-01 18:02:10.773 -0300] [PROCESS] [cadence.virtuoso.ade.gui] - /home/ufsm00051/wagner.chitto/wagner.chitto/.tmp_wagner.chitto/.cmddir0/swiftNetlistService7 is starting {"logfile": "/home/ufsm00051/wagner.chitto/wagner.chitto/logs_wagner.chitto/logs0/Service7.log"}
[2025-12-01 18:02:24.499 -0300] [PROCESS] [cadence.virtuoso.ade.gui] - COLLECTION_JOB_ID = '6'
 {"logfile": "/home/ufsm00051/wagner.chitto/wagner.chitto/logs_wagner.chitto/logs0/LoggingService6.log"}
[2025-12-01 18:02:24.499 -0300] [PROCESS] [cadence.virtuoso.ade.gui] - COLLECTION_JOB_ID = '7'
 {"logfile": "/home/ufsm00051/wagner.chitto/wagner.chitto/logs_wagner.chitto/logs0/Service7.log"}
[2025-12-01 18:02:26.076 -0300] [PROCESS] [cadence.virtuoso.ade.gui] - Logging Service '1249564' is starting up on host 'ecomp' {"logfile": "/home/ufsm00051/wagner.chitto/wagner.chitto/logs_wagner.chitto/logs0/LoggingService6.log"}
[2025-12-01 18:02:26.076 -0300] [PROCESS] [cadence.virtuoso.ade.gui] - Netlist Service '1249574' is starting up on host 'ecomp' {"logfile": "/home/ufsm00051/wagner.chitto/wagner.chitto/logs_wagner.chitto/logs0/Service7.log"}
[2025-12-01 18:05:41.776 -0300] [EVENT] [cadence.virtuoso.ade.gui] - AddLogFile {"history": "ExplorerRun.0", "event": "AddLogFile", "EventSource": "unknown", "HistoryName": "ExplorerRun.0", "Points": "", "EventLogFile": "", "EventTool": "unknown", "EventTest": ""}
[2025-12-01 18:05:41.777 -0300] [EVENT] [cadence.virtuoso.ade.gui] - NewHistoryCreated {"event": "NewHistoryCreated", "EventSource": "unknown", "history": "ExplorerRun.0", "HistoryName": "ExplorerRun.0", "WorkDir": "/home/ufsm00051/wagner.chitto/wagner.chitto", "HistorySimDir": "/home/ufsm00051/wagner.chitto/simulation/watto/test_flipflopD_x1/maestro/results/maestro/ExplorerRun.0", "HistoryResultsDir": "/home/ufsm00051/wagner.chitto/wagner.chitto/watto/test_flipflopD_x1/maestro/results/maestro"}
[2025-12-01 18:05:41.777 -0300] [PROCESS] [cadence.virtuoso.ade.gui] - History Setup {"hostname": "ecomp", "processid": 1201550, "history": "ExplorerRun.0", "jobmode": "LSCS", "runmode": "Single Run, Sweeps and Corners", "lib": "watto", "cell": "test_flipflopD_x1", "view": "maestro", "icversion": "sub-version  IC23.1-64b.ISR15.37 ", "runstart": "Mon Dec  1 18:05:41 2025\n", "timezonelocal": "+000", "spectreversion": "unknown", "jobpolicyname": "Maestro Default", "maxjobs": "1", "ncjobpolicyname": "", "ncmaxjobs": "unknown", "numtests": "1", "runfinished": "unknown", "runelapsed": "-1", "numcorners": "1"}
[2025-12-01 18:05:42.890 -0300] [EVENT] [cadence.virtuoso.ade.pointevaluator] - NewPoint {"history": "ExplorerRun.0", "point": 1, "testname": "watto_test_flipflopD_x1_1", "event": "NewPoint", "EventSource": "unknown", "HistoryName": "ExplorerRun.0", "logFile": "", "logFileSize": "-1", "category": "point-netlist"}
[2025-12-01 18:05:42.890 -0300] [INFO] [cadence.virtuoso.ade.pointevaluator] - Started netlisting {"history": "ExplorerRun.0", "point": 1, "testname": "watto_test_flipflopD_x1_1", "event": "start", "category": "point-netlist"}
[2025-12-01 18:05:45.312 -0300] [INFO] [cadence.virtuoso.ade.pointevaluator] - Finished netlisting {"history": "ExplorerRun.0", "point": 1, "testname": "watto_test_flipflopD_x1_1", "event": "finish", "category": "point-netlist"}
[2025-12-01 18:05:45.313 -0300] [INFO] [cadence.virtuoso.ade.pointevaluator] - Submitted {"history": "ExplorerRun.0", "point": 1, "testname": "watto_test_flipflopD_x1_1"}
[2025-12-01 18:05:47.500 -0300] [PROCESS] [cadence.virtuoso.ade.gui] - /home/ufsm00051/wagner.chitto/wagner.chitto/.tmp_wagner.chitto/.cmddir0/swiftJob8 is starting {"logfile": "/home/ufsm00051/wagner.chitto/wagner.chitto/logs_wagner.chitto/logs0/Job8.log"}
[2025-12-01 18:05:47.516 -0300] [PROCESS] [cadence.virtuoso.ade.gui] - COLLECTION_JOB_ID = '8'
 {"logfile": "/home/ufsm00051/wagner.chitto/wagner.chitto/logs_wagner.chitto/logs0/Job8.log"}
[2025-12-01 18:05:47.531 -0300] [PROCESS] [cadence.virtuoso.ade.gui] - Simulation Monitor process '1255395' is starting up on host 'ecomp' {"logfile": "/home/ufsm00051/wagner.chitto/wagner.chitto/logs_wagner.chitto/logs0/Job8.log"}
[2025-12-01 18:05:47.582 -0300] [PROCESS] [cadence.virtuoso.ade.gui] - 2025/12/01 18:05:47 INFO (/home/tools/cadence/installs/IC231/tools.lnx86/bin/cdnsEnvCheck): Rocky Linux release 8.10 (Green Obsidian) detected (set environment variable CDS_SKIP_OS_CHECK_ON_STARTUP=1 to suppress).
 {"logfile": "/home/ufsm00051/wagner.chitto/wagner.chitto/logs_wagner.chitto/logs0/Job8.log"}
[2025-12-01 18:05:47.901 -0300] [PROCESS] [cadence.virtuoso.ade.gui] - 2025/12/01 18:05:47 INFO (/home/tools/cadence/installs/SPECTRE231/tools.lnx86/bin/cdnsEnvCheck): Rocky Linux release 8.10 (Green Obsidian) detected (set environment variable CDS_SKIP_OS_CHECK_ON_STARTUP=1 to suppress).
 {"logfile": "/home/ufsm00051/wagner.chitto/wagner.chitto/logs_wagner.chitto/logs0/Job8.log"}
[2025-12-01 18:05:54.499 -0300] [INFO] [cadence.virtuoso.ade.gui] - Point completed {"history": "ExplorerRun.0", "point": 1, "testname": "watto_test_flipflopD_x1_1"}
[2025-12-01 18:05:54.863 -0300] [INFO] [cadence.virtuoso.ade.gui] - Report Run Finished {"history": "ExplorerRun.0", "point": 1, "testname": "watto_test_flipflopD_x1_1", "runId": "0"}
[2025-12-01 18:05:54.863 -0300] [EVENT] [cadence.virtuoso.ade.gui] - HistoryFinished {"point": 1, "testname": "watto_test_flipflopD_x1_1", "event": "HistoryFinished", "EventSource": "unknown", "HistoryName": "ExplorerRun.0"}
[2025-12-01 18:06:06.504 -0300] [INFO] [cadence.virtuoso.ade.gui] - Point strategy Finished {"history": "ExplorerRun.0", "point": 1, "testname": "watto_test_flipflopD_x1_1", "runId": "0"}
[2025-12-01 18:06:06.509 -0300] [INFO] [cadence.virtuoso.ade.gui] - Emit Test Finish Message {"history": "ExplorerRun.0", "point": 1, "testname": "watto_test_flipflopD_x1_1", "runId": "0", "testName": "watto_test_flipflopD_x1_1", "idx": "watto_test_flipflopD_x1_1"}
[2025-12-01 18:06:06.509 -0300] [INFO] [cadence.virtuoso.ade.gui] - Emit partition complete {"history": "ExplorerRun.0", "point": 1, "testname": "watto_test_flipflopD_x1_1", "function": "emitTestPointPartitionFinishMessage", "runId": "0", "testName": "watto_test_flipflopD_x1_1", "partition": "1"}
[2025-12-01 18:07:28.906 -0300] [PROCESS] [cadence.virtuoso.ade.gui] - Netlist Service '1249574' stopped with exit code '0' {"logfile": "/home/ufsm00051/wagner.chitto/wagner.chitto/logs_wagner.chitto/logs0/Service7.log"}
[2025-12-01 18:07:58.139 -0300] [EVENT] [cadence.virtuoso.ade.gui] - AddLogFile {"history": "ExplorerRun.0", "point": 1, "testname": "watto_test_flipflopD_x1_1", "event": "AddLogFile", "EventSource": "unknown", "HistoryName": "ExplorerRun.0", "Points": "", "EventLogFile": "", "EventTool": "unknown", "EventTest": ""}
[2025-12-01 18:07:58.140 -0300] [EVENT] [cadence.virtuoso.ade.gui] - NewHistoryCreated {"point": 1, "testname": "watto_test_flipflopD_x1_1", "event": "NewHistoryCreated", "EventSource": "unknown", "history": "ExplorerRun.0", "HistoryName": "ExplorerRun.0", "WorkDir": "/home/ufsm00051/wagner.chitto/wagner.chitto", "HistorySimDir": "/home/ufsm00051/wagner.chitto/simulation/watto/test_flipflopD_x1/maestro/results/maestro/ExplorerRun.0", "HistoryResultsDir": "/home/ufsm00051/wagner.chitto/wagner.chitto/watto/test_flipflopD_x1/maestro/results/maestro"}
[2025-12-01 18:07:58.140 -0300] [PROCESS] [cadence.virtuoso.ade.gui] - History Setup {"hostname": "ecomp", "processid": 1201550, "history": "ExplorerRun.0", "testname": "watto_test_flipflopD_x1_1", "point": 1, "jobmode": "LSCS", "runmode": "Single Run, Sweeps and Corners", "lib": "watto", "cell": "test_flipflopD_x1", "view": "maestro", "icversion": "sub-version  IC23.1-64b.ISR15.37 ", "runstart": "Mon Dec  1 18:07:58 2025\n", "timezonelocal": "+000", "spectreversion": "unknown", "jobpolicyname": "Maestro Default", "maxjobs": "1", "ncjobpolicyname": "", "ncmaxjobs": "unknown", "numtests": "1", "runfinished": "unknown", "runelapsed": "-1", "numcorners": "1"}
[2025-12-01 18:07:59.209 -0300] [EVENT] [cadence.virtuoso.ade.pointevaluator] - NewPoint {"history": "ExplorerRun.0", "point": 1, "testname": "watto_test_flipflopD_x1_1", "event": "NewPoint", "EventSource": "unknown", "HistoryName": "ExplorerRun.0", "logFile": "", "logFileSize": "-1", "category": "point-netlist"}
[2025-12-01 18:07:59.209 -0300] [INFO] [cadence.virtuoso.ade.pointevaluator] - Started netlisting {"history": "ExplorerRun.0", "point": 1, "testname": "watto_test_flipflopD_x1_1", "event": "start", "category": "point-netlist"}
[2025-12-01 18:08:00.767 -0300] [INFO] [cadence.virtuoso.ade.pointevaluator] - Finished netlisting {"history": "ExplorerRun.0", "point": 1, "testname": "watto_test_flipflopD_x1_1", "event": "finish", "category": "point-netlist"}
[2025-12-01 18:08:00.767 -0300] [INFO] [cadence.virtuoso.ade.pointevaluator] - Submitted {"history": "ExplorerRun.0", "point": 1, "testname": "watto_test_flipflopD_x1_1"}
[2025-12-01 18:08:01.897 -0300] [PROCESS] [cadence.virtuoso.ade.gui] - 2025/12/01 18:08:01 INFO (/home/tools/cadence/installs/SPECTRE231/tools.lnx86/bin/cdnsEnvCheck): Rocky Linux release 8.10 (Green Obsidian) detected (set environment variable CDS_SKIP_OS_CHECK_ON_STARTUP=1 to suppress).
 {"logfile": "/home/ufsm00051/wagner.chitto/wagner.chitto/logs_wagner.chitto/logs0/Job8.log"}
[2025-12-01 18:08:05.993 -0300] [INFO] [cadence.virtuoso.ade.gui] - Point completed {"history": "ExplorerRun.0", "point": 1, "testname": "watto_test_flipflopD_x1_1"}
[2025-12-01 18:08:06.143 -0300] [INFO] [cadence.virtuoso.ade.gui] - Report Run Finished {"history": "ExplorerRun.0", "point": 1, "testname": "watto_test_flipflopD_x1_1", "runId": "1"}
[2025-12-01 18:08:06.143 -0300] [EVENT] [cadence.virtuoso.ade.gui] - HistoryFinished {"point": 1, "testname": "watto_test_flipflopD_x1_1", "event": "HistoryFinished", "EventSource": "unknown", "HistoryName": "ExplorerRun.0"}
[2025-12-01 18:08:11.390 -0300] [INFO] [cadence.virtuoso.ade.gui] - Point strategy Finished {"history": "ExplorerRun.0", "point": 1, "testname": "watto_test_flipflopD_x1_1", "runId": "1"}
[2025-12-01 18:08:11.393 -0300] [INFO] [cadence.virtuoso.ade.gui] - Emit Test Finish Message {"history": "ExplorerRun.0", "point": 1, "testname": "watto_test_flipflopD_x1_1", "runId": "1", "testName": "watto_test_flipflopD_x1_1", "idx": "watto_test_flipflopD_x1_1"}
[2025-12-01 18:08:11.393 -0300] [INFO] [cadence.virtuoso.ade.gui] - Emit partition complete {"history": "ExplorerRun.0", "point": 1, "testname": "watto_test_flipflopD_x1_1", "function": "emitTestPointPartitionFinishMessage", "runId": "1", "testName": "watto_test_flipflopD_x1_1", "partition": "2"}
[2025-12-01 18:09:41.083 -0300] [EVENT] [cadence.virtuoso.ade.gui] - AddLogFile {"history": "ExplorerRun.0", "point": 1, "testname": "watto_test_flipflopD_x1_1", "event": "AddLogFile", "EventSource": "unknown", "HistoryName": "ExplorerRun.0", "Points": "", "EventLogFile": "", "EventTool": "unknown", "EventTest": ""}
[2025-12-01 18:09:41.084 -0300] [EVENT] [cadence.virtuoso.ade.gui] - NewHistoryCreated {"point": 1, "testname": "watto_test_flipflopD_x1_1", "event": "NewHistoryCreated", "EventSource": "unknown", "history": "ExplorerRun.0", "HistoryName": "ExplorerRun.0", "WorkDir": "/home/ufsm00051/wagner.chitto/wagner.chitto", "HistorySimDir": "/home/ufsm00051/wagner.chitto/simulation/watto/test_flipflopD_x1/maestro/results/maestro/ExplorerRun.0", "HistoryResultsDir": "/home/ufsm00051/wagner.chitto/wagner.chitto/watto/test_flipflopD_x1/maestro/results/maestro"}
[2025-12-01 18:09:41.084 -0300] [PROCESS] [cadence.virtuoso.ade.gui] - History Setup {"hostname": "ecomp", "processid": 1201550, "history": "ExplorerRun.0", "testname": "watto_test_flipflopD_x1_1", "point": 1, "jobmode": "LSCS", "runmode": "Single Run, Sweeps and Corners", "lib": "watto", "cell": "test_flipflopD_x1", "view": "maestro", "icversion": "sub-version  IC23.1-64b.ISR15.37 ", "runstart": "Mon Dec  1 18:09:41 2025\n", "timezonelocal": "+000", "spectreversion": "unknown", "jobpolicyname": "Maestro Default", "maxjobs": "1", "ncjobpolicyname": "", "ncmaxjobs": "unknown", "numtests": "1", "runfinished": "unknown", "runelapsed": "-1", "numcorners": "1"}
[2025-12-01 18:09:42.218 -0300] [EVENT] [cadence.virtuoso.ade.pointevaluator] - NewPoint {"history": "ExplorerRun.0", "point": 1, "testname": "watto_test_flipflopD_x1_1", "event": "NewPoint", "EventSource": "unknown", "HistoryName": "ExplorerRun.0", "logFile": "", "logFileSize": "-1", "category": "point-netlist"}
[2025-12-01 18:09:42.219 -0300] [INFO] [cadence.virtuoso.ade.pointevaluator] - Started netlisting {"history": "ExplorerRun.0", "point": 1, "testname": "watto_test_flipflopD_x1_1", "event": "start", "category": "point-netlist"}
[2025-12-01 18:09:44.422 -0300] [INFO] [cadence.virtuoso.ade.pointevaluator] - Finished netlisting {"history": "ExplorerRun.0", "point": 1, "testname": "watto_test_flipflopD_x1_1", "event": "finish", "category": "point-netlist"}
[2025-12-01 18:09:44.422 -0300] [INFO] [cadence.virtuoso.ade.pointevaluator] - Submitted {"history": "ExplorerRun.0", "point": 1, "testname": "watto_test_flipflopD_x1_1"}
[2025-12-01 18:09:46.524 -0300] [PROCESS] [cadence.virtuoso.ade.gui] - 2025/12/01 18:09:45 INFO (/home/tools/cadence/installs/SPECTRE231/tools.lnx86/bin/cdnsEnvCheck): Rocky Linux release 8.10 (Green Obsidian) detected (set environment variable CDS_SKIP_OS_CHECK_ON_STARTUP=1 to suppress).
 {"logfile": "/home/ufsm00051/wagner.chitto/wagner.chitto/logs_wagner.chitto/logs0/Job8.log"}
[2025-12-01 18:09:52.992 -0300] [INFO] [cadence.virtuoso.ade.gui] - Point completed {"history": "ExplorerRun.0", "point": 1, "testname": "watto_test_flipflopD_x1_1"}
[2025-12-01 18:09:53.138 -0300] [INFO] [cadence.virtuoso.ade.gui] - Report Run Finished {"history": "ExplorerRun.0", "point": 1, "testname": "watto_test_flipflopD_x1_1", "runId": "2"}
[2025-12-01 18:09:53.138 -0300] [EVENT] [cadence.virtuoso.ade.gui] - HistoryFinished {"point": 1, "testname": "watto_test_flipflopD_x1_1", "event": "HistoryFinished", "EventSource": "unknown", "HistoryName": "ExplorerRun.0"}
[2025-12-01 18:10:03.614 -0300] [INFO] [cadence.virtuoso.ade.gui] - Point strategy Finished {"history": "ExplorerRun.0", "point": 1, "testname": "watto_test_flipflopD_x1_1", "runId": "2"}
[2025-12-01 18:10:03.617 -0300] [INFO] [cadence.virtuoso.ade.gui] - Emit Test Finish Message {"history": "ExplorerRun.0", "point": 1, "testname": "watto_test_flipflopD_x1_1", "runId": "2", "testName": "watto_test_flipflopD_x1_1", "idx": "watto_test_flipflopD_x1_1"}
[2025-12-01 18:10:03.618 -0300] [INFO] [cadence.virtuoso.ade.gui] - Emit partition complete {"history": "ExplorerRun.0", "point": 1, "testname": "watto_test_flipflopD_x1_1", "function": "emitTestPointPartitionFinishMessage", "runId": "2", "testName": "watto_test_flipflopD_x1_1", "partition": "3"}
[2025-12-01 18:11:11.514 -0300] [PROCESS] [cadence.virtuoso.ade.gui] - Logging Service '1249564' stopped with exit code '0' {"logfile": "/home/ufsm00051/wagner.chitto/wagner.chitto/logs_wagner.chitto/logs0/LoggingService6.log"}
[2025-12-01 18:11:17.927 -0300] [PROCESS] [cadence.virtuoso.ade.gui] - /home/ufsm00051/wagner.chitto/wagner.chitto/.tmp_wagner.chitto/.cmddir0/swiftLoggingService9 is starting {"logfile": "/home/ufsm00051/wagner.chitto/wagner.chitto/logs_wagner.chitto/logs0/LoggingService9.log"}
[2025-12-01 18:11:18.035 -0300] [PROCESS] [cadence.virtuoso.ade.gui] - /home/ufsm00051/wagner.chitto/wagner.chitto/.tmp_wagner.chitto/.cmddir0/swiftNetlistService10 is starting {"logfile": "/home/ufsm00051/wagner.chitto/wagner.chitto/logs_wagner.chitto/logs0/Service10.log"}
[2025-12-01 18:11:18.035 -0300] [PROCESS] [cadence.virtuoso.ade.gui] - COLLECTION_JOB_ID = '9'
 {"logfile": "/home/ufsm00051/wagner.chitto/wagner.chitto/logs_wagner.chitto/logs0/LoggingService9.log"}
[2025-12-01 18:11:18.035 -0300] [PROCESS] [cadence.virtuoso.ade.gui] - Logging Service '1261630' is starting up on host 'ecomp' {"logfile": "/home/ufsm00051/wagner.chitto/wagner.chitto/logs_wagner.chitto/logs0/LoggingService9.log"}
[2025-12-01 18:11:20.584 -0300] [PROCESS] [cadence.virtuoso.ade.gui] - COLLECTION_JOB_ID = '10'
 {"logfile": "/home/ufsm00051/wagner.chitto/wagner.chitto/logs_wagner.chitto/logs0/Service10.log"}
[2025-12-01 18:11:20.584 -0300] [PROCESS] [cadence.virtuoso.ade.gui] - Netlist Service '1261669' is starting up on host 'ecomp' {"logfile": "/home/ufsm00051/wagner.chitto/wagner.chitto/logs_wagner.chitto/logs0/Service10.log"}
[2025-12-01 18:11:24.019 -0300] [EVENT] [cadence.virtuoso.ade.gui] - AddLogFile {"history": "ExplorerRun.0", "event": "AddLogFile", "EventSource": "unknown", "HistoryName": "ExplorerRun.0", "Points": "", "EventLogFile": "", "EventTool": "unknown", "EventTest": ""}
[2025-12-01 18:11:24.020 -0300] [EVENT] [cadence.virtuoso.ade.gui] - NewHistoryCreated {"event": "NewHistoryCreated", "EventSource": "unknown", "history": "ExplorerRun.0", "HistoryName": "ExplorerRun.0", "WorkDir": "/home/ufsm00051/wagner.chitto/wagner.chitto", "HistorySimDir": "/home/ufsm00051/wagner.chitto/simulation/watto/test_flipflopD_ms_x1/maestro/results/maestro/ExplorerRun.0", "HistoryResultsDir": "/home/ufsm00051/wagner.chitto/wagner.chitto/watto/test_flipflopD_ms_x1/maestro/results/maestro"}
[2025-12-01 18:11:24.020 -0300] [PROCESS] [cadence.virtuoso.ade.gui] - History Setup {"hostname": "ecomp", "processid": 1201550, "history": "ExplorerRun.0", "jobmode": "LSCS", "runmode": "Single Run, Sweeps and Corners", "lib": "watto", "cell": "test_flipflopD_ms_x1", "view": "maestro", "icversion": "sub-version  IC23.1-64b.ISR15.37 ", "runstart": "Mon Dec  1 18:11:24 2025\n", "timezonelocal": "+000", "spectreversion": "unknown", "jobpolicyname": "Maestro Default", "maxjobs": "1", "ncjobpolicyname": "", "ncmaxjobs": "unknown", "numtests": "1", "runfinished": "unknown", "runelapsed": "-1", "numcorners": "1"}
[2025-12-01 18:11:25.121 -0300] [EVENT] [cadence.virtuoso.ade.pointevaluator] - NewPoint {"history": "ExplorerRun.0", "point": 1, "testname": "watto_test_flipflopD_x1_1", "event": "NewPoint", "EventSource": "unknown", "HistoryName": "ExplorerRun.0", "logFile": "", "logFileSize": "-1", "category": "point-netlist"}
[2025-12-01 18:11:25.121 -0300] [INFO] [cadence.virtuoso.ade.pointevaluator] - Started netlisting {"history": "ExplorerRun.0", "point": 1, "testname": "watto_test_flipflopD_x1_1", "event": "start", "category": "point-netlist"}
[2025-12-01 18:11:27.830 -0300] [INFO] [cadence.virtuoso.ade.pointevaluator] - Finished netlisting {"history": "ExplorerRun.0", "point": 1, "testname": "watto_test_flipflopD_x1_1", "event": "finish", "category": "point-netlist"}
[2025-12-01 18:11:27.831 -0300] [INFO] [cadence.virtuoso.ade.pointevaluator] - Submitted {"history": "ExplorerRun.0", "point": 1, "testname": "watto_test_flipflopD_x1_1"}
[2025-12-01 18:11:29.491 -0300] [PROCESS] [cadence.virtuoso.ade.gui] - /home/ufsm00051/wagner.chitto/wagner.chitto/.tmp_wagner.chitto/.cmddir0/swiftJob11 is starting {"logfile": "/home/ufsm00051/wagner.chitto/wagner.chitto/logs_wagner.chitto/logs0/Job11.log"}
[2025-12-01 18:11:29.596 -0300] [PROCESS] [cadence.virtuoso.ade.gui] - COLLECTION_JOB_ID = '11'
 {"logfile": "/home/ufsm00051/wagner.chitto/wagner.chitto/logs_wagner.chitto/logs0/Job11.log"}
[2025-12-01 18:11:29.597 -0300] [PROCESS] [cadence.virtuoso.ade.gui] - Simulation Monitor process '1262169' is starting up on host 'ecomp' {"logfile": "/home/ufsm00051/wagner.chitto/wagner.chitto/logs_wagner.chitto/logs0/Job11.log"}
[2025-12-01 18:11:29.597 -0300] [PROCESS] [cadence.virtuoso.ade.gui] - 2025/12/01 18:11:29 INFO (/home/tools/cadence/installs/IC231/tools.lnx86/bin/cdnsEnvCheck): Rocky Linux release 8.10 (Green Obsidian) detected (set environment variable CDS_SKIP_OS_CHECK_ON_STARTUP=1 to suppress).
 {"logfile": "/home/ufsm00051/wagner.chitto/wagner.chitto/logs_wagner.chitto/logs0/Job11.log"}
[2025-12-01 18:11:29.800 -0300] [PROCESS] [cadence.virtuoso.ade.gui] - 2025/12/01 18:11:29 INFO (/home/tools/cadence/installs/SPECTRE231/tools.lnx86/bin/cdnsEnvCheck): Rocky Linux release 8.10 (Green Obsidian) detected (set environment variable CDS_SKIP_OS_CHECK_ON_STARTUP=1 to suppress).
 {"logfile": "/home/ufsm00051/wagner.chitto/wagner.chitto/logs_wagner.chitto/logs0/Job11.log"}
[2025-12-01 18:11:36.994 -0300] [INFO] [cadence.virtuoso.ade.gui] - Point completed {"history": "ExplorerRun.0", "point": 1, "testname": "watto_test_flipflopD_x1_1"}
[2025-12-01 18:11:37.208 -0300] [INFO] [cadence.virtuoso.ade.gui] - Report Run Finished {"history": "ExplorerRun.0", "point": 1, "testname": "watto_test_flipflopD_x1_1", "runId": "0"}
[2025-12-01 18:11:37.208 -0300] [EVENT] [cadence.virtuoso.ade.gui] - HistoryFinished {"point": 1, "testname": "watto_test_flipflopD_x1_1", "event": "HistoryFinished", "EventSource": "unknown", "HistoryName": "ExplorerRun.0"}
[2025-12-01 18:11:45.407 -0300] [INFO] [cadence.virtuoso.ade.gui] - Point strategy Finished {"history": "ExplorerRun.0", "point": 1, "testname": "watto_test_flipflopD_x1_1", "runId": "0"}
[2025-12-01 18:11:45.410 -0300] [INFO] [cadence.virtuoso.ade.gui] - Emit Test Finish Message {"history": "ExplorerRun.0", "point": 1, "testname": "watto_test_flipflopD_x1_1", "runId": "0", "testName": "watto_test_flipflopD_x1_1", "idx": "watto_test_flipflopD_x1_1"}
[2025-12-01 18:11:45.411 -0300] [INFO] [cadence.virtuoso.ade.gui] - Emit partition complete {"history": "ExplorerRun.0", "point": 1, "testname": "watto_test_flipflopD_x1_1", "function": "emitTestPointPartitionFinishMessage", "runId": "0", "testName": "watto_test_flipflopD_x1_1", "partition": "1"}
[2025-12-01 18:16:31.889 -0300] [PROCESS] [cadence.virtuoso.ade.gui] - Netlist Service '1261669' stopped with exit code '0' {"logfile": "/home/ufsm00051/wagner.chitto/wagner.chitto/logs_wagner.chitto/logs0/Service10.log"}
[2025-12-01 18:22:49.092 -0300] [PROCESS] [cadence.virtuoso.ade.gui] - Logging Service '1261630' stopped with exit code '0' {"logfile": "/home/ufsm00051/wagner.chitto/wagner.chitto/logs_wagner.chitto/logs0/LoggingService9.log"}
[2025-12-01 18:45:38.707 -0300] [EVENT] [cadence.virtuoso.ade.gui] - AddLogFile {"history": "ExplorerRun.0", "point": 1, "testname": "watto_4_bit_register_x1_test_1", "event": "AddLogFile", "EventSource": "unknown", "HistoryName": "ExplorerRun.0", "Points": "", "EventLogFile": "", "EventTool": "unknown", "EventTest": ""}
[2025-12-01 18:45:38.708 -0300] [EVENT] [cadence.virtuoso.ade.gui] - NewHistoryCreated {"point": 1, "testname": "watto_4_bit_register_x1_test_1", "event": "NewHistoryCreated", "EventSource": "unknown", "history": "ExplorerRun.0", "HistoryName": "ExplorerRun.0", "WorkDir": "/home/ufsm00051/wagner.chitto/wagner.chitto", "HistorySimDir": "/home/ufsm00051/wagner.chitto/simulation/watto/4_bit_register_x1_test/maestro/results/maestro/ExplorerRun.0", "HistoryResultsDir": "/home/ufsm00051/wagner.chitto/wagner.chitto/watto/4_bit_register_x1_test/maestro/results/maestro"}
[2025-12-01 18:45:38.708 -0300] [PROCESS] [cadence.virtuoso.ade.gui] - History Setup {"hostname": "ecomp", "processid": 1201550, "history": "ExplorerRun.0", "testname": "watto_4_bit_register_x1_test_1", "point": 1, "jobmode": "LSCS", "runmode": "Single Run, Sweeps and Corners", "lib": "watto", "cell": "4_bit_register_x1_test", "view": "maestro", "icversion": "sub-version  IC23.1-64b.ISR15.37 ", "runstart": "Mon Dec  1 18:45:38 2025\n", "timezonelocal": "+000", "spectreversion": "unknown", "jobpolicyname": "Maestro Default", "maxjobs": "1", "ncjobpolicyname": "", "ncmaxjobs": "unknown", "numtests": "1", "runfinished": "unknown", "runelapsed": "-1", "numcorners": "1"}
[2025-12-01 18:45:39.815 -0300] [EVENT] [cadence.virtuoso.ade.pointevaluator] - NewPoint {"history": "ExplorerRun.0", "point": 1, "testname": "watto_4_bit_register_x1_test_1", "event": "NewPoint", "EventSource": "unknown", "HistoryName": "ExplorerRun.0", "logFile": "", "logFileSize": "-1", "category": "point-netlist"}
[2025-12-01 18:45:39.816 -0300] [INFO] [cadence.virtuoso.ade.pointevaluator] - Started netlisting {"history": "ExplorerRun.0", "point": 1, "testname": "watto_4_bit_register_x1_test_1", "event": "start", "category": "point-netlist"}
[2025-12-01 18:45:42.531 -0300] [INFO] [cadence.virtuoso.ade.pointevaluator] - Finished netlisting {"history": "ExplorerRun.0", "point": 1, "testname": "watto_4_bit_register_x1_test_1", "event": "finish", "category": "point-netlist"}
[2025-12-01 18:45:42.531 -0300] [INFO] [cadence.virtuoso.ade.pointevaluator] - Submitted {"history": "ExplorerRun.0", "point": 1, "testname": "watto_4_bit_register_x1_test_1"}
[2025-12-01 18:45:44.422 -0300] [PROCESS] [cadence.virtuoso.ade.gui] - /home/ufsm00051/wagner.chitto/wagner.chitto/.tmp_wagner.chitto/.cmddir0/swiftJob12 is starting {"logfile": "/home/ufsm00051/wagner.chitto/wagner.chitto/logs_wagner.chitto/logs0/Job12.log"}
[2025-12-01 18:45:44.527 -0300] [PROCESS] [cadence.virtuoso.ade.gui] - COLLECTION_JOB_ID = '12'
 {"logfile": "/home/ufsm00051/wagner.chitto/wagner.chitto/logs_wagner.chitto/logs0/Job12.log"}
[2025-12-01 18:45:44.527 -0300] [PROCESS] [cadence.virtuoso.ade.gui] - Simulation Monitor process '1293772' is starting up on host 'ecomp' {"logfile": "/home/ufsm00051/wagner.chitto/wagner.chitto/logs_wagner.chitto/logs0/Job12.log"}
[2025-12-01 18:45:44.528 -0300] [PROCESS] [cadence.virtuoso.ade.gui] - 2025/12/01 18:45:44 INFO (/home/tools/cadence/installs/IC231/tools.lnx86/bin/cdnsEnvCheck): Rocky Linux release 8.10 (Green Obsidian) detected (set environment variable CDS_SKIP_OS_CHECK_ON_STARTUP=1 to suppress).
 {"logfile": "/home/ufsm00051/wagner.chitto/wagner.chitto/logs_wagner.chitto/logs0/Job12.log"}
[2025-12-01 18:45:44.708 -0300] [PROCESS] [cadence.virtuoso.ade.gui] - 2025/12/01 18:45:44 INFO (/home/tools/cadence/installs/SPECTRE231/tools.lnx86/bin/cdnsEnvCheck): Rocky Linux release 8.10 (Green Obsidian) detected (set environment variable CDS_SKIP_OS_CHECK_ON_STARTUP=1 to suppress).
 {"logfile": "/home/ufsm00051/wagner.chitto/wagner.chitto/logs_wagner.chitto/logs0/Job12.log"}
[2025-12-01 18:46:00.994 -0300] [INFO] [cadence.virtuoso.ade.gui] - Point completed {"history": "ExplorerRun.0", "point": 1, "testname": "watto_4_bit_register_x1_test_1"}
[2025-12-01 18:46:01.145 -0300] [INFO] [cadence.virtuoso.ade.gui] - Report Run Finished {"history": "ExplorerRun.0", "point": 1, "testname": "watto_4_bit_register_x1_test_1", "runId": "1"}
[2025-12-01 18:46:01.145 -0300] [EVENT] [cadence.virtuoso.ade.gui] - HistoryFinished {"point": 1, "testname": "watto_4_bit_register_x1_test_1", "event": "HistoryFinished", "EventSource": "unknown", "HistoryName": "ExplorerRun.0"}
[2025-12-01 18:46:06.346 -0300] [INFO] [cadence.virtuoso.ade.gui] - Point strategy Finished {"history": "ExplorerRun.0", "point": 1, "testname": "watto_4_bit_register_x1_test_1", "runId": "1"}
[2025-12-01 18:46:06.350 -0300] [INFO] [cadence.virtuoso.ade.gui] - Emit Test Finish Message {"history": "ExplorerRun.0", "point": 1, "testname": "watto_4_bit_register_x1_test_1", "runId": "1", "testName": "watto_4_bit_register_x1_test_1", "idx": "watto_4_bit_register_x1_test_1"}
[2025-12-01 18:46:06.350 -0300] [INFO] [cadence.virtuoso.ade.gui] - Emit partition complete {"history": "ExplorerRun.0", "point": 1, "testname": "watto_4_bit_register_x1_test_1", "function": "emitTestPointPartitionFinishMessage", "runId": "1", "testName": "watto_4_bit_register_x1_test_1", "partition": "2"}
