Virtuoso Framework License (111) was checked out successfully. Total checkout time was 0.03s.
********************************************************************************
Product   : Virtuoso(R) XStream Out
Program   : @(#)$CDS: strmout version IC23.1-64b 07/08/2025 22:22 (cpgbld17) $
          : sub-version  IC23.1-64b.ISR15.37 
Started at: 25-Nov-2025  18:37:59
User Name : wagner.chitto
Host Name : ecomp
Directory : /home/ufsm00051/wagner.chitto/wagner.chitto
CADENCE Design Systems, Inc.
********************************************************************************
Info: Cellview Rev Num:99,  Tech Rev Num:59

WARNING (XSTRM-20): Output Stream file '/home/ufsm00051/wagner.chitto/wagner.chitto/run_drc_bufferx2/buffer_x2.gds' already exists. It will be overwritten.
Loading gpdk045/libInit.il ...
	Loading gpdk045/loadCxt.ile ... done!
	Loading context 'gpdk045' from library 'gpdk045' ... done!
	Loading context 'pdkUtils' from library 'gpdk045' ... done!
	Loading gpdk045/gpdk045_customFilter.il ... done!
	Loading gpdk045/libInitCustomExit.il ... 
	Loading Environment Settings ...
	Loading gpdk045/gpdk045_PDKRegistrations.il ... done!

  *************************************************************           
  *              Cadence Design Systems, Inc.                 *           
  *                                                           *           
  *                    Generic 45nm PDK                       *           
  *                        (gpdk045)                          *           
  *                                                           *           
  *************************************************************           
	

	VERSION: 6.0 (09-September-2019)

done!
Loaded gpdk045/libInit.il successfully!
INFO (XSTRM-217): Reading the layer map file, /home/tools/design_kits/cadence/GPDK045/gpdk045_v_6_0/gpdk045/gpdk045.layermap
WARNING (XSTRM-333): The '-enableColoring' option will be ignored during XStream Out. This is because there is no color entry in the layer map and the object map file.
INFO (XSTRM-427): Based on current hardware configuration, running XStream Out translation in multi-threaded mode with 2 threads.
INFO (XSTRM-162): You have not used the '-viaMap' option. If the OpenAccess design has native oaVia instances, use the '-viaMap' option for preserving oaVia instances in a XStream Out - XStream In round trip. Using the '-viaMap' option improves performance and VM usage of applications using the Streamed-In design.

Summary of Options :
library                                 watto
strmFile                                /home/ufsm00051/wagner.chitto/wagner.chitto/run_drc_bufferx2/buffer_x2.gds
topCell                                 buffer_x2
view                                    layout
runDir                                  /home/ufsm00051/wagner.chitto/wagner.chitto/run_drc_bufferx2
logFile                                 /home/ufsm00051/wagner.chitto/wagner.chitto/run_drc_bufferx2/PIPO1.LOG
techLib                                 gpdk045
hierDepth                               32
maxVertices                             2048
layerMap                                /home/tools/design_kits/cadence/GPDK045/gpdk045_v_6_0/gpdk045/gpdk045.layermap
userSkillFile                           /home/ufsm00051/wagner.chitto/wagner.chitto/run_drc_bufferx2/strmout.il
labelDepth                              32
case                                    Preserve
convertDot                              node

INFO (XSTRM-180): You have not used the '-objectMap' option. The design has instance(s) of at least one of following OpenAccess objects: oaBlockage, oaBoundary, oaRow, and oaMarker. Any information about these objects will not be translated into the generated stream file. Use the '-objectMap' option to translate/preserve these objects using XStream.
INFO (XSTRM-223): 1. Translating stdVia gpdk045/M2_M1/layout as STRUCTURE M2_M1_CDNS_764106679090.
INFO (XSTRM-223): 2. Translating stdVia gpdk045/M1_PSUB/layout as STRUCTURE M1_PSUB_CDNS_764106679091.
INFO (XSTRM-223): 3. Translating stdVia gpdk045/M1_PO/layout as STRUCTURE M1_PO_CDNS_764106679092.
INFO (XSTRM-223): 4. Translating stdVia gpdk045/M2_M1/layout as STRUCTURE M2_M1_CDNS_764106679093.
INFO (XSTRM-223): 5. Translating stdVia gpdk045/M1_NWELL/layout as STRUCTURE M1_NWELL_CDNS_764106679094.
INFO (XSTRM-223): 6. Translating cellview gpdk045/nmos1v/layout as STRUCTURE nmos1v_CDNS_764106679090.
INFO (XSTRM-223): 7. Translating cellview gpdk045/pmos1v/layout as STRUCTURE pmos1v_CDNS_764106679091.
INFO (XSTRM-223): 8. Translating cellview watto/inv_x2/layout as STRUCTURE inv_x2.
INFO (XSTRM-223): 9. Translating cellview watto/buffer_x2/layout as STRUCTURE buffer_x2.

Summary of Objects Translated:
	Scalar Instances:                       4
	Array Instances:                        0
	Polygons:                               0
	Paths:                                  0
	Rectangles:                             75
	Lines:                                  0
	Arcs:                                   0
	Donuts:                                 0
	Dots:                                   0
	Ellipses:                               0
	Boundaries:                             0
	Area Blockages:                         0
	Layer Blockages:                        0
	Area Halos:                             0
	Markers:                                0
	Rows:                                   0
	Stitch:                                 0
	Standard Vias                           5
	Custom Vias:                            0
	CdsGen Vias:                            0
	Pathsegs:                               5
	Text:                                   8
	TextDisplay:                            0
	Cells:                                  9

Elapsed Time: 0.2s   User Time: 0.1s   CPU Time: 0.0s   Peak VM: 16028KB
INFO (XSTRM-234): Translation completed. '0' error(s) and '2' warning(s) found.
