--------------------------------------------------------------------------------
Release 14.7 Trace  (lin64)
Copyright (c) 1995-2013 Xilinx, Inc.  All rights reserved.

/opt/Xilinx/14.7/ISE_DS/ISE/bin/lin64/unwrapped/trce -intstyle ise -v 3 -s 3 -n
3 -fastpaths -xml disp.twx disp.ncd -o disp.twr disp.pcf -ucf dd.ucf

Design file:              disp.ncd
Physical constraint file: disp.pcf
Device,package,speed:     xc6slx16,csg324,C,-3 (PRODUCTION 1.23 2013-10-13)
Report level:             verbose report

Environment Variable      Effect 
--------------------      ------ 
NONE                      No environment variables were set
--------------------------------------------------------------------------------

INFO:Timing:2698 - No timing constraints found, doing default enumeration.
INFO:Timing:3412 - To improve timing, see the Timing Closure User Guide (UG612).
INFO:Timing:2752 - To get complete path coverage, use the unconstrained paths 
   option. All paths that are not constrained will be reported in the 
   unconstrained paths section(s) of the report.
INFO:Timing:3339 - The clock-to-out numbers in this timing report are based on 
   a 50 Ohm transmission line loading model.  For the details of this model, 
   and for more information on accounting for different loading conditions, 
   please see the device datasheet.



Data Sheet report:
-----------------
All values displayed in nanoseconds (ns)

Pad to Pad
---------------+---------------+---------+
Source Pad     |Destination Pad|  Delay  |
---------------+---------------+---------+
e<0>           |d<0>           |    7.110|
e<0>           |d<1>           |    7.599|
e<0>           |d<2>           |    7.395|
e<0>           |d<3>           |    7.914|
e<0>           |d<4>           |    7.918|
e<0>           |d<5>           |    7.532|
e<0>           |d<6>           |    7.449|
e<1>           |d<0>           |    7.536|
e<1>           |d<1>           |    7.430|
e<1>           |d<2>           |    7.371|
e<1>           |d<3>           |    7.498|
e<1>           |d<4>           |    7.502|
e<1>           |d<5>           |    7.363|
e<1>           |d<6>           |    7.425|
e<2>           |d<0>           |    7.688|
e<2>           |d<1>           |    8.206|
e<2>           |d<2>           |    7.915|
e<2>           |d<3>           |    8.055|
e<2>           |d<4>           |    8.059|
e<2>           |d<5>           |    8.139|
e<2>           |d<6>           |    7.969|
e<3>           |d<0>           |    7.418|
e<3>           |d<1>           |    8.029|
e<3>           |d<2>           |    7.564|
e<3>           |d<3>           |    7.939|
e<3>           |d<4>           |    7.943|
e<3>           |d<5>           |    7.962|
e<3>           |d<6>           |    7.618|
---------------+---------------+---------+


Analysis completed Tue Oct  8 12:07:26 2024 
--------------------------------------------------------------------------------

Trace Settings:
-------------------------
Trace Settings 

Peak Memory Usage: 376 MB



