[Simulation Monitor: 14]
[2025-11-25 17:31:01.551 -0300] [PROCESS] [cadence.virtuoso.ade.simulationMonitor] - Started the simulation monitor process {"hostname": "ecomp", "processid": 597973, "logfile": "/home/ufsm00051/wagner.chitto/wagner.chitto/logs_wagner.chitto/logs0/Job14.log", "simulation monitor command line": "/home/tools/cadence/installs/IC231/tools.lnx86/dfII/bin/64bit/spectreMonitor --davinciService DaVinciService_577661_1764101552 --axlsession fnxSession4 -lscs 00010590E36CFC06BC4D64FFD61DD265D93F798EEA7CFC06CC4D0A8CEC7E9F67D0227DAAD247CD36C87766E3A12FFC06BC4D0FC59D1AEE03D56B00001AE2 -beanhost ecomp -beanport 11718 -beanLogFile /home/ufsm00051/wagner.chitto/wagner.chitto/logs_wagner.chitto/logs0/amps_Job14.log -beanbinlog  --domain 0 --interactive yes --netlistOpt no --useMultiPointEvaluation yes --exprEvalShowJobStderr yes --evalSimParallel no --maxSims 0 --historyName ExplorerRun.0 --historyUUID  --exprEvaluator vds --mcMapping mc1.mapping --checkLogStatusInterval 0 --checkSimulatorLogTimeout 1200 --exprEvalMaxTries 3 --maxNFSSyncWait 60 -adeBrokerAddress ecomp:42365 --statdbType h5v2 --fromADE true --virtuosoBinary virtuoso --guiDisplay localhost:10.0 --globalStatus 60 --evaluateMultiMC yes --evalOnSimFail SkipFailedAnalyses --numRetriesOnError 1 --fenixMode explorer --lingertimeout 300 -ahdlLockTimeout 60 --sdbLib watto --sdbCell test_inv_x1 --sdbView maestro --heartBeatFileDir /dev/shm --id 14 --uuid 9b637551-4fc5-4281-a134-b020a560c01b --log /home/ufsm00051/wagner.chitto/wagner.chitto/logs_wagner.chitto/logs0/Job14.log "}
[2025-11-25 17:31:01.551 -0300] [PROCESS] [cadence.virtuoso.ade.simulationMonitor] - Started the simulation monitor process {"hostname": "ecomp", "processid": 597973, "logfile": "/home/ufsm00051/wagner.chitto/wagner.chitto/logs_wagner.chitto/logs0/Job14.log", "current directory": "/home/ufsm00051/wagner.chitto/wagner.chitto"}
[2025-11-25 17:31:01.551 -0300] [PROCESS] [cadence.virtuoso.ade.simulationMonitor] - Simulation Monitor has successfully started up. Trying to set up communication channels to other components ... {"hostname": "ecomp", "processid": 597973, "logfile": "/home/ufsm00051/wagner.chitto/wagner.chitto/logs_wagner.chitto/logs0/Job14.log"}
[2025-11-25 17:31:01.555 -0300] [PROCESS] [cadence.virtuoso.ade.simulationMonitor] - Communication channels have been successfully set up. Start processing events ... {"hostname": "ecomp", "processid": 597973, "logfile": "/home/ufsm00051/wagner.chitto/wagner.chitto/logs_wagner.chitto/logs0/Job14.log"}
[2025-11-25 17:31:01.555 -0300] [PROCESS] [cadence.virtuoso.ade.simulationMonitor] - Considering to start history {"hostname": "ecomp", "processid": 597973, "history": "ExplorerRun.0", "logfile": "/home/ufsm00051/wagner.chitto/wagner.chitto/logs_wagner.chitto/logs0/Job14.log"}
[2025-11-25 17:31:01.558 -0300] [PROCESS] [cadence.virtuoso.ade.simulationMonitor] - HostInfo:
Host name (type):	ecomp (x86_64)
Operating system:	Linux 4.18.0-553.74.1.el8_10.x86_64 #1 SMP Sun Sep 14 12:57:27 UTC 2025 {"hostname": "ecomp", "processid": 597973, "history": "ExplorerRun.0", "logfile": "/home/ufsm00051/wagner.chitto/wagner.chitto/logs_wagner.chitto/logs0/Job14.log", "nodename": "ecomp", "domainname": "(none)", "machine": "x86_64", "sysname": "Linux", "release": "4.18.0-553.74.1.el8_10.x86_64", "version": "#1 SMP Sun Sep 14 12:57:27 UTC 2025"}
[2025-11-25 17:31:01.558 -0300] [PROCESS] [cadence.virtuoso.ade.simulationMonitor] - UsageInfo:
pid=597973
totalPhysicalMemory=31.020386GB,Used=14.895954GB,totalVirtualMemory=34.481319GB,Used=14.895954GB
Cpu: Cores=4, Load average:1.390000,0.970000,0.830000 {"hostname": "ecomp", "processid": 597973, "history": "ExplorerRun.0", "logfile": "/home/ufsm00051/wagner.chitto/wagner.chitto/logs_wagner.chitto/logs0/Job14.log", "pid": "597973", "totalPhysicalMemory": "31.020386", "physicalMemoryUsed": "14.895954", "totalVirtualMemory": "34.481319", "virtualMemoryUsed": "14.895954", "cpuCores": "4", "processes": "1577", "loadAverage1": "1.390000", "loadAverage5": "0.970000", "loadAverage15": "0.830000", "loadAverage1Percent": "0.347500"}
[2025-11-25 17:31:01.558 -0300] [EVENT] [cadence.virtuoso.ade.simulationMonitor] - NewPoint {"history": "ExplorerRun.0", "point": 1, "testname": "watto_test_inv_x1_1", "cornername": "Nominal", "event": "NewPoint", "EventSource": "Simulation Monitor", "HistoryName": "ExplorerRun.0", "logFile": "/home/ufsm00051/wagner.chitto/wagner.chitto/logs_wagner.chitto/logs0/Job14.log", "logFileSize": "4108", "category": "simulation"}
[2025-11-25 17:31:01.659 -0300] [EVENT] [cadence.virtuoso.ade.simulationMonitor] - NewPoint {"history": "ExplorerRun.0", "point": 1, "testname": "watto_test_inv_x1_1", "cornername": "Nominal", "event": "NewPoint", "EventSource": "spectre", "HistoryName": "ExplorerRun.0", "logFile": "/home/ufsm00051/wagner.chitto/simulation/watto/test_inv_x1/maestro/results/maestro/ExplorerRun.0/1/watto_test_inv_x1_1/psf/spectre.out", "logFileSize": "-1", "category": "simulation"}
[2025-11-25 17:31:01.761 -0300] [PROCESS] [cadence.virtuoso.ade.simulationMonitor] - Simulator launched {"hostname": "ecomp", "processid": 597973, "history": "ExplorerRun.0", "testname": "watto_test_inv_x1_1", "cornername": "Nominal", "point": 1, "logfile": "/home/ufsm00051/wagner.chitto/wagner.chitto/logs_wagner.chitto/logs0/Job14.log", "simid": "1", "event": "launch", "category": "simulation"}
[2025-11-25 17:31:01.763 -0300] [PROCESS] [cadence.virtuoso.ade.simulationMonitor] - Expression evaluator launched {"hostname": "ecomp", "processid": 597973, "history": "ExplorerRun.0", "testname": "watto_test_inv_x1_1", "cornername": "Nominal", "point": 1, "logfile": "/home/ufsm00051/wagner.chitto/wagner.chitto/logs_wagner.chitto/logs0/Job14.log"}
[2025-11-25 17:31:01.852 -0300] [PROCESS] [cadence.virtuoso.ade.simulationMonitor] - Started Simulation {"hostname": "ecomp", "processid": 597973, "history": "ExplorerRun.0", "testname": "watto_test_inv_x1_1", "cornername": "Nominal", "point": 1, "logfile": "/home/ufsm00051/wagner.chitto/wagner.chitto/logs_wagner.chitto/logs0/Job14.log", "event": "start", "category": "simulation"}
[2025-11-25 17:31:03.353 -0300] [INFO] [cadence.virtuoso.ade.simulationMonitor] - Peak resident memory used = 186 Mbytes. {"history": "ExplorerRun.0", "point": 1, "testname": "watto_test_inv_x1_1", "cornername": "Nominal"}
[2025-11-25 17:31:03.353 -0300] [INFO] [cadence.virtuoso.ade.simulationMonitor] - Peak resident memory used = 199 Mbytes. {"history": "ExplorerRun.0", "point": 1, "testname": "watto_test_inv_x1_1", "cornername": "Nominal"}
[2025-11-25 17:31:03.353 -0300] [INFO] [cadence.virtuoso.ade.simulationMonitor] - Peak resident memory used = 200 Mbytes. {"history": "ExplorerRun.0", "point": 1, "testname": "watto_test_inv_x1_1", "cornername": "Nominal"}
[2025-11-25 17:31:03.353 -0300] [INFO] [cadence.virtuoso.ade.simulationMonitor] - Notice from spectre during initial setup.
    Multithreading is disabled due to the size of the design being too small. {"history": "ExplorerRun.0", "point": 1, "testname": "watto_test_inv_x1_1", "cornername": "Nominal"}
[2025-11-25 17:31:03.353 -0300] [INFO] [cadence.virtuoso.ade.simulationMonitor] -               nodes 19 {"history": "ExplorerRun.0", "point": 1, "testname": "watto_test_inv_x1_1", "cornername": "Nominal"}
[2025-11-25 17:31:03.353 -0300] [INFO] [cadence.virtuoso.ade.simulationMonitor] - Notice from spectre during initial setup.
    Protected devices exist and are not included in the circuit inventory.
    APS enabled. {"history": "ExplorerRun.0", "point": 1, "testname": "watto_test_inv_x1_1", "cornername": "Nominal"}
[2025-11-25 17:31:03.353 -0300] [INFO] [cadence.virtuoso.ade.simulationMonitor] - Peak resident memory used = 202 Mbytes. {"history": "ExplorerRun.0", "point": 1, "testname": "watto_test_inv_x1_1", "cornername": "Nominal"}
[2025-11-25 17:31:03.353 -0300] [INFO] [cadence.virtuoso.ade.simulationMonitor] -    -   (APS) Multi-threading. The recommended number of threads is 1, consider adding +mt=1 on command line. {"history": "ExplorerRun.0", "point": 1, "testname": "watto_test_inv_x1_1", "cornername": "Nominal"}
[2025-11-25 17:31:03.353 -0300] [INFO] [cadence.virtuoso.ade.simulationMonitor] - Notice from spectre during transient analysis `tran'.
    Multithreading is disabled due to the size of the design being too small. {"history": "ExplorerRun.0", "point": 1, "testname": "watto_test_inv_x1_1", "cornername": "Nominal"}
[2025-11-25 17:31:03.353 -0300] [INFO] [cadence.virtuoso.ade.simulationMonitor] - Notice from spectre at time = 42.75 ns during transient analysis `tran'.
    Found trapezoidal ringing on node V0:p. {"history": "ExplorerRun.0", "point": 1, "testname": "watto_test_inv_x1_1", "cornername": "Nominal"}
[2025-11-25 17:31:03.353 -0300] [INFO] [cadence.virtuoso.ade.simulationMonitor] - Notice from spectre at time = 50 ns during transient analysis `tran'.
    Found trapezoidal ringing on node V0:p. {"history": "ExplorerRun.0", "point": 1, "testname": "watto_test_inv_x1_1", "cornername": "Nominal"}
[2025-11-25 17:31:03.353 -0300] [INFO] [cadence.virtuoso.ade.simulationMonitor] - Notice from spectre at time = 67.1274 ns during transient analysis `tran'.
    Found trapezoidal ringing on node V1:p. {"history": "ExplorerRun.0", "point": 1, "testname": "watto_test_inv_x1_1", "cornername": "Nominal"}
[2025-11-25 17:31:03.353 -0300] [INFO] [cadence.virtuoso.ade.simulationMonitor] - Notice from spectre at time = 77.1274 ns during transient analysis `tran'.
    Found trapezoidal ringing on node V1:p. {"history": "ExplorerRun.0", "point": 1, "testname": "watto_test_inv_x1_1", "cornername": "Nominal"}
[2025-11-25 17:31:03.353 -0300] [INFO] [cadence.virtuoso.ade.simulationMonitor] - Notice from spectre at time = 87.1274 ns during transient analysis `tran'.
    Found trapezoidal ringing on node V1:p.
        Further occurrences of this notice will be suppressed. {"history": "ExplorerRun.0", "point": 1, "testname": "watto_test_inv_x1_1", "cornername": "Nominal"}
[2025-11-25 17:31:03.353 -0300] [INFO] [cadence.virtuoso.ade.simulationMonitor] - Notice from spectre during transient analysis `tran'.
    Trapezoidal ringing is detected during tran analysis.
        Please use method=trap for better results and performance. {"history": "ExplorerRun.0", "point": 1, "testname": "watto_test_inv_x1_1", "cornername": "Nominal"}
[2025-11-25 17:31:03.354 -0300] [INFO] [cadence.virtuoso.ade.simulationMonitor] - Intrinsic tran analysis time:    CPU = 22.544 ms, elapsed = 118.29 ms. {"history": "ExplorerRun.0", "point": 1, "testname": "watto_test_inv_x1_1", "cornername": "Nominal"}
[2025-11-25 17:31:03.354 -0300] [INFO] [cadence.virtuoso.ade.simulationMonitor] - Total time required for tran analysis `tran': CPU = 24.368 ms, elapsed = 120.121 ms, util. = 20.3%. {"history": "ExplorerRun.0", "point": 1, "testname": "watto_test_inv_x1_1", "cornername": "Nominal"}
[2025-11-25 17:31:03.354 -0300] [INFO] [cadence.virtuoso.ade.simulationMonitor] - Peak resident memory used = 210 Mbytes. {"history": "ExplorerRun.0", "point": 1, "testname": "watto_test_inv_x1_1", "cornername": "Nominal"}
[2025-11-25 17:31:03.354 -0300] [INFO] [cadence.virtuoso.ade.simulationMonitor] - Notice from spectre.
    18 notices suppressed. {"history": "ExplorerRun.0", "point": 1, "testname": "watto_test_inv_x1_1", "cornername": "Nominal"}
[2025-11-25 17:31:03.860 -0300] [INFO] [cadence.virtuoso.ade.simulationMonitor] - Total time required for dc analysis `dcOp': CPU = 1.439 ms, elapsed = 43.7851 ms, util. = 3.29%. {"history": "ExplorerRun.0", "point": 1, "testname": "watto_test_inv_x1_1", "cornername": "Nominal"}
[2025-11-25 17:31:03.860 -0300] [INFO] [cadence.virtuoso.ade.simulationMonitor] - Peak resident memory used = 210 Mbytes. {"history": "ExplorerRun.0", "point": 1, "testname": "watto_test_inv_x1_1", "cornername": "Nominal"}
[2025-11-25 17:31:03.860 -0300] [INFO] [cadence.virtuoso.ade.simulationMonitor] - Notice from spectre at dc = 1 V during DC analysis `dc'.
    The value of parameter 'dc' has been reset to the original value 0. {"history": "ExplorerRun.0", "point": 1, "testname": "watto_test_inv_x1_1", "cornername": "Nominal"}
[2025-11-25 17:31:03.860 -0300] [INFO] [cadence.virtuoso.ade.simulationMonitor] - Total time required for dc analysis `dc': CPU = 5.885 ms, elapsed = 48.65 ms, util. = 12.1%. {"history": "ExplorerRun.0", "point": 1, "testname": "watto_test_inv_x1_1", "cornername": "Nominal"}
[2025-11-25 17:31:03.860 -0300] [INFO] [cadence.virtuoso.ade.simulationMonitor] - Peak resident memory used = 210 Mbytes. {"history": "ExplorerRun.0", "point": 1, "testname": "watto_test_inv_x1_1", "cornername": "Nominal"}
[2025-11-25 17:31:03.860 -0300] [INFO] [cadence.virtuoso.ade.simulationMonitor] - Time used: CPU = 582 ms, elapsed = 1.82 s, util. = 32.1%. {"history": "ExplorerRun.0", "point": 1, "testname": "watto_test_inv_x1_1", "cornername": "Nominal"}
[2025-11-25 17:31:03.860 -0300] [INFO] [cadence.virtuoso.ade.simulationMonitor] - Time spent in licensing: elapsed = 857 ms, percentage of total = 47.2%. {"history": "ExplorerRun.0", "point": 1, "testname": "watto_test_inv_x1_1", "cornername": "Nominal"}
[2025-11-25 17:31:03.860 -0300] [INFO] [cadence.virtuoso.ade.simulationMonitor] - Peak memory used = 212 Mbytes. {"history": "ExplorerRun.0", "point": 1, "testname": "watto_test_inv_x1_1", "cornername": "Nominal"}
[2025-11-25 17:31:03.860 -0300] [PROCESS] [cadence.virtuoso.ade.simulationMonitor] - Simulation started at: 5:31:01 PM, Tue Nov 25, 2025, ended at: 5:31:03 PM, Tue Nov 25, 2025, with elapsed time (wall clock): 1.82 s. {"history": "ExplorerRun.0", "point": 1, "testname": "watto_test_inv_x1_1", "cornername": "Nominal"}
[2025-11-25 17:31:03.861 -0300] [PROCESS] [cadence.virtuoso.ade.simulationMonitor] - spectre completes with 0 errors, 0 warnings, and 13 notices. {"history": "ExplorerRun.0", "point": 1, "testname": "watto_test_inv_x1_1", "cornername": "Nominal"}
[2025-11-25 17:31:04.364 -0300] [PROCESS] [cadence.virtuoso.ade.simulationMonitor] - Finished simulating for one point {"hostname": "ecomp", "processid": 597973, "history": "ExplorerRun.0", "testname": "watto_test_inv_x1_1", "cornername": "Nominal", "point": 1, "logfile": "/home/ufsm00051/wagner.chitto/wagner.chitto/logs_wagner.chitto/logs0/Job14.log", "simid": "1", "event": "finish", "category": "simulation"}
[2025-11-25 17:31:04.364 -0300] [PROCESS] [cadence.virtuoso.ade.simulationMonitor] - Simulator exited {"hostname": "ecomp", "processid": 597973, "history": "ExplorerRun.0", "testname": "watto_test_inv_x1_1", "cornername": "Nominal", "point": 1, "logfile": "/home/ufsm00051/wagner.chitto/wagner.chitto/logs_wagner.chitto/logs0/Job14.log", "exitStatus": "0"}
[2025-11-25 17:31:04.364 -0300] [PROCESS] [cadence.virtuoso.ade.simulationMonitor] - Finished Simulation {"hostname": "ecomp", "processid": 597973, "history": "ExplorerRun.0", "testname": "watto_test_inv_x1_1", "cornername": "Nominal", "point": 1, "logfile": "/home/ufsm00051/wagner.chitto/wagner.chitto/logs_wagner.chitto/logs0/Job14.log", "simid": "1", "event": "finish", "category": "obsolete"}
[2025-11-25 17:31:08.865 -0300] [PROCESS] [cadence.virtuoso.ade.simulationMonitor] - Point Finished {"hostname": "ecomp", "processid": 597973, "history": "ExplorerRun.0", "testname": "watto_test_inv_x1_1", "cornername": "Nominal", "point": 1, "logfile": "/home/ufsm00051/wagner.chitto/wagner.chitto/logs_wagner.chitto/logs0/Job14.log", "event": "finish", "category": "sim-eval"}
[2025-11-25 17:32:07.109 -0300] [PROCESS] [cadence.virtuoso.ade.simulationMonitor] - get signal Terminated<15> from user:wagner.chitto, which pid:597969:/home/tools/cadence/installs/IC231/tools/bin/64bit/cdsServIpc {"hostname": "ecomp", "processid": 597973, "history": "ExplorerRun.0", "testname": "watto_test_inv_x1_1", "cornername": "Nominal", "point": 1, "logfile": "/home/ufsm00051/wagner.chitto/wagner.chitto/logs_wagner.chitto/logs0/Job14.log", "signal": "15", "signalName": "Terminated", "which": "/home/tools/cadence/installs/IC231/tools/bin/64bit/cdsServIpc", "pid": "597969", "user": "wagner.chitto", "uid": "1028"}
[2025-11-25 17:32:07.109 -0300] [INFO] [cadence.virtuoso.ade.simulationMonitor] - SimulationMonitor has terminated the  process '598026', reason: 'simulationMonitor is handling signal 15' {"history": "ExplorerRun.0", "point": 1, "testname": "watto_test_inv_x1_1", "cornername": "Nominal"}
