[Simulation Monitor: 17]
[2025-11-25 18:00:25.574 -0300] [PROCESS] [cadence.virtuoso.ade.simulationMonitor] - Started the simulation monitor process {"hostname": "ecomp", "processid": 609976, "logfile": "/home/ufsm00051/wagner.chitto/wagner.chitto/logs_wagner.chitto/logs0/Job17.log", "simulation monitor command line": "/home/tools/cadence/installs/IC231/tools.lnx86/dfII/bin/64bit/spectreMonitor --davinciService DaVinciService_577661_1764101552 --axlsession fnxSession5 -lscs 00010590E36CFC06BC4D64FFD61DD265D93F798EEA7CFC06CC4D0A8CEC7E9F67D0227DAAD247CD36C87766E3A12FFC06BC4D0FC597F6E4EFD56B00001AF6 -beanhost ecomp -beanport 11718 -beanLogFile /home/ufsm00051/wagner.chitto/wagner.chitto/logs_wagner.chitto/logs0/amps_Job17.log -beanbinlog  --domain 0 --interactive yes --netlistOpt no --useMultiPointEvaluation yes --exprEvalShowJobStderr yes --evalSimParallel no --maxSims 0 --historyName ExplorerRun.0 --historyUUID  --exprEvaluator vds --mcMapping mc1.mapping --checkLogStatusInterval 0 --checkSimulatorLogTimeout 1200 --exprEvalMaxTries 3 --maxNFSSyncWait 60 -adeBrokerAddress ecomp:42365 --statdbType h5v2 --fromADE true --virtuosoBinary virtuoso --guiDisplay localhost:10.0 --globalStatus 60 --evaluateMultiMC yes --evalOnSimFail SkipFailedAnalyses --numRetriesOnError 1 --fenixMode explorer --lingertimeout 300 -ahdlLockTimeout 60 --sdbLib watto --sdbCell test_switch_x1 --sdbView maestro --heartBeatFileDir /dev/shm --id 17 --uuid 803c89ba-37d4-4311-b534-56b36747c631 --log /home/ufsm00051/wagner.chitto/wagner.chitto/logs_wagner.chitto/logs0/Job17.log "}
[2025-11-25 18:00:25.575 -0300] [PROCESS] [cadence.virtuoso.ade.simulationMonitor] - Started the simulation monitor process {"hostname": "ecomp", "processid": 609976, "logfile": "/home/ufsm00051/wagner.chitto/wagner.chitto/logs_wagner.chitto/logs0/Job17.log", "current directory": "/home/ufsm00051/wagner.chitto/wagner.chitto"}
[2025-11-25 18:00:25.575 -0300] [PROCESS] [cadence.virtuoso.ade.simulationMonitor] - Simulation Monitor has successfully started up. Trying to set up communication channels to other components ... {"hostname": "ecomp", "processid": 609976, "logfile": "/home/ufsm00051/wagner.chitto/wagner.chitto/logs_wagner.chitto/logs0/Job17.log"}
[2025-11-25 18:00:25.575 -0300] [PROCESS] [cadence.virtuoso.ade.simulationMonitor] - Communication channels have been successfully set up. Start processing events ... {"hostname": "ecomp", "processid": 609976, "logfile": "/home/ufsm00051/wagner.chitto/wagner.chitto/logs_wagner.chitto/logs0/Job17.log"}
[2025-11-25 18:00:25.575 -0300] [PROCESS] [cadence.virtuoso.ade.simulationMonitor] - Considering to start history {"hostname": "ecomp", "processid": 609976, "history": "ExplorerRun.0", "logfile": "/home/ufsm00051/wagner.chitto/wagner.chitto/logs_wagner.chitto/logs0/Job17.log"}
[2025-11-25 18:00:25.577 -0300] [PROCESS] [cadence.virtuoso.ade.simulationMonitor] - HostInfo:
Host name (type):	ecomp (x86_64)
Operating system:	Linux 4.18.0-553.74.1.el8_10.x86_64 #1 SMP Sun Sep 14 12:57:27 UTC 2025 {"hostname": "ecomp", "processid": 609976, "history": "ExplorerRun.0", "logfile": "/home/ufsm00051/wagner.chitto/wagner.chitto/logs_wagner.chitto/logs0/Job17.log", "nodename": "ecomp", "domainname": "(none)", "machine": "x86_64", "sysname": "Linux", "release": "4.18.0-553.74.1.el8_10.x86_64", "version": "#1 SMP Sun Sep 14 12:57:27 UTC 2025"}
[2025-11-25 18:00:25.577 -0300] [PROCESS] [cadence.virtuoso.ade.simulationMonitor] - UsageInfo:
pid=609976
totalPhysicalMemory=31.020386GB,Used=14.976295GB,totalVirtualMemory=34.481319GB,Used=14.976295GB
Cpu: Cores=4, Load average:0.890000,0.660000,0.640000 {"hostname": "ecomp", "processid": 609976, "history": "ExplorerRun.0", "logfile": "/home/ufsm00051/wagner.chitto/wagner.chitto/logs_wagner.chitto/logs0/Job17.log", "pid": "609976", "totalPhysicalMemory": "31.020386", "physicalMemoryUsed": "14.976295", "totalVirtualMemory": "34.481319", "virtualMemoryUsed": "14.976295", "cpuCores": "4", "processes": "1555", "loadAverage1": "0.890000", "loadAverage5": "0.660000", "loadAverage15": "0.640000", "loadAverage1Percent": "0.222500"}
[2025-11-25 18:00:25.577 -0300] [EVENT] [cadence.virtuoso.ade.simulationMonitor] - NewPoint {"history": "ExplorerRun.0", "point": 1, "testname": "watto_test_switch_x1_1", "cornername": "Nominal", "event": "NewPoint", "EventSource": "Simulation Monitor", "HistoryName": "ExplorerRun.0", "logFile": "/home/ufsm00051/wagner.chitto/wagner.chitto/logs_wagner.chitto/logs0/Job17.log", "logFileSize": "4111", "category": "simulation"}
[2025-11-25 18:00:25.678 -0300] [EVENT] [cadence.virtuoso.ade.simulationMonitor] - NewPoint {"history": "ExplorerRun.0", "point": 1, "testname": "watto_test_switch_x1_1", "cornername": "Nominal", "event": "NewPoint", "EventSource": "spectre", "HistoryName": "ExplorerRun.0", "logFile": "/home/ufsm00051/wagner.chitto/simulation/watto/test_switch_x1/maestro/results/maestro/ExplorerRun.0/1/watto_test_switch_x1_1/psf/spectre.out", "logFileSize": "18658", "category": "simulation"}
[2025-11-25 18:00:25.776 -0300] [PROCESS] [cadence.virtuoso.ade.simulationMonitor] - Simulator launched {"hostname": "ecomp", "processid": 609976, "history": "ExplorerRun.0", "testname": "watto_test_switch_x1_1", "cornername": "Nominal", "point": 1, "logfile": "/home/ufsm00051/wagner.chitto/wagner.chitto/logs_wagner.chitto/logs0/Job17.log", "simid": "1", "event": "launch", "category": "simulation"}
[2025-11-25 18:00:25.778 -0300] [PROCESS] [cadence.virtuoso.ade.simulationMonitor] - Expression evaluator launched {"hostname": "ecomp", "processid": 609976, "history": "ExplorerRun.0", "testname": "watto_test_switch_x1_1", "cornername": "Nominal", "point": 1, "logfile": "/home/ufsm00051/wagner.chitto/wagner.chitto/logs_wagner.chitto/logs0/Job17.log"}
[2025-11-25 18:00:25.848 -0300] [PROCESS] [cadence.virtuoso.ade.simulationMonitor] - Started Simulation {"hostname": "ecomp", "processid": 609976, "history": "ExplorerRun.0", "testname": "watto_test_switch_x1_1", "cornername": "Nominal", "point": 1, "logfile": "/home/ufsm00051/wagner.chitto/wagner.chitto/logs_wagner.chitto/logs0/Job17.log", "event": "start", "category": "simulation"}
[2025-11-25 18:00:26.848 -0300] [INFO] [cadence.virtuoso.ade.simulationMonitor] - Peak resident memory used = 186 Mbytes. {"history": "ExplorerRun.0", "point": 1, "testname": "watto_test_switch_x1_1", "cornername": "Nominal"}
[2025-11-25 18:00:26.849 -0300] [INFO] [cadence.virtuoso.ade.simulationMonitor] - Peak resident memory used = 199 Mbytes. {"history": "ExplorerRun.0", "point": 1, "testname": "watto_test_switch_x1_1", "cornername": "Nominal"}
[2025-11-25 18:00:26.849 -0300] [INFO] [cadence.virtuoso.ade.simulationMonitor] - Peak resident memory used = 200 Mbytes. {"history": "ExplorerRun.0", "point": 1, "testname": "watto_test_switch_x1_1", "cornername": "Nominal"}
[2025-11-25 18:00:26.849 -0300] [INFO] [cadence.virtuoso.ade.simulationMonitor] - Notice from spectre during initial setup.
    Multithreading is disabled due to the size of the design being too small. {"history": "ExplorerRun.0", "point": 1, "testname": "watto_test_switch_x1_1", "cornername": "Nominal"}
[2025-11-25 18:00:26.864 -0300] [INFO] [cadence.virtuoso.ade.simulationMonitor] -               nodes 41 {"history": "ExplorerRun.0", "point": 1, "testname": "watto_test_switch_x1_1", "cornername": "Nominal"}
[2025-11-25 18:00:26.865 -0300] [INFO] [cadence.virtuoso.ade.simulationMonitor] - Notice from spectre during initial setup.
    Protected devices exist and are not included in the circuit inventory.
    APS enabled. {"history": "ExplorerRun.0", "point": 1, "testname": "watto_test_switch_x1_1", "cornername": "Nominal"}
[2025-11-25 18:00:26.865 -0300] [INFO] [cadence.virtuoso.ade.simulationMonitor] - Peak resident memory used = 203 Mbytes. {"history": "ExplorerRun.0", "point": 1, "testname": "watto_test_switch_x1_1", "cornername": "Nominal"}
[2025-11-25 18:00:26.865 -0300] [INFO] [cadence.virtuoso.ade.simulationMonitor] -    -   (APS) Multi-threading. The recommended number of threads is 1, consider adding +mt=1 on command line. {"history": "ExplorerRun.0", "point": 1, "testname": "watto_test_switch_x1_1", "cornername": "Nominal"}
[2025-11-25 18:00:26.865 -0300] [INFO] [cadence.virtuoso.ade.simulationMonitor] - Notice from spectre during transient analysis `tran'.
    Multithreading is disabled due to the size of the design being too small. {"history": "ExplorerRun.0", "point": 1, "testname": "watto_test_switch_x1_1", "cornername": "Nominal"}
[2025-11-25 18:00:26.865 -0300] [INFO] [cadence.virtuoso.ade.simulationMonitor] - Notice from spectre at time = 53 ns during transient analysis `tran'.
    Found trapezoidal ringing on node I5.PM1.n1. {"history": "ExplorerRun.0", "point": 1, "testname": "watto_test_switch_x1_1", "cornername": "Nominal"}
[2025-11-25 18:00:26.865 -0300] [INFO] [cadence.virtuoso.ade.simulationMonitor] - Notice from spectre at time = 104.499 ns during transient analysis `tran'.
    Found trapezoidal ringing on node I3.net3. {"history": "ExplorerRun.0", "point": 1, "testname": "watto_test_switch_x1_1", "cornername": "Nominal"}
[2025-11-25 18:00:26.865 -0300] [INFO] [cadence.virtuoso.ade.simulationMonitor] - Notice from spectre at time = 107.949 ns during transient analysis `tran'.
    Found trapezoidal ringing on node I3.net3. {"history": "ExplorerRun.0", "point": 1, "testname": "watto_test_switch_x1_1", "cornername": "Nominal"}
[2025-11-25 18:00:26.865 -0300] [INFO] [cadence.virtuoso.ade.simulationMonitor] - Notice from spectre at time = 113.949 ns during transient analysis `tran'.
    Found trapezoidal ringing on node I3.net3. {"history": "ExplorerRun.0", "point": 1, "testname": "watto_test_switch_x1_1", "cornername": "Nominal"}
[2025-11-25 18:00:26.865 -0300] [INFO] [cadence.virtuoso.ade.simulationMonitor] - Notice from spectre at time = 119.949 ns during transient analysis `tran'.
    Found trapezoidal ringing on node I3.net3.
        Further occurrences of this notice will be suppressed. {"history": "ExplorerRun.0", "point": 1, "testname": "watto_test_switch_x1_1", "cornername": "Nominal"}
[2025-11-25 18:00:26.865 -0300] [INFO] [cadence.virtuoso.ade.simulationMonitor] - Notice from spectre during transient analysis `tran'.
    Trapezoidal ringing is detected during tran analysis.
        Please use method=trap for better results and performance. {"history": "ExplorerRun.0", "point": 1, "testname": "watto_test_switch_x1_1", "cornername": "Nominal"}
[2025-11-25 18:00:26.865 -0300] [INFO] [cadence.virtuoso.ade.simulationMonitor] - Intrinsic tran analysis time:    CPU = 24.681 ms, elapsed = 90.6351 ms. {"history": "ExplorerRun.0", "point": 1, "testname": "watto_test_switch_x1_1", "cornername": "Nominal"}
[2025-11-25 18:00:26.865 -0300] [INFO] [cadence.virtuoso.ade.simulationMonitor] - Total time required for tran analysis `tran': CPU = 33.426 ms, elapsed = 99.4041 ms, util. = 33.6%. {"history": "ExplorerRun.0", "point": 1, "testname": "watto_test_switch_x1_1", "cornername": "Nominal"}
[2025-11-25 18:00:26.865 -0300] [INFO] [cadence.virtuoso.ade.simulationMonitor] - Peak resident memory used = 210 Mbytes. {"history": "ExplorerRun.0", "point": 1, "testname": "watto_test_switch_x1_1", "cornername": "Nominal"}
[2025-11-25 18:00:26.865 -0300] [INFO] [cadence.virtuoso.ade.simulationMonitor] - Notice from spectre.
    38 notices suppressed. {"history": "ExplorerRun.0", "point": 1, "testname": "watto_test_switch_x1_1", "cornername": "Nominal"}
[2025-11-25 18:00:26.865 -0300] [INFO] [cadence.virtuoso.ade.simulationMonitor] - Notice from spectre at vcm = 1 during DC analysis `dc'.
    The value of parameter 'vcm' has been reset to the original value 0. {"history": "ExplorerRun.0", "point": 1, "testname": "watto_test_switch_x1_1", "cornername": "Nominal"}
[2025-11-25 18:00:26.865 -0300] [INFO] [cadence.virtuoso.ade.simulationMonitor] - Total time required for dc analysis `dc': CPU = 28.833 ms, elapsed = 63.571 ms, util. = 45.4%. {"history": "ExplorerRun.0", "point": 1, "testname": "watto_test_switch_x1_1", "cornername": "Nominal"}
[2025-11-25 18:00:26.865 -0300] [INFO] [cadence.virtuoso.ade.simulationMonitor] - Peak resident memory used = 210 Mbytes. {"history": "ExplorerRun.0", "point": 1, "testname": "watto_test_switch_x1_1", "cornername": "Nominal"}
[2025-11-25 18:00:27.366 -0300] [INFO] [cadence.virtuoso.ade.simulationMonitor] - Time used: CPU = 574 ms, elapsed = 1.19 s, util. = 48.4%. {"history": "ExplorerRun.0", "point": 1, "testname": "watto_test_switch_x1_1", "cornername": "Nominal"}
[2025-11-25 18:00:27.366 -0300] [INFO] [cadence.virtuoso.ade.simulationMonitor] - Time spent in licensing: elapsed = 60.6 ms, percentage of total = 5.11%. {"history": "ExplorerRun.0", "point": 1, "testname": "watto_test_switch_x1_1", "cornername": "Nominal"}
[2025-11-25 18:00:27.366 -0300] [INFO] [cadence.virtuoso.ade.simulationMonitor] - Peak memory used = 212 Mbytes. {"history": "ExplorerRun.0", "point": 1, "testname": "watto_test_switch_x1_1", "cornername": "Nominal"}
[2025-11-25 18:00:27.366 -0300] [PROCESS] [cadence.virtuoso.ade.simulationMonitor] - Simulation started at: 6:00:25 PM, Tue Nov 25, 2025, ended at: 6:00:27 PM, Tue Nov 25, 2025, with elapsed time (wall clock): 1.19 s. {"history": "ExplorerRun.0", "point": 1, "testname": "watto_test_switch_x1_1", "cornername": "Nominal"}
[2025-11-25 18:00:27.366 -0300] [PROCESS] [cadence.virtuoso.ade.simulationMonitor] - spectre completes with 0 errors, 0 warnings, and 13 notices. {"history": "ExplorerRun.0", "point": 1, "testname": "watto_test_switch_x1_1", "cornername": "Nominal"}
[2025-11-25 18:00:27.366 -0300] [PROCESS] [cadence.virtuoso.ade.simulationMonitor] - Finished simulating for one point {"hostname": "ecomp", "processid": 609976, "history": "ExplorerRun.0", "testname": "watto_test_switch_x1_1", "cornername": "Nominal", "point": 1, "logfile": "/home/ufsm00051/wagner.chitto/wagner.chitto/logs_wagner.chitto/logs0/Job17.log", "simid": "1", "event": "finish", "category": "simulation"}
[2025-11-25 18:00:27.366 -0300] [PROCESS] [cadence.virtuoso.ade.simulationMonitor] - Simulator exited {"hostname": "ecomp", "processid": 609976, "history": "ExplorerRun.0", "testname": "watto_test_switch_x1_1", "cornername": "Nominal", "point": 1, "logfile": "/home/ufsm00051/wagner.chitto/wagner.chitto/logs_wagner.chitto/logs0/Job17.log", "exitStatus": "0"}
[2025-11-25 18:00:27.366 -0300] [PROCESS] [cadence.virtuoso.ade.simulationMonitor] - Finished Simulation {"hostname": "ecomp", "processid": 609976, "history": "ExplorerRun.0", "testname": "watto_test_switch_x1_1", "cornername": "Nominal", "point": 1, "logfile": "/home/ufsm00051/wagner.chitto/wagner.chitto/logs_wagner.chitto/logs0/Job17.log", "simid": "1", "event": "finish", "category": "obsolete"}
[2025-11-25 18:00:32.368 -0300] [PROCESS] [cadence.virtuoso.ade.simulationMonitor] - Point Finished {"hostname": "ecomp", "processid": 609976, "history": "ExplorerRun.0", "testname": "watto_test_switch_x1_1", "cornername": "Nominal", "point": 1, "logfile": "/home/ufsm00051/wagner.chitto/wagner.chitto/logs_wagner.chitto/logs0/Job17.log", "event": "finish", "category": "sim-eval"}
[2025-11-25 18:05:34.136 -0300] [PROCESS] [cadence.virtuoso.ade.simulationMonitor] - Current memory used: 90.8672 MBytes, peak memory used: 90.8672 MBytes {"hostname": "ecomp", "processid": 609976, "history": "ExplorerRun.0", "testname": "watto_test_switch_x1_1", "cornername": "Nominal", "point": 1, "logfile": "/home/ufsm00051/wagner.chitto/wagner.chitto/logs_wagner.chitto/logs0/Job17.log"}
[2025-11-25 18:05:34.136 -0300] [PROCESS] [cadence.virtuoso.ade.simulationMonitor] - Simulation Monitor process exits. {"hostname": "ecomp", "processid": 609976, "history": "ExplorerRun.0", "testname": "watto_test_switch_x1_1", "cornername": "Nominal", "point": 1, "logfile": "/home/ufsm00051/wagner.chitto/wagner.chitto/logs_wagner.chitto/logs0/Job17.log"}
