[Simulation Monitor: 21]
[2025-11-25 18:46:57.647 -0300] [PROCESS] [cadence.virtuoso.ade.simulationMonitor] - Started the simulation monitor process {"hostname": "ecomp", "processid": 626815, "logfile": "/home/ufsm00051/wagner.chitto/wagner.chitto/logs_wagner.chitto/logs0/Job21.log", "simulation monitor command line": "/home/tools/cadence/installs/IC231/tools.lnx86/dfII/bin/64bit/spectreMonitor --davinciService DaVinciService_577661_1764101552 --axlsession fnxSession6 -lscs 00010590E36CFC06BC4D64FFD61DD265D93F798EEA7CFC06CC4D0A8CEC7E9F67D0227DAAD247CD36C87766E3A12FFC06BC4D0FC5ACCEDFD7D56B00001B17 -beanhost ecomp -beanport 11718 -beanLogFile /home/ufsm00051/wagner.chitto/wagner.chitto/logs_wagner.chitto/logs0/amps_Job21.log -beanbinlog  --domain 0 --interactive yes --netlistOpt no --useMultiPointEvaluation yes --exprEvalShowJobStderr yes --evalSimParallel no --maxSims 0 --historyName ExplorerRun.0 --historyUUID  --exprEvaluator vds --mcMapping mc1.mapping --checkLogStatusInterval 0 --checkSimulatorLogTimeout 1200 --exprEvalMaxTries 3 --maxNFSSyncWait 60 -adeBrokerAddress ecomp:42365 --statdbType h5v2 --fromADE true --virtuosoBinary virtuoso --guiDisplay localhost:10.0 --globalStatus 60 --evaluateMultiMC yes --evalOnSimFail SkipFailedAnalyses --numRetriesOnError 1 --fenixMode explorer --lingertimeout 300 -ahdlLockTimeout 60 --sdbLib watto --sdbCell test_buffer_x2 --sdbView maestro --heartBeatFileDir /dev/shm --id 21 --uuid 1bc482c9-1f58-481b-a1d8-91cba4e956b2 --log /home/ufsm00051/wagner.chitto/wagner.chitto/logs_wagner.chitto/logs0/Job21.log "}
[2025-11-25 18:46:57.647 -0300] [PROCESS] [cadence.virtuoso.ade.simulationMonitor] - Started the simulation monitor process {"hostname": "ecomp", "processid": 626815, "logfile": "/home/ufsm00051/wagner.chitto/wagner.chitto/logs_wagner.chitto/logs0/Job21.log", "current directory": "/home/ufsm00051/wagner.chitto/wagner.chitto"}
[2025-11-25 18:46:57.647 -0300] [PROCESS] [cadence.virtuoso.ade.simulationMonitor] - Simulation Monitor has successfully started up. Trying to set up communication channels to other components ... {"hostname": "ecomp", "processid": 626815, "logfile": "/home/ufsm00051/wagner.chitto/wagner.chitto/logs_wagner.chitto/logs0/Job21.log"}
[2025-11-25 18:46:57.648 -0300] [PROCESS] [cadence.virtuoso.ade.simulationMonitor] - Communication channels have been successfully set up. Start processing events ... {"hostname": "ecomp", "processid": 626815, "logfile": "/home/ufsm00051/wagner.chitto/wagner.chitto/logs_wagner.chitto/logs0/Job21.log"}
[2025-11-25 18:46:57.648 -0300] [PROCESS] [cadence.virtuoso.ade.simulationMonitor] - Considering to start history {"hostname": "ecomp", "processid": 626815, "history": "ExplorerRun.0", "logfile": "/home/ufsm00051/wagner.chitto/wagner.chitto/logs_wagner.chitto/logs0/Job21.log"}
[2025-11-25 18:46:57.650 -0300] [PROCESS] [cadence.virtuoso.ade.simulationMonitor] - HostInfo:
Host name (type):	ecomp (x86_64)
Operating system:	Linux 4.18.0-553.74.1.el8_10.x86_64 #1 SMP Sun Sep 14 12:57:27 UTC 2025 {"hostname": "ecomp", "processid": 626815, "history": "ExplorerRun.0", "logfile": "/home/ufsm00051/wagner.chitto/wagner.chitto/logs_wagner.chitto/logs0/Job21.log", "nodename": "ecomp", "domainname": "(none)", "machine": "x86_64", "sysname": "Linux", "release": "4.18.0-553.74.1.el8_10.x86_64", "version": "#1 SMP Sun Sep 14 12:57:27 UTC 2025"}
[2025-11-25 18:46:57.650 -0300] [PROCESS] [cadence.virtuoso.ade.simulationMonitor] - UsageInfo:
pid=626815
totalPhysicalMemory=31.020386GB,Used=14.782776GB,totalVirtualMemory=34.481319GB,Used=14.782776GB
Cpu: Cores=4, Load average:0.600000,0.460000,0.470000 {"hostname": "ecomp", "processid": 626815, "history": "ExplorerRun.0", "logfile": "/home/ufsm00051/wagner.chitto/wagner.chitto/logs_wagner.chitto/logs0/Job21.log", "pid": "626815", "totalPhysicalMemory": "31.020386", "physicalMemoryUsed": "14.782776", "totalVirtualMemory": "34.481319", "virtualMemoryUsed": "14.782776", "cpuCores": "4", "processes": "1567", "loadAverage1": "0.600000", "loadAverage5": "0.460000", "loadAverage15": "0.470000", "loadAverage1Percent": "0.150000"}
[2025-11-25 18:46:57.651 -0300] [EVENT] [cadence.virtuoso.ade.simulationMonitor] - NewPoint {"history": "ExplorerRun.0", "point": 1, "testname": "watto_test_buffer_x2_1", "cornername": "Nominal", "event": "NewPoint", "EventSource": "Simulation Monitor", "HistoryName": "ExplorerRun.0", "logFile": "/home/ufsm00051/wagner.chitto/wagner.chitto/logs_wagner.chitto/logs0/Job21.log", "logFileSize": "4111", "category": "simulation"}
[2025-11-25 18:46:57.752 -0300] [EVENT] [cadence.virtuoso.ade.simulationMonitor] - NewPoint {"history": "ExplorerRun.0", "point": 1, "testname": "watto_test_buffer_x2_1", "cornername": "Nominal", "event": "NewPoint", "EventSource": "spectre", "HistoryName": "ExplorerRun.0", "logFile": "/home/ufsm00051/wagner.chitto/simulation/watto/test_buffer_x2/maestro/results/maestro/ExplorerRun.0/1/watto_test_buffer_x2_1/psf/spectre.out", "logFileSize": "-1", "category": "simulation"}
[2025-11-25 18:46:57.833 -0300] [PROCESS] [cadence.virtuoso.ade.simulationMonitor] - Simulator launched {"hostname": "ecomp", "processid": 626815, "history": "ExplorerRun.0", "testname": "watto_test_buffer_x2_1", "cornername": "Nominal", "point": 1, "logfile": "/home/ufsm00051/wagner.chitto/wagner.chitto/logs_wagner.chitto/logs0/Job21.log", "simid": "1", "event": "launch", "category": "simulation"}
[2025-11-25 18:46:57.834 -0300] [PROCESS] [cadence.virtuoso.ade.simulationMonitor] - Expression evaluator launched {"hostname": "ecomp", "processid": 626815, "history": "ExplorerRun.0", "testname": "watto_test_buffer_x2_1", "cornername": "Nominal", "point": 1, "logfile": "/home/ufsm00051/wagner.chitto/wagner.chitto/logs_wagner.chitto/logs0/Job21.log"}
[2025-11-25 18:46:57.906 -0300] [PROCESS] [cadence.virtuoso.ade.simulationMonitor] - Started Simulation {"hostname": "ecomp", "processid": 626815, "history": "ExplorerRun.0", "testname": "watto_test_buffer_x2_1", "cornername": "Nominal", "point": 1, "logfile": "/home/ufsm00051/wagner.chitto/wagner.chitto/logs_wagner.chitto/logs0/Job21.log", "event": "start", "category": "simulation"}
[2025-11-25 18:46:59.406 -0300] [INFO] [cadence.virtuoso.ade.simulationMonitor] - Peak resident memory used = 187 Mbytes. {"history": "ExplorerRun.0", "point": 1, "testname": "watto_test_buffer_x2_1", "cornername": "Nominal"}
[2025-11-25 18:46:59.406 -0300] [INFO] [cadence.virtuoso.ade.simulationMonitor] - Peak resident memory used = 202 Mbytes. {"history": "ExplorerRun.0", "point": 1, "testname": "watto_test_buffer_x2_1", "cornername": "Nominal"}
[2025-11-25 18:46:59.406 -0300] [INFO] [cadence.virtuoso.ade.simulationMonitor] - Peak resident memory used = 204 Mbytes. {"history": "ExplorerRun.0", "point": 1, "testname": "watto_test_buffer_x2_1", "cornername": "Nominal"}
[2025-11-25 18:46:59.406 -0300] [INFO] [cadence.virtuoso.ade.simulationMonitor] - Notice from spectre during initial setup.
    Multithreading is disabled due to the size of the design being too small. {"history": "ExplorerRun.0", "point": 1, "testname": "watto_test_buffer_x2_1", "cornername": "Nominal"}
[2025-11-25 18:46:59.406 -0300] [INFO] [cadence.virtuoso.ade.simulationMonitor] -               nodes 14 {"history": "ExplorerRun.0", "point": 1, "testname": "watto_test_buffer_x2_1", "cornername": "Nominal"}
[2025-11-25 18:46:59.406 -0300] [INFO] [cadence.virtuoso.ade.simulationMonitor] - Notice from spectre during initial setup.
    Protected devices exist and are not included in the circuit inventory.
    APS enabled. {"history": "ExplorerRun.0", "point": 1, "testname": "watto_test_buffer_x2_1", "cornername": "Nominal"}
[2025-11-25 18:46:59.406 -0300] [INFO] [cadence.virtuoso.ade.simulationMonitor] - Peak resident memory used = 204 Mbytes. {"history": "ExplorerRun.0", "point": 1, "testname": "watto_test_buffer_x2_1", "cornername": "Nominal"}
[2025-11-25 18:46:59.406 -0300] [INFO] [cadence.virtuoso.ade.simulationMonitor] -    -   (APS) Multi-threading. The recommended number of threads is 1, consider adding +mt=1 on command line. {"history": "ExplorerRun.0", "point": 1, "testname": "watto_test_buffer_x2_1", "cornername": "Nominal"}
[2025-11-25 18:46:59.406 -0300] [INFO] [cadence.virtuoso.ade.simulationMonitor] - Notice from spectre during transient analysis `tran'.
    Multithreading is disabled due to the size of the design being too small. {"history": "ExplorerRun.0", "point": 1, "testname": "watto_test_buffer_x2_1", "cornername": "Nominal"}
[2025-11-25 18:46:59.406 -0300] [INFO] [cadence.virtuoso.ade.simulationMonitor] - Notice from spectre at time = 64.2717 ns during transient analysis `tran'.
    Found trapezoidal ringing on node I6_turbo_m2.I3.PM0.n1. {"history": "ExplorerRun.0", "point": 1, "testname": "watto_test_buffer_x2_1", "cornername": "Nominal"}
[2025-11-25 18:46:59.407 -0300] [INFO] [cadence.virtuoso.ade.simulationMonitor] - Notice from spectre at time = 76.2717 ns during transient analysis `tran'.
    Found trapezoidal ringing on node V0:p. {"history": "ExplorerRun.0", "point": 1, "testname": "watto_test_buffer_x2_1", "cornername": "Nominal"}
[2025-11-25 18:46:59.407 -0300] [INFO] [cadence.virtuoso.ade.simulationMonitor] - Notice from spectre at time = 82.2717 ns during transient analysis `tran'.
    Found trapezoidal ringing on node V0:p. {"history": "ExplorerRun.0", "point": 1, "testname": "watto_test_buffer_x2_1", "cornername": "Nominal"}
[2025-11-25 18:46:59.407 -0300] [INFO] [cadence.virtuoso.ade.simulationMonitor] - Notice from spectre at time = 88.2717 ns during transient analysis `tran'.
    Found trapezoidal ringing on node V0:p. {"history": "ExplorerRun.0", "point": 1, "testname": "watto_test_buffer_x2_1", "cornername": "Nominal"}
[2025-11-25 18:46:59.407 -0300] [INFO] [cadence.virtuoso.ade.simulationMonitor] - Notice from spectre at time = 94.2717 ns during transient analysis `tran'.
    Found trapezoidal ringing on node V0:p.
        Further occurrences of this notice will be suppressed. {"history": "ExplorerRun.0", "point": 1, "testname": "watto_test_buffer_x2_1", "cornername": "Nominal"}
[2025-11-25 18:46:59.407 -0300] [INFO] [cadence.virtuoso.ade.simulationMonitor] - Notice from spectre during transient analysis `tran'.
    Trapezoidal ringing is detected during tran analysis.
        Please use method=trap for better results and performance. {"history": "ExplorerRun.0", "point": 1, "testname": "watto_test_buffer_x2_1", "cornername": "Nominal"}
[2025-11-25 18:46:59.407 -0300] [INFO] [cadence.virtuoso.ade.simulationMonitor] - Intrinsic tran analysis time:    CPU = 19.169 ms, elapsed = 101.945 ms. {"history": "ExplorerRun.0", "point": 1, "testname": "watto_test_buffer_x2_1", "cornername": "Nominal"}
[2025-11-25 18:46:59.407 -0300] [INFO] [cadence.virtuoso.ade.simulationMonitor] - Total time required for tran analysis `tran': CPU = 22.738 ms, elapsed = 105.519 ms, util. = 21.5%. {"history": "ExplorerRun.0", "point": 1, "testname": "watto_test_buffer_x2_1", "cornername": "Nominal"}
[2025-11-25 18:46:59.407 -0300] [INFO] [cadence.virtuoso.ade.simulationMonitor] - Peak resident memory used = 213 Mbytes. {"history": "ExplorerRun.0", "point": 1, "testname": "watto_test_buffer_x2_1", "cornername": "Nominal"}
[2025-11-25 18:46:59.407 -0300] [INFO] [cadence.virtuoso.ade.simulationMonitor] - Notice from spectre.
    15 notices suppressed. {"history": "ExplorerRun.0", "point": 1, "testname": "watto_test_buffer_x2_1", "cornername": "Nominal"}
[2025-11-25 18:46:59.407 -0300] [INFO] [cadence.virtuoso.ade.simulationMonitor] - Notice from spectre at vcm = 1 during DC analysis `dc'.
    The value of parameter 'vcm' has been reset to the original value 0. {"history": "ExplorerRun.0", "point": 1, "testname": "watto_test_buffer_x2_1", "cornername": "Nominal"}
[2025-11-25 18:46:59.407 -0300] [INFO] [cadence.virtuoso.ade.simulationMonitor] - Total time required for dc analysis `dc': CPU = 10.371 ms, elapsed = 39.0611 ms, util. = 26.6%. {"history": "ExplorerRun.0", "point": 1, "testname": "watto_test_buffer_x2_1", "cornername": "Nominal"}
[2025-11-25 18:46:59.407 -0300] [INFO] [cadence.virtuoso.ade.simulationMonitor] - Peak resident memory used = 213 Mbytes. {"history": "ExplorerRun.0", "point": 1, "testname": "watto_test_buffer_x2_1", "cornername": "Nominal"}
[2025-11-25 18:46:59.907 -0300] [INFO] [cadence.virtuoso.ade.simulationMonitor] - Time used: CPU = 583 ms, elapsed = 1.6 s, util. = 36.3%. {"history": "ExplorerRun.0", "point": 1, "testname": "watto_test_buffer_x2_1", "cornername": "Nominal"}
[2025-11-25 18:46:59.907 -0300] [INFO] [cadence.virtuoso.ade.simulationMonitor] - Time spent in licensing: elapsed = 829 ms, percentage of total = 51.7%. {"history": "ExplorerRun.0", "point": 1, "testname": "watto_test_buffer_x2_1", "cornername": "Nominal"}
[2025-11-25 18:46:59.908 -0300] [INFO] [cadence.virtuoso.ade.simulationMonitor] - Peak memory used = 215 Mbytes. {"history": "ExplorerRun.0", "point": 1, "testname": "watto_test_buffer_x2_1", "cornername": "Nominal"}
[2025-11-25 18:46:59.908 -0300] [PROCESS] [cadence.virtuoso.ade.simulationMonitor] - Simulation started at: 6:46:57 PM, Tue Nov 25, 2025, ended at: 6:46:59 PM, Tue Nov 25, 2025, with elapsed time (wall clock): 1.6 s. {"history": "ExplorerRun.0", "point": 1, "testname": "watto_test_buffer_x2_1", "cornername": "Nominal"}
[2025-11-25 18:46:59.908 -0300] [PROCESS] [cadence.virtuoso.ade.simulationMonitor] - spectre completes with 0 errors, 0 warnings, and 13 notices. {"history": "ExplorerRun.0", "point": 1, "testname": "watto_test_buffer_x2_1", "cornername": "Nominal"}
[2025-11-25 18:46:59.908 -0300] [PROCESS] [cadence.virtuoso.ade.simulationMonitor] - Finished simulating for one point {"hostname": "ecomp", "processid": 626815, "history": "ExplorerRun.0", "testname": "watto_test_buffer_x2_1", "cornername": "Nominal", "point": 1, "logfile": "/home/ufsm00051/wagner.chitto/wagner.chitto/logs_wagner.chitto/logs0/Job21.log", "simid": "1", "event": "finish", "category": "simulation"}
[2025-11-25 18:46:59.908 -0300] [PROCESS] [cadence.virtuoso.ade.simulationMonitor] - Simulator exited {"hostname": "ecomp", "processid": 626815, "history": "ExplorerRun.0", "testname": "watto_test_buffer_x2_1", "cornername": "Nominal", "point": 1, "logfile": "/home/ufsm00051/wagner.chitto/wagner.chitto/logs_wagner.chitto/logs0/Job21.log", "exitStatus": "0"}
[2025-11-25 18:46:59.908 -0300] [PROCESS] [cadence.virtuoso.ade.simulationMonitor] - Finished Simulation {"hostname": "ecomp", "processid": 626815, "history": "ExplorerRun.0", "testname": "watto_test_buffer_x2_1", "cornername": "Nominal", "point": 1, "logfile": "/home/ufsm00051/wagner.chitto/wagner.chitto/logs_wagner.chitto/logs0/Job21.log", "simid": "1", "event": "finish", "category": "obsolete"}
[2025-11-25 18:47:01.409 -0300] [PROCESS] [cadence.virtuoso.ade.simulationMonitor] - Point Finished {"hostname": "ecomp", "processid": 626815, "history": "ExplorerRun.0", "testname": "watto_test_buffer_x2_1", "cornername": "Nominal", "point": 1, "logfile": "/home/ufsm00051/wagner.chitto/wagner.chitto/logs_wagner.chitto/logs0/Job21.log", "event": "finish", "category": "sim-eval"}
[2025-11-25 18:48:30.816 -0300] [PROCESS] [cadence.virtuoso.ade.simulationMonitor] - get signal Terminated<15> from user:wagner.chitto, which pid:626810:/home/tools/cadence/installs/IC231/tools/bin/64bit/cdsServIpc {"hostname": "ecomp", "processid": 626815, "history": "ExplorerRun.0", "testname": "watto_test_buffer_x2_1", "cornername": "Nominal", "point": 1, "logfile": "/home/ufsm00051/wagner.chitto/wagner.chitto/logs_wagner.chitto/logs0/Job21.log", "signal": "15", "signalName": "Terminated", "which": "/home/tools/cadence/installs/IC231/tools/bin/64bit/cdsServIpc", "pid": "626810", "user": "wagner.chitto", "uid": "1028"}
[2025-11-25 18:48:30.817 -0300] [INFO] [cadence.virtuoso.ade.simulationMonitor] - SimulationMonitor has terminated the  process '626868', reason: 'simulationMonitor is handling signal 15' {"history": "ExplorerRun.0", "point": 1, "testname": "watto_test_buffer_x2_1", "cornername": "Nominal"}
