[Simulation Monitor: 28]
[2025-11-25 19:54:28.642 -0300] [PROCESS] [cadence.virtuoso.ade.simulationMonitor] - Started the simulation monitor process {"hostname": "ecomp", "processid": 663109, "logfile": "/home/ufsm00051/wagner.chitto/wagner.chitto/logs_wagner.chitto/logs0/Job28.log", "simulation monitor command line": "/home/tools/cadence/installs/IC231/tools.lnx86/dfII/bin/64bit/spectreMonitor --davinciService DaVinciService_577661_1764101552 --axlsession fnxSession8 -lscs 00010590E36CFC06BC4D64FFD61DD265D93F798EEA7CFC06CC4D0A8CEC7E9F67D0227DAAD247CD36C87766E3A12FFC06BC4D0FC5BCBBCFA2D56B00001B0B -beanhost ecomp -beanport 11718 -beanLogFile /home/ufsm00051/wagner.chitto/wagner.chitto/logs_wagner.chitto/logs0/amps_Job28.log -beanbinlog  --domain 0 --interactive yes --netlistOpt no --useMultiPointEvaluation yes --exprEvalShowJobStderr yes --evalSimParallel no --maxSims 0 --historyName ExplorerRun.0 --historyUUID  --exprEvaluator vds --mcMapping mc1.mapping --checkLogStatusInterval 0 --checkSimulatorLogTimeout 1200 --exprEvalMaxTries 3 --maxNFSSyncWait 60 -adeBrokerAddress ecomp:42365 --statdbType h5v2 --fromADE true --virtuosoBinary virtuoso --guiDisplay localhost:10.0 --globalStatus 60 --evaluateMultiMC yes --evalOnSimFail SkipFailedAnalyses --numRetriesOnError 1 --fenixMode explorer --lingertimeout 300 -ahdlLockTimeout 60 --sdbLib watto --sdbCell test_tristinv_x1 --sdbView maestro --heartBeatFileDir /dev/shm --id 28 --uuid 89af89e9-f172-4f4b-adca-6cb9db3fa653 --log /home/ufsm00051/wagner.chitto/wagner.chitto/logs_wagner.chitto/logs0/Job28.log "}
[2025-11-25 19:54:28.643 -0300] [PROCESS] [cadence.virtuoso.ade.simulationMonitor] - Started the simulation monitor process {"hostname": "ecomp", "processid": 663109, "logfile": "/home/ufsm00051/wagner.chitto/wagner.chitto/logs_wagner.chitto/logs0/Job28.log", "current directory": "/home/ufsm00051/wagner.chitto/wagner.chitto"}
[2025-11-25 19:54:28.643 -0300] [PROCESS] [cadence.virtuoso.ade.simulationMonitor] - Simulation Monitor has successfully started up. Trying to set up communication channels to other components ... {"hostname": "ecomp", "processid": 663109, "logfile": "/home/ufsm00051/wagner.chitto/wagner.chitto/logs_wagner.chitto/logs0/Job28.log"}
[2025-11-25 19:54:28.643 -0300] [PROCESS] [cadence.virtuoso.ade.simulationMonitor] - Communication channels have been successfully set up. Start processing events ... {"hostname": "ecomp", "processid": 663109, "logfile": "/home/ufsm00051/wagner.chitto/wagner.chitto/logs_wagner.chitto/logs0/Job28.log"}
[2025-11-25 19:54:28.643 -0300] [PROCESS] [cadence.virtuoso.ade.simulationMonitor] - Considering to start history {"hostname": "ecomp", "processid": 663109, "history": "ExplorerRun.0", "logfile": "/home/ufsm00051/wagner.chitto/wagner.chitto/logs_wagner.chitto/logs0/Job28.log"}
[2025-11-25 19:54:28.646 -0300] [PROCESS] [cadence.virtuoso.ade.simulationMonitor] - HostInfo:
Host name (type):	ecomp (x86_64)
Operating system:	Linux 4.18.0-553.74.1.el8_10.x86_64 #1 SMP Sun Sep 14 12:57:27 UTC 2025 {"hostname": "ecomp", "processid": 663109, "history": "ExplorerRun.0", "logfile": "/home/ufsm00051/wagner.chitto/wagner.chitto/logs_wagner.chitto/logs0/Job28.log", "nodename": "ecomp", "domainname": "(none)", "machine": "x86_64", "sysname": "Linux", "release": "4.18.0-553.74.1.el8_10.x86_64", "version": "#1 SMP Sun Sep 14 12:57:27 UTC 2025"}
[2025-11-25 19:54:28.646 -0300] [PROCESS] [cadence.virtuoso.ade.simulationMonitor] - UsageInfo:
pid=663109
totalPhysicalMemory=31.020386GB,Used=14.020996GB,totalVirtualMemory=34.481319GB,Used=14.020996GB
Cpu: Cores=4, Load average:0.540000,0.630000,0.620000 {"hostname": "ecomp", "processid": 663109, "history": "ExplorerRun.0", "logfile": "/home/ufsm00051/wagner.chitto/wagner.chitto/logs_wagner.chitto/logs0/Job28.log", "pid": "663109", "totalPhysicalMemory": "31.020386", "physicalMemoryUsed": "14.020996", "totalVirtualMemory": "34.481319", "virtualMemoryUsed": "14.020996", "cpuCores": "4", "processes": "1500", "loadAverage1": "0.540000", "loadAverage5": "0.630000", "loadAverage15": "0.620000", "loadAverage1Percent": "0.135000"}
[2025-11-25 19:54:28.646 -0300] [EVENT] [cadence.virtuoso.ade.simulationMonitor] - NewPoint {"history": "ExplorerRun.0", "point": 1, "testname": "watto_test_tristinv_x1_1", "cornername": "Nominal", "event": "NewPoint", "EventSource": "Simulation Monitor", "HistoryName": "ExplorerRun.0", "logFile": "/home/ufsm00051/wagner.chitto/wagner.chitto/logs_wagner.chitto/logs0/Job28.log", "logFileSize": "4113", "category": "simulation"}
[2025-11-25 19:54:28.747 -0300] [EVENT] [cadence.virtuoso.ade.simulationMonitor] - NewPoint {"history": "ExplorerRun.0", "point": 1, "testname": "watto_test_tristinv_x1_1", "cornername": "Nominal", "event": "NewPoint", "EventSource": "spectre", "HistoryName": "ExplorerRun.0", "logFile": "/home/ufsm00051/wagner.chitto/simulation/watto/test_tristinv_x1/maestro/results/maestro/ExplorerRun.0/1/watto_test_tristinv_x1_1/psf/spectre.out", "logFileSize": "-1", "category": "simulation"}
[2025-11-25 19:54:28.826 -0300] [PROCESS] [cadence.virtuoso.ade.simulationMonitor] - Simulator launched {"hostname": "ecomp", "processid": 663109, "history": "ExplorerRun.0", "testname": "watto_test_tristinv_x1_1", "cornername": "Nominal", "point": 1, "logfile": "/home/ufsm00051/wagner.chitto/wagner.chitto/logs_wagner.chitto/logs0/Job28.log", "simid": "1", "event": "launch", "category": "simulation"}
[2025-11-25 19:54:28.828 -0300] [PROCESS] [cadence.virtuoso.ade.simulationMonitor] - Expression evaluator launched {"hostname": "ecomp", "processid": 663109, "history": "ExplorerRun.0", "testname": "watto_test_tristinv_x1_1", "cornername": "Nominal", "point": 1, "logfile": "/home/ufsm00051/wagner.chitto/wagner.chitto/logs_wagner.chitto/logs0/Job28.log"}
[2025-11-25 19:54:28.892 -0300] [PROCESS] [cadence.virtuoso.ade.simulationMonitor] - Started Simulation {"hostname": "ecomp", "processid": 663109, "history": "ExplorerRun.0", "testname": "watto_test_tristinv_x1_1", "cornername": "Nominal", "point": 1, "logfile": "/home/ufsm00051/wagner.chitto/wagner.chitto/logs_wagner.chitto/logs0/Job28.log", "event": "start", "category": "simulation"}
[2025-11-25 19:54:30.393 -0300] [INFO] [cadence.virtuoso.ade.simulationMonitor] - Peak resident memory used = 187 Mbytes. {"history": "ExplorerRun.0", "point": 1, "testname": "watto_test_tristinv_x1_1", "cornername": "Nominal"}
[2025-11-25 19:54:30.393 -0300] [INFO] [cadence.virtuoso.ade.simulationMonitor] - Peak resident memory used = 202 Mbytes. {"history": "ExplorerRun.0", "point": 1, "testname": "watto_test_tristinv_x1_1", "cornername": "Nominal"}
[2025-11-25 19:54:30.393 -0300] [INFO] [cadence.virtuoso.ade.simulationMonitor] - Peak resident memory used = 204 Mbytes. {"history": "ExplorerRun.0", "point": 1, "testname": "watto_test_tristinv_x1_1", "cornername": "Nominal"}
[2025-11-25 19:54:30.393 -0300] [WARN] [cadence.virtuoso.ade.simulationMonitor] -     WARNING (CMI-2210): V1: Period is smaller than rise+width+fall. It is reset to rise+width+fall. {"history": "ExplorerRun.0", "point": 1, "testname": "watto_test_tristinv_x1_1", "cornername": "Nominal"}
[2025-11-25 19:54:30.393 -0300] [INFO] [cadence.virtuoso.ade.simulationMonitor] - Notice from spectre during initial setup.
    Multithreading is disabled due to the size of the design being too small. {"history": "ExplorerRun.0", "point": 1, "testname": "watto_test_tristinv_x1_1", "cornername": "Nominal"}
[2025-11-25 19:54:30.393 -0300] [INFO] [cadence.virtuoso.ade.simulationMonitor] -               nodes 51 {"history": "ExplorerRun.0", "point": 1, "testname": "watto_test_tristinv_x1_1", "cornername": "Nominal"}
[2025-11-25 19:54:30.393 -0300] [INFO] [cadence.virtuoso.ade.simulationMonitor] - Notice from spectre during initial setup.
    Protected devices exist and are not included in the circuit inventory.
    APS enabled. {"history": "ExplorerRun.0", "point": 1, "testname": "watto_test_tristinv_x1_1", "cornername": "Nominal"}
[2025-11-25 19:54:30.393 -0300] [INFO] [cadence.virtuoso.ade.simulationMonitor] - Peak resident memory used = 207 Mbytes. {"history": "ExplorerRun.0", "point": 1, "testname": "watto_test_tristinv_x1_1", "cornername": "Nominal"}
[2025-11-25 19:54:30.393 -0300] [INFO] [cadence.virtuoso.ade.simulationMonitor] -    -   (APS) Multi-threading. The recommended number of threads is 1, consider adding +mt=1 on command line. {"history": "ExplorerRun.0", "point": 1, "testname": "watto_test_tristinv_x1_1", "cornername": "Nominal"}
[2025-11-25 19:54:30.393 -0300] [INFO] [cadence.virtuoso.ade.simulationMonitor] - Notice from spectre during IC analysis, during transient analysis `tran'.
    GminDC = 1 pS is large enough to noticeably affect the DC solution.
        dV(I8.4\:Vout) = 61.8527 mV
        Use the `gmin_check' option to eliminate or expand this report. {"history": "ExplorerRun.0", "point": 1, "testname": "watto_test_tristinv_x1_1", "cornername": "Nominal"}
[2025-11-25 19:54:30.393 -0300] [INFO] [cadence.virtuoso.ade.simulationMonitor] - Notice from spectre during transient analysis `tran'.
    Multithreading is disabled due to the size of the design being too small. {"history": "ExplorerRun.0", "point": 1, "testname": "watto_test_tristinv_x1_1", "cornername": "Nominal"}
[2025-11-25 19:54:30.394 -0300] [INFO] [cadence.virtuoso.ade.simulationMonitor] - Notice from spectre at time = 80.4198 ns during transient analysis `tran'.
    Found trapezoidal ringing on node I8.net4. {"history": "ExplorerRun.0", "point": 1, "testname": "watto_test_tristinv_x1_1", "cornername": "Nominal"}
[2025-11-25 19:54:30.394 -0300] [INFO] [cadence.virtuoso.ade.simulationMonitor] - Notice from spectre at time = 80.8367 ns during transient analysis `tran'.
    Found trapezoidal ringing on node I8.net4. {"history": "ExplorerRun.0", "point": 1, "testname": "watto_test_tristinv_x1_1", "cornername": "Nominal"}
[2025-11-25 19:54:30.394 -0300] [INFO] [cadence.virtuoso.ade.simulationMonitor] - Notice from spectre at time = 81.6704 ns during transient analysis `tran'.
    Found trapezoidal ringing on node I8.net4. {"history": "ExplorerRun.0", "point": 1, "testname": "watto_test_tristinv_x1_1", "cornername": "Nominal"}
[2025-11-25 19:54:30.394 -0300] [INFO] [cadence.virtuoso.ade.simulationMonitor] - Notice from spectre at time = 83.3378 ns during transient analysis `tran'.
    Found trapezoidal ringing on node I8.net4. {"history": "ExplorerRun.0", "point": 1, "testname": "watto_test_tristinv_x1_1", "cornername": "Nominal"}
[2025-11-25 19:54:30.394 -0300] [INFO] [cadence.virtuoso.ade.simulationMonitor] - Notice from spectre at time = 86.6725 ns during transient analysis `tran'.
    Found trapezoidal ringing on node I8.net4.
        Further occurrences of this notice will be suppressed. {"history": "ExplorerRun.0", "point": 1, "testname": "watto_test_tristinv_x1_1", "cornername": "Nominal"}
[2025-11-25 20:04:01.860 -0300] [PROCESS] [cadence.virtuoso.ade.simulationMonitor] - get signal Terminated<15> from user:wagner.chitto, which pid:663105:/home/tools/cadence/installs/IC231/tools/bin/64bit/cdsServIpc {"hostname": "ecomp", "processid": 663109, "history": "ExplorerRun.0", "testname": "watto_test_tristinv_x1_1", "cornername": "Nominal", "point": 1, "logfile": "/home/ufsm00051/wagner.chitto/wagner.chitto/logs_wagner.chitto/logs0/Job28.log", "signal": "15", "signalName": "Terminated", "which": "/home/tools/cadence/installs/IC231/tools/bin/64bit/cdsServIpc", "pid": "663105", "user": "wagner.chitto", "uid": "1028"}
