[Simulation Monitor: 3]
[2025-12-01 17:03:00.666 -0300] [PROCESS] [cadence.virtuoso.ade.simulationMonitor] - Started the simulation monitor process {"hostname": "ecomp", "processid": 1183327, "logfile": "/home/ufsm00051/wagner.chitto/wagner.chitto/logs_wagner.chitto/logs0/Job3.log", "simulation monitor command line": "/home/tools/cadence/installs/IC231/tools.lnx86/dfII/bin/64bit/spectreMonitor --davinciService DaVinciService_1161889_1764618343 --axlsession fnxSession0 -lscs 00010590E36CFC06BC4D64FFD61DD265D93F798EEA7CFC06CC4D0A8CEC7E9F67D0227DAAD240CD31C87766E3A12FFC06BC4D0FCE7B6B0872D56000001ABA -beanhost ecomp -beanport 11606 -beanLogFile /home/ufsm00051/wagner.chitto/wagner.chitto/logs_wagner.chitto/logs0/amps_Job3.log -beanbinlog  --domain 0 --interactive yes --netlistOpt no --useMultiPointEvaluation yes --exprEvalShowJobStderr yes --evalSimParallel no --maxSims 0 --historyName ExplorerRun.0 --historyUUID  --exprEvaluator vds --mcMapping mc1.mapping --checkLogStatusInterval 0 --checkSimulatorLogTimeout 1200 --exprEvalMaxTries 3 --maxNFSSyncWait 60 -adeBrokerAddress ecomp:42831 --statdbType h5v2 --fromADE true --virtuosoBinary virtuoso --guiDisplay localhost:17.0 --globalStatus 60 --evaluateMultiMC yes --evalOnSimFail SkipFailedAnalyses --numRetriesOnError 1 --fenixMode explorer --lingertimeout 300 -ahdlLockTimeout 60 --sdbLib watto --sdbCell 4_bit_register_x1_test --sdbView maestro --heartBeatFileDir /dev/shm --id 3 --uuid 821d6047-339b-4a68-bde0-4b76c51c6556 --log /home/ufsm00051/wagner.chitto/wagner.chitto/logs_wagner.chitto/logs0/Job3.log "}
[2025-12-01 17:03:00.667 -0300] [PROCESS] [cadence.virtuoso.ade.simulationMonitor] - Started the simulation monitor process {"hostname": "ecomp", "processid": 1183327, "logfile": "/home/ufsm00051/wagner.chitto/wagner.chitto/logs_wagner.chitto/logs0/Job3.log", "current directory": "/home/ufsm00051/wagner.chitto/wagner.chitto"}
[2025-12-01 17:03:00.667 -0300] [PROCESS] [cadence.virtuoso.ade.simulationMonitor] - Simulation Monitor has successfully started up. Trying to set up communication channels to other components ... {"hostname": "ecomp", "processid": 1183327, "logfile": "/home/ufsm00051/wagner.chitto/wagner.chitto/logs_wagner.chitto/logs0/Job3.log"}
[2025-12-01 17:03:00.667 -0300] [PROCESS] [cadence.virtuoso.ade.simulationMonitor] - Communication channels have been successfully set up. Start processing events ... {"hostname": "ecomp", "processid": 1183327, "logfile": "/home/ufsm00051/wagner.chitto/wagner.chitto/logs_wagner.chitto/logs0/Job3.log"}
[2025-12-01 17:03:00.667 -0300] [PROCESS] [cadence.virtuoso.ade.simulationMonitor] - Considering to start history {"hostname": "ecomp", "processid": 1183327, "history": "ExplorerRun.0", "logfile": "/home/ufsm00051/wagner.chitto/wagner.chitto/logs_wagner.chitto/logs0/Job3.log"}
[2025-12-01 17:03:00.669 -0300] [PROCESS] [cadence.virtuoso.ade.simulationMonitor] - HostInfo:
Host name (type):	ecomp (x86_64)
Operating system:	Linux 4.18.0-553.74.1.el8_10.x86_64 #1 SMP Sun Sep 14 12:57:27 UTC 2025 {"hostname": "ecomp", "processid": 1183327, "history": "ExplorerRun.0", "logfile": "/home/ufsm00051/wagner.chitto/wagner.chitto/logs_wagner.chitto/logs0/Job3.log", "nodename": "ecomp", "domainname": "(none)", "machine": "x86_64", "sysname": "Linux", "release": "4.18.0-553.74.1.el8_10.x86_64", "version": "#1 SMP Sun Sep 14 12:57:27 UTC 2025"}
[2025-12-01 17:03:00.669 -0300] [PROCESS] [cadence.virtuoso.ade.simulationMonitor] - UsageInfo:
pid=1183327
totalPhysicalMemory=31.020390GB,Used=21.090252GB,totalVirtualMemory=34.481323GB,Used=21.090252GB
Cpu: Cores=4, Load average:3.610000,3.950000,3.170000 {"hostname": "ecomp", "processid": 1183327, "history": "ExplorerRun.0", "logfile": "/home/ufsm00051/wagner.chitto/wagner.chitto/logs_wagner.chitto/logs0/Job3.log", "pid": "1183327", "totalPhysicalMemory": "31.020390", "physicalMemoryUsed": "21.090252", "totalVirtualMemory": "34.481323", "virtualMemoryUsed": "21.090252", "cpuCores": "4", "processes": "2658", "loadAverage1": "3.610000", "loadAverage5": "3.950000", "loadAverage15": "3.170000", "loadAverage1Percent": "0.902500"}
[2025-12-01 17:03:00.670 -0300] [EVENT] [cadence.virtuoso.ade.simulationMonitor] - NewPoint {"history": "ExplorerRun.0", "point": 1, "testname": "watto_4_bit_register_x1_test_1", "cornername": "Nominal", "event": "NewPoint", "EventSource": "Simulation Monitor", "HistoryName": "ExplorerRun.0", "logFile": "/home/ufsm00051/wagner.chitto/wagner.chitto/logs_wagner.chitto/logs0/Job3.log", "logFileSize": "2236", "category": "simulation"}
[2025-12-01 17:03:00.771 -0300] [EVENT] [cadence.virtuoso.ade.simulationMonitor] - NewPoint {"history": "ExplorerRun.0", "point": 1, "testname": "watto_4_bit_register_x1_test_1", "cornername": "Nominal", "event": "NewPoint", "EventSource": "spectre", "HistoryName": "ExplorerRun.0", "logFile": "/home/ufsm00051/wagner.chitto/simulation/watto/4_bit_register_x1_test/maestro/results/maestro/ExplorerRun.0/1/watto_4_bit_register_x1_test_1/psf/spectre.out", "logFileSize": "-1", "category": "simulation"}
[2025-12-01 17:03:00.854 -0300] [PROCESS] [cadence.virtuoso.ade.simulationMonitor] - Simulator launched {"hostname": "ecomp", "processid": 1183327, "history": "ExplorerRun.0", "testname": "watto_4_bit_register_x1_test_1", "cornername": "Nominal", "point": 1, "logfile": "/home/ufsm00051/wagner.chitto/wagner.chitto/logs_wagner.chitto/logs0/Job3.log", "simid": "1", "event": "launch", "category": "simulation"}
[2025-12-01 17:03:00.856 -0300] [PROCESS] [cadence.virtuoso.ade.simulationMonitor] - Expression evaluator launched {"hostname": "ecomp", "processid": 1183327, "history": "ExplorerRun.0", "testname": "watto_4_bit_register_x1_test_1", "cornername": "Nominal", "point": 1, "logfile": "/home/ufsm00051/wagner.chitto/wagner.chitto/logs_wagner.chitto/logs0/Job3.log"}
[2025-12-01 17:03:00.991 -0300] [PROCESS] [cadence.virtuoso.ade.simulationMonitor] - Started Simulation {"hostname": "ecomp", "processid": 1183327, "history": "ExplorerRun.0", "testname": "watto_4_bit_register_x1_test_1", "cornername": "Nominal", "point": 1, "logfile": "/home/ufsm00051/wagner.chitto/wagner.chitto/logs_wagner.chitto/logs0/Job3.log", "event": "start", "category": "simulation"}
[2025-12-01 17:03:01.992 -0300] [INFO] [cadence.virtuoso.ade.simulationMonitor] - Peak resident memory used = 193 Mbytes. {"history": "ExplorerRun.0", "point": 1, "testname": "watto_4_bit_register_x1_test_1", "cornername": "Nominal"}
[2025-12-01 17:03:01.992 -0300] [INFO] [cadence.virtuoso.ade.simulationMonitor] - Peak resident memory used = 206 Mbytes. {"history": "ExplorerRun.0", "point": 1, "testname": "watto_4_bit_register_x1_test_1", "cornername": "Nominal"}
[2025-12-01 17:03:01.992 -0300] [INFO] [cadence.virtuoso.ade.simulationMonitor] - Peak resident memory used = 209 Mbytes. {"history": "ExplorerRun.0", "point": 1, "testname": "watto_4_bit_register_x1_test_1", "cornername": "Nominal"}
[2025-12-01 17:03:01.992 -0300] [INFO] [cadence.virtuoso.ade.simulationMonitor] - Notice from spectre during initial setup.
    Multithreading is disabled due to the size of the design being too small. {"history": "ExplorerRun.0", "point": 1, "testname": "watto_4_bit_register_x1_test_1", "cornername": "Nominal"}
[2025-12-01 17:03:01.992 -0300] [INFO] [cadence.virtuoso.ade.simulationMonitor] -               nodes 174 {"history": "ExplorerRun.0", "point": 1, "testname": "watto_4_bit_register_x1_test_1", "cornername": "Nominal"}
[2025-12-01 17:03:01.992 -0300] [INFO] [cadence.virtuoso.ade.simulationMonitor] - Notice from spectre during initial setup.
    Protected devices exist and are not included in the circuit inventory.
    APS enabled. {"history": "ExplorerRun.0", "point": 1, "testname": "watto_4_bit_register_x1_test_1", "cornername": "Nominal"}
[2025-12-01 17:03:02.492 -0300] [INFO] [cadence.virtuoso.ade.simulationMonitor] - Peak resident memory used = 211 Mbytes. {"history": "ExplorerRun.0", "point": 1, "testname": "watto_4_bit_register_x1_test_1", "cornername": "Nominal"}
[2025-12-01 17:03:02.492 -0300] [INFO] [cadence.virtuoso.ade.simulationMonitor] -    -   (APS) Multi-threading. The recommended number of threads is 1, consider adding +mt=1 on command line. {"history": "ExplorerRun.0", "point": 1, "testname": "watto_4_bit_register_x1_test_1", "cornername": "Nominal"}
[2025-12-01 17:03:02.492 -0300] [INFO] [cadence.virtuoso.ade.simulationMonitor] - Notice from spectre during IC analysis, during transient analysis `tran'.
    GminDC = 1 pS is large enough to noticeably affect the DC solution.
        dV(I11.I25.net9) = 58.7691 mV
        Use the `gmin_check' option to eliminate or expand this report.
    Bad pivoting is found during DC analysis. Option dc_pivot_check=yes is recommended for possible improvement of convergence. {"history": "ExplorerRun.0", "point": 1, "testname": "watto_4_bit_register_x1_test_1", "cornername": "Nominal"}
[2025-12-01 17:03:02.492 -0300] [INFO] [cadence.virtuoso.ade.simulationMonitor] - Notice from spectre during transient analysis `tran'.
    Multithreading is disabled due to the size of the design being too small. {"history": "ExplorerRun.0", "point": 1, "testname": "watto_4_bit_register_x1_test_1", "cornername": "Nominal"}
[2025-12-01 17:03:02.492 -0300] [INFO] [cadence.virtuoso.ade.simulationMonitor] - Notice from spectre at time = 22 ns during transient analysis `tran'.
    Found trapezoidal ringing on node I11.I8.net9. {"history": "ExplorerRun.0", "point": 1, "testname": "watto_4_bit_register_x1_test_1", "cornername": "Nominal"}
[2025-12-01 17:03:02.492 -0300] [INFO] [cadence.virtuoso.ade.simulationMonitor] - Notice from spectre at time = 31.703 ns during transient analysis `tran'.
    Found trapezoidal ringing on node I11.I11.net9. {"history": "ExplorerRun.0", "point": 1, "testname": "watto_4_bit_register_x1_test_1", "cornername": "Nominal"}
[2025-12-01 17:03:02.492 -0300] [INFO] [cadence.virtuoso.ade.simulationMonitor] - Notice from spectre at time = 32 ns during transient analysis `tran'.
    Found trapezoidal ringing on node I11.I11.net9. {"history": "ExplorerRun.0", "point": 1, "testname": "watto_4_bit_register_x1_test_1", "cornername": "Nominal"}
[2025-12-01 17:03:02.493 -0300] [INFO] [cadence.virtuoso.ade.simulationMonitor] - Notice from spectre at time = 41.7347 ns during transient analysis `tran'.
    Found trapezoidal ringing on node I11.I11.net9. {"history": "ExplorerRun.0", "point": 1, "testname": "watto_4_bit_register_x1_test_1", "cornername": "Nominal"}
[2025-12-01 17:03:02.493 -0300] [INFO] [cadence.virtuoso.ade.simulationMonitor] - Notice from spectre at time = 42 ns during transient analysis `tran'.
    Found trapezoidal ringing on node I11.I11.net9.
        Further occurrences of this notice will be suppressed. {"history": "ExplorerRun.0", "point": 1, "testname": "watto_4_bit_register_x1_test_1", "cornername": "Nominal"}
[2025-12-01 17:03:14.040 -0300] [INFO] [cadence.virtuoso.ade.simulationMonitor] - Notice from spectre during transient analysis `tran'.
    Trapezoidal ringing is detected during tran analysis.
        Please use method=trap for better results and performance. {"history": "ExplorerRun.0", "point": 1, "testname": "watto_4_bit_register_x1_test_1", "cornername": "Nominal"}
[2025-12-01 17:03:14.040 -0300] [INFO] [cadence.virtuoso.ade.simulationMonitor] - Intrinsic tran analysis time:    CPU = 10.9225 s, elapsed = 11.6404 s. {"history": "ExplorerRun.0", "point": 1, "testname": "watto_4_bit_register_x1_test_1", "cornername": "Nominal"}
[2025-12-01 17:03:14.040 -0300] [INFO] [cadence.virtuoso.ade.simulationMonitor] - Total time required for tran analysis `tran': CPU = 10.9811 s, elapsed = 11.6996 s, util. = 93.9%. {"history": "ExplorerRun.0", "point": 1, "testname": "watto_4_bit_register_x1_test_1", "cornername": "Nominal"}
[2025-12-01 17:03:14.040 -0300] [INFO] [cadence.virtuoso.ade.simulationMonitor] - Peak resident memory used = 315 Mbytes. {"history": "ExplorerRun.0", "point": 1, "testname": "watto_4_bit_register_x1_test_1", "cornername": "Nominal"}
[2025-12-01 17:03:14.040 -0300] [INFO] [cadence.virtuoso.ade.simulationMonitor] - Notice from spectre.
    224 notices suppressed. {"history": "ExplorerRun.0", "point": 1, "testname": "watto_4_bit_register_x1_test_1", "cornername": "Nominal"}
[2025-12-01 17:03:14.541 -0300] [INFO] [cadence.virtuoso.ade.simulationMonitor] - Time used: CPU = 11.6 s, elapsed = 13.1 s, util. = 88.4%. {"history": "ExplorerRun.0", "point": 1, "testname": "watto_4_bit_register_x1_test_1", "cornername": "Nominal"}
[2025-12-01 17:03:14.541 -0300] [INFO] [cadence.virtuoso.ade.simulationMonitor] - Time spent in licensing: elapsed = 428 ms. {"history": "ExplorerRun.0", "point": 1, "testname": "watto_4_bit_register_x1_test_1", "cornername": "Nominal"}
[2025-12-01 17:03:14.541 -0300] [INFO] [cadence.virtuoso.ade.simulationMonitor] - Peak memory used = 315 Mbytes. {"history": "ExplorerRun.0", "point": 1, "testname": "watto_4_bit_register_x1_test_1", "cornername": "Nominal"}
[2025-12-01 17:03:14.541 -0300] [PROCESS] [cadence.virtuoso.ade.simulationMonitor] - Simulation started at: 5:03:01 PM, Mon Dec 1, 2025, ended at: 5:03:14 PM, Mon Dec 1, 2025, with elapsed time (wall clock): 13.1 s. {"history": "ExplorerRun.0", "point": 1, "testname": "watto_4_bit_register_x1_test_1", "cornername": "Nominal"}
[2025-12-01 17:03:14.541 -0300] [PROCESS] [cadence.virtuoso.ade.simulationMonitor] - spectre completes with 0 errors, 0 warnings, and 14 notices. {"history": "ExplorerRun.0", "point": 1, "testname": "watto_4_bit_register_x1_test_1", "cornername": "Nominal"}
[2025-12-01 17:03:14.541 -0300] [PROCESS] [cadence.virtuoso.ade.simulationMonitor] - Finished simulating for one point {"hostname": "ecomp", "processid": 1183327, "history": "ExplorerRun.0", "testname": "watto_4_bit_register_x1_test_1", "cornername": "Nominal", "point": 1, "logfile": "/home/ufsm00051/wagner.chitto/wagner.chitto/logs_wagner.chitto/logs0/Job3.log", "simid": "1", "event": "finish", "category": "simulation"}
[2025-12-01 17:03:14.541 -0300] [PROCESS] [cadence.virtuoso.ade.simulationMonitor] - Simulator exited {"hostname": "ecomp", "processid": 1183327, "history": "ExplorerRun.0", "testname": "watto_4_bit_register_x1_test_1", "cornername": "Nominal", "point": 1, "logfile": "/home/ufsm00051/wagner.chitto/wagner.chitto/logs_wagner.chitto/logs0/Job3.log", "exitStatus": "0"}
[2025-12-01 17:03:14.541 -0300] [PROCESS] [cadence.virtuoso.ade.simulationMonitor] - Finished Simulation {"hostname": "ecomp", "processid": 1183327, "history": "ExplorerRun.0", "testname": "watto_4_bit_register_x1_test_1", "cornername": "Nominal", "point": 1, "logfile": "/home/ufsm00051/wagner.chitto/wagner.chitto/logs_wagner.chitto/logs0/Job3.log", "simid": "1", "event": "finish", "category": "obsolete"}
[2025-12-01 17:03:15.542 -0300] [PROCESS] [cadence.virtuoso.ade.simulationMonitor] - Point Finished {"hostname": "ecomp", "processid": 1183327, "history": "ExplorerRun.0", "testname": "watto_4_bit_register_x1_test_1", "cornername": "Nominal", "point": 1, "logfile": "/home/ufsm00051/wagner.chitto/wagner.chitto/logs_wagner.chitto/logs0/Job3.log", "event": "finish", "category": "sim-eval"}
[2025-12-01 17:04:57.570 -0300] [INFO] [cadence.virtuoso.ade.simulationMonitor] - SimulationMonitor has terminated the vds process '1183384', reason: 'Force to stop the expression evalutor process because of new run' {"history": "ExplorerRun.0", "point": 1, "testname": "watto_4_bit_register_x1_test_1", "cornername": "Nominal"}
[2025-12-01 17:04:57.570 -0300] [PROCESS] [cadence.virtuoso.ade.simulationMonitor] - HostInfo:
Host name (type):	ecomp (x86_64)
Operating system:	Linux 4.18.0-553.74.1.el8_10.x86_64 #1 SMP Sun Sep 14 12:57:27 UTC 2025 {"hostname": "ecomp", "processid": 1183327, "history": "ExplorerRun.0", "testname": "watto_4_bit_register_x1_test_1", "cornername": "Nominal", "point": 1, "logfile": "/home/ufsm00051/wagner.chitto/wagner.chitto/logs_wagner.chitto/logs0/Job3.log", "nodename": "ecomp", "domainname": "(none)", "machine": "x86_64", "sysname": "Linux", "release": "4.18.0-553.74.1.el8_10.x86_64", "version": "#1 SMP Sun Sep 14 12:57:27 UTC 2025"}
[2025-12-01 17:04:57.570 -0300] [PROCESS] [cadence.virtuoso.ade.simulationMonitor] - UsageInfo:
pid=1183327
totalPhysicalMemory=31.020390GB,Used=21.560745GB,totalVirtualMemory=34.481323GB,Used=21.560745GB
Cpu: Cores=4, Load average:4.900000,4.200000,3.350000 {"hostname": "ecomp", "processid": 1183327, "history": "ExplorerRun.0", "testname": "watto_4_bit_register_x1_test_1", "cornername": "Nominal", "point": 1, "logfile": "/home/ufsm00051/wagner.chitto/wagner.chitto/logs_wagner.chitto/logs0/Job3.log", "pid": "1183327", "totalPhysicalMemory": "31.020390", "physicalMemoryUsed": "21.560745", "totalVirtualMemory": "34.481323", "virtualMemoryUsed": "21.560745", "cpuCores": "4", "processes": "2697", "loadAverage1": "4.900000", "loadAverage5": "4.200000", "loadAverage15": "3.350000", "loadAverage1Percent": "1.225000"}
[2025-12-01 17:04:57.571 -0300] [EVENT] [cadence.virtuoso.ade.simulationMonitor] - NewPoint {"history": "ExplorerRun.0", "point": 1, "testname": "watto_4_bit_register_x1_test_1", "cornername": "Nominal", "event": "NewPoint", "EventSource": "Simulation Monitor", "HistoryName": "ExplorerRun.0", "logFile": "/home/ufsm00051/wagner.chitto/wagner.chitto/logs_wagner.chitto/logs0/Job3.log", "logFileSize": "15175", "category": "simulation"}
[2025-12-01 17:04:57.672 -0300] [EVENT] [cadence.virtuoso.ade.simulationMonitor] - NewPoint {"history": "ExplorerRun.0", "point": 1, "testname": "watto_4_bit_register_x1_test_1", "cornername": "Nominal", "event": "NewPoint", "EventSource": "spectre", "HistoryName": "ExplorerRun.0", "logFile": "/home/ufsm00051/wagner.chitto/simulation/watto/4_bit_register_x1_test/maestro/results/maestro/ExplorerRun.0/1/watto_4_bit_register_x1_test_1/psf/spectre.out", "logFileSize": "-1", "category": "simulation"}
[2025-12-01 17:04:57.847 -0300] [PROCESS] [cadence.virtuoso.ade.simulationMonitor] - Simulator launched {"hostname": "ecomp", "processid": 1183327, "history": "ExplorerRun.0", "testname": "watto_4_bit_register_x1_test_1", "cornername": "Nominal", "point": 1, "logfile": "/home/ufsm00051/wagner.chitto/wagner.chitto/logs_wagner.chitto/logs0/Job3.log", "simid": "2", "event": "launch", "category": "simulation"}
[2025-12-01 17:04:57.850 -0300] [PROCESS] [cadence.virtuoso.ade.simulationMonitor] - Expression evaluator launched {"hostname": "ecomp", "processid": 1183327, "history": "ExplorerRun.0", "testname": "watto_4_bit_register_x1_test_1", "cornername": "Nominal", "point": 1, "logfile": "/home/ufsm00051/wagner.chitto/wagner.chitto/logs_wagner.chitto/logs0/Job3.log"}
[2025-12-01 17:04:57.973 -0300] [PROCESS] [cadence.virtuoso.ade.simulationMonitor] - Started Simulation {"hostname": "ecomp", "processid": 1183327, "history": "ExplorerRun.0", "testname": "watto_4_bit_register_x1_test_1", "cornername": "Nominal", "point": 1, "logfile": "/home/ufsm00051/wagner.chitto/wagner.chitto/logs_wagner.chitto/logs0/Job3.log", "event": "start", "category": "simulation"}
[2025-12-01 17:04:58.973 -0300] [INFO] [cadence.virtuoso.ade.simulationMonitor] - Peak resident memory used = 186 Mbytes. {"history": "ExplorerRun.0", "point": 1, "testname": "watto_4_bit_register_x1_test_1", "cornername": "Nominal"}
[2025-12-01 17:04:58.973 -0300] [INFO] [cadence.virtuoso.ade.simulationMonitor] - Peak resident memory used = 199 Mbytes. {"history": "ExplorerRun.0", "point": 1, "testname": "watto_4_bit_register_x1_test_1", "cornername": "Nominal"}
[2025-12-01 17:04:58.973 -0300] [INFO] [cadence.virtuoso.ade.simulationMonitor] - Peak resident memory used = 202 Mbytes. {"history": "ExplorerRun.0", "point": 1, "testname": "watto_4_bit_register_x1_test_1", "cornername": "Nominal"}
[2025-12-01 17:04:58.973 -0300] [INFO] [cadence.virtuoso.ade.simulationMonitor] - Notice from spectre during initial setup.
    Multithreading is disabled due to the size of the design being too small. {"history": "ExplorerRun.0", "point": 1, "testname": "watto_4_bit_register_x1_test_1", "cornername": "Nominal"}
[2025-12-01 17:04:58.973 -0300] [INFO] [cadence.virtuoso.ade.simulationMonitor] -               nodes 174 {"history": "ExplorerRun.0", "point": 1, "testname": "watto_4_bit_register_x1_test_1", "cornername": "Nominal"}
[2025-12-01 17:04:58.973 -0300] [INFO] [cadence.virtuoso.ade.simulationMonitor] - Notice from spectre during initial setup.
    Protected devices exist and are not included in the circuit inventory.
    APS enabled. {"history": "ExplorerRun.0", "point": 1, "testname": "watto_4_bit_register_x1_test_1", "cornername": "Nominal"}
[2025-12-01 17:04:59.476 -0300] [INFO] [cadence.virtuoso.ade.simulationMonitor] - Peak resident memory used = 206 Mbytes. {"history": "ExplorerRun.0", "point": 1, "testname": "watto_4_bit_register_x1_test_1", "cornername": "Nominal"}
[2025-12-01 17:04:59.476 -0300] [INFO] [cadence.virtuoso.ade.simulationMonitor] -    -   (APS) Multi-threading. The recommended number of threads is 1, consider adding +mt=1 on command line. {"history": "ExplorerRun.0", "point": 1, "testname": "watto_4_bit_register_x1_test_1", "cornername": "Nominal"}
[2025-12-01 17:04:59.476 -0300] [INFO] [cadence.virtuoso.ade.simulationMonitor] - Notice from spectre during IC analysis, during transient analysis `tran'.
    GminDC = 1 pS is large enough to noticeably affect the DC solution.
        dV(I11.I25.net9) = 58.7691 mV
        Use the `gmin_check' option to eliminate or expand this report.
    Bad pivoting is found during DC analysis. Option dc_pivot_check=yes is recommended for possible improvement of convergence. {"history": "ExplorerRun.0", "point": 1, "testname": "watto_4_bit_register_x1_test_1", "cornername": "Nominal"}
[2025-12-01 17:04:59.476 -0300] [INFO] [cadence.virtuoso.ade.simulationMonitor] - Notice from spectre during transient analysis `tran'.
    Multithreading is disabled due to the size of the design being too small. {"history": "ExplorerRun.0", "point": 1, "testname": "watto_4_bit_register_x1_test_1", "cornername": "Nominal"}
[2025-12-01 17:04:59.476 -0300] [INFO] [cadence.virtuoso.ade.simulationMonitor] - Notice from spectre at time = 23.5924 ns during transient analysis `tran'.
    Found trapezoidal ringing on node I11.I9.PM4.n1. {"history": "ExplorerRun.0", "point": 1, "testname": "watto_4_bit_register_x1_test_1", "cornername": "Nominal"}
[2025-12-01 17:04:59.476 -0300] [INFO] [cadence.virtuoso.ade.simulationMonitor] - Notice from spectre at time = 25.05 ns during transient analysis `tran'.
    Found trapezoidal ringing on node I11.I9.PM4.n1. {"history": "ExplorerRun.0", "point": 1, "testname": "watto_4_bit_register_x1_test_1", "cornername": "Nominal"}
[2025-12-01 17:04:59.476 -0300] [INFO] [cadence.virtuoso.ade.simulationMonitor] - Notice from spectre at time = 26.1543 ns during transient analysis `tran'.
    Found trapezoidal ringing on node I11.I10.net2. {"history": "ExplorerRun.0", "point": 1, "testname": "watto_4_bit_register_x1_test_1", "cornername": "Nominal"}
[2025-12-01 17:04:59.476 -0300] [INFO] [cadence.virtuoso.ade.simulationMonitor] - Notice from spectre at time = 27.1972 ns during transient analysis `tran'.
    Found trapezoidal ringing on node I11.I10.net2. {"history": "ExplorerRun.0", "point": 1, "testname": "watto_4_bit_register_x1_test_1", "cornername": "Nominal"}
[2025-12-01 17:04:59.476 -0300] [INFO] [cadence.virtuoso.ade.simulationMonitor] - Notice from spectre at time = 35.05 ns during transient analysis `tran'.
    Found trapezoidal ringing on node I11.I11.PM4.n1.
        Further occurrences of this notice will be suppressed. {"history": "ExplorerRun.0", "point": 1, "testname": "watto_4_bit_register_x1_test_1", "cornername": "Nominal"}
[2025-12-01 17:05:13.054 -0300] [INFO] [cadence.virtuoso.ade.simulationMonitor] - Notice from spectre during transient analysis `tran'.
    Trapezoidal ringing is detected during tran analysis.
        Please use method=trap for better results and performance. {"history": "ExplorerRun.0", "point": 1, "testname": "watto_4_bit_register_x1_test_1", "cornername": "Nominal"}
[2025-12-01 17:05:13.054 -0300] [INFO] [cadence.virtuoso.ade.simulationMonitor] - Intrinsic tran analysis time:    CPU = 12.4923 s, elapsed = 13.5922 s. {"history": "ExplorerRun.0", "point": 1, "testname": "watto_4_bit_register_x1_test_1", "cornername": "Nominal"}
[2025-12-01 17:05:13.054 -0300] [INFO] [cadence.virtuoso.ade.simulationMonitor] - Total time required for tran analysis `tran': CPU = 12.5513 s, elapsed = 13.6516 s, util. = 91.9%. {"history": "ExplorerRun.0", "point": 1, "testname": "watto_4_bit_register_x1_test_1", "cornername": "Nominal"}
[2025-12-01 17:05:13.054 -0300] [INFO] [cadence.virtuoso.ade.simulationMonitor] - Peak resident memory used = 309 Mbytes. {"history": "ExplorerRun.0", "point": 1, "testname": "watto_4_bit_register_x1_test_1", "cornername": "Nominal"}
[2025-12-01 17:05:13.054 -0300] [INFO] [cadence.virtuoso.ade.simulationMonitor] - Notice from spectre.
    248 notices suppressed. {"history": "ExplorerRun.0", "point": 1, "testname": "watto_4_bit_register_x1_test_1", "cornername": "Nominal"}
[2025-12-01 17:05:13.554 -0300] [INFO] [cadence.virtuoso.ade.simulationMonitor] - Time used: CPU = 13.2 s, elapsed = 15.2 s, util. = 86.8%. {"history": "ExplorerRun.0", "point": 1, "testname": "watto_4_bit_register_x1_test_1", "cornername": "Nominal"}
[2025-12-01 17:05:13.555 -0300] [INFO] [cadence.virtuoso.ade.simulationMonitor] - Time spent in licensing: elapsed = 627 ms. {"history": "ExplorerRun.0", "point": 1, "testname": "watto_4_bit_register_x1_test_1", "cornername": "Nominal"}
[2025-12-01 17:05:13.555 -0300] [INFO] [cadence.virtuoso.ade.simulationMonitor] - Peak memory used = 309 Mbytes. {"history": "ExplorerRun.0", "point": 1, "testname": "watto_4_bit_register_x1_test_1", "cornername": "Nominal"}
[2025-12-01 17:05:13.555 -0300] [PROCESS] [cadence.virtuoso.ade.simulationMonitor] - Simulation started at: 5:04:58 PM, Mon Dec 1, 2025, ended at: 5:05:13 PM, Mon Dec 1, 2025, with elapsed time (wall clock): 15.2 s. {"history": "ExplorerRun.0", "point": 1, "testname": "watto_4_bit_register_x1_test_1", "cornername": "Nominal"}
[2025-12-01 17:05:13.555 -0300] [PROCESS] [cadence.virtuoso.ade.simulationMonitor] - spectre completes with 0 errors, 0 warnings, and 14 notices. {"history": "ExplorerRun.0", "point": 1, "testname": "watto_4_bit_register_x1_test_1", "cornername": "Nominal"}
[2025-12-01 17:05:13.555 -0300] [PROCESS] [cadence.virtuoso.ade.simulationMonitor] - Finished simulating for one point {"hostname": "ecomp", "processid": 1183327, "history": "ExplorerRun.0", "testname": "watto_4_bit_register_x1_test_1", "cornername": "Nominal", "point": 1, "logfile": "/home/ufsm00051/wagner.chitto/wagner.chitto/logs_wagner.chitto/logs0/Job3.log", "simid": "2", "event": "finish", "category": "simulation"}
[2025-12-01 17:05:13.555 -0300] [PROCESS] [cadence.virtuoso.ade.simulationMonitor] - Simulator exited {"hostname": "ecomp", "processid": 1183327, "history": "ExplorerRun.0", "testname": "watto_4_bit_register_x1_test_1", "cornername": "Nominal", "point": 1, "logfile": "/home/ufsm00051/wagner.chitto/wagner.chitto/logs_wagner.chitto/logs0/Job3.log", "exitStatus": "0"}
[2025-12-01 17:05:13.555 -0300] [PROCESS] [cadence.virtuoso.ade.simulationMonitor] - Finished Simulation {"hostname": "ecomp", "processid": 1183327, "history": "ExplorerRun.0", "testname": "watto_4_bit_register_x1_test_1", "cornername": "Nominal", "point": 1, "logfile": "/home/ufsm00051/wagner.chitto/wagner.chitto/logs_wagner.chitto/logs0/Job3.log", "simid": "2", "event": "finish", "category": "obsolete"}
[2025-12-01 17:05:14.556 -0300] [PROCESS] [cadence.virtuoso.ade.simulationMonitor] - Point Finished {"hostname": "ecomp", "processid": 1183327, "history": "ExplorerRun.0", "testname": "watto_4_bit_register_x1_test_1", "cornername": "Nominal", "point": 1, "logfile": "/home/ufsm00051/wagner.chitto/wagner.chitto/logs_wagner.chitto/logs0/Job3.log", "event": "finish", "category": "sim-eval"}
[2025-12-01 17:07:21.898 -0300] [INFO] [cadence.virtuoso.ade.simulationMonitor] - SimulationMonitor has terminated the vds process '1185667', reason: 'Force to stop the expression evalutor process because of new run' {"history": "ExplorerRun.0", "point": 1, "testname": "watto_4_bit_register_x1_test_1", "cornername": "Nominal"}
[2025-12-01 17:07:21.898 -0300] [PROCESS] [cadence.virtuoso.ade.simulationMonitor] - HostInfo:
Host name (type):	ecomp (x86_64)
Operating system:	Linux 4.18.0-553.74.1.el8_10.x86_64 #1 SMP Sun Sep 14 12:57:27 UTC 2025 {"hostname": "ecomp", "processid": 1183327, "history": "ExplorerRun.0", "testname": "watto_4_bit_register_x1_test_1", "cornername": "Nominal", "point": 1, "logfile": "/home/ufsm00051/wagner.chitto/wagner.chitto/logs_wagner.chitto/logs0/Job3.log", "nodename": "ecomp", "domainname": "(none)", "machine": "x86_64", "sysname": "Linux", "release": "4.18.0-553.74.1.el8_10.x86_64", "version": "#1 SMP Sun Sep 14 12:57:27 UTC 2025"}
[2025-12-01 17:07:21.898 -0300] [PROCESS] [cadence.virtuoso.ade.simulationMonitor] - UsageInfo:
pid=1183327
totalPhysicalMemory=31.020390GB,Used=21.860409GB,totalVirtualMemory=34.481323GB,Used=21.860409GB
Cpu: Cores=4, Load average:5.490000,4.500000,3.570000 {"hostname": "ecomp", "processid": 1183327, "history": "ExplorerRun.0", "testname": "watto_4_bit_register_x1_test_1", "cornername": "Nominal", "point": 1, "logfile": "/home/ufsm00051/wagner.chitto/wagner.chitto/logs_wagner.chitto/logs0/Job3.log", "pid": "1183327", "totalPhysicalMemory": "31.020390", "physicalMemoryUsed": "21.860409", "totalVirtualMemory": "34.481323", "virtualMemoryUsed": "21.860409", "cpuCores": "4", "processes": "2737", "loadAverage1": "5.490000", "loadAverage5": "4.500000", "loadAverage15": "3.570000", "loadAverage1Percent": "1.372500"}
[2025-12-01 17:07:21.898 -0300] [EVENT] [cadence.virtuoso.ade.simulationMonitor] - NewPoint {"history": "ExplorerRun.0", "point": 1, "testname": "watto_4_bit_register_x1_test_1", "cornername": "Nominal", "event": "NewPoint", "EventSource": "Simulation Monitor", "HistoryName": "ExplorerRun.0", "logFile": "/home/ufsm00051/wagner.chitto/wagner.chitto/logs_wagner.chitto/logs0/Job3.log", "logFileSize": "28046", "category": "simulation"}
[2025-12-01 17:07:22.001 -0300] [EVENT] [cadence.virtuoso.ade.simulationMonitor] - NewPoint {"history": "ExplorerRun.0", "point": 1, "testname": "watto_4_bit_register_x1_test_1", "cornername": "Nominal", "event": "NewPoint", "EventSource": "spectre", "HistoryName": "ExplorerRun.0", "logFile": "/home/ufsm00051/wagner.chitto/simulation/watto/4_bit_register_x1_test/maestro/results/maestro/ExplorerRun.0/1/watto_4_bit_register_x1_test_1/psf/spectre.out", "logFileSize": "-1", "category": "simulation"}
[2025-12-01 17:07:22.118 -0300] [PROCESS] [cadence.virtuoso.ade.simulationMonitor] - Simulator launched {"hostname": "ecomp", "processid": 1183327, "history": "ExplorerRun.0", "testname": "watto_4_bit_register_x1_test_1", "cornername": "Nominal", "point": 1, "logfile": "/home/ufsm00051/wagner.chitto/wagner.chitto/logs_wagner.chitto/logs0/Job3.log", "simid": "3", "event": "launch", "category": "simulation"}
[2025-12-01 17:07:22.120 -0300] [PROCESS] [cadence.virtuoso.ade.simulationMonitor] - Expression evaluator launched {"hostname": "ecomp", "processid": 1183327, "history": "ExplorerRun.0", "testname": "watto_4_bit_register_x1_test_1", "cornername": "Nominal", "point": 1, "logfile": "/home/ufsm00051/wagner.chitto/wagner.chitto/logs_wagner.chitto/logs0/Job3.log"}
[2025-12-01 17:07:22.347 -0300] [PROCESS] [cadence.virtuoso.ade.simulationMonitor] - Started Simulation {"hostname": "ecomp", "processid": 1183327, "history": "ExplorerRun.0", "testname": "watto_4_bit_register_x1_test_1", "cornername": "Nominal", "point": 1, "logfile": "/home/ufsm00051/wagner.chitto/wagner.chitto/logs_wagner.chitto/logs0/Job3.log", "event": "start", "category": "simulation"}
[2025-12-01 17:07:23.858 -0300] [INFO] [cadence.virtuoso.ade.simulationMonitor] - Peak resident memory used = 188 Mbytes. {"history": "ExplorerRun.0", "point": 1, "testname": "watto_4_bit_register_x1_test_1", "cornername": "Nominal"}
[2025-12-01 17:07:23.858 -0300] [INFO] [cadence.virtuoso.ade.simulationMonitor] - Peak resident memory used = 202 Mbytes. {"history": "ExplorerRun.0", "point": 1, "testname": "watto_4_bit_register_x1_test_1", "cornername": "Nominal"}
[2025-12-01 17:07:23.858 -0300] [INFO] [cadence.virtuoso.ade.simulationMonitor] - Peak resident memory used = 204 Mbytes. {"history": "ExplorerRun.0", "point": 1, "testname": "watto_4_bit_register_x1_test_1", "cornername": "Nominal"}
[2025-12-01 17:07:23.858 -0300] [INFO] [cadence.virtuoso.ade.simulationMonitor] - Notice from spectre during initial setup.
    Multithreading is disabled due to the size of the design being too small. {"history": "ExplorerRun.0", "point": 1, "testname": "watto_4_bit_register_x1_test_1", "cornername": "Nominal"}
[2025-12-01 17:07:23.859 -0300] [INFO] [cadence.virtuoso.ade.simulationMonitor] -               nodes 174 {"history": "ExplorerRun.0", "point": 1, "testname": "watto_4_bit_register_x1_test_1", "cornername": "Nominal"}
[2025-12-01 17:07:23.859 -0300] [INFO] [cadence.virtuoso.ade.simulationMonitor] - Notice from spectre during initial setup.
    Protected devices exist and are not included in the circuit inventory.
    APS enabled. {"history": "ExplorerRun.0", "point": 1, "testname": "watto_4_bit_register_x1_test_1", "cornername": "Nominal"}
[2025-12-01 17:07:23.859 -0300] [INFO] [cadence.virtuoso.ade.simulationMonitor] - Peak resident memory used = 206 Mbytes. {"history": "ExplorerRun.0", "point": 1, "testname": "watto_4_bit_register_x1_test_1", "cornername": "Nominal"}
[2025-12-01 17:07:23.859 -0300] [INFO] [cadence.virtuoso.ade.simulationMonitor] -    -   (APS) Multi-threading. The recommended number of threads is 1, consider adding +mt=1 on command line. {"history": "ExplorerRun.0", "point": 1, "testname": "watto_4_bit_register_x1_test_1", "cornername": "Nominal"}
[2025-12-01 17:07:23.859 -0300] [INFO] [cadence.virtuoso.ade.simulationMonitor] - Notice from spectre during IC analysis, during transient analysis `tran'.
    GminDC = 1 pS is large enough to noticeably affect the DC solution.
        dV(I11.I25.net9) = 58.7691 mV
        Use the `gmin_check' option to eliminate or expand this report.
    Bad pivoting is found during DC analysis. Option dc_pivot_check=yes is recommended for possible improvement of convergence. {"history": "ExplorerRun.0", "point": 1, "testname": "watto_4_bit_register_x1_test_1", "cornername": "Nominal"}
[2025-12-01 17:07:23.859 -0300] [INFO] [cadence.virtuoso.ade.simulationMonitor] - Notice from spectre during transient analysis `tran'.
    Multithreading is disabled due to the size of the design being too small. {"history": "ExplorerRun.0", "point": 1, "testname": "watto_4_bit_register_x1_test_1", "cornername": "Nominal"}
[2025-12-01 17:07:23.859 -0300] [INFO] [cadence.virtuoso.ade.simulationMonitor] - Notice from spectre at time = 23.5924 ns during transient analysis `tran'.
    Found trapezoidal ringing on node I11.I9.PM4.n1. {"history": "ExplorerRun.0", "point": 1, "testname": "watto_4_bit_register_x1_test_1", "cornername": "Nominal"}
[2025-12-01 17:07:23.859 -0300] [INFO] [cadence.virtuoso.ade.simulationMonitor] - Notice from spectre at time = 25.05 ns during transient analysis `tran'.
    Found trapezoidal ringing on node I11.I9.PM4.n1. {"history": "ExplorerRun.0", "point": 1, "testname": "watto_4_bit_register_x1_test_1", "cornername": "Nominal"}
[2025-12-01 17:07:23.859 -0300] [INFO] [cadence.virtuoso.ade.simulationMonitor] - Notice from spectre at time = 26.1543 ns during transient analysis `tran'.
    Found trapezoidal ringing on node I11.I8.net2. {"history": "ExplorerRun.0", "point": 1, "testname": "watto_4_bit_register_x1_test_1", "cornername": "Nominal"}
[2025-12-01 17:07:23.859 -0300] [INFO] [cadence.virtuoso.ade.simulationMonitor] - Notice from spectre at time = 27.1972 ns during transient analysis `tran'.
    Found trapezoidal ringing on node I11.I8.net2. {"history": "ExplorerRun.0", "point": 1, "testname": "watto_4_bit_register_x1_test_1", "cornername": "Nominal"}
[2025-12-01 17:07:24.369 -0300] [INFO] [cadence.virtuoso.ade.simulationMonitor] - Notice from spectre at time = 35.05 ns during transient analysis `tran'.
    Found trapezoidal ringing on node I11.I10.PM4.n1.
        Further occurrences of this notice will be suppressed. {"history": "ExplorerRun.0", "point": 1, "testname": "watto_4_bit_register_x1_test_1", "cornername": "Nominal"}
[2025-12-01 17:07:40.947 -0300] [INFO] [cadence.virtuoso.ade.simulationMonitor] - Notice from spectre during transient analysis `tran'.
    Trapezoidal ringing is detected during tran analysis.
        Please use method=trap for better results and performance. {"history": "ExplorerRun.0", "point": 1, "testname": "watto_4_bit_register_x1_test_1", "cornername": "Nominal"}
[2025-12-01 17:07:40.948 -0300] [INFO] [cadence.virtuoso.ade.simulationMonitor] - Intrinsic tran analysis time:    CPU = 14.7195 s, elapsed = 16.8925 s. {"history": "ExplorerRun.0", "point": 1, "testname": "watto_4_bit_register_x1_test_1", "cornername": "Nominal"}
[2025-12-01 17:07:40.948 -0300] [INFO] [cadence.virtuoso.ade.simulationMonitor] - Total time required for tran analysis `tran': CPU = 14.7796 s, elapsed = 16.9551 s, util. = 87.2%. {"history": "ExplorerRun.0", "point": 1, "testname": "watto_4_bit_register_x1_test_1", "cornername": "Nominal"}
[2025-12-01 17:07:40.948 -0300] [INFO] [cadence.virtuoso.ade.simulationMonitor] - Peak resident memory used = 303 Mbytes. {"history": "ExplorerRun.0", "point": 1, "testname": "watto_4_bit_register_x1_test_1", "cornername": "Nominal"}
[2025-12-01 17:07:40.948 -0300] [INFO] [cadence.virtuoso.ade.simulationMonitor] - Notice from spectre.
    476 notices suppressed. {"history": "ExplorerRun.0", "point": 1, "testname": "watto_4_bit_register_x1_test_1", "cornername": "Nominal"}
[2025-12-01 17:07:41.449 -0300] [INFO] [cadence.virtuoso.ade.simulationMonitor] - Time used: CPU = 15.5 s, elapsed = 18.6 s, util. = 83.2%. {"history": "ExplorerRun.0", "point": 1, "testname": "watto_4_bit_register_x1_test_1", "cornername": "Nominal"}
[2025-12-01 17:07:41.450 -0300] [INFO] [cadence.virtuoso.ade.simulationMonitor] - Time spent in licensing: elapsed = 132 ms. {"history": "ExplorerRun.0", "point": 1, "testname": "watto_4_bit_register_x1_test_1", "cornername": "Nominal"}
[2025-12-01 17:07:41.450 -0300] [INFO] [cadence.virtuoso.ade.simulationMonitor] - Peak memory used = 303 Mbytes. {"history": "ExplorerRun.0", "point": 1, "testname": "watto_4_bit_register_x1_test_1", "cornername": "Nominal"}
[2025-12-01 17:07:41.450 -0300] [PROCESS] [cadence.virtuoso.ade.simulationMonitor] - Simulation started at: 5:07:22 PM, Mon Dec 1, 2025, ended at: 5:07:41 PM, Mon Dec 1, 2025, with elapsed time (wall clock): 18.6 s. {"history": "ExplorerRun.0", "point": 1, "testname": "watto_4_bit_register_x1_test_1", "cornername": "Nominal"}
[2025-12-01 17:07:41.450 -0300] [PROCESS] [cadence.virtuoso.ade.simulationMonitor] - spectre completes with 0 errors, 0 warnings, and 14 notices. {"history": "ExplorerRun.0", "point": 1, "testname": "watto_4_bit_register_x1_test_1", "cornername": "Nominal"}
[2025-12-01 17:07:41.450 -0300] [PROCESS] [cadence.virtuoso.ade.simulationMonitor] - Finished simulating for one point {"hostname": "ecomp", "processid": 1183327, "history": "ExplorerRun.0", "testname": "watto_4_bit_register_x1_test_1", "cornername": "Nominal", "point": 1, "logfile": "/home/ufsm00051/wagner.chitto/wagner.chitto/logs_wagner.chitto/logs0/Job3.log", "simid": "3", "event": "finish", "category": "simulation"}
[2025-12-01 17:07:41.450 -0300] [PROCESS] [cadence.virtuoso.ade.simulationMonitor] - Simulator exited {"hostname": "ecomp", "processid": 1183327, "history": "ExplorerRun.0", "testname": "watto_4_bit_register_x1_test_1", "cornername": "Nominal", "point": 1, "logfile": "/home/ufsm00051/wagner.chitto/wagner.chitto/logs_wagner.chitto/logs0/Job3.log", "exitStatus": "0"}
[2025-12-01 17:07:41.450 -0300] [PROCESS] [cadence.virtuoso.ade.simulationMonitor] - Finished Simulation {"hostname": "ecomp", "processid": 1183327, "history": "ExplorerRun.0", "testname": "watto_4_bit_register_x1_test_1", "cornername": "Nominal", "point": 1, "logfile": "/home/ufsm00051/wagner.chitto/wagner.chitto/logs_wagner.chitto/logs0/Job3.log", "simid": "3", "event": "finish", "category": "obsolete"}
[2025-12-01 17:07:42.451 -0300] [PROCESS] [cadence.virtuoso.ade.simulationMonitor] - Point Finished {"hostname": "ecomp", "processid": 1183327, "history": "ExplorerRun.0", "testname": "watto_4_bit_register_x1_test_1", "cornername": "Nominal", "point": 1, "logfile": "/home/ufsm00051/wagner.chitto/wagner.chitto/logs_wagner.chitto/logs0/Job3.log", "event": "finish", "category": "sim-eval"}
[2025-12-01 17:12:44.053 -0300] [PROCESS] [cadence.virtuoso.ade.simulationMonitor] - Current memory used: 89.2773 MBytes, peak memory used: 89.2773 MBytes {"hostname": "ecomp", "processid": 1183327, "history": "ExplorerRun.0", "testname": "watto_4_bit_register_x1_test_1", "cornername": "Nominal", "point": 1, "logfile": "/home/ufsm00051/wagner.chitto/wagner.chitto/logs_wagner.chitto/logs0/Job3.log"}
[2025-12-01 17:12:44.053 -0300] [PROCESS] [cadence.virtuoso.ade.simulationMonitor] - Simulation Monitor process exits. {"hostname": "ecomp", "processid": 1183327, "history": "ExplorerRun.0", "testname": "watto_4_bit_register_x1_test_1", "cornername": "Nominal", "point": 1, "logfile": "/home/ufsm00051/wagner.chitto/wagner.chitto/logs_wagner.chitto/logs0/Job3.log"}
