[Simulation Monitor: 37]
[2025-11-25 20:46:43.641 -0300] [PROCESS] [cadence.virtuoso.ade.simulationMonitor] - Started the simulation monitor process {"hostname": "ecomp", "processid": 690234, "logfile": "/home/ufsm00051/wagner.chitto/wagner.chitto/logs_wagner.chitto/logs0/Job37.log", "simulation monitor command line": "/home/tools/cadence/installs/IC231/tools.lnx86/dfII/bin/64bit/spectreMonitor --davinciService DaVinciService_577661_1764101552 --axlsession fnxSession11 -lscs 00010590E36CFC06BC4D64FFD61DD265D93F798EEA7CFC06CC4D0A8CEC7E9F67D0227DAAD247CD36C87766E3A12FFC06BC4D0FC5B0FCC3E5D56B00001AF1 -beanhost ecomp -beanport 11718 -beanLogFile /home/ufsm00051/wagner.chitto/wagner.chitto/logs_wagner.chitto/logs0/amps_Job37.log -beanbinlog  --domain 0 --interactive yes --netlistOpt no --useMultiPointEvaluation yes --exprEvalShowJobStderr yes --evalSimParallel no --maxSims 0 --historyName ExplorerRun.0 --historyUUID  --exprEvaluator vds --mcMapping mc1.mapping --checkLogStatusInterval 0 --checkSimulatorLogTimeout 1200 --exprEvalMaxTries 3 --maxNFSSyncWait 60 -adeBrokerAddress ecomp:42365 --statdbType h5v2 --fromADE true --virtuosoBinary virtuoso --guiDisplay localhost:10.0 --globalStatus 60 --evaluateMultiMC yes --evalOnSimFail SkipFailedAnalyses --numRetriesOnError 1 --fenixMode explorer --lingertimeout 300 -ahdlLockTimeout 60 --sdbLib watto --sdbCell test_latchsr_x1 --sdbView maestro --heartBeatFileDir /dev/shm --id 37 --uuid 719f12c7-aac1-4b37-b93b-a722f2c6ed24 --log /home/ufsm00051/wagner.chitto/wagner.chitto/logs_wagner.chitto/logs0/Job37.log "}
[2025-11-25 20:46:43.642 -0300] [PROCESS] [cadence.virtuoso.ade.simulationMonitor] - Started the simulation monitor process {"hostname": "ecomp", "processid": 690234, "logfile": "/home/ufsm00051/wagner.chitto/wagner.chitto/logs_wagner.chitto/logs0/Job37.log", "current directory": "/home/ufsm00051/wagner.chitto/wagner.chitto"}
[2025-11-25 20:46:43.642 -0300] [PROCESS] [cadence.virtuoso.ade.simulationMonitor] - Simulation Monitor has successfully started up. Trying to set up communication channels to other components ... {"hostname": "ecomp", "processid": 690234, "logfile": "/home/ufsm00051/wagner.chitto/wagner.chitto/logs_wagner.chitto/logs0/Job37.log"}
[2025-11-25 20:46:43.642 -0300] [PROCESS] [cadence.virtuoso.ade.simulationMonitor] - Communication channels have been successfully set up. Start processing events ... {"hostname": "ecomp", "processid": 690234, "logfile": "/home/ufsm00051/wagner.chitto/wagner.chitto/logs_wagner.chitto/logs0/Job37.log"}
[2025-11-25 20:46:43.642 -0300] [PROCESS] [cadence.virtuoso.ade.simulationMonitor] - Considering to start history {"hostname": "ecomp", "processid": 690234, "history": "ExplorerRun.0", "logfile": "/home/ufsm00051/wagner.chitto/wagner.chitto/logs_wagner.chitto/logs0/Job37.log"}
[2025-11-25 20:46:43.644 -0300] [PROCESS] [cadence.virtuoso.ade.simulationMonitor] - HostInfo:
Host name (type):	ecomp (x86_64)
Operating system:	Linux 4.18.0-553.74.1.el8_10.x86_64 #1 SMP Sun Sep 14 12:57:27 UTC 2025 {"hostname": "ecomp", "processid": 690234, "history": "ExplorerRun.0", "logfile": "/home/ufsm00051/wagner.chitto/wagner.chitto/logs_wagner.chitto/logs0/Job37.log", "nodename": "ecomp", "domainname": "(none)", "machine": "x86_64", "sysname": "Linux", "release": "4.18.0-553.74.1.el8_10.x86_64", "version": "#1 SMP Sun Sep 14 12:57:27 UTC 2025"}
[2025-11-25 20:46:43.644 -0300] [PROCESS] [cadence.virtuoso.ade.simulationMonitor] - UsageInfo:
pid=690234
totalPhysicalMemory=31.020386GB,Used=12.921196GB,totalVirtualMemory=34.481319GB,Used=12.921196GB
Cpu: Cores=4, Load average:0.210000,0.310000,0.420000 {"hostname": "ecomp", "processid": 690234, "history": "ExplorerRun.0", "logfile": "/home/ufsm00051/wagner.chitto/wagner.chitto/logs_wagner.chitto/logs0/Job37.log", "pid": "690234", "totalPhysicalMemory": "31.020386", "physicalMemoryUsed": "12.921196", "totalVirtualMemory": "34.481319", "virtualMemoryUsed": "12.921196", "cpuCores": "4", "processes": "1457", "loadAverage1": "0.210000", "loadAverage5": "0.310000", "loadAverage15": "0.420000", "loadAverage1Percent": "0.052500"}
[2025-11-25 20:46:43.645 -0300] [EVENT] [cadence.virtuoso.ade.simulationMonitor] - NewPoint {"history": "ExplorerRun.0", "point": 1, "testname": "watto_test_latchsr_x1_1", "cornername": "Nominal", "event": "NewPoint", "EventSource": "Simulation Monitor", "HistoryName": "ExplorerRun.0", "logFile": "/home/ufsm00051/wagner.chitto/wagner.chitto/logs_wagner.chitto/logs0/Job37.log", "logFileSize": "4113", "category": "simulation"}
[2025-11-25 20:46:43.745 -0300] [EVENT] [cadence.virtuoso.ade.simulationMonitor] - NewPoint {"history": "ExplorerRun.0", "point": 1, "testname": "watto_test_latchsr_x1_1", "cornername": "Nominal", "event": "NewPoint", "EventSource": "spectre", "HistoryName": "ExplorerRun.0", "logFile": "/home/ufsm00051/wagner.chitto/simulation/watto/test_latchsr_x1/maestro/results/maestro/ExplorerRun.0/1/watto_test_latchsr_x1_1/psf/spectre.out", "logFileSize": "-1", "category": "simulation"}
[2025-11-25 20:46:43.824 -0300] [PROCESS] [cadence.virtuoso.ade.simulationMonitor] - Simulator launched {"hostname": "ecomp", "processid": 690234, "history": "ExplorerRun.0", "testname": "watto_test_latchsr_x1_1", "cornername": "Nominal", "point": 1, "logfile": "/home/ufsm00051/wagner.chitto/wagner.chitto/logs_wagner.chitto/logs0/Job37.log", "simid": "1", "event": "launch", "category": "simulation"}
[2025-11-25 20:46:43.826 -0300] [PROCESS] [cadence.virtuoso.ade.simulationMonitor] - Expression evaluator launched {"hostname": "ecomp", "processid": 690234, "history": "ExplorerRun.0", "testname": "watto_test_latchsr_x1_1", "cornername": "Nominal", "point": 1, "logfile": "/home/ufsm00051/wagner.chitto/wagner.chitto/logs_wagner.chitto/logs0/Job37.log"}
[2025-11-25 20:46:43.889 -0300] [PROCESS] [cadence.virtuoso.ade.simulationMonitor] - Started Simulation {"hostname": "ecomp", "processid": 690234, "history": "ExplorerRun.0", "testname": "watto_test_latchsr_x1_1", "cornername": "Nominal", "point": 1, "logfile": "/home/ufsm00051/wagner.chitto/wagner.chitto/logs_wagner.chitto/logs0/Job37.log", "event": "start", "category": "simulation"}
[2025-11-25 20:46:44.889 -0300] [INFO] [cadence.virtuoso.ade.simulationMonitor] - Peak resident memory used = 190 Mbytes. {"history": "ExplorerRun.0", "point": 1, "testname": "watto_test_latchsr_x1_1", "cornername": "Nominal"}
[2025-11-25 20:46:45.390 -0300] [INFO] [cadence.virtuoso.ade.simulationMonitor] - Peak resident memory used = 204 Mbytes. {"history": "ExplorerRun.0", "point": 1, "testname": "watto_test_latchsr_x1_1", "cornername": "Nominal"}
[2025-11-25 20:46:45.390 -0300] [INFO] [cadence.virtuoso.ade.simulationMonitor] - Peak resident memory used = 206 Mbytes. {"history": "ExplorerRun.0", "point": 1, "testname": "watto_test_latchsr_x1_1", "cornername": "Nominal"}
[2025-11-25 20:46:45.390 -0300] [INFO] [cadence.virtuoso.ade.simulationMonitor] - Notice from spectre during initial setup.
    Multithreading is disabled due to the size of the design being too small. {"history": "ExplorerRun.0", "point": 1, "testname": "watto_test_latchsr_x1_1", "cornername": "Nominal"}
[2025-11-25 20:46:45.390 -0300] [INFO] [cadence.virtuoso.ade.simulationMonitor] -               nodes 62 {"history": "ExplorerRun.0", "point": 1, "testname": "watto_test_latchsr_x1_1", "cornername": "Nominal"}
[2025-11-25 20:46:45.390 -0300] [INFO] [cadence.virtuoso.ade.simulationMonitor] - Notice from spectre during initial setup.
    Protected devices exist and are not included in the circuit inventory.
    APS enabled. {"history": "ExplorerRun.0", "point": 1, "testname": "watto_test_latchsr_x1_1", "cornername": "Nominal"}
[2025-11-25 20:46:45.390 -0300] [INFO] [cadence.virtuoso.ade.simulationMonitor] - Peak resident memory used = 209 Mbytes. {"history": "ExplorerRun.0", "point": 1, "testname": "watto_test_latchsr_x1_1", "cornername": "Nominal"}
[2025-11-25 20:46:45.390 -0300] [INFO] [cadence.virtuoso.ade.simulationMonitor] -    -   (APS) Multi-threading. The recommended number of threads is 1, consider adding +mt=1 on command line. {"history": "ExplorerRun.0", "point": 1, "testname": "watto_test_latchsr_x1_1", "cornername": "Nominal"}
[2025-11-25 20:46:45.390 -0300] [INFO] [cadence.virtuoso.ade.simulationMonitor] - Notice from spectre during IC analysis, during transient analysis `tran'.
    Bad pivoting is found during DC analysis. Option dc_pivot_check=yes is recommended for possible improvement of convergence. {"history": "ExplorerRun.0", "point": 1, "testname": "watto_test_latchsr_x1_1", "cornername": "Nominal"}
[2025-11-25 20:46:45.390 -0300] [INFO] [cadence.virtuoso.ade.simulationMonitor] - Notice from spectre during transient analysis `tran'.
    Multithreading is disabled due to the size of the design being too small. {"history": "ExplorerRun.0", "point": 1, "testname": "watto_test_latchsr_x1_1", "cornername": "Nominal"}
[2025-11-25 20:46:45.390 -0300] [INFO] [cadence.virtuoso.ade.simulationMonitor] - Intrinsic tran analysis time:    CPU = 62.223 ms, elapsed = 161.836 ms. {"history": "ExplorerRun.0", "point": 1, "testname": "watto_test_latchsr_x1_1", "cornername": "Nominal"}
[2025-11-25 20:46:45.390 -0300] [INFO] [cadence.virtuoso.ade.simulationMonitor] - Total time required for tran analysis `tran': CPU = 70.692 ms, elapsed = 170.322 ms, util. = 41.5%. {"history": "ExplorerRun.0", "point": 1, "testname": "watto_test_latchsr_x1_1", "cornername": "Nominal"}
[2025-11-25 20:46:45.390 -0300] [INFO] [cadence.virtuoso.ade.simulationMonitor] - Peak resident memory used = 216 Mbytes. {"history": "ExplorerRun.0", "point": 1, "testname": "watto_test_latchsr_x1_1", "cornername": "Nominal"}
[2025-11-25 20:46:45.891 -0300] [INFO] [cadence.virtuoso.ade.simulationMonitor] - Notice from spectre at vcm = 0 during DC analysis `dc'.
    Bad pivoting is found during DC analysis. Option dc_pivot_check=yes is recommended for possible improvement of convergence. {"history": "ExplorerRun.0", "point": 1, "testname": "watto_test_latchsr_x1_1", "cornername": "Nominal"}
[2025-11-25 20:46:45.891 -0300] [INFO] [cadence.virtuoso.ade.simulationMonitor] - Notice from spectre at vcm = 20e-03 during DC analysis `dc'.
    Bad pivoting is found during DC analysis. Option dc_pivot_check=yes is recommended for possible improvement of convergence. {"history": "ExplorerRun.0", "point": 1, "testname": "watto_test_latchsr_x1_1", "cornername": "Nominal"}
[2025-11-25 20:46:45.891 -0300] [INFO] [cadence.virtuoso.ade.simulationMonitor] - Notice from spectre at vcm = 40e-03 during DC analysis `dc'.
    Bad pivoting is found during DC analysis. Option dc_pivot_check=yes is recommended for possible improvement of convergence. {"history": "ExplorerRun.0", "point": 1, "testname": "watto_test_latchsr_x1_1", "cornername": "Nominal"}
[2025-11-25 20:46:45.891 -0300] [INFO] [cadence.virtuoso.ade.simulationMonitor] - Notice from spectre at vcm = 60e-03 during DC analysis `dc'.
    Bad pivoting is found during DC analysis. Option dc_pivot_check=yes is recommended for possible improvement of convergence. {"history": "ExplorerRun.0", "point": 1, "testname": "watto_test_latchsr_x1_1", "cornername": "Nominal"}
[2025-11-25 20:46:45.891 -0300] [INFO] [cadence.virtuoso.ade.simulationMonitor] - Notice from spectre at vcm = 80e-03 during DC analysis `dc'.
    Bad pivoting is found during DC analysis. Option dc_pivot_check=yes is recommended for possible improvement of convergence.
        Further occurrences of this notice will be suppressed. {"history": "ExplorerRun.0", "point": 1, "testname": "watto_test_latchsr_x1_1", "cornername": "Nominal"}
[2025-11-25 20:46:45.891 -0300] [INFO] [cadence.virtuoso.ade.simulationMonitor] - Notice from spectre at vcm = 880e-03 during DC analysis `dc'.
    GminDC = 1 pS is large enough to noticeably affect the DC solution.
        dV(I6.net4) = -1.29725 mV
        Use the `gmin_check' option to eliminate or expand this report. {"history": "ExplorerRun.0", "point": 1, "testname": "watto_test_latchsr_x1_1", "cornername": "Nominal"}
[2025-11-25 20:46:45.891 -0300] [INFO] [cadence.virtuoso.ade.simulationMonitor] - Notice from spectre at vcm = 900e-03 during DC analysis `dc'.
    GminDC = 1 pS is large enough to noticeably affect the DC solution.
        dV(I6.net4) = -2.45105 mV
        Use the `gmin_check' option to eliminate or expand this report. {"history": "ExplorerRun.0", "point": 1, "testname": "watto_test_latchsr_x1_1", "cornername": "Nominal"}
[2025-11-25 20:46:45.891 -0300] [INFO] [cadence.virtuoso.ade.simulationMonitor] - Notice from spectre at vcm = 920e-03 during DC analysis `dc'.
    GminDC = 1 pS is large enough to noticeably affect the DC solution.
        dV(I6.net4) = -4.67924 mV
        Use the `gmin_check' option to eliminate or expand this report. {"history": "ExplorerRun.0", "point": 1, "testname": "watto_test_latchsr_x1_1", "cornername": "Nominal"}
[2025-11-25 20:46:45.891 -0300] [INFO] [cadence.virtuoso.ade.simulationMonitor] - Notice from spectre at vcm = 940e-03 during DC analysis `dc'.
    GminDC = 1 pS is large enough to noticeably affect the DC solution.
        dV(I6.net4) = -9.21317 mV
        Use the `gmin_check' option to eliminate or expand this report. {"history": "ExplorerRun.0", "point": 1, "testname": "watto_test_latchsr_x1_1", "cornername": "Nominal"}
[2025-11-25 20:46:45.891 -0300] [INFO] [cadence.virtuoso.ade.simulationMonitor] - Notice from spectre at vcm = 960e-03 during DC analysis `dc'.
    GminDC = 1 pS is large enough to noticeably affect the DC solution.
        Further occurrences of this notice will be suppressed.
        dV(I6.net4) = -19.6387 mV
        Further occurrences of this notice will be suppressed.
        Use the `gmin_check' option to eliminate or expand this report.
        Further occurrences of this notice will be suppressed. {"history": "ExplorerRun.0", "point": 1, "testname": "watto_test_latchsr_x1_1", "cornername": "Nominal"}
[2025-11-25 20:46:45.891 -0300] [INFO] [cadence.virtuoso.ade.simulationMonitor] - Notice from spectre at vcm = 1 during DC analysis `dc'.
    The value of parameter 'vcm' has been reset to the original value 0. {"history": "ExplorerRun.0", "point": 1, "testname": "watto_test_latchsr_x1_1", "cornername": "Nominal"}
[2025-11-25 20:46:45.891 -0300] [INFO] [cadence.virtuoso.ade.simulationMonitor] - Total time required for dc analysis `dc': CPU = 99.096 ms, elapsed = 143.937 ms, util. = 68.8%. {"history": "ExplorerRun.0", "point": 1, "testname": "watto_test_latchsr_x1_1", "cornername": "Nominal"}
[2025-11-25 20:46:45.891 -0300] [INFO] [cadence.virtuoso.ade.simulationMonitor] - Peak resident memory used = 216 Mbytes. {"history": "ExplorerRun.0", "point": 1, "testname": "watto_test_latchsr_x1_1", "cornername": "Nominal"}
[2025-11-25 20:46:45.891 -0300] [INFO] [cadence.virtuoso.ade.simulationMonitor] - Notice from spectre.
    48 notices suppressed. {"history": "ExplorerRun.0", "point": 1, "testname": "watto_test_latchsr_x1_1", "cornername": "Nominal"}
[2025-11-25 20:46:46.392 -0300] [INFO] [cadence.virtuoso.ade.simulationMonitor] - Time used: CPU = 704 ms, elapsed = 1.91 s, util. = 36.9%. {"history": "ExplorerRun.0", "point": 1, "testname": "watto_test_latchsr_x1_1", "cornername": "Nominal"}
[2025-11-25 20:46:46.392 -0300] [INFO] [cadence.virtuoso.ade.simulationMonitor] - Time spent in licensing: elapsed = 828 ms, percentage of total = 43.5%. {"history": "ExplorerRun.0", "point": 1, "testname": "watto_test_latchsr_x1_1", "cornername": "Nominal"}
[2025-11-25 20:46:46.392 -0300] [INFO] [cadence.virtuoso.ade.simulationMonitor] - Peak memory used = 218 Mbytes. {"history": "ExplorerRun.0", "point": 1, "testname": "watto_test_latchsr_x1_1", "cornername": "Nominal"}
[2025-11-25 20:46:46.392 -0300] [PROCESS] [cadence.virtuoso.ade.simulationMonitor] - Simulation started at: 8:46:43 PM, Tue Nov 25, 2025, ended at: 8:46:45 PM, Tue Nov 25, 2025, with elapsed time (wall clock): 1.91 s. {"history": "ExplorerRun.0", "point": 1, "testname": "watto_test_latchsr_x1_1", "cornername": "Nominal"}
[2025-11-25 20:46:46.392 -0300] [PROCESS] [cadence.virtuoso.ade.simulationMonitor] - spectre completes with 0 errors, 0 warnings, and 18 notices. {"history": "ExplorerRun.0", "point": 1, "testname": "watto_test_latchsr_x1_1", "cornername": "Nominal"}
[2025-11-25 20:46:46.392 -0300] [PROCESS] [cadence.virtuoso.ade.simulationMonitor] - Finished simulating for one point {"hostname": "ecomp", "processid": 690234, "history": "ExplorerRun.0", "testname": "watto_test_latchsr_x1_1", "cornername": "Nominal", "point": 1, "logfile": "/home/ufsm00051/wagner.chitto/wagner.chitto/logs_wagner.chitto/logs0/Job37.log", "simid": "1", "event": "finish", "category": "simulation"}
[2025-11-25 20:46:46.392 -0300] [PROCESS] [cadence.virtuoso.ade.simulationMonitor] - Simulator exited {"hostname": "ecomp", "processid": 690234, "history": "ExplorerRun.0", "testname": "watto_test_latchsr_x1_1", "cornername": "Nominal", "point": 1, "logfile": "/home/ufsm00051/wagner.chitto/wagner.chitto/logs_wagner.chitto/logs0/Job37.log", "exitStatus": "0"}
[2025-11-25 20:46:46.392 -0300] [PROCESS] [cadence.virtuoso.ade.simulationMonitor] - Finished Simulation {"hostname": "ecomp", "processid": 690234, "history": "ExplorerRun.0", "testname": "watto_test_latchsr_x1_1", "cornername": "Nominal", "point": 1, "logfile": "/home/ufsm00051/wagner.chitto/wagner.chitto/logs_wagner.chitto/logs0/Job37.log", "simid": "1", "event": "finish", "category": "obsolete"}
[2025-11-25 20:46:50.894 -0300] [PROCESS] [cadence.virtuoso.ade.simulationMonitor] - Point Finished {"hostname": "ecomp", "processid": 690234, "history": "ExplorerRun.0", "testname": "watto_test_latchsr_x1_1", "cornername": "Nominal", "point": 1, "logfile": "/home/ufsm00051/wagner.chitto/wagner.chitto/logs_wagner.chitto/logs0/Job37.log", "event": "finish", "category": "sim-eval"}
[2025-11-25 20:51:11.726 -0300] [INFO] [cadence.virtuoso.ade.simulationMonitor] - SimulationMonitor has terminated the vds process '690288', reason: 'Force to stop the expression evalutor process because of new run' {"history": "ExplorerRun.0", "point": 1, "testname": "watto_test_latchsr_x1_1", "cornername": "Nominal"}
[2025-11-25 20:51:11.726 -0300] [PROCESS] [cadence.virtuoso.ade.simulationMonitor] - HostInfo:
Host name (type):	ecomp (x86_64)
Operating system:	Linux 4.18.0-553.74.1.el8_10.x86_64 #1 SMP Sun Sep 14 12:57:27 UTC 2025 {"hostname": "ecomp", "processid": 690234, "history": "ExplorerRun.0", "testname": "watto_test_latchsr_x1_1", "cornername": "Nominal", "point": 1, "logfile": "/home/ufsm00051/wagner.chitto/wagner.chitto/logs_wagner.chitto/logs0/Job37.log", "nodename": "ecomp", "domainname": "(none)", "machine": "x86_64", "sysname": "Linux", "release": "4.18.0-553.74.1.el8_10.x86_64", "version": "#1 SMP Sun Sep 14 12:57:27 UTC 2025"}
[2025-11-25 20:51:11.726 -0300] [PROCESS] [cadence.virtuoso.ade.simulationMonitor] - UsageInfo:
pid=690234
totalPhysicalMemory=31.020386GB,Used=14.057339GB,totalVirtualMemory=34.481319GB,Used=14.057339GB
Cpu: Cores=4, Load average:1.120000,0.840000,0.630000 {"hostname": "ecomp", "processid": 690234, "history": "ExplorerRun.0", "testname": "watto_test_latchsr_x1_1", "cornername": "Nominal", "point": 1, "logfile": "/home/ufsm00051/wagner.chitto/wagner.chitto/logs_wagner.chitto/logs0/Job37.log", "pid": "690234", "totalPhysicalMemory": "31.020386", "physicalMemoryUsed": "14.057339", "totalVirtualMemory": "34.481319", "virtualMemoryUsed": "14.057339", "cpuCores": "4", "processes": "1777", "loadAverage1": "1.120000", "loadAverage5": "0.840000", "loadAverage15": "0.630000", "loadAverage1Percent": "0.280000"}
[2025-11-25 20:51:11.726 -0300] [EVENT] [cadence.virtuoso.ade.simulationMonitor] - NewPoint {"history": "ExplorerRun.0", "point": 1, "testname": "watto_test_latchsr_x1_1", "cornername": "Nominal", "event": "NewPoint", "EventSource": "Simulation Monitor", "HistoryName": "ExplorerRun.0", "logFile": "/home/ufsm00051/wagner.chitto/wagner.chitto/logs_wagner.chitto/logs0/Job37.log", "logFileSize": "19646", "category": "simulation"}
[2025-11-25 20:51:11.827 -0300] [EVENT] [cadence.virtuoso.ade.simulationMonitor] - NewPoint {"history": "ExplorerRun.0", "point": 1, "testname": "watto_test_latchsr_x1_1", "cornername": "Nominal", "event": "NewPoint", "EventSource": "spectre", "HistoryName": "ExplorerRun.0", "logFile": "/home/ufsm00051/wagner.chitto/simulation/watto/test_latchsr_x1/maestro/results/maestro/ExplorerRun.0/1/watto_test_latchsr_x1_1/psf/spectre.out", "logFileSize": "-1", "category": "simulation"}
[2025-11-25 20:51:11.926 -0300] [PROCESS] [cadence.virtuoso.ade.simulationMonitor] - Simulator launched {"hostname": "ecomp", "processid": 690234, "history": "ExplorerRun.0", "testname": "watto_test_latchsr_x1_1", "cornername": "Nominal", "point": 1, "logfile": "/home/ufsm00051/wagner.chitto/wagner.chitto/logs_wagner.chitto/logs0/Job37.log", "simid": "2", "event": "launch", "category": "simulation"}
[2025-11-25 20:51:11.928 -0300] [PROCESS] [cadence.virtuoso.ade.simulationMonitor] - Expression evaluator launched {"hostname": "ecomp", "processid": 690234, "history": "ExplorerRun.0", "testname": "watto_test_latchsr_x1_1", "cornername": "Nominal", "point": 1, "logfile": "/home/ufsm00051/wagner.chitto/wagner.chitto/logs_wagner.chitto/logs0/Job37.log"}
[2025-11-25 20:51:12.006 -0300] [PROCESS] [cadence.virtuoso.ade.simulationMonitor] - Started Simulation {"hostname": "ecomp", "processid": 690234, "history": "ExplorerRun.0", "testname": "watto_test_latchsr_x1_1", "cornername": "Nominal", "point": 1, "logfile": "/home/ufsm00051/wagner.chitto/wagner.chitto/logs_wagner.chitto/logs0/Job37.log", "event": "start", "category": "simulation"}
[2025-11-25 20:51:13.006 -0300] [INFO] [cadence.virtuoso.ade.simulationMonitor] - Peak resident memory used = 189 Mbytes. {"history": "ExplorerRun.0", "point": 1, "testname": "watto_test_latchsr_x1_1", "cornername": "Nominal"}
[2025-11-25 20:51:13.006 -0300] [INFO] [cadence.virtuoso.ade.simulationMonitor] - Peak resident memory used = 203 Mbytes. {"history": "ExplorerRun.0", "point": 1, "testname": "watto_test_latchsr_x1_1", "cornername": "Nominal"}
[2025-11-25 20:51:13.006 -0300] [INFO] [cadence.virtuoso.ade.simulationMonitor] - Peak resident memory used = 205 Mbytes. {"history": "ExplorerRun.0", "point": 1, "testname": "watto_test_latchsr_x1_1", "cornername": "Nominal"}
[2025-11-25 20:51:13.006 -0300] [INFO] [cadence.virtuoso.ade.simulationMonitor] - Notice from spectre during initial setup.
    Multithreading is disabled due to the size of the design being too small. {"history": "ExplorerRun.0", "point": 1, "testname": "watto_test_latchsr_x1_1", "cornername": "Nominal"}
[2025-11-25 20:51:13.006 -0300] [INFO] [cadence.virtuoso.ade.simulationMonitor] -               nodes 62 {"history": "ExplorerRun.0", "point": 1, "testname": "watto_test_latchsr_x1_1", "cornername": "Nominal"}
[2025-11-25 20:51:13.007 -0300] [INFO] [cadence.virtuoso.ade.simulationMonitor] - Notice from spectre during initial setup.
    Protected devices exist and are not included in the circuit inventory.
    APS enabled. {"history": "ExplorerRun.0", "point": 1, "testname": "watto_test_latchsr_x1_1", "cornername": "Nominal"}
[2025-11-25 20:51:13.507 -0300] [INFO] [cadence.virtuoso.ade.simulationMonitor] - Peak resident memory used = 207 Mbytes. {"history": "ExplorerRun.0", "point": 1, "testname": "watto_test_latchsr_x1_1", "cornername": "Nominal"}
[2025-11-25 20:51:13.507 -0300] [INFO] [cadence.virtuoso.ade.simulationMonitor] -    -   (APS) Multi-threading. The recommended number of threads is 1, consider adding +mt=1 on command line. {"history": "ExplorerRun.0", "point": 1, "testname": "watto_test_latchsr_x1_1", "cornername": "Nominal"}
[2025-11-25 20:51:13.507 -0300] [INFO] [cadence.virtuoso.ade.simulationMonitor] - Notice from spectre during IC analysis, during transient analysis `tran'.
    Bad pivoting is found during DC analysis. Option dc_pivot_check=yes is recommended for possible improvement of convergence. {"history": "ExplorerRun.0", "point": 1, "testname": "watto_test_latchsr_x1_1", "cornername": "Nominal"}
[2025-11-25 20:51:13.507 -0300] [INFO] [cadence.virtuoso.ade.simulationMonitor] - Notice from spectre during transient analysis `tran'.
    Multithreading is disabled due to the size of the design being too small. {"history": "ExplorerRun.0", "point": 1, "testname": "watto_test_latchsr_x1_1", "cornername": "Nominal"}
[2025-11-25 20:51:13.507 -0300] [INFO] [cadence.virtuoso.ade.simulationMonitor] - Intrinsic tran analysis time:    CPU = 62.342 ms, elapsed = 161.617 ms. {"history": "ExplorerRun.0", "point": 1, "testname": "watto_test_latchsr_x1_1", "cornername": "Nominal"}
[2025-11-25 20:51:13.507 -0300] [INFO] [cadence.virtuoso.ade.simulationMonitor] - Total time required for tran analysis `tran': CPU = 71.629 ms, elapsed = 170.975 ms, util. = 41.9%. {"history": "ExplorerRun.0", "point": 1, "testname": "watto_test_latchsr_x1_1", "cornername": "Nominal"}
[2025-11-25 20:51:13.507 -0300] [INFO] [cadence.virtuoso.ade.simulationMonitor] - Peak resident memory used = 214 Mbytes. {"history": "ExplorerRun.0", "point": 1, "testname": "watto_test_latchsr_x1_1", "cornername": "Nominal"}
[2025-11-25 20:51:13.507 -0300] [INFO] [cadence.virtuoso.ade.simulationMonitor] - Notice from spectre at vcm = 0 during DC analysis `dc'.
    Bad pivoting is found during DC analysis. Option dc_pivot_check=yes is recommended for possible improvement of convergence. {"history": "ExplorerRun.0", "point": 1, "testname": "watto_test_latchsr_x1_1", "cornername": "Nominal"}
[2025-11-25 20:51:13.507 -0300] [INFO] [cadence.virtuoso.ade.simulationMonitor] - Notice from spectre at vcm = 20e-03 during DC analysis `dc'.
    Bad pivoting is found during DC analysis. Option dc_pivot_check=yes is recommended for possible improvement of convergence. {"history": "ExplorerRun.0", "point": 1, "testname": "watto_test_latchsr_x1_1", "cornername": "Nominal"}
[2025-11-25 20:51:13.507 -0300] [INFO] [cadence.virtuoso.ade.simulationMonitor] - Notice from spectre at vcm = 40e-03 during DC analysis `dc'.
    Bad pivoting is found during DC analysis. Option dc_pivot_check=yes is recommended for possible improvement of convergence. {"history": "ExplorerRun.0", "point": 1, "testname": "watto_test_latchsr_x1_1", "cornername": "Nominal"}
[2025-11-25 20:51:13.507 -0300] [INFO] [cadence.virtuoso.ade.simulationMonitor] - Notice from spectre at vcm = 60e-03 during DC analysis `dc'.
    Bad pivoting is found during DC analysis. Option dc_pivot_check=yes is recommended for possible improvement of convergence. {"history": "ExplorerRun.0", "point": 1, "testname": "watto_test_latchsr_x1_1", "cornername": "Nominal"}
[2025-11-25 20:51:13.507 -0300] [INFO] [cadence.virtuoso.ade.simulationMonitor] - Notice from spectre at vcm = 80e-03 during DC analysis `dc'.
    Bad pivoting is found during DC analysis. Option dc_pivot_check=yes is recommended for possible improvement of convergence.
        Further occurrences of this notice will be suppressed. {"history": "ExplorerRun.0", "point": 1, "testname": "watto_test_latchsr_x1_1", "cornername": "Nominal"}
[2025-11-25 20:51:14.008 -0300] [INFO] [cadence.virtuoso.ade.simulationMonitor] - Notice from spectre at vcm = 880e-03 during DC analysis `dc'.
    GminDC = 1 pS is large enough to noticeably affect the DC solution.
        dV(I6.net4) = -1.29725 mV
        Use the `gmin_check' option to eliminate or expand this report. {"history": "ExplorerRun.0", "point": 1, "testname": "watto_test_latchsr_x1_1", "cornername": "Nominal"}
[2025-11-25 20:51:14.008 -0300] [INFO] [cadence.virtuoso.ade.simulationMonitor] - Notice from spectre at vcm = 900e-03 during DC analysis `dc'.
    GminDC = 1 pS is large enough to noticeably affect the DC solution.
        dV(I6.net4) = -2.45105 mV
        Use the `gmin_check' option to eliminate or expand this report. {"history": "ExplorerRun.0", "point": 1, "testname": "watto_test_latchsr_x1_1", "cornername": "Nominal"}
[2025-11-25 20:51:14.008 -0300] [INFO] [cadence.virtuoso.ade.simulationMonitor] - Notice from spectre at vcm = 920e-03 during DC analysis `dc'.
    GminDC = 1 pS is large enough to noticeably affect the DC solution.
        dV(I6.net4) = -4.67924 mV
        Use the `gmin_check' option to eliminate or expand this report. {"history": "ExplorerRun.0", "point": 1, "testname": "watto_test_latchsr_x1_1", "cornername": "Nominal"}
[2025-11-25 20:51:14.008 -0300] [INFO] [cadence.virtuoso.ade.simulationMonitor] - Notice from spectre at vcm = 940e-03 during DC analysis `dc'.
    GminDC = 1 pS is large enough to noticeably affect the DC solution.
        dV(I6.net4) = -9.21317 mV
        Use the `gmin_check' option to eliminate or expand this report. {"history": "ExplorerRun.0", "point": 1, "testname": "watto_test_latchsr_x1_1", "cornername": "Nominal"}
[2025-11-25 20:51:14.008 -0300] [INFO] [cadence.virtuoso.ade.simulationMonitor] - Notice from spectre at vcm = 960e-03 during DC analysis `dc'.
    GminDC = 1 pS is large enough to noticeably affect the DC solution.
        Further occurrences of this notice will be suppressed.
        dV(I6.net4) = -19.6387 mV
        Further occurrences of this notice will be suppressed.
        Use the `gmin_check' option to eliminate or expand this report.
        Further occurrences of this notice will be suppressed. {"history": "ExplorerRun.0", "point": 1, "testname": "watto_test_latchsr_x1_1", "cornername": "Nominal"}
[2025-11-25 20:51:14.008 -0300] [INFO] [cadence.virtuoso.ade.simulationMonitor] - Notice from spectre at vcm = 1 during DC analysis `dc'.
    The value of parameter 'vcm' has been reset to the original value 0. {"history": "ExplorerRun.0", "point": 1, "testname": "watto_test_latchsr_x1_1", "cornername": "Nominal"}
[2025-11-25 20:51:14.008 -0300] [INFO] [cadence.virtuoso.ade.simulationMonitor] - Total time required for dc analysis `dc': CPU = 96.822 ms, elapsed = 141.553 ms, util. = 68.4%. {"history": "ExplorerRun.0", "point": 1, "testname": "watto_test_latchsr_x1_1", "cornername": "Nominal"}
[2025-11-25 20:51:14.008 -0300] [INFO] [cadence.virtuoso.ade.simulationMonitor] - Peak resident memory used = 215 Mbytes. {"history": "ExplorerRun.0", "point": 1, "testname": "watto_test_latchsr_x1_1", "cornername": "Nominal"}
[2025-11-25 20:51:14.008 -0300] [INFO] [cadence.virtuoso.ade.simulationMonitor] - Notice from spectre.
    48 notices suppressed. {"history": "ExplorerRun.0", "point": 1, "testname": "watto_test_latchsr_x1_1", "cornername": "Nominal"}
[2025-11-25 20:51:14.008 -0300] [INFO] [cadence.virtuoso.ade.simulationMonitor] - Time used: CPU = 722 ms, elapsed = 1.71 s, util. = 42.3%. {"history": "ExplorerRun.0", "point": 1, "testname": "watto_test_latchsr_x1_1", "cornername": "Nominal"}
[2025-11-25 20:51:14.008 -0300] [INFO] [cadence.virtuoso.ade.simulationMonitor] - Time spent in licensing: elapsed = 462 ms, percentage of total = 27%. {"history": "ExplorerRun.0", "point": 1, "testname": "watto_test_latchsr_x1_1", "cornername": "Nominal"}
[2025-11-25 20:51:14.008 -0300] [INFO] [cadence.virtuoso.ade.simulationMonitor] - Peak memory used = 217 Mbytes. {"history": "ExplorerRun.0", "point": 1, "testname": "watto_test_latchsr_x1_1", "cornername": "Nominal"}
[2025-11-25 20:51:14.009 -0300] [PROCESS] [cadence.virtuoso.ade.simulationMonitor] - Simulation started at: 8:51:12 PM, Tue Nov 25, 2025, ended at: 8:51:13 PM, Tue Nov 25, 2025, with elapsed time (wall clock): 1.71 s. {"history": "ExplorerRun.0", "point": 1, "testname": "watto_test_latchsr_x1_1", "cornername": "Nominal"}
[2025-11-25 20:51:14.009 -0300] [PROCESS] [cadence.virtuoso.ade.simulationMonitor] - spectre completes with 0 errors, 0 warnings, and 18 notices. {"history": "ExplorerRun.0", "point": 1, "testname": "watto_test_latchsr_x1_1", "cornername": "Nominal"}
[2025-11-25 20:51:14.009 -0300] [PROCESS] [cadence.virtuoso.ade.simulationMonitor] - Finished simulating for one point {"hostname": "ecomp", "processid": 690234, "history": "ExplorerRun.0", "testname": "watto_test_latchsr_x1_1", "cornername": "Nominal", "point": 1, "logfile": "/home/ufsm00051/wagner.chitto/wagner.chitto/logs_wagner.chitto/logs0/Job37.log", "simid": "2", "event": "finish", "category": "simulation"}
[2025-11-25 20:51:14.009 -0300] [PROCESS] [cadence.virtuoso.ade.simulationMonitor] - Simulator exited {"hostname": "ecomp", "processid": 690234, "history": "ExplorerRun.0", "testname": "watto_test_latchsr_x1_1", "cornername": "Nominal", "point": 1, "logfile": "/home/ufsm00051/wagner.chitto/wagner.chitto/logs_wagner.chitto/logs0/Job37.log", "exitStatus": "0"}
[2025-11-25 20:51:14.009 -0300] [PROCESS] [cadence.virtuoso.ade.simulationMonitor] - Finished Simulation {"hostname": "ecomp", "processid": 690234, "history": "ExplorerRun.0", "testname": "watto_test_latchsr_x1_1", "cornername": "Nominal", "point": 1, "logfile": "/home/ufsm00051/wagner.chitto/wagner.chitto/logs_wagner.chitto/logs0/Job37.log", "simid": "2", "event": "finish", "category": "obsolete"}
[2025-11-25 20:51:19.011 -0300] [PROCESS] [cadence.virtuoso.ade.simulationMonitor] - Point Finished {"hostname": "ecomp", "processid": 690234, "history": "ExplorerRun.0", "testname": "watto_test_latchsr_x1_1", "cornername": "Nominal", "point": 1, "logfile": "/home/ufsm00051/wagner.chitto/wagner.chitto/logs_wagner.chitto/logs0/Job37.log", "event": "finish", "category": "sim-eval"}
[2025-11-25 20:52:44.145 -0300] [PROCESS] [cadence.virtuoso.ade.simulationMonitor] - get signal Terminated<15> from user:wagner.chitto, which pid:690230:/home/tools/cadence/installs/IC231/tools/bin/64bit/cdsServIpc {"hostname": "ecomp", "processid": 690234, "history": "ExplorerRun.0", "testname": "watto_test_latchsr_x1_1", "cornername": "Nominal", "point": 1, "logfile": "/home/ufsm00051/wagner.chitto/wagner.chitto/logs_wagner.chitto/logs0/Job37.log", "signal": "15", "signalName": "Terminated", "which": "/home/tools/cadence/installs/IC231/tools/bin/64bit/cdsServIpc", "pid": "690230", "user": "wagner.chitto", "uid": "1028"}
[2025-11-25 20:52:44.145 -0300] [INFO] [cadence.virtuoso.ade.simulationMonitor] - SimulationMonitor has terminated the  process '695338', reason: 'simulationMonitor is handling signal 15' {"history": "ExplorerRun.0", "point": 1, "testname": "watto_test_latchsr_x1_1", "cornername": "Nominal"}
