[Simulation Monitor: 4]
[2025-11-30 15:02:31.641 -0300] [PROCESS] [cadence.virtuoso.ade.simulationMonitor] - Started the simulation monitor process {"hostname": "ecomp", "processid": 772780, "logfile": "/home/ufsm00051/wagner.chitto/wagner.chitto/logs_wagner.chitto/logs0/Job4.log", "simulation monitor command line": "/home/tools/cadence/installs/IC231/tools.lnx86/dfII/bin/64bit/spectreMonitor --davinciService DaVinciService_727116_1764523940 --axlsession fnxSession0 -lscs 00010590E36CFC06BC4D64FFD61DD265D93F798EEA7CFC06CC4D0A8CEC7E9F67D0227DAAD247CD36C87766E3A12FFC06BC4D0FCF09A87AB1D56100001AD3 -beanhost ecomp -beanport 11318 -beanLogFile /home/ufsm00051/wagner.chitto/wagner.chitto/logs_wagner.chitto/logs0/amps_Job4.log -beanbinlog  --domain 0 --interactive yes --netlistOpt no --useMultiPointEvaluation yes --exprEvalShowJobStderr yes --evalSimParallel no --maxSims 0 --historyName ExplorerRun.0 --historyUUID  --exprEvaluator vds --mcMapping mc1.mapping --checkLogStatusInterval 0 --checkSimulatorLogTimeout 1200 --exprEvalMaxTries 3 --maxNFSSyncWait 60 -adeBrokerAddress ecomp:38525 --statdbType h5v2 --fromADE true --virtuosoBinary virtuoso --guiDisplay localhost:10.0 --globalStatus 60 --evaluateMultiMC yes --evalOnSimFail SkipFailedAnalyses --numRetriesOnError 1 --fenixMode explorer --lingertimeout 300 -ahdlLockTimeout 60 --sdbLib watto --sdbCell 4_bit_register_x1_test --sdbView maestro --heartBeatFileDir /dev/shm --id 4 --uuid 368d99c2-db0e-4b00-b534-b70c488584ac --log /home/ufsm00051/wagner.chitto/wagner.chitto/logs_wagner.chitto/logs0/Job4.log "}
[2025-11-30 15:02:31.642 -0300] [PROCESS] [cadence.virtuoso.ade.simulationMonitor] - Started the simulation monitor process {"hostname": "ecomp", "processid": 772780, "logfile": "/home/ufsm00051/wagner.chitto/wagner.chitto/logs_wagner.chitto/logs0/Job4.log", "current directory": "/home/ufsm00051/wagner.chitto/wagner.chitto"}
[2025-11-30 15:02:31.642 -0300] [PROCESS] [cadence.virtuoso.ade.simulationMonitor] - Simulation Monitor has successfully started up. Trying to set up communication channels to other components ... {"hostname": "ecomp", "processid": 772780, "logfile": "/home/ufsm00051/wagner.chitto/wagner.chitto/logs_wagner.chitto/logs0/Job4.log"}
[2025-11-30 15:02:31.642 -0300] [PROCESS] [cadence.virtuoso.ade.simulationMonitor] - Communication channels have been successfully set up. Start processing events ... {"hostname": "ecomp", "processid": 772780, "logfile": "/home/ufsm00051/wagner.chitto/wagner.chitto/logs_wagner.chitto/logs0/Job4.log"}
[2025-11-30 15:02:31.642 -0300] [PROCESS] [cadence.virtuoso.ade.simulationMonitor] - Considering to start history {"hostname": "ecomp", "processid": 772780, "history": "ExplorerRun.0", "logfile": "/home/ufsm00051/wagner.chitto/wagner.chitto/logs_wagner.chitto/logs0/Job4.log"}
[2025-11-30 15:02:31.644 -0300] [PROCESS] [cadence.virtuoso.ade.simulationMonitor] - HostInfo:
Host name (type):	ecomp (x86_64)
Operating system:	Linux 4.18.0-553.74.1.el8_10.x86_64 #1 SMP Sun Sep 14 12:57:27 UTC 2025 {"hostname": "ecomp", "processid": 772780, "history": "ExplorerRun.0", "logfile": "/home/ufsm00051/wagner.chitto/wagner.chitto/logs_wagner.chitto/logs0/Job4.log", "nodename": "ecomp", "domainname": "(none)", "machine": "x86_64", "sysname": "Linux", "release": "4.18.0-553.74.1.el8_10.x86_64", "version": "#1 SMP Sun Sep 14 12:57:27 UTC 2025"}
[2025-11-30 15:02:31.644 -0300] [PROCESS] [cadence.virtuoso.ade.simulationMonitor] - UsageInfo:
pid=772780
totalPhysicalMemory=31.020390GB,Used=13.385651GB,totalVirtualMemory=34.481323GB,Used=13.385651GB
Cpu: Cores=4, Load average:0.670000,0.680000,0.670000 {"hostname": "ecomp", "processid": 772780, "history": "ExplorerRun.0", "logfile": "/home/ufsm00051/wagner.chitto/wagner.chitto/logs_wagner.chitto/logs0/Job4.log", "pid": "772780", "totalPhysicalMemory": "31.020390", "physicalMemoryUsed": "13.385651", "totalVirtualMemory": "34.481323", "virtualMemoryUsed": "13.385651", "cpuCores": "4", "processes": "1675", "loadAverage1": "0.670000", "loadAverage5": "0.680000", "loadAverage15": "0.670000", "loadAverage1Percent": "0.167500"}
[2025-11-30 15:02:31.645 -0300] [EVENT] [cadence.virtuoso.ade.simulationMonitor] - NewPoint {"history": "ExplorerRun.0", "point": 1, "testname": "watto_4_bit_register_x1_test_1", "cornername": "Nominal", "event": "NewPoint", "EventSource": "Simulation Monitor", "HistoryName": "ExplorerRun.0", "logFile": "/home/ufsm00051/wagner.chitto/wagner.chitto/logs_wagner.chitto/logs0/Job4.log", "logFileSize": "4108", "category": "simulation"}
[2025-11-30 15:02:31.746 -0300] [EVENT] [cadence.virtuoso.ade.simulationMonitor] - NewPoint {"history": "ExplorerRun.0", "point": 1, "testname": "watto_4_bit_register_x1_test_1", "cornername": "Nominal", "event": "NewPoint", "EventSource": "spectre", "HistoryName": "ExplorerRun.0", "logFile": "/home/ufsm00051/wagner.chitto/simulation/watto/4_bit_register_x1_test/maestro/results/maestro/ExplorerRun.0/1/watto_4_bit_register_x1_test_1/psf/spectre.out", "logFileSize": "-1", "category": "simulation"}
[2025-11-30 15:02:31.826 -0300] [PROCESS] [cadence.virtuoso.ade.simulationMonitor] - Simulator launched {"hostname": "ecomp", "processid": 772780, "history": "ExplorerRun.0", "testname": "watto_4_bit_register_x1_test_1", "cornername": "Nominal", "point": 1, "logfile": "/home/ufsm00051/wagner.chitto/wagner.chitto/logs_wagner.chitto/logs0/Job4.log", "simid": "1", "event": "launch", "category": "simulation"}
[2025-11-30 15:02:31.827 -0300] [PROCESS] [cadence.virtuoso.ade.simulationMonitor] - Expression evaluator launched {"hostname": "ecomp", "processid": 772780, "history": "ExplorerRun.0", "testname": "watto_4_bit_register_x1_test_1", "cornername": "Nominal", "point": 1, "logfile": "/home/ufsm00051/wagner.chitto/wagner.chitto/logs_wagner.chitto/logs0/Job4.log"}
[2025-11-30 15:02:31.899 -0300] [PROCESS] [cadence.virtuoso.ade.simulationMonitor] - Started Simulation {"hostname": "ecomp", "processid": 772780, "history": "ExplorerRun.0", "testname": "watto_4_bit_register_x1_test_1", "cornername": "Nominal", "point": 1, "logfile": "/home/ufsm00051/wagner.chitto/wagner.chitto/logs_wagner.chitto/logs0/Job4.log", "event": "start", "category": "simulation"}
[2025-11-30 15:02:32.900 -0300] [INFO] [cadence.virtuoso.ade.simulationMonitor] - Peak resident memory used = 189 Mbytes. {"history": "ExplorerRun.0", "point": 1, "testname": "watto_4_bit_register_x1_test_1", "cornername": "Nominal"}
[2025-11-30 15:02:33.400 -0300] [INFO] [cadence.virtuoso.ade.simulationMonitor] - Peak resident memory used = 203 Mbytes. {"history": "ExplorerRun.0", "point": 1, "testname": "watto_4_bit_register_x1_test_1", "cornername": "Nominal"}
[2025-11-30 15:02:33.400 -0300] [INFO] [cadence.virtuoso.ade.simulationMonitor] - Peak resident memory used = 205 Mbytes. {"history": "ExplorerRun.0", "point": 1, "testname": "watto_4_bit_register_x1_test_1", "cornername": "Nominal"}
[2025-11-30 15:02:33.400 -0300] [INFO] [cadence.virtuoso.ade.simulationMonitor] - Notice from spectre during initial setup.
    Multithreading is disabled due to the size of the design being too small. {"history": "ExplorerRun.0", "point": 1, "testname": "watto_4_bit_register_x1_test_1", "cornername": "Nominal"}
[2025-11-30 15:02:33.400 -0300] [INFO] [cadence.virtuoso.ade.simulationMonitor] -               nodes 171 {"history": "ExplorerRun.0", "point": 1, "testname": "watto_4_bit_register_x1_test_1", "cornername": "Nominal"}
[2025-11-30 15:02:33.400 -0300] [INFO] [cadence.virtuoso.ade.simulationMonitor] - Notice from spectre during initial setup.
    Protected devices exist and are not included in the circuit inventory.
    APS enabled. {"history": "ExplorerRun.0", "point": 1, "testname": "watto_4_bit_register_x1_test_1", "cornername": "Nominal"}
[2025-11-30 15:02:33.400 -0300] [INFO] [cadence.virtuoso.ade.simulationMonitor] - Peak resident memory used = 207 Mbytes. {"history": "ExplorerRun.0", "point": 1, "testname": "watto_4_bit_register_x1_test_1", "cornername": "Nominal"}
[2025-11-30 15:02:33.400 -0300] [INFO] [cadence.virtuoso.ade.simulationMonitor] -    -   (APS) Multi-threading. The recommended number of threads is 1, consider adding +mt=1 on command line. {"history": "ExplorerRun.0", "point": 1, "testname": "watto_4_bit_register_x1_test_1", "cornername": "Nominal"}
[2025-11-30 15:02:33.400 -0300] [INFO] [cadence.virtuoso.ade.simulationMonitor] - Notice from spectre during IC analysis, during transient analysis `tran'.
    GminDC = 1 pS is large enough to noticeably affect the DC solution.
        dV(I11.I25.net9) = 58.7691 mV
        Use the `gmin_check' option to eliminate or expand this report.
    Bad pivoting is found during DC analysis. Option dc_pivot_check=yes is recommended for possible improvement of convergence. {"history": "ExplorerRun.0", "point": 1, "testname": "watto_4_bit_register_x1_test_1", "cornername": "Nominal"}
[2025-11-30 15:02:33.400 -0300] [INFO] [cadence.virtuoso.ade.simulationMonitor] - Notice from spectre during transient analysis `tran'.
    Multithreading is disabled due to the size of the design being too small. {"history": "ExplorerRun.0", "point": 1, "testname": "watto_4_bit_register_x1_test_1", "cornername": "Nominal"}
[2025-11-30 15:02:33.901 -0300] [INFO] [cadence.virtuoso.ade.simulationMonitor] - Notice from spectre at time = 33 ns during transient analysis `tran'.
    Found trapezoidal ringing on node I11.I24.net9. {"history": "ExplorerRun.0", "point": 1, "testname": "watto_4_bit_register_x1_test_1", "cornername": "Nominal"}
[2025-11-30 15:02:33.901 -0300] [INFO] [cadence.virtuoso.ade.simulationMonitor] - Notice from spectre at time = 42 ns during transient analysis `tran'.
    Found trapezoidal ringing on node I11.I9.net9. {"history": "ExplorerRun.0", "point": 1, "testname": "watto_4_bit_register_x1_test_1", "cornername": "Nominal"}
[2025-11-30 15:02:33.901 -0300] [INFO] [cadence.virtuoso.ade.simulationMonitor] - Notice from spectre at time = 52 ns during transient analysis `tran'.
    Found trapezoidal ringing on node I11.I27.net9. {"history": "ExplorerRun.0", "point": 1, "testname": "watto_4_bit_register_x1_test_1", "cornername": "Nominal"}
[2025-11-30 15:02:33.901 -0300] [INFO] [cadence.virtuoso.ade.simulationMonitor] - Notice from spectre at time = 53.8106 ns during transient analysis `tran'.
    Found trapezoidal ringing on node I11.I8.NM2.n1. {"history": "ExplorerRun.0", "point": 1, "testname": "watto_4_bit_register_x1_test_1", "cornername": "Nominal"}
[2025-11-30 15:02:33.901 -0300] [INFO] [cadence.virtuoso.ade.simulationMonitor] - Notice from spectre at time = 54.6138 ns during transient analysis `tran'.
    Found trapezoidal ringing on node I11.I8.NM2.n1.
        Further occurrences of this notice will be suppressed. {"history": "ExplorerRun.0", "point": 1, "testname": "watto_4_bit_register_x1_test_1", "cornername": "Nominal"}
[2025-11-30 15:02:44.404 -0300] [INFO] [cadence.virtuoso.ade.simulationMonitor] - Notice from spectre during transient analysis `tran'.
    Trapezoidal ringing is detected during tran analysis.
        Please use method=trap for better results and performance. {"history": "ExplorerRun.0", "point": 1, "testname": "watto_4_bit_register_x1_test_1", "cornername": "Nominal"}
[2025-11-30 15:02:44.404 -0300] [INFO] [cadence.virtuoso.ade.simulationMonitor] - Intrinsic tran analysis time:    CPU = 10.6937 s, elapsed = 11.233 s. {"history": "ExplorerRun.0", "point": 1, "testname": "watto_4_bit_register_x1_test_1", "cornername": "Nominal"}
[2025-11-30 15:02:44.905 -0300] [INFO] [cadence.virtuoso.ade.simulationMonitor] - Total time required for tran analysis `tran': CPU = 10.7493 s, elapsed = 11.2886 s, util. = 95.2%. {"history": "ExplorerRun.0", "point": 1, "testname": "watto_4_bit_register_x1_test_1", "cornername": "Nominal"}
[2025-11-30 15:02:44.905 -0300] [INFO] [cadence.virtuoso.ade.simulationMonitor] - Peak resident memory used = 308 Mbytes. {"history": "ExplorerRun.0", "point": 1, "testname": "watto_4_bit_register_x1_test_1", "cornername": "Nominal"}
[2025-11-30 15:02:44.905 -0300] [INFO] [cadence.virtuoso.ade.simulationMonitor] - Notice from spectre.
    436 notices suppressed. {"history": "ExplorerRun.0", "point": 1, "testname": "watto_4_bit_register_x1_test_1", "cornername": "Nominal"}
[2025-11-30 15:02:45.405 -0300] [INFO] [cadence.virtuoso.ade.simulationMonitor] - Time used: CPU = 11.3 s, elapsed = 12.9 s, util. = 87.8%. {"history": "ExplorerRun.0", "point": 1, "testname": "watto_4_bit_register_x1_test_1", "cornername": "Nominal"}
[2025-11-30 15:02:45.405 -0300] [INFO] [cadence.virtuoso.ade.simulationMonitor] - Time spent in licensing: elapsed = 829 ms, percentage of total = 6.43%. {"history": "ExplorerRun.0", "point": 1, "testname": "watto_4_bit_register_x1_test_1", "cornername": "Nominal"}
[2025-11-30 15:02:45.405 -0300] [INFO] [cadence.virtuoso.ade.simulationMonitor] - Peak memory used = 308 Mbytes. {"history": "ExplorerRun.0", "point": 1, "testname": "watto_4_bit_register_x1_test_1", "cornername": "Nominal"}
[2025-11-30 15:02:45.405 -0300] [PROCESS] [cadence.virtuoso.ade.simulationMonitor] - Simulation started at: 3:02:31 PM, Sun Nov 30, 2025, ended at: 3:02:44 PM, Sun Nov 30, 2025, with elapsed time (wall clock): 12.9 s. {"history": "ExplorerRun.0", "point": 1, "testname": "watto_4_bit_register_x1_test_1", "cornername": "Nominal"}
[2025-11-30 15:02:45.405 -0300] [PROCESS] [cadence.virtuoso.ade.simulationMonitor] - spectre completes with 0 errors, 0 warnings, and 14 notices. {"history": "ExplorerRun.0", "point": 1, "testname": "watto_4_bit_register_x1_test_1", "cornername": "Nominal"}
[2025-11-30 15:02:45.405 -0300] [PROCESS] [cadence.virtuoso.ade.simulationMonitor] - Finished simulating for one point {"hostname": "ecomp", "processid": 772780, "history": "ExplorerRun.0", "testname": "watto_4_bit_register_x1_test_1", "cornername": "Nominal", "point": 1, "logfile": "/home/ufsm00051/wagner.chitto/wagner.chitto/logs_wagner.chitto/logs0/Job4.log", "simid": "1", "event": "finish", "category": "simulation"}
[2025-11-30 15:02:45.405 -0300] [PROCESS] [cadence.virtuoso.ade.simulationMonitor] - Simulator exited {"hostname": "ecomp", "processid": 772780, "history": "ExplorerRun.0", "testname": "watto_4_bit_register_x1_test_1", "cornername": "Nominal", "point": 1, "logfile": "/home/ufsm00051/wagner.chitto/wagner.chitto/logs_wagner.chitto/logs0/Job4.log", "exitStatus": "0"}
[2025-11-30 15:02:45.406 -0300] [PROCESS] [cadence.virtuoso.ade.simulationMonitor] - Finished Simulation {"hostname": "ecomp", "processid": 772780, "history": "ExplorerRun.0", "testname": "watto_4_bit_register_x1_test_1", "cornername": "Nominal", "point": 1, "logfile": "/home/ufsm00051/wagner.chitto/wagner.chitto/logs_wagner.chitto/logs0/Job4.log", "simid": "1", "event": "finish", "category": "obsolete"}
[2025-11-30 15:02:46.406 -0300] [PROCESS] [cadence.virtuoso.ade.simulationMonitor] - Point Finished {"hostname": "ecomp", "processid": 772780, "history": "ExplorerRun.0", "testname": "watto_4_bit_register_x1_test_1", "cornername": "Nominal", "point": 1, "logfile": "/home/ufsm00051/wagner.chitto/wagner.chitto/logs_wagner.chitto/logs0/Job4.log", "event": "finish", "category": "sim-eval"}
[2025-11-30 15:04:28.157 -0300] [INFO] [cadence.virtuoso.ade.simulationMonitor] - SimulationMonitor has terminated the vds process '772834', reason: 'Force to stop the expression evalutor process because of new run' {"history": "ExplorerRun.0", "point": 1, "testname": "watto_4_bit_register_x1_test_1", "cornername": "Nominal"}
[2025-11-30 15:04:28.157 -0300] [PROCESS] [cadence.virtuoso.ade.simulationMonitor] - HostInfo:
Host name (type):	ecomp (x86_64)
Operating system:	Linux 4.18.0-553.74.1.el8_10.x86_64 #1 SMP Sun Sep 14 12:57:27 UTC 2025 {"hostname": "ecomp", "processid": 772780, "history": "ExplorerRun.0", "testname": "watto_4_bit_register_x1_test_1", "cornername": "Nominal", "point": 1, "logfile": "/home/ufsm00051/wagner.chitto/wagner.chitto/logs_wagner.chitto/logs0/Job4.log", "nodename": "ecomp", "domainname": "(none)", "machine": "x86_64", "sysname": "Linux", "release": "4.18.0-553.74.1.el8_10.x86_64", "version": "#1 SMP Sun Sep 14 12:57:27 UTC 2025"}
[2025-11-30 15:04:28.158 -0300] [PROCESS] [cadence.virtuoso.ade.simulationMonitor] - UsageInfo:
pid=772780
totalPhysicalMemory=31.020390GB,Used=13.246380GB,totalVirtualMemory=34.481323GB,Used=13.246380GB
Cpu: Cores=4, Load average:0.550000,0.710000,0.690000 {"hostname": "ecomp", "processid": 772780, "history": "ExplorerRun.0", "testname": "watto_4_bit_register_x1_test_1", "cornername": "Nominal", "point": 1, "logfile": "/home/ufsm00051/wagner.chitto/wagner.chitto/logs_wagner.chitto/logs0/Job4.log", "pid": "772780", "totalPhysicalMemory": "31.020390", "physicalMemoryUsed": "13.246380", "totalVirtualMemory": "34.481323", "virtualMemoryUsed": "13.246380", "cpuCores": "4", "processes": "1668", "loadAverage1": "0.550000", "loadAverage5": "0.710000", "loadAverage15": "0.690000", "loadAverage1Percent": "0.137500"}
[2025-11-30 15:04:28.158 -0300] [EVENT] [cadence.virtuoso.ade.simulationMonitor] - NewPoint {"history": "ExplorerRun.0", "point": 1, "testname": "watto_4_bit_register_x1_test_1", "cornername": "Nominal", "event": "NewPoint", "EventSource": "Simulation Monitor", "HistoryName": "ExplorerRun.0", "logFile": "/home/ufsm00051/wagner.chitto/wagner.chitto/logs_wagner.chitto/logs0/Job4.log", "logFileSize": "16982", "category": "simulation"}
[2025-11-30 15:04:28.260 -0300] [EVENT] [cadence.virtuoso.ade.simulationMonitor] - NewPoint {"history": "ExplorerRun.0", "point": 1, "testname": "watto_4_bit_register_x1_test_1", "cornername": "Nominal", "event": "NewPoint", "EventSource": "spectre", "HistoryName": "ExplorerRun.0", "logFile": "/home/ufsm00051/wagner.chitto/simulation/watto/4_bit_register_x1_test/maestro/results/maestro/ExplorerRun.0/1/watto_4_bit_register_x1_test_1/psf/spectre.out", "logFileSize": "-1", "category": "simulation"}
[2025-11-30 15:04:28.373 -0300] [PROCESS] [cadence.virtuoso.ade.simulationMonitor] - Simulator launched {"hostname": "ecomp", "processid": 772780, "history": "ExplorerRun.0", "testname": "watto_4_bit_register_x1_test_1", "cornername": "Nominal", "point": 1, "logfile": "/home/ufsm00051/wagner.chitto/wagner.chitto/logs_wagner.chitto/logs0/Job4.log", "simid": "2", "event": "launch", "category": "simulation"}
[2025-11-30 15:04:28.375 -0300] [PROCESS] [cadence.virtuoso.ade.simulationMonitor] - Expression evaluator launched {"hostname": "ecomp", "processid": 772780, "history": "ExplorerRun.0", "testname": "watto_4_bit_register_x1_test_1", "cornername": "Nominal", "point": 1, "logfile": "/home/ufsm00051/wagner.chitto/wagner.chitto/logs_wagner.chitto/logs0/Job4.log"}
[2025-11-30 15:04:28.466 -0300] [PROCESS] [cadence.virtuoso.ade.simulationMonitor] - Started Simulation {"hostname": "ecomp", "processid": 772780, "history": "ExplorerRun.0", "testname": "watto_4_bit_register_x1_test_1", "cornername": "Nominal", "point": 1, "logfile": "/home/ufsm00051/wagner.chitto/wagner.chitto/logs_wagner.chitto/logs0/Job4.log", "event": "start", "category": "simulation"}
[2025-11-30 15:04:29.466 -0300] [INFO] [cadence.virtuoso.ade.simulationMonitor] - Peak resident memory used = 186 Mbytes. {"history": "ExplorerRun.0", "point": 1, "testname": "watto_4_bit_register_x1_test_1", "cornername": "Nominal"}
[2025-11-30 15:04:29.466 -0300] [INFO] [cadence.virtuoso.ade.simulationMonitor] - Peak resident memory used = 199 Mbytes. {"history": "ExplorerRun.0", "point": 1, "testname": "watto_4_bit_register_x1_test_1", "cornername": "Nominal"}
[2025-11-30 15:04:29.466 -0300] [INFO] [cadence.virtuoso.ade.simulationMonitor] - Peak resident memory used = 201 Mbytes. {"history": "ExplorerRun.0", "point": 1, "testname": "watto_4_bit_register_x1_test_1", "cornername": "Nominal"}
[2025-11-30 15:04:29.466 -0300] [INFO] [cadence.virtuoso.ade.simulationMonitor] - Notice from spectre during initial setup.
    Multithreading is disabled due to the size of the design being too small. {"history": "ExplorerRun.0", "point": 1, "testname": "watto_4_bit_register_x1_test_1", "cornername": "Nominal"}
[2025-11-30 15:04:29.467 -0300] [INFO] [cadence.virtuoso.ade.simulationMonitor] -               nodes 171 {"history": "ExplorerRun.0", "point": 1, "testname": "watto_4_bit_register_x1_test_1", "cornername": "Nominal"}
[2025-11-30 15:04:29.467 -0300] [INFO] [cadence.virtuoso.ade.simulationMonitor] - Notice from spectre during initial setup.
    Protected devices exist and are not included in the circuit inventory.
    APS enabled. {"history": "ExplorerRun.0", "point": 1, "testname": "watto_4_bit_register_x1_test_1", "cornername": "Nominal"}
[2025-11-30 15:04:29.467 -0300] [INFO] [cadence.virtuoso.ade.simulationMonitor] - Peak resident memory used = 204 Mbytes. {"history": "ExplorerRun.0", "point": 1, "testname": "watto_4_bit_register_x1_test_1", "cornername": "Nominal"}
[2025-11-30 15:04:29.467 -0300] [INFO] [cadence.virtuoso.ade.simulationMonitor] -    -   (APS) Multi-threading. The recommended number of threads is 1, consider adding +mt=1 on command line. {"history": "ExplorerRun.0", "point": 1, "testname": "watto_4_bit_register_x1_test_1", "cornername": "Nominal"}
[2025-11-30 15:04:29.467 -0300] [INFO] [cadence.virtuoso.ade.simulationMonitor] - Notice from spectre during IC analysis, during transient analysis `tran'.
    GminDC = 1 pS is large enough to noticeably affect the DC solution.
        dV(I11.I25.net9) = 58.7691 mV
        Use the `gmin_check' option to eliminate or expand this report.
    Bad pivoting is found during DC analysis. Option dc_pivot_check=yes is recommended for possible improvement of convergence. {"history": "ExplorerRun.0", "point": 1, "testname": "watto_4_bit_register_x1_test_1", "cornername": "Nominal"}
[2025-11-30 15:04:29.467 -0300] [INFO] [cadence.virtuoso.ade.simulationMonitor] - Notice from spectre during transient analysis `tran'.
    Multithreading is disabled due to the size of the design being too small. {"history": "ExplorerRun.0", "point": 1, "testname": "watto_4_bit_register_x1_test_1", "cornername": "Nominal"}
[2025-11-30 15:04:29.967 -0300] [INFO] [cadence.virtuoso.ade.simulationMonitor] - Notice from spectre at time = 23 ns during transient analysis `tran'.
    Found trapezoidal ringing on node I11.I20.net9. {"history": "ExplorerRun.0", "point": 1, "testname": "watto_4_bit_register_x1_test_1", "cornername": "Nominal"}
[2025-11-30 15:04:40.471 -0300] [INFO] [cadence.virtuoso.ade.simulationMonitor] - Notice from spectre during transient analysis `tran'.
    Trapezoidal ringing is detected during tran analysis.
        Please use method=trap for better results and performance. {"history": "ExplorerRun.0", "point": 1, "testname": "watto_4_bit_register_x1_test_1", "cornername": "Nominal"}
[2025-11-30 15:04:40.471 -0300] [INFO] [cadence.virtuoso.ade.simulationMonitor] - Intrinsic tran analysis time:    CPU = 10.1267 s, elapsed = 10.5812 s. {"history": "ExplorerRun.0", "point": 1, "testname": "watto_4_bit_register_x1_test_1", "cornername": "Nominal"}
[2025-11-30 15:04:40.471 -0300] [INFO] [cadence.virtuoso.ade.simulationMonitor] - Total time required for tran analysis `tran': CPU = 10.1784 s, elapsed = 10.6342 s, util. = 95.7%. {"history": "ExplorerRun.0", "point": 1, "testname": "watto_4_bit_register_x1_test_1", "cornername": "Nominal"}
[2025-11-30 15:04:40.471 -0300] [INFO] [cadence.virtuoso.ade.simulationMonitor] - Peak resident memory used = 315 Mbytes. {"history": "ExplorerRun.0", "point": 1, "testname": "watto_4_bit_register_x1_test_1", "cornername": "Nominal"}
[2025-11-30 15:04:40.471 -0300] [INFO] [cadence.virtuoso.ade.simulationMonitor] - Time used: CPU = 10.8 s, elapsed = 11.7 s, util. = 92.2%. {"history": "ExplorerRun.0", "point": 1, "testname": "watto_4_bit_register_x1_test_1", "cornername": "Nominal"}
[2025-11-30 15:04:40.471 -0300] [INFO] [cadence.virtuoso.ade.simulationMonitor] - Time spent in licensing: elapsed = 75.1 ms. {"history": "ExplorerRun.0", "point": 1, "testname": "watto_4_bit_register_x1_test_1", "cornername": "Nominal"}
[2025-11-30 15:04:40.471 -0300] [INFO] [cadence.virtuoso.ade.simulationMonitor] - Peak memory used = 315 Mbytes. {"history": "ExplorerRun.0", "point": 1, "testname": "watto_4_bit_register_x1_test_1", "cornername": "Nominal"}
[2025-11-30 15:04:40.471 -0300] [PROCESS] [cadence.virtuoso.ade.simulationMonitor] - Simulation started at: 3:04:28 PM, Sun Nov 30, 2025, ended at: 3:04:40 PM, Sun Nov 30, 2025, with elapsed time (wall clock): 11.7 s. {"history": "ExplorerRun.0", "point": 1, "testname": "watto_4_bit_register_x1_test_1", "cornername": "Nominal"}
[2025-11-30 15:04:40.471 -0300] [PROCESS] [cadence.virtuoso.ade.simulationMonitor] - spectre completes with 0 errors, 0 warnings, and 9 notices. {"history": "ExplorerRun.0", "point": 1, "testname": "watto_4_bit_register_x1_test_1", "cornername": "Nominal"}
[2025-11-30 15:04:40.471 -0300] [PROCESS] [cadence.virtuoso.ade.simulationMonitor] - Finished simulating for one point {"hostname": "ecomp", "processid": 772780, "history": "ExplorerRun.0", "testname": "watto_4_bit_register_x1_test_1", "cornername": "Nominal", "point": 1, "logfile": "/home/ufsm00051/wagner.chitto/wagner.chitto/logs_wagner.chitto/logs0/Job4.log", "simid": "2", "event": "finish", "category": "simulation"}
[2025-11-30 15:04:40.471 -0300] [PROCESS] [cadence.virtuoso.ade.simulationMonitor] - Simulator exited {"hostname": "ecomp", "processid": 772780, "history": "ExplorerRun.0", "testname": "watto_4_bit_register_x1_test_1", "cornername": "Nominal", "point": 1, "logfile": "/home/ufsm00051/wagner.chitto/wagner.chitto/logs_wagner.chitto/logs0/Job4.log", "exitStatus": "0"}
[2025-11-30 15:04:40.472 -0300] [PROCESS] [cadence.virtuoso.ade.simulationMonitor] - Finished Simulation {"hostname": "ecomp", "processid": 772780, "history": "ExplorerRun.0", "testname": "watto_4_bit_register_x1_test_1", "cornername": "Nominal", "point": 1, "logfile": "/home/ufsm00051/wagner.chitto/wagner.chitto/logs_wagner.chitto/logs0/Job4.log", "simid": "2", "event": "finish", "category": "obsolete"}
[2025-11-30 15:04:41.472 -0300] [PROCESS] [cadence.virtuoso.ade.simulationMonitor] - Point Finished {"hostname": "ecomp", "processid": 772780, "history": "ExplorerRun.0", "testname": "watto_4_bit_register_x1_test_1", "cornername": "Nominal", "point": 1, "logfile": "/home/ufsm00051/wagner.chitto/wagner.chitto/logs_wagner.chitto/logs0/Job4.log", "event": "finish", "category": "sim-eval"}
[2025-11-30 15:09:41.915 -0300] [PROCESS] [cadence.virtuoso.ade.simulationMonitor] - Current memory used: 90.4375 MBytes, peak memory used: 90.4375 MBytes {"hostname": "ecomp", "processid": 772780, "history": "ExplorerRun.0", "testname": "watto_4_bit_register_x1_test_1", "cornername": "Nominal", "point": 1, "logfile": "/home/ufsm00051/wagner.chitto/wagner.chitto/logs_wagner.chitto/logs0/Job4.log"}
[2025-11-30 15:09:41.915 -0300] [PROCESS] [cadence.virtuoso.ade.simulationMonitor] - Simulation Monitor process exits. {"hostname": "ecomp", "processid": 772780, "history": "ExplorerRun.0", "testname": "watto_4_bit_register_x1_test_1", "cornername": "Nominal", "point": 1, "logfile": "/home/ufsm00051/wagner.chitto/wagner.chitto/logs_wagner.chitto/logs0/Job4.log"}
