ISim log file
Running: /home/aluno/trab_test_certo/a2/a_isim_beh.exe -intstyle ise -gui -tclbatch isim.cmd -wdb /home/aluno/trab_test_certo/a2/a_isim_beh.wdb 
ISim P.20131013 (signature 0xfbc00daa)
This is a Full version of ISim.
Time resolution is 1 ps
# onerror resume
# wave add /
# run 1000 ns
Simulator is doing circuit initialization process.
Finished circuit initialization process.
# isim force add /a/d 0 -radix bin
# restart
# run all
Simulator is doing circuit initialization process.
Finished circuit initialization process.
# run 1.00us
# restart
# isim force add /a/d 0 -radix bin
# run 1.00us
Simulator is doing circuit initialization process.
Finished circuit initialization process.
# isim force add /a/a 0 -radix bin
# isim force add /a/b 0 -radix bin
# isim force add /a/c 0 -radix bin
# run 1.00us
# isim force add /a/a 1 -radix bin
# run 1.00us
# isim force add /a/b 1 -radix bin
# run 1.00us
# isim force add /a/a 0 -radix bin
# run 1.00us
# isim force add /a/c 1 -radix bin
# run 1.00us
# isim force add /a/a 1 -radix bin
# run 1.00us
# run 1.00us
# isim force add /a/a 0 -radix bin
# run 1.00us
# run 1.00us
