--------------------------------------------------------------------------------
Release 14.7 Trace  (lin64)
Copyright (c) 1995-2013 Xilinx, Inc.  All rights reserved.

/opt/Xilinx/14.7/ISE_DS/ISE/bin/lin64/unwrapped/trce -intstyle ise -v 3 -s 3 -n
3 -fastpaths -xml fumiga.twx fumiga.ncd -o fumiga.twr fumiga.pcf

Design file:              fumiga.ncd
Physical constraint file: fumiga.pcf
Device,package,speed:     xc6slx16,csg324,C,-3 (PRODUCTION 1.23 2013-10-13)
Report level:             verbose report

Environment Variable      Effect 
--------------------      ------ 
NONE                      No environment variables were set
--------------------------------------------------------------------------------

INFO:Timing:2698 - No timing constraints found, doing default enumeration.
INFO:Timing:3412 - To improve timing, see the Timing Closure User Guide (UG612).
INFO:Timing:2752 - To get complete path coverage, use the unconstrained paths 
   option. All paths that are not constrained will be reported in the 
   unconstrained paths section(s) of the report.
INFO:Timing:3339 - The clock-to-out numbers in this timing report are based on 
   a 50 Ohm transmission line loading model.  For the details of this model, 
   and for more information on accounting for different loading conditions, 
   please see the device datasheet.



Data Sheet report:
-----------------
All values displayed in nanoseconds (ns)

Setup/Hold to clock clk
------------+------------+------------+------------+------------+------------------+--------+
            |Max Setup to|  Process   |Max Hold to |  Process   |                  | Clock  |
Source      | clk (edge) |   Corner   | clk (edge) |   Corner   |Internal Clock(s) | Phase  |
------------+------------+------------+------------+------------+------------------+--------+
btn_d       |    3.179(R)|      SLOW  |   -0.321(R)|      SLOW  |clk_BUFGP         |   0.000|
btn_l       |    2.880(R)|      SLOW  |   -0.016(R)|      SLOW  |clk_BUFGP         |   0.000|
btn_r       |    2.956(R)|      SLOW  |    0.163(R)|      SLOW  |clk_BUFGP         |   0.000|
btn_u       |    2.375(R)|      SLOW  |   -0.256(R)|      SLOW  |clk_BUFGP         |   0.000|
orientation |    6.347(R)|      SLOW  |   -0.865(R)|      FAST  |clk_BUFGP         |   0.000|
------------+------------+------------+------------+------------+------------------+--------+

Clock clk to Pad
------------+-----------------+------------+-----------------+------------+------------------+--------+
            |Max (slowest) clk|  Process   |Min (fastest) clk|  Process   |                  | Clock  |
Destination |  (edge) to PAD  |   Corner   |  (edge) to PAD  |   Corner   |Internal Clock(s) | Phase  |
------------+-----------------+------------+-----------------+------------+------------------+--------+
disp<0>     |         8.346(R)|      SLOW  |         4.357(R)|      FAST  |clk_BUFGP         |   0.000|
disp<1>     |         9.015(R)|      SLOW  |         4.497(R)|      FAST  |clk_BUFGP         |   0.000|
disp<2>     |         8.578(R)|      SLOW  |         4.485(R)|      FAST  |clk_BUFGP         |   0.000|
disp<3>     |         7.989(R)|      SLOW  |         4.192(R)|      FAST  |clk_BUFGP         |   0.000|
disp<4>     |         8.085(R)|      SLOW  |         4.309(R)|      FAST  |clk_BUFGP         |   0.000|
disp<5>     |         8.062(R)|      SLOW  |         4.302(R)|      FAST  |clk_BUFGP         |   0.000|
disp<6>     |         7.964(R)|      SLOW  |         4.128(R)|      FAST  |clk_BUFGP         |   0.000|
sel<0>      |         7.859(R)|      SLOW  |         4.091(R)|      FAST  |clk_BUFGP         |   0.000|
sel<1>      |         6.904(R)|      SLOW  |         3.542(R)|      FAST  |clk_BUFGP         |   0.000|
sel<2>      |         8.000(R)|      SLOW  |         4.134(R)|      FAST  |clk_BUFGP         |   0.000|
sel<3>      |         7.731(R)|      SLOW  |         4.000(R)|      FAST  |clk_BUFGP         |   0.000|
------------+-----------------+------------+-----------------+------------+------------------+--------+

Clock switch<0> to Pad
------------+-----------------+------------+-----------------+------------+------------------------+--------+
            |Max (slowest) clk|  Process   |Min (fastest) clk|  Process   |                        | Clock  |
Destination |  (edge) to PAD  |   Corner   |  (edge) to PAD  |   Corner   |Internal Clock(s)       | Phase  |
------------+-----------------+------------+-----------------+------------+------------------------+--------+
disp<0>     |        12.185(F)|      SLOW  |         7.123(F)|      FAST  |GND_3_o_GND_3_o_AND_69_o|   0.000|
disp<1>     |        11.936(F)|      SLOW  |         6.949(F)|      FAST  |GND_3_o_GND_3_o_AND_67_o|   0.000|
disp<2>     |        13.805(F)|      SLOW  |         8.233(F)|      FAST  |GND_3_o_GND_3_o_AND_65_o|   0.000|
disp<3>     |        11.596(F)|      SLOW  |         6.781(F)|      FAST  |GND_3_o_GND_3_o_AND_63_o|   0.000|
disp<4>     |        11.899(F)|      SLOW  |         7.027(F)|      FAST  |GND_3_o_GND_3_o_AND_61_o|   0.000|
disp<5>     |        12.453(F)|      SLOW  |         7.418(F)|      FAST  |GND_3_o_GND_3_o_AND_59_o|   0.000|
disp<6>     |        10.831(F)|      SLOW  |         6.270(F)|      FAST  |GND_3_o_GND_3_o_AND_57_o|   0.000|
sel<0>      |        10.112(F)|      SLOW  |         5.911(F)|      FAST  |GND_3_o_sel[3]_AND_77_o |   0.000|
sel<1>      |        10.597(F)|      SLOW  |         6.244(F)|      FAST  |GND_3_o_sel[3]_AND_75_o |   0.000|
sel<2>      |        10.503(F)|      SLOW  |         6.097(F)|      FAST  |GND_3_o_sel[3]_AND_73_o |   0.000|
sel<3>      |        10.506(F)|      SLOW  |         6.130(F)|      FAST  |GND_3_o_sel[3]_AND_71_o |   0.000|
------------+-----------------+------------+-----------------+------------+------------------------+--------+

Clock switch<1> to Pad
------------+-----------------+------------+-----------------+------------+------------------------+--------+
            |Max (slowest) clk|  Process   |Min (fastest) clk|  Process   |                        | Clock  |
Destination |  (edge) to PAD  |   Corner   |  (edge) to PAD  |   Corner   |Internal Clock(s)       | Phase  |
------------+-----------------+------------+-----------------+------------+------------------------+--------+
disp<0>     |        11.977(F)|      SLOW  |         6.968(F)|      FAST  |GND_3_o_GND_3_o_AND_69_o|   0.000|
disp<1>     |        11.728(F)|      SLOW  |         6.794(F)|      FAST  |GND_3_o_GND_3_o_AND_67_o|   0.000|
disp<2>     |        13.597(F)|      SLOW  |         8.078(F)|      FAST  |GND_3_o_GND_3_o_AND_65_o|   0.000|
disp<3>     |        11.388(F)|      SLOW  |         6.626(F)|      FAST  |GND_3_o_GND_3_o_AND_63_o|   0.000|
disp<4>     |        11.691(F)|      SLOW  |         6.872(F)|      FAST  |GND_3_o_GND_3_o_AND_61_o|   0.000|
disp<5>     |        12.245(F)|      SLOW  |         7.263(F)|      FAST  |GND_3_o_GND_3_o_AND_59_o|   0.000|
disp<6>     |        10.623(F)|      SLOW  |         6.115(F)|      FAST  |GND_3_o_GND_3_o_AND_57_o|   0.000|
sel<0>      |         9.904(F)|      SLOW  |         5.756(F)|      FAST  |GND_3_o_sel[3]_AND_77_o |   0.000|
sel<1>      |        10.389(F)|      SLOW  |         6.089(F)|      FAST  |GND_3_o_sel[3]_AND_75_o |   0.000|
sel<2>      |        10.295(F)|      SLOW  |         5.942(F)|      FAST  |GND_3_o_sel[3]_AND_73_o |   0.000|
sel<3>      |        10.298(F)|      SLOW  |         5.975(F)|      FAST  |GND_3_o_sel[3]_AND_71_o |   0.000|
------------+-----------------+------------+-----------------+------------+------------------------+--------+

Clock switch<2> to Pad
------------+-----------------+------------+-----------------+------------+------------------------+--------+
            |Max (slowest) clk|  Process   |Min (fastest) clk|  Process   |                        | Clock  |
Destination |  (edge) to PAD  |   Corner   |  (edge) to PAD  |   Corner   |Internal Clock(s)       | Phase  |
------------+-----------------+------------+-----------------+------------+------------------------+--------+
disp<0>     |        11.393(F)|      SLOW  |         6.626(F)|      FAST  |GND_3_o_GND_3_o_AND_69_o|   0.000|
disp<1>     |        11.144(F)|      SLOW  |         6.452(F)|      FAST  |GND_3_o_GND_3_o_AND_67_o|   0.000|
disp<2>     |        13.013(F)|      SLOW  |         7.736(F)|      FAST  |GND_3_o_GND_3_o_AND_65_o|   0.000|
disp<3>     |        10.804(F)|      SLOW  |         6.284(F)|      FAST  |GND_3_o_GND_3_o_AND_63_o|   0.000|
disp<4>     |        11.107(F)|      SLOW  |         6.530(F)|      FAST  |GND_3_o_GND_3_o_AND_61_o|   0.000|
disp<5>     |        11.661(F)|      SLOW  |         6.921(F)|      FAST  |GND_3_o_GND_3_o_AND_59_o|   0.000|
disp<6>     |        10.039(F)|      SLOW  |         5.773(F)|      FAST  |GND_3_o_GND_3_o_AND_57_o|   0.000|
sel<0>      |         9.320(F)|      SLOW  |         5.414(F)|      FAST  |GND_3_o_sel[3]_AND_77_o |   0.000|
sel<1>      |         9.805(F)|      SLOW  |         5.747(F)|      FAST  |GND_3_o_sel[3]_AND_75_o |   0.000|
sel<2>      |         9.711(F)|      SLOW  |         5.600(F)|      FAST  |GND_3_o_sel[3]_AND_73_o |   0.000|
sel<3>      |         9.714(F)|      SLOW  |         5.633(F)|      FAST  |GND_3_o_sel[3]_AND_71_o |   0.000|
------------+-----------------+------------+-----------------+------------+------------------------+--------+

Clock switch<3> to Pad
------------+-----------------+------------+-----------------+------------+------------------------+--------+
            |Max (slowest) clk|  Process   |Min (fastest) clk|  Process   |                        | Clock  |
Destination |  (edge) to PAD  |   Corner   |  (edge) to PAD  |   Corner   |Internal Clock(s)       | Phase  |
------------+-----------------+------------+-----------------+------------+------------------------+--------+
disp<0>     |        11.275(F)|      SLOW  |         6.578(F)|      FAST  |GND_3_o_GND_3_o_AND_69_o|   0.000|
disp<1>     |        11.026(F)|      SLOW  |         6.404(F)|      FAST  |GND_3_o_GND_3_o_AND_67_o|   0.000|
disp<2>     |        12.895(F)|      SLOW  |         7.688(F)|      FAST  |GND_3_o_GND_3_o_AND_65_o|   0.000|
disp<3>     |        10.686(F)|      SLOW  |         6.236(F)|      FAST  |GND_3_o_GND_3_o_AND_63_o|   0.000|
disp<4>     |        10.989(F)|      SLOW  |         6.482(F)|      FAST  |GND_3_o_GND_3_o_AND_61_o|   0.000|
disp<5>     |        11.543(F)|      SLOW  |         6.873(F)|      FAST  |GND_3_o_GND_3_o_AND_59_o|   0.000|
disp<6>     |         9.921(F)|      SLOW  |         5.725(F)|      FAST  |GND_3_o_GND_3_o_AND_57_o|   0.000|
sel<0>      |         9.202(F)|      SLOW  |         5.366(F)|      FAST  |GND_3_o_sel[3]_AND_77_o |   0.000|
sel<1>      |         9.687(F)|      SLOW  |         5.699(F)|      FAST  |GND_3_o_sel[3]_AND_75_o |   0.000|
sel<2>      |         9.593(F)|      SLOW  |         5.552(F)|      FAST  |GND_3_o_sel[3]_AND_73_o |   0.000|
sel<3>      |         9.596(F)|      SLOW  |         5.585(F)|      FAST  |GND_3_o_sel[3]_AND_71_o |   0.000|
------------+-----------------+------------+-----------------+------------+------------------------+--------+

Clock switch<4> to Pad
------------+-----------------+------------+-----------------+------------+------------------------+--------+
            |Max (slowest) clk|  Process   |Min (fastest) clk|  Process   |                        | Clock  |
Destination |  (edge) to PAD  |   Corner   |  (edge) to PAD  |   Corner   |Internal Clock(s)       | Phase  |
------------+-----------------+------------+-----------------+------------+------------------------+--------+
disp<0>     |        11.668(F)|      SLOW  |         6.850(F)|      FAST  |GND_3_o_GND_3_o_AND_69_o|   0.000|
disp<1>     |        11.419(F)|      SLOW  |         6.676(F)|      FAST  |GND_3_o_GND_3_o_AND_67_o|   0.000|
disp<2>     |        13.288(F)|      SLOW  |         7.960(F)|      FAST  |GND_3_o_GND_3_o_AND_65_o|   0.000|
disp<3>     |        11.079(F)|      SLOW  |         6.508(F)|      FAST  |GND_3_o_GND_3_o_AND_63_o|   0.000|
disp<4>     |        11.382(F)|      SLOW  |         6.754(F)|      FAST  |GND_3_o_GND_3_o_AND_61_o|   0.000|
disp<5>     |        11.936(F)|      SLOW  |         7.145(F)|      FAST  |GND_3_o_GND_3_o_AND_59_o|   0.000|
disp<6>     |        10.314(F)|      SLOW  |         5.997(F)|      FAST  |GND_3_o_GND_3_o_AND_57_o|   0.000|
sel<0>      |         9.595(F)|      SLOW  |         5.638(F)|      FAST  |GND_3_o_sel[3]_AND_77_o |   0.000|
sel<1>      |        10.080(F)|      SLOW  |         5.971(F)|      FAST  |GND_3_o_sel[3]_AND_75_o |   0.000|
sel<2>      |         9.986(F)|      SLOW  |         5.824(F)|      FAST  |GND_3_o_sel[3]_AND_73_o |   0.000|
sel<3>      |         9.989(F)|      SLOW  |         5.857(F)|      FAST  |GND_3_o_sel[3]_AND_71_o |   0.000|
------------+-----------------+------------+-----------------+------------+------------------------+--------+

Clock switch<5> to Pad
------------+-----------------+------------+-----------------+------------+------------------------+--------+
            |Max (slowest) clk|  Process   |Min (fastest) clk|  Process   |                        | Clock  |
Destination |  (edge) to PAD  |   Corner   |  (edge) to PAD  |   Corner   |Internal Clock(s)       | Phase  |
------------+-----------------+------------+-----------------+------------+------------------------+--------+
disp<0>     |        11.511(F)|      SLOW  |         6.732(F)|      FAST  |GND_3_o_GND_3_o_AND_69_o|   0.000|
disp<1>     |        11.262(F)|      SLOW  |         6.558(F)|      FAST  |GND_3_o_GND_3_o_AND_67_o|   0.000|
disp<2>     |        13.131(F)|      SLOW  |         7.842(F)|      FAST  |GND_3_o_GND_3_o_AND_65_o|   0.000|
disp<3>     |        10.922(F)|      SLOW  |         6.390(F)|      FAST  |GND_3_o_GND_3_o_AND_63_o|   0.000|
disp<4>     |        11.225(F)|      SLOW  |         6.636(F)|      FAST  |GND_3_o_GND_3_o_AND_61_o|   0.000|
disp<5>     |        11.779(F)|      SLOW  |         7.027(F)|      FAST  |GND_3_o_GND_3_o_AND_59_o|   0.000|
disp<6>     |        10.157(F)|      SLOW  |         5.879(F)|      FAST  |GND_3_o_GND_3_o_AND_57_o|   0.000|
sel<0>      |         9.438(F)|      SLOW  |         5.520(F)|      FAST  |GND_3_o_sel[3]_AND_77_o |   0.000|
sel<1>      |         9.923(F)|      SLOW  |         5.853(F)|      FAST  |GND_3_o_sel[3]_AND_75_o |   0.000|
sel<2>      |         9.829(F)|      SLOW  |         5.706(F)|      FAST  |GND_3_o_sel[3]_AND_73_o |   0.000|
sel<3>      |         9.832(F)|      SLOW  |         5.739(F)|      FAST  |GND_3_o_sel[3]_AND_71_o |   0.000|
------------+-----------------+------------+-----------------+------------+------------------------+--------+

Clock switch<6> to Pad
------------+-----------------+------------+-----------------+------------+------------------------+--------+
            |Max (slowest) clk|  Process   |Min (fastest) clk|  Process   |                        | Clock  |
Destination |  (edge) to PAD  |   Corner   |  (edge) to PAD  |   Corner   |Internal Clock(s)       | Phase  |
------------+-----------------+------------+-----------------+------------+------------------------+--------+
disp<0>     |        11.334(F)|      SLOW  |         6.620(F)|      FAST  |GND_3_o_GND_3_o_AND_69_o|   0.000|
disp<1>     |        11.085(F)|      SLOW  |         6.446(F)|      FAST  |GND_3_o_GND_3_o_AND_67_o|   0.000|
disp<2>     |        12.954(F)|      SLOW  |         7.730(F)|      FAST  |GND_3_o_GND_3_o_AND_65_o|   0.000|
disp<3>     |        10.745(F)|      SLOW  |         6.278(F)|      FAST  |GND_3_o_GND_3_o_AND_63_o|   0.000|
disp<4>     |        11.048(F)|      SLOW  |         6.524(F)|      FAST  |GND_3_o_GND_3_o_AND_61_o|   0.000|
disp<5>     |        11.602(F)|      SLOW  |         6.915(F)|      FAST  |GND_3_o_GND_3_o_AND_59_o|   0.000|
disp<6>     |         9.980(F)|      SLOW  |         5.767(F)|      FAST  |GND_3_o_GND_3_o_AND_57_o|   0.000|
sel<0>      |         9.261(F)|      SLOW  |         5.408(F)|      FAST  |GND_3_o_sel[3]_AND_77_o |   0.000|
sel<1>      |         9.746(F)|      SLOW  |         5.741(F)|      FAST  |GND_3_o_sel[3]_AND_75_o |   0.000|
sel<2>      |         9.652(F)|      SLOW  |         5.594(F)|      FAST  |GND_3_o_sel[3]_AND_73_o |   0.000|
sel<3>      |         9.655(F)|      SLOW  |         5.627(F)|      FAST  |GND_3_o_sel[3]_AND_71_o |   0.000|
------------+-----------------+------------+-----------------+------------+------------------------+--------+

Clock to Setup on destination clock clk
---------------+---------+---------+---------+---------+
               | Src:Rise| Src:Fall| Src:Rise| Src:Fall|
Source Clock   |Dest:Rise|Dest:Rise|Dest:Fall|Dest:Fall|
---------------+---------+---------+---------+---------+
clk            |    8.594|         |         |         |
switch<0>      |    5.625|   12.932|         |         |
switch<1>      |    5.417|   12.932|         |         |
switch<2>      |    4.833|   12.932|         |         |
switch<3>      |    4.715|   12.932|         |         |
switch<4>      |    5.108|   12.932|         |         |
switch<5>      |    4.951|   12.932|         |         |
switch<6>      |    4.774|   12.932|         |         |
---------------+---------+---------+---------+---------+

Clock to Setup on destination clock switch<0>
---------------+---------+---------+---------+---------+
               | Src:Rise| Src:Fall| Src:Rise| Src:Fall|
Source Clock   |Dest:Rise|Dest:Rise|Dest:Fall|Dest:Fall|
---------------+---------+---------+---------+---------+
clk            |         |         |    1.990|         |
switch<0>      |         |         |    1.415|    1.415|
switch<1>      |         |         |    1.207|    1.207|
switch<2>      |         |         |    0.623|    0.623|
switch<3>      |         |         |    0.505|    0.505|
switch<4>      |         |         |    0.898|    0.898|
switch<5>      |         |         |    0.741|    0.741|
switch<6>      |         |         |    0.564|    0.564|
---------------+---------+---------+---------+---------+

Clock to Setup on destination clock switch<1>
---------------+---------+---------+---------+---------+
               | Src:Rise| Src:Fall| Src:Rise| Src:Fall|
Source Clock   |Dest:Rise|Dest:Rise|Dest:Fall|Dest:Fall|
---------------+---------+---------+---------+---------+
clk            |         |         |    1.990|         |
switch<0>      |         |         |    1.610|    1.610|
switch<1>      |         |         |    1.402|    1.402|
switch<2>      |         |         |    0.818|    0.818|
switch<3>      |         |         |    0.700|    0.700|
switch<4>      |         |         |    1.093|    1.093|
switch<5>      |         |         |    0.936|    0.936|
switch<6>      |         |         |    0.759|    0.759|
---------------+---------+---------+---------+---------+

Clock to Setup on destination clock switch<2>
---------------+---------+---------+---------+---------+
               | Src:Rise| Src:Fall| Src:Rise| Src:Fall|
Source Clock   |Dest:Rise|Dest:Rise|Dest:Fall|Dest:Fall|
---------------+---------+---------+---------+---------+
clk            |         |         |    1.990|         |
switch<0>      |         |         |    2.165|    2.165|
switch<1>      |         |         |    1.957|    1.957|
switch<2>      |         |         |    1.373|    1.373|
switch<3>      |         |         |    1.255|    1.255|
switch<4>      |         |         |    1.648|    1.648|
switch<5>      |         |         |    1.491|    1.491|
switch<6>      |         |         |    1.314|    1.314|
---------------+---------+---------+---------+---------+

Clock to Setup on destination clock switch<3>
---------------+---------+---------+---------+---------+
               | Src:Rise| Src:Fall| Src:Rise| Src:Fall|
Source Clock   |Dest:Rise|Dest:Rise|Dest:Fall|Dest:Fall|
---------------+---------+---------+---------+---------+
clk            |         |         |    1.990|         |
switch<0>      |         |         |    2.277|    2.277|
switch<1>      |         |         |    2.069|    2.069|
switch<2>      |         |         |    1.485|    1.485|
switch<3>      |         |         |    1.367|    1.367|
switch<4>      |         |         |    1.760|    1.760|
switch<5>      |         |         |    1.603|    1.603|
switch<6>      |         |         |    1.426|    1.426|
---------------+---------+---------+---------+---------+

Clock to Setup on destination clock switch<4>
---------------+---------+---------+---------+---------+
               | Src:Rise| Src:Fall| Src:Rise| Src:Fall|
Source Clock   |Dest:Rise|Dest:Rise|Dest:Fall|Dest:Fall|
---------------+---------+---------+---------+---------+
clk            |         |         |    1.990|         |
switch<0>      |         |         |    1.904|    1.904|
switch<1>      |         |         |    1.696|    1.696|
switch<2>      |         |         |    1.112|    1.112|
switch<3>      |         |         |    0.994|    0.994|
switch<4>      |         |         |    1.387|    1.387|
switch<5>      |         |         |    1.230|    1.230|
switch<6>      |         |         |    1.053|    1.053|
---------------+---------+---------+---------+---------+

Clock to Setup on destination clock switch<5>
---------------+---------+---------+---------+---------+
               | Src:Rise| Src:Fall| Src:Rise| Src:Fall|
Source Clock   |Dest:Rise|Dest:Rise|Dest:Fall|Dest:Fall|
---------------+---------+---------+---------+---------+
clk            |         |         |    1.990|         |
switch<0>      |         |         |    2.052|    2.052|
switch<1>      |         |         |    1.844|    1.844|
switch<2>      |         |         |    1.260|    1.260|
switch<3>      |         |         |    1.142|    1.142|
switch<4>      |         |         |    1.535|    1.535|
switch<5>      |         |         |    1.378|    1.378|
switch<6>      |         |         |    1.201|    1.201|
---------------+---------+---------+---------+---------+

Clock to Setup on destination clock switch<6>
---------------+---------+---------+---------+---------+
               | Src:Rise| Src:Fall| Src:Rise| Src:Fall|
Source Clock   |Dest:Rise|Dest:Rise|Dest:Fall|Dest:Fall|
---------------+---------+---------+---------+---------+
clk            |         |         |    1.990|         |
switch<0>      |         |         |    2.222|    2.222|
switch<1>      |         |         |    2.014|    2.014|
switch<2>      |         |         |    1.430|    1.430|
switch<3>      |         |         |    1.312|    1.312|
switch<4>      |         |         |    1.705|    1.705|
switch<5>      |         |         |    1.548|    1.548|
switch<6>      |         |         |    1.371|    1.371|
---------------+---------+---------+---------+---------+


Analysis completed Tue Oct 29 15:18:34 2024 
--------------------------------------------------------------------------------

Trace Settings:
-------------------------
Trace Settings 

Peak Memory Usage: 388 MB



