\o Program:		@(#)$CDS: libManager version 23.1 - CAT38 06/26/2025 13:47 (cpgbld15) $
\o Sub version:		sub-version  s151 
\o Arguments:		-unmapped -mpssession virtuoso83087 -mpshost ecomp -masterPID 83087 -ADVM 
\o Working Directory:	ecomp:/home/ufsm00051/rafael.braga/rabraga/rabraga
\o 64-bit offsets
\o Qt version: 		5.15.9
\o MPS virtuoso types registered: 68
\o changeWorkingDir("/home/ufsm00051/rafael.braga/rabraga/rabraga") unnecessary.
\o ddSetForcedLib("") unnecessary.
\o Session hidden cells enabled.
\o Log file is "/home/ufsm00051/rafael.braga/rabraga/rabraga/libManager.log".
\o Opening libManager window.
\a nrSetWindowVisibility(cdsLibManager "show")
\o MPS service: map window
\o Library Manager customization server connected.
\a nrResizeWindow(cdsLibManager list(50 32 1402 749))
\a nrSetCurrentWindow(cdsLibManager)
\a nrResizeWindow(cdsLibManager list(50 32 1402 749))
\a cdsLibManager->libListBox->value = "rafael"
\a cdsLibManager->libLineEdit->value = "rafael"
\a nrListItemAction(cdsLibManager->libListBox "rafael" 0)
\a cdsLibManager->libLineEdit->value = ""
\a cdsLibManager->libListBox->value = nil
\a nrListItemAction(cdsLibManager->libListBox "rafael" 0)
\a cdsLibManager->libListBox->value = "rafael"
\a cdsLibManager->libLineEdit->value = "rafael"
\a cdsLibManager->libLineEdit->value = ""
\a cdsLibManager->libListBox->value = nil
\a nrListItemAction(cdsLibManager->libListBox "rafael" 0)
\a cdsLibManager->libListBox->value = "rafael"
\a cdsLibManager->libLineEdit->value = "rafael"
\a cdsLibManager->libLineEdit->value = ""
\a cdsLibManager->libListBox->value = nil
\a nrListItemAction(cdsLibManager->libListBox "rafael" 0)
\a cdsLibManager->libListBox->value = "rafael"
\a cdsLibManager->libLineEdit->value = "rafael"
\a cdsLibManager->libLineEdit->value = ""
\a cdsLibManager->libListBox->value = nil
\a cdsLibManager->libListBox->value = "rafael"
\a cdsLibManager->libLineEdit->value = "rafael"
\a cdsLibManager->viewSearchOptionsButton->value = t
\a cdsLibManager->viewSearchPrefixButton->value = nil
\a cdsLibManager->viewSearchSubstringButton->value = t
\a cdsLibManager->viewSearchOptionsButton->value = t
\a cdsLibManager->viewSearchSubstringButton->value = nil
\a cdsLibManager->viewSearchPrefixButton->value = t
\a cdsLibManager->viewSearchOptionsButton->value = t
\a cdsLibManager->viewFilterAdvancedButton->value = t
\a nrSetWindowVisibility(cdsLibManager "hide")
\a _lmgrCloseIconify("cdsLibManager" 1)
\o MPS service: shutdown
\o libManager is exiting.
\a exit(0)
